[3.997s] Invoking command in '/home/turtle1/turtlebot3_ws/src/tb3_rl/ball_locator': PYTHONPATH=/home/turtle1/turtlebot3_ws/build/ball_locator/prefix_override:/usr/lib/python3/dist-packages/colcon_core/task/python/colcon_distutils_commands:/home/turtle1/turtlebot3_ws/install/ball_locator/lib/python3.10/site-packages:${PYTHONPATH} /usr/bin/python3 -W ignore:setup.py install is deprecated -W ignore:easy_install command is deprecated setup.py egg_info --egg-base ../../../build/ball_locator build --build-base /home/turtle1/turtlebot3_ws/build/ball_locator/build install --record /home/turtle1/turtlebot3_ws/build/ball_locator/install.log --single-version-externally-managed install_data
[5.445s] running egg_info
[5.448s] writing ../../../build/ball_locator/ball_locator.egg-info/PKG-INFO
[5.450s] writing dependency_links to ../../../build/ball_locator/ball_locator.egg-info/dependency_links.txt
[5.450s] writing entry points to ../../../build/ball_locator/ball_locator.egg-info/entry_points.txt
[5.451s] writing requirements to ../../../build/ball_locator/ball_locator.egg-info/requires.txt
[5.454s] writing top-level names to ../../../build/ball_locator/ball_locator.egg-info/top_level.txt
[5.462s] reading manifest file '../../../build/ball_locator/ball_locator.egg-info/SOURCES.txt'
[5.464s] adding license file 'LICENSE'
[5.467s] writing manifest file '../../../build/ball_locator/ball_locator.egg-info/SOURCES.txt'
[5.469s] running build
[5.469s] running build_py
[5.470s] running install
[5.471s] running install_lib
[5.478s] byte-compiling /home/turtle1/turtlebot3_ws/install/ball_locator/lib/python3.10/site-packages/ball_locator/ball_locator_inference.py to ball_locator_inference.cpython-310.pyc
[5.484s] running install_data
[5.485s] running install_egg_info
[5.496s] removing '/home/turtle1/turtlebot3_ws/install/ball_locator/lib/python3.10/site-packages/ball_locator-0.0.0-py3.10.egg-info' (and everything under it)
[5.498s] Copying ../../../build/ball_locator/ball_locator.egg-info to /home/turtle1/turtlebot3_ws/install/ball_locator/lib/python3.10/site-packages/ball_locator-0.0.0-py3.10.egg-info
[5.504s] running install_scripts
[5.592s] Installing ball_locator script to /home/turtle1/turtlebot3_ws/install/ball_locator/lib/ball_locator
[5.594s] writing list of installed files to '/home/turtle1/turtlebot3_ws/build/ball_locator/install.log'
[5.738s] Invoked command in '/home/turtle1/turtlebot3_ws/src/tb3_rl/ball_locator' returned '0': PYTHONPATH=/home/turtle1/turtlebot3_ws/build/ball_locator/prefix_override:/usr/lib/python3/dist-packages/colcon_core/task/python/colcon_distutils_commands:/home/turtle1/turtlebot3_ws/install/ball_locator/lib/python3.10/site-packages:${PYTHONPATH} /usr/bin/python3 -W ignore:setup.py install is deprecated -W ignore:easy_install command is deprecated setup.py egg_info --egg-base ../../../build/ball_locator build --build-base /home/turtle1/turtlebot3_ws/build/ball_locator/build install --record /home/turtle1/turtlebot3_ws/build/ball_locator/install.log --single-version-externally-managed install_data
