[8.076s] Invoking command in '/home/turtle1/turtlebot3_ws/src/turtlebot3/pub_sub': PYTHONPATH=/home/turtle1/turtlebot3_ws/build/pub_sub/prefix_override:/usr/lib/python3/dist-packages/colcon_core/task/python/colcon_distutils_commands:/home/turtle1/turtlebot3_ws/install/pub_sub/lib/python3.10/site-packages:${PYTHONPATH} /usr/bin/python3 -W ignore:setup.py install is deprecated -W ignore:easy_install command is deprecated setup.py egg_info --egg-base ../../../build/pub_sub build --build-base /home/turtle1/turtlebot3_ws/build/pub_sub/build install --record /home/turtle1/turtlebot3_ws/build/pub_sub/install.log --single-version-externally-managed install_data
[11.508s] running egg_info
[11.516s] writing ../../../build/pub_sub/pub_sub.egg-info/PKG-INFO
[11.518s] writing dependency_links to ../../../build/pub_sub/pub_sub.egg-info/dependency_links.txt
[11.520s] writing entry points to ../../../build/pub_sub/pub_sub.egg-info/entry_points.txt
[11.522s] writing requirements to ../../../build/pub_sub/pub_sub.egg-info/requires.txt
[11.523s] writing top-level names to ../../../build/pub_sub/pub_sub.egg-info/top_level.txt
[11.542s] reading manifest file '../../../build/pub_sub/pub_sub.egg-info/SOURCES.txt'
[11.546s] adding license file 'LICENSE'
[11.553s] writing manifest file '../../../build/pub_sub/pub_sub.egg-info/SOURCES.txt'
[11.555s] running build
[11.556s] running build_py
[11.560s] running install
[11.563s] running install_lib
[11.580s] running install_data
[11.581s] running install_egg_info
[11.610s] removing '/home/turtle1/turtlebot3_ws/install/pub_sub/lib/python3.10/site-packages/pub_sub-0.0.0-py3.10.egg-info' (and everything under it)
[11.613s] Copying ../../../build/pub_sub/pub_sub.egg-info to /home/turtle1/turtlebot3_ws/install/pub_sub/lib/python3.10/site-packages/pub_sub-0.0.0-py3.10.egg-info
[11.627s] running install_scripts
[11.839s] Installing pub script to /home/turtle1/turtlebot3_ws/install/pub_sub/lib/pub_sub
[11.841s] Installing sub script to /home/turtle1/turtlebot3_ws/install/pub_sub/lib/pub_sub
[11.845s] writing list of installed files to '/home/turtle1/turtlebot3_ws/build/pub_sub/install.log'
[12.044s] Invoked command in '/home/turtle1/turtlebot3_ws/src/turtlebot3/pub_sub' returned '0': PYTHONPATH=/home/turtle1/turtlebot3_ws/build/pub_sub/prefix_override:/usr/lib/python3/dist-packages/colcon_core/task/python/colcon_distutils_commands:/home/turtle1/turtlebot3_ws/install/pub_sub/lib/python3.10/site-packages:${PYTHONPATH} /usr/bin/python3 -W ignore:setup.py install is deprecated -W ignore:easy_install command is deprecated setup.py egg_info --egg-base ../../../build/pub_sub build --build-base /home/turtle1/turtlebot3_ws/build/pub_sub/build install --record /home/turtle1/turtlebot3_ws/build/pub_sub/install.log --single-version-externally-managed install_data
