[0.198s] Invoking command in '/home/turtle1/turtlebot3_ws/build/turtlebot3_description': CMAKE_PREFIX_PATH=${CMAKE_PREFIX_PATH}:/home/turtle1/turtlebot3_ws/install/turtlebot3_teleop:/home/turtle1/turtlebot3_ws/install/turtlebot3_soccer:/home/turtle1/turtlebot3_ws/install/turtlebot3_example:/home/turtle1/turtlebot3_ws/install/turtlebot3_distance_keeper:/home/turtle1/turtlebot3_ws/install/sb3_inference:/home/turtle1/turtlebot3_ws/install/publish_sensor_info:/home/turtle1/turtlebot3_ws/install/lidar_tracking:/opt/ros/humble /usr/bin/cmake --build /home/turtle1/turtlebot3_ws/build/turtlebot3_description -- -j4 -l4
[2.061s] Invoked command in '/home/turtle1/turtlebot3_ws/build/turtlebot3_description' returned '0': CMAKE_PREFIX_PATH=${CMAKE_PREFIX_PATH}:/home/turtle1/turtlebot3_ws/install/turtlebot3_teleop:/home/turtle1/turtlebot3_ws/install/turtlebot3_soccer:/home/turtle1/turtlebot3_ws/install/turtlebot3_example:/home/turtle1/turtlebot3_ws/install/turtlebot3_distance_keeper:/home/turtle1/turtlebot3_ws/install/sb3_inference:/home/turtle1/turtlebot3_ws/install/publish_sensor_info:/home/turtle1/turtlebot3_ws/install/lidar_tracking:/opt/ros/humble /usr/bin/cmake --build /home/turtle1/turtlebot3_ws/build/turtlebot3_description -- -j4 -l4
[2.110s] Invoking command in '/home/turtle1/turtlebot3_ws/build/turtlebot3_description': CMAKE_PREFIX_PATH=${CMAKE_PREFIX_PATH}:/home/turtle1/turtlebot3_ws/install/turtlebot3_teleop:/home/turtle1/turtlebot3_ws/install/turtlebot3_soccer:/home/turtle1/turtlebot3_ws/install/turtlebot3_example:/home/turtle1/turtlebot3_ws/install/turtlebot3_distance_keeper:/home/turtle1/turtlebot3_ws/install/sb3_inference:/home/turtle1/turtlebot3_ws/install/publish_sensor_info:/home/turtle1/turtlebot3_ws/install/lidar_tracking:/opt/ros/humble /usr/bin/cmake --install /home/turtle1/turtlebot3_ws/build/turtlebot3_description
[3.729s] -- Install configuration: ""
[3.729s] -- Up-to-date: /home/turtle1/turtlebot3_ws/install/turtlebot3_description/share/turtlebot3_description/meshes
[3.730s] -- Up-to-date: /home/turtle1/turtlebot3_ws/install/turtlebot3_description/share/turtlebot3_description/meshes/sensors
[3.730s] -- Up-to-date: /home/turtle1/turtlebot3_ws/install/turtlebot3_description/share/turtlebot3_description/meshes/sensors/r200.jpg
[3.730s] -- Up-to-date: /home/turtle1/turtlebot3_ws/install/turtlebot3_description/share/turtlebot3_description/meshes/sensors/astra.dae
[3.732s] -- Up-to-date: /home/turtle1/turtlebot3_ws/install/turtlebot3_description/share/turtlebot3_description/meshes/sensors/r200.dae
[3.732s] -- Up-to-date: /home/turtle1/turtlebot3_ws/install/turtlebot3_description/share/turtlebot3_description/meshes/sensors/astra.jpg
[3.733s] -- Up-to-date: /home/turtle1/turtlebot3_ws/install/turtlebot3_description/share/turtlebot3_description/meshes/sensors/lds.stl
[3.733s] -- Up-to-date: /home/turtle1/turtlebot3_ws/install/turtlebot3_description/share/turtlebot3_description/meshes/bases
[3.733s] -- Up-to-date: /home/turtle1/turtlebot3_ws/install/turtlebot3_description/share/turtlebot3_description/meshes/bases/burger_base.stl
[3.733s] -- Up-to-date: /home/turtle1/turtlebot3_ws/install/turtlebot3_description/share/turtlebot3_description/meshes/bases/waffle_base.stl
[3.734s] -- Up-to-date: /home/turtle1/turtlebot3_ws/install/turtlebot3_description/share/turtlebot3_description/meshes/bases/waffle_pi_base.stl
[3.734s] -- Up-to-date: /home/turtle1/turtlebot3_ws/install/turtlebot3_description/share/turtlebot3_description/meshes/wheels
[3.734s] -- Up-to-date: /home/turtle1/turtlebot3_ws/install/turtlebot3_description/share/turtlebot3_description/meshes/wheels/left_tire.stl
[3.735s] -- Up-to-date: /home/turtle1/turtlebot3_ws/install/turtlebot3_description/share/turtlebot3_description/meshes/wheels/right_tire.stl
[3.735s] -- Up-to-date: /home/turtle1/turtlebot3_ws/install/turtlebot3_description/share/turtlebot3_description/rviz
[3.735s] -- Up-to-date: /home/turtle1/turtlebot3_ws/install/turtlebot3_description/share/turtlebot3_description/rviz/model.rviz
[3.736s] -- Up-to-date: /home/turtle1/turtlebot3_ws/install/turtlebot3_description/share/turtlebot3_description/urdf
[3.748s] -- Up-to-date: /home/turtle1/turtlebot3_ws/install/turtlebot3_description/share/turtlebot3_description/urdf/common_properties.urdf
[3.748s] -- Up-to-date: /home/turtle1/turtlebot3_ws/install/turtlebot3_description/share/turtlebot3_description/urdf/turtlebot3_burger.urdf
[3.749s] -- Up-to-date: /home/turtle1/turtlebot3_ws/install/turtlebot3_description/share/turtlebot3_description/urdf/turtlebot3_waffle_pi.urdf
[3.749s] -- Up-to-date: /home/turtle1/turtlebot3_ws/install/turtlebot3_description/share/turtlebot3_description/urdf/turtlebot3_waffle.urdf
[3.749s] -- Up-to-date: /home/turtle1/turtlebot3_ws/install/turtlebot3_description/share/ament_index/resource_index/package_run_dependencies/turtlebot3_description
[3.750s] -- Up-to-date: /home/turtle1/turtlebot3_ws/install/turtlebot3_description/share/ament_index/resource_index/parent_prefix_path/turtlebot3_description
[3.750s] -- Up-to-date: /home/turtle1/turtlebot3_ws/install/turtlebot3_description/share/turtlebot3_description/environment/ament_prefix_path.sh
[3.750s] -- Up-to-date: /home/turtle1/turtlebot3_ws/install/turtlebot3_description/share/turtlebot3_description/environment/ament_prefix_path.dsv
[3.751s] -- Up-to-date: /home/turtle1/turtlebot3_ws/install/turtlebot3_description/share/turtlebot3_description/environment/path.sh
[3.751s] -- Up-to-date: /home/turtle1/turtlebot3_ws/install/turtlebot3_description/share/turtlebot3_description/environment/path.dsv
[3.751s] -- Up-to-date: /home/turtle1/turtlebot3_ws/install/turtlebot3_description/share/turtlebot3_description/local_setup.bash
[3.752s] -- Up-to-date: /home/turtle1/turtlebot3_ws/install/turtlebot3_description/share/turtlebot3_description/local_setup.sh
[3.753s] -- Up-to-date: /home/turtle1/turtlebot3_ws/install/turtlebot3_description/share/turtlebot3_description/local_setup.zsh
[3.753s] -- Up-to-date: /home/turtle1/turtlebot3_ws/install/turtlebot3_description/share/turtlebot3_description/local_setup.dsv
[3.754s] -- Installing: /home/turtle1/turtlebot3_ws/install/turtlebot3_description/share/turtlebot3_description/package.dsv
[3.754s] -- Up-to-date: /home/turtle1/turtlebot3_ws/install/turtlebot3_description/share/ament_index/resource_index/packages/turtlebot3_description
[3.754s] -- Up-to-date: /home/turtle1/turtlebot3_ws/install/turtlebot3_description/share/turtlebot3_description/cmake/turtlebot3_descriptionConfig.cmake
[3.755s] -- Up-to-date: /home/turtle1/turtlebot3_ws/install/turtlebot3_description/share/turtlebot3_description/cmake/turtlebot3_descriptionConfig-version.cmake
[3.755s] -- Up-to-date: /home/turtle1/turtlebot3_ws/install/turtlebot3_description/share/turtlebot3_description/package.xml
[3.794s] Invoked command in '/home/turtle1/turtlebot3_ws/build/turtlebot3_description' returned '0': CMAKE_PREFIX_PATH=${CMAKE_PREFIX_PATH}:/home/turtle1/turtlebot3_ws/install/turtlebot3_teleop:/home/turtle1/turtlebot3_ws/install/turtlebot3_soccer:/home/turtle1/turtlebot3_ws/install/turtlebot3_example:/home/turtle1/turtlebot3_ws/install/turtlebot3_distance_keeper:/home/turtle1/turtlebot3_ws/install/sb3_inference:/home/turtle1/turtlebot3_ws/install/publish_sensor_info:/home/turtle1/turtlebot3_ws/install/lidar_tracking:/opt/ros/humble /usr/bin/cmake --install /home/turtle1/turtlebot3_ws/build/turtlebot3_description
