[3.552s] Invoking command in '/home/turtle1/turtlebot3_ws/src/turtlebot3/sb3_inference': PYTHONPATH=/home/turtle1/turtlebot3_ws/build/sb3_inference/prefix_override:/usr/lib/python3/dist-packages/colcon_core/task/python/colcon_distutils_commands:/home/turtle1/turtlebot3_ws/install/sb3_inference/lib/python3.10/site-packages:${PYTHONPATH} /usr/bin/python3 -W ignore:setup.py install is deprecated -W ignore:easy_install command is deprecated setup.py egg_info --egg-base ../../../build/sb3_inference build --build-base /home/turtle1/turtlebot3_ws/build/sb3_inference/build install --record /home/turtle1/turtlebot3_ws/build/sb3_inference/install.log --single-version-externally-managed install_data
[5.015s] running egg_info
[5.018s] writing ../../../build/sb3_inference/sb3_inference.egg-info/PKG-INFO
[5.020s] writing dependency_links to ../../../build/sb3_inference/sb3_inference.egg-info/dependency_links.txt
[5.022s] writing entry points to ../../../build/sb3_inference/sb3_inference.egg-info/entry_points.txt
[5.022s] writing requirements to ../../../build/sb3_inference/sb3_inference.egg-info/requires.txt
[5.023s] writing top-level names to ../../../build/sb3_inference/sb3_inference.egg-info/top_level.txt
[5.032s] reading manifest file '../../../build/sb3_inference/sb3_inference.egg-info/SOURCES.txt'
[5.033s] adding license file 'LICENSE'
[5.038s] writing manifest file '../../../build/sb3_inference/sb3_inference.egg-info/SOURCES.txt'
[5.039s] running build
[5.039s] running build_py
[5.041s] copying sb3_inference/pusher_inference.py -> /home/turtle1/turtlebot3_ws/build/sb3_inference/build/lib/sb3_inference
[5.049s] running install
[5.049s] running install_lib
[5.055s] copying /home/turtle1/turtlebot3_ws/build/sb3_inference/build/lib/sb3_inference/pusher_inference.py -> /home/turtle1/turtlebot3_ws/install/sb3_inference/lib/python3.10/site-packages/sb3_inference
[5.055s] byte-compiling /home/turtle1/turtlebot3_ws/install/sb3_inference/lib/python3.10/site-packages/sb3_inference/pusher_inference.py to pusher_inference.cpython-310.pyc
[5.056s] running install_data
[5.056s] running install_egg_info
[5.068s] removing '/home/turtle1/turtlebot3_ws/install/sb3_inference/lib/python3.10/site-packages/sb3_inference-0.0.0-py3.10.egg-info' (and everything under it)
[5.070s] Copying ../../../build/sb3_inference/sb3_inference.egg-info to /home/turtle1/turtlebot3_ws/install/sb3_inference/lib/python3.10/site-packages/sb3_inference-0.0.0-py3.10.egg-info
[5.077s] running install_scripts
[5.171s] Installing pusher_inference script to /home/turtle1/turtlebot3_ws/install/sb3_inference/lib/sb3_inference
[5.172s] writing list of installed files to '/home/turtle1/turtlebot3_ws/build/sb3_inference/install.log'
[5.323s] Invoked command in '/home/turtle1/turtlebot3_ws/src/turtlebot3/sb3_inference' returned '0': PYTHONPATH=/home/turtle1/turtlebot3_ws/build/sb3_inference/prefix_override:/usr/lib/python3/dist-packages/colcon_core/task/python/colcon_distutils_commands:/home/turtle1/turtlebot3_ws/install/sb3_inference/lib/python3.10/site-packages:${PYTHONPATH} /usr/bin/python3 -W ignore:setup.py install is deprecated -W ignore:easy_install command is deprecated setup.py egg_info --egg-base ../../../build/sb3_inference build --build-base /home/turtle1/turtlebot3_ws/build/sb3_inference/build install --record /home/turtle1/turtlebot3_ws/build/sb3_inference/install.log --single-version-externally-managed install_data
