[0.092s] Invoking command in '/home/turtle1/turtlebot3_ws/build/turtlebot3_bringup': CMAKE_PREFIX_PATH=/home/turtle1/turtlebot3_ws/install/turtlebot3_node:/home/turtle1/turtlebot3_ws/install/turtlebot3_description:/home/turtle1/install/turtlebot3:/home/turtle1/install/turtlebot3_bringup:/home/turtle1/install/turtlebot3_node:/home/turtle1/install/turtlebot3_description:/home/turtle1/install/ld08_driver:/home/turtle1/turtlebot3_ws/install/turtlebot3:/home/turtle1/turtlebot3_ws/install/turtlebot3_bringup:/home/turtle1/turtlebot3_ws/install/ld08_driver:/home/turtle1/install/turtlebot3_teleop:/home/turtle1/install/turtlebot3_soccer:/home/turtle1/install/turtlebot3_example:/home/turtle1/install/sb3_inference:/home/turtle1/install/lidar_tracking:/home/turtle1/turtlebot3_ws/install/turtlebot3_teleop:/home/turtle1/turtlebot3_ws/install/turtlebot3_soccer:/home/turtle1/turtlebot3_ws/install/turtlebot3_example:/home/turtle1/turtlebot3_ws/install/turtlebot3_distance_keeper:/home/turtle1/turtlebot3_ws/install/sb3_inference:/home/turtle1/turtlebot3_ws/install/lidar_tracking:/opt/ros/humble /usr/bin/cmake /home/turtle1/turtlebot3_ws/src/turtlebot3/turtlebot3_bringup -DCMAKE_INSTALL_PREFIX=/home/turtle1/turtlebot3_ws/install/turtlebot3_bringup
[0.886s] -- The C compiler identification is GNU 11.4.0
[1.163s] -- The CXX compiler identification is GNU 11.4.0
[1.216s] -- Detecting C compiler ABI info
[1.574s] -- Detecting C compiler ABI info - done
[1.604s] -- Check for working C compiler: /usr/bin/cc - skipped
[1.608s] -- Detecting C compile features
[1.611s] -- Detecting C compile features - done
[1.628s] -- Detecting CXX compiler ABI info
[2.001s] -- Detecting CXX compiler ABI info - done
[2.031s] -- Check for working CXX compiler: /usr/bin/c++ - skipped
[2.031s] -- Detecting CXX compile features
[2.033s] -- Detecting CXX compile features - done
[2.114s] -- Found ament_cmake: 1.3.11 (/opt/ros/humble/share/ament_cmake/cmake)
[3.129s] -- Found Python3: /usr/bin/python3 (found version "3.10.12") found components: Interpreter 
[4.422s] -- Configuring done
[4.441s] -- Generating done
[4.449s] -- Build files have been written to: /home/turtle1/turtlebot3_ws/build/turtlebot3_bringup
[4.463s] Invoked command in '/home/turtle1/turtlebot3_ws/build/turtlebot3_bringup' returned '0': CMAKE_PREFIX_PATH=/home/turtle1/turtlebot3_ws/install/turtlebot3_node:/home/turtle1/turtlebot3_ws/install/turtlebot3_description:/home/turtle1/install/turtlebot3:/home/turtle1/install/turtlebot3_bringup:/home/turtle1/install/turtlebot3_node:/home/turtle1/install/turtlebot3_description:/home/turtle1/install/ld08_driver:/home/turtle1/turtlebot3_ws/install/turtlebot3:/home/turtle1/turtlebot3_ws/install/turtlebot3_bringup:/home/turtle1/turtlebot3_ws/install/ld08_driver:/home/turtle1/install/turtlebot3_teleop:/home/turtle1/install/turtlebot3_soccer:/home/turtle1/install/turtlebot3_example:/home/turtle1/install/sb3_inference:/home/turtle1/install/lidar_tracking:/home/turtle1/turtlebot3_ws/install/turtlebot3_teleop:/home/turtle1/turtlebot3_ws/install/turtlebot3_soccer:/home/turtle1/turtlebot3_ws/install/turtlebot3_example:/home/turtle1/turtlebot3_ws/install/turtlebot3_distance_keeper:/home/turtle1/turtlebot3_ws/install/sb3_inference:/home/turtle1/turtlebot3_ws/install/lidar_tracking:/opt/ros/humble /usr/bin/cmake /home/turtle1/turtlebot3_ws/src/turtlebot3/turtlebot3_bringup -DCMAKE_INSTALL_PREFIX=/home/turtle1/turtlebot3_ws/install/turtlebot3_bringup
[4.474s] Invoking command in '/home/turtle1/turtlebot3_ws/build/turtlebot3_bringup': CMAKE_PREFIX_PATH=/home/turtle1/turtlebot3_ws/install/turtlebot3_node:/home/turtle1/turtlebot3_ws/install/turtlebot3_description:/home/turtle1/install/turtlebot3:/home/turtle1/install/turtlebot3_bringup:/home/turtle1/install/turtlebot3_node:/home/turtle1/install/turtlebot3_description:/home/turtle1/install/ld08_driver:/home/turtle1/turtlebot3_ws/install/turtlebot3:/home/turtle1/turtlebot3_ws/install/turtlebot3_bringup:/home/turtle1/turtlebot3_ws/install/ld08_driver:/home/turtle1/install/turtlebot3_teleop:/home/turtle1/install/turtlebot3_soccer:/home/turtle1/install/turtlebot3_example:/home/turtle1/install/sb3_inference:/home/turtle1/install/lidar_tracking:/home/turtle1/turtlebot3_ws/install/turtlebot3_teleop:/home/turtle1/turtlebot3_ws/install/turtlebot3_soccer:/home/turtle1/turtlebot3_ws/install/turtlebot3_example:/home/turtle1/turtlebot3_ws/install/turtlebot3_distance_keeper:/home/turtle1/turtlebot3_ws/install/sb3_inference:/home/turtle1/turtlebot3_ws/install/lidar_tracking:/opt/ros/humble /usr/bin/cmake --build /home/turtle1/turtlebot3_ws/build/turtlebot3_bringup -- -j4 -l4
[4.626s] Invoked command in '/home/turtle1/turtlebot3_ws/build/turtlebot3_bringup' returned '0': CMAKE_PREFIX_PATH=/home/turtle1/turtlebot3_ws/install/turtlebot3_node:/home/turtle1/turtlebot3_ws/install/turtlebot3_description:/home/turtle1/install/turtlebot3:/home/turtle1/install/turtlebot3_bringup:/home/turtle1/install/turtlebot3_node:/home/turtle1/install/turtlebot3_description:/home/turtle1/install/ld08_driver:/home/turtle1/turtlebot3_ws/install/turtlebot3:/home/turtle1/turtlebot3_ws/install/turtlebot3_bringup:/home/turtle1/turtlebot3_ws/install/ld08_driver:/home/turtle1/install/turtlebot3_teleop:/home/turtle1/install/turtlebot3_soccer:/home/turtle1/install/turtlebot3_example:/home/turtle1/install/sb3_inference:/home/turtle1/install/lidar_tracking:/home/turtle1/turtlebot3_ws/install/turtlebot3_teleop:/home/turtle1/turtlebot3_ws/install/turtlebot3_soccer:/home/turtle1/turtlebot3_ws/install/turtlebot3_example:/home/turtle1/turtlebot3_ws/install/turtlebot3_distance_keeper:/home/turtle1/turtlebot3_ws/install/sb3_inference:/home/turtle1/turtlebot3_ws/install/lidar_tracking:/opt/ros/humble /usr/bin/cmake --build /home/turtle1/turtlebot3_ws/build/turtlebot3_bringup -- -j4 -l4
[4.640s] Invoking command in '/home/turtle1/turtlebot3_ws/build/turtlebot3_bringup': CMAKE_PREFIX_PATH=/home/turtle1/turtlebot3_ws/install/turtlebot3_node:/home/turtle1/turtlebot3_ws/install/turtlebot3_description:/home/turtle1/install/turtlebot3:/home/turtle1/install/turtlebot3_bringup:/home/turtle1/install/turtlebot3_node:/home/turtle1/install/turtlebot3_description:/home/turtle1/install/ld08_driver:/home/turtle1/turtlebot3_ws/install/turtlebot3:/home/turtle1/turtlebot3_ws/install/turtlebot3_bringup:/home/turtle1/turtlebot3_ws/install/ld08_driver:/home/turtle1/install/turtlebot3_teleop:/home/turtle1/install/turtlebot3_soccer:/home/turtle1/install/turtlebot3_example:/home/turtle1/install/sb3_inference:/home/turtle1/install/lidar_tracking:/home/turtle1/turtlebot3_ws/install/turtlebot3_teleop:/home/turtle1/turtlebot3_ws/install/turtlebot3_soccer:/home/turtle1/turtlebot3_ws/install/turtlebot3_example:/home/turtle1/turtlebot3_ws/install/turtlebot3_distance_keeper:/home/turtle1/turtlebot3_ws/install/sb3_inference:/home/turtle1/turtlebot3_ws/install/lidar_tracking:/opt/ros/humble /usr/bin/cmake --install /home/turtle1/turtlebot3_ws/build/turtlebot3_bringup
[4.667s] -- Install configuration: ""
[4.667s] -- Installing: /home/turtle1/turtlebot3_ws/install/turtlebot3_bringup/share/turtlebot3_bringup/launch
[4.668s] -- Installing: /home/turtle1/turtlebot3_ws/install/turtlebot3_bringup/share/turtlebot3_bringup/launch/rviz2.launch.py
[4.672s] -- Installing: /home/turtle1/turtlebot3_ws/install/turtlebot3_bringup/share/turtlebot3_bringup/launch/turtlebot3_state_publisher.launch.py
[4.674s] -- Installing: /home/turtle1/turtlebot3_ws/install/turtlebot3_bringup/share/turtlebot3_bringup/launch/robot.launch.py
[4.675s] -- Installing: /home/turtle1/turtlebot3_ws/install/turtlebot3_bringup/share/turtlebot3_bringup/param
[4.676s] -- Installing: /home/turtle1/turtlebot3_ws/install/turtlebot3_bringup/share/turtlebot3_bringup/param/waffle.yaml
[4.678s] -- Installing: /home/turtle1/turtlebot3_ws/install/turtlebot3_bringup/share/turtlebot3_bringup/param/waffle_pi.yaml
[4.679s] -- Installing: /home/turtle1/turtlebot3_ws/install/turtlebot3_bringup/share/turtlebot3_bringup/param/burger.yaml
[4.681s] -- Installing: /home/turtle1/turtlebot3_ws/install/turtlebot3_bringup/share/turtlebot3_bringup/script
[4.681s] -- Installing: /home/turtle1/turtlebot3_ws/install/turtlebot3_bringup/share/turtlebot3_bringup/script/create_udev_rules
[4.683s] -- Installing: /home/turtle1/turtlebot3_ws/install/turtlebot3_bringup/share/turtlebot3_bringup/script/99-turtlebot3-cdc.rules
[4.685s] -- Installing: /home/turtle1/turtlebot3_ws/install/turtlebot3_bringup/share/ament_index/resource_index/package_run_dependencies/turtlebot3_bringup
[4.687s] -- Installing: /home/turtle1/turtlebot3_ws/install/turtlebot3_bringup/share/ament_index/resource_index/parent_prefix_path/turtlebot3_bringup
[4.689s] -- Installing: /home/turtle1/turtlebot3_ws/install/turtlebot3_bringup/share/turtlebot3_bringup/environment/ament_prefix_path.sh
[4.690s] -- Installing: /home/turtle1/turtlebot3_ws/install/turtlebot3_bringup/share/turtlebot3_bringup/environment/ament_prefix_path.dsv
[4.692s] -- Installing: /home/turtle1/turtlebot3_ws/install/turtlebot3_bringup/share/turtlebot3_bringup/environment/path.sh
[4.693s] -- Installing: /home/turtle1/turtlebot3_ws/install/turtlebot3_bringup/share/turtlebot3_bringup/environment/path.dsv
[4.694s] -- Installing: /home/turtle1/turtlebot3_ws/install/turtlebot3_bringup/share/turtlebot3_bringup/local_setup.bash
[4.695s] -- Installing: /home/turtle1/turtlebot3_ws/install/turtlebot3_bringup/share/turtlebot3_bringup/local_setup.sh
[4.696s] -- Installing: /home/turtle1/turtlebot3_ws/install/turtlebot3_bringup/share/turtlebot3_bringup/local_setup.zsh
[4.698s] -- Installing: /home/turtle1/turtlebot3_ws/install/turtlebot3_bringup/share/turtlebot3_bringup/local_setup.dsv
[4.699s] -- Installing: /home/turtle1/turtlebot3_ws/install/turtlebot3_bringup/share/turtlebot3_bringup/package.dsv
[4.701s] -- Installing: /home/turtle1/turtlebot3_ws/install/turtlebot3_bringup/share/ament_index/resource_index/packages/turtlebot3_bringup
[4.702s] -- Installing: /home/turtle1/turtlebot3_ws/install/turtlebot3_bringup/share/turtlebot3_bringup/cmake/turtlebot3_bringupConfig.cmake
[4.703s] -- Installing: /home/turtle1/turtlebot3_ws/install/turtlebot3_bringup/share/turtlebot3_bringup/cmake/turtlebot3_bringupConfig-version.cmake
[4.704s] -- Installing: /home/turtle1/turtlebot3_ws/install/turtlebot3_bringup/share/turtlebot3_bringup/package.xml
[4.713s] Invoked command in '/home/turtle1/turtlebot3_ws/build/turtlebot3_bringup' returned '0': CMAKE_PREFIX_PATH=/home/turtle1/turtlebot3_ws/install/turtlebot3_node:/home/turtle1/turtlebot3_ws/install/turtlebot3_description:/home/turtle1/install/turtlebot3:/home/turtle1/install/turtlebot3_bringup:/home/turtle1/install/turtlebot3_node:/home/turtle1/install/turtlebot3_description:/home/turtle1/install/ld08_driver:/home/turtle1/turtlebot3_ws/install/turtlebot3:/home/turtle1/turtlebot3_ws/install/turtlebot3_bringup:/home/turtle1/turtlebot3_ws/install/ld08_driver:/home/turtle1/install/turtlebot3_teleop:/home/turtle1/install/turtlebot3_soccer:/home/turtle1/install/turtlebot3_example:/home/turtle1/install/sb3_inference:/home/turtle1/install/lidar_tracking:/home/turtle1/turtlebot3_ws/install/turtlebot3_teleop:/home/turtle1/turtlebot3_ws/install/turtlebot3_soccer:/home/turtle1/turtlebot3_ws/install/turtlebot3_example:/home/turtle1/turtlebot3_ws/install/turtlebot3_distance_keeper:/home/turtle1/turtlebot3_ws/install/sb3_inference:/home/turtle1/turtlebot3_ws/install/lidar_tracking:/opt/ros/humble /usr/bin/cmake --install /home/turtle1/turtlebot3_ws/build/turtlebot3_bringup
