[8.590s] Invoking command in '/home/turtle1/turtlebot3_ws/src/turtlebot3/autonomous_driving': PYTHONPATH=/home/turtle1/turtlebot3_ws/build/autonomous_driving/prefix_override:/usr/lib/python3/dist-packages/colcon_core/task/python/colcon_distutils_commands:/home/turtle1/turtlebot3_ws/install/autonomous_driving/lib/python3.10/site-packages:${PYTHONPATH} /usr/bin/python3 -W ignore:setup.py install is deprecated -W ignore:easy_install command is deprecated setup.py egg_info --egg-base ../../../build/autonomous_driving build --build-base /home/turtle1/turtlebot3_ws/build/autonomous_driving/build install --record /home/turtle1/turtlebot3_ws/build/autonomous_driving/install.log --single-version-externally-managed install_data
[12.036s] running egg_info
[12.043s] writing ../../../build/autonomous_driving/autonomous_driving.egg-info/PKG-INFO
[12.045s] writing dependency_links to ../../../build/autonomous_driving/autonomous_driving.egg-info/dependency_links.txt
[12.048s] writing entry points to ../../../build/autonomous_driving/autonomous_driving.egg-info/entry_points.txt
[12.050s] writing requirements to ../../../build/autonomous_driving/autonomous_driving.egg-info/requires.txt
[12.052s] writing top-level names to ../../../build/autonomous_driving/autonomous_driving.egg-info/top_level.txt
[12.070s] reading manifest file '../../../build/autonomous_driving/autonomous_driving.egg-info/SOURCES.txt'
[12.074s] adding license file 'LICENSE'
[12.083s] writing manifest file '../../../build/autonomous_driving/autonomous_driving.egg-info/SOURCES.txt'
[12.084s] running build
[12.086s] running build_py
[12.089s] running install
[12.092s] running install_lib
[12.109s] running install_data
[12.113s] running install_egg_info
[12.138s] removing '/home/turtle1/turtlebot3_ws/install/autonomous_driving/lib/python3.10/site-packages/autonomous_driving-0.0.0-py3.10.egg-info' (and everything under it)
[12.143s] Copying ../../../build/autonomous_driving/autonomous_driving.egg-info to /home/turtle1/turtlebot3_ws/install/autonomous_driving/lib/python3.10/site-packages/autonomous_driving-0.0.0-py3.10.egg-info
[12.165s] running install_scripts
[12.382s] Installing sensor_info script to /home/turtle1/turtlebot3_ws/install/autonomous_driving/lib/autonomous_driving
[12.387s] Installing sensor_info2 script to /home/turtle1/turtlebot3_ws/install/autonomous_driving/lib/autonomous_driving
[12.389s] writing list of installed files to '/home/turtle1/turtlebot3_ws/build/autonomous_driving/install.log'
[12.587s] Invoked command in '/home/turtle1/turtlebot3_ws/src/turtlebot3/autonomous_driving' returned '0': PYTHONPATH=/home/turtle1/turtlebot3_ws/build/autonomous_driving/prefix_override:/usr/lib/python3/dist-packages/colcon_core/task/python/colcon_distutils_commands:/home/turtle1/turtlebot3_ws/install/autonomous_driving/lib/python3.10/site-packages:${PYTHONPATH} /usr/bin/python3 -W ignore:setup.py install is deprecated -W ignore:easy_install command is deprecated setup.py egg_info --egg-base ../../../build/autonomous_driving build --build-base /home/turtle1/turtlebot3_ws/build/autonomous_driving/build install --record /home/turtle1/turtlebot3_ws/build/autonomous_driving/install.log --single-version-externally-managed install_data
