/home/turtle1/turtlebot3_ws/install/lidar_tracking/lib/python3.10/site-packages/lidar_tracking/follow_ball.py
/home/turtle1/turtlebot3_ws/install/lidar_tracking/lib/python3.10/site-packages/lidar_tracking/reset_odom.py
/home/turtle1/turtlebot3_ws/install/lidar_tracking/lib/python3.10/site-packages/lidar_tracking/find_circle.py
/home/turtle1/turtlebot3_ws/install/lidar_tracking/lib/python3.10/site-packages/lidar_tracking/__init__.py
/home/turtle1/turtlebot3_ws/install/lidar_tracking/lib/python3.10/site-packages/lidar_tracking/find_arc.py
/home/turtle1/turtlebot3_ws/install/lidar_tracking/lib/python3.10/site-packages/lidar_tracking/publish_lidar_data.py
/home/turtle1/turtlebot3_ws/install/lidar_tracking/lib/python3.10/site-packages/lidar_tracking/__pycache__/follow_ball.cpython-310.pyc
/home/turtle1/turtlebot3_ws/install/lidar_tracking/lib/python3.10/site-packages/lidar_tracking/__pycache__/reset_odom.cpython-310.pyc
/home/turtle1/turtlebot3_ws/install/lidar_tracking/lib/python3.10/site-packages/lidar_tracking/__pycache__/find_circle.cpython-310.pyc
/home/turtle1/turtlebot3_ws/install/lidar_tracking/lib/python3.10/site-packages/lidar_tracking/__pycache__/__init__.cpython-310.pyc
/home/turtle1/turtlebot3_ws/install/lidar_tracking/lib/python3.10/site-packages/lidar_tracking/__pycache__/find_arc.cpython-310.pyc
/home/turtle1/turtlebot3_ws/install/lidar_tracking/lib/python3.10/site-packages/lidar_tracking/__pycache__/publish_lidar_data.cpython-310.pyc
/home/turtle1/turtlebot3_ws/install/lidar_tracking/share/ament_index/resource_index/packages/lidar_tracking
/home/turtle1/turtlebot3_ws/install/lidar_tracking/share/lidar_tracking/package.xml
/home/turtle1/turtlebot3_ws/install/lidar_tracking/lib/python3.10/site-packages/lidar_tracking-0.0.0-py3.10.egg-info/dependency_links.txt
/home/turtle1/turtlebot3_ws/install/lidar_tracking/lib/python3.10/site-packages/lidar_tracking-0.0.0-py3.10.egg-info/SOURCES.txt
/home/turtle1/turtlebot3_ws/install/lidar_tracking/lib/python3.10/site-packages/lidar_tracking-0.0.0-py3.10.egg-info/entry_points.txt
/home/turtle1/turtlebot3_ws/install/lidar_tracking/lib/python3.10/site-packages/lidar_tracking-0.0.0-py3.10.egg-info/top_level.txt
/home/turtle1/turtlebot3_ws/install/lidar_tracking/lib/python3.10/site-packages/lidar_tracking-0.0.0-py3.10.egg-info/requires.txt
/home/turtle1/turtlebot3_ws/install/lidar_tracking/lib/python3.10/site-packages/lidar_tracking-0.0.0-py3.10.egg-info/PKG-INFO
/home/turtle1/turtlebot3_ws/install/lidar_tracking/lib/python3.10/site-packages/lidar_tracking-0.0.0-py3.10.egg-info/zip-safe
/home/turtle1/turtlebot3_ws/install/lidar_tracking/lib/lidar_tracking/findball
