[0.156s] Invoking command in '/home/turtle1/turtlebot3_ws/build/turtlebot3_bringup': CMAKE_PREFIX_PATH=/home/turtle1/turtlebot3_ws/install/turtlebot3_node:/home/turtle1/turtlebot3_ws/install/turtlebot3_description:/home/turtle1/turtlebot3_ws/install/turtlebot3:/home/turtle1/turtlebot3_ws/install/turtlebot3_bringup:/home/turtle1/turtlebot3_ws/install/ld08_driver:/home/turtle1/turtlebot3_ws/install/turtlebot3_teleop:/home/turtle1/turtlebot3_ws/install/turtlebot3_soccer:/home/turtle1/turtlebot3_ws/install/turtlebot3_example:/home/turtle1/turtlebot3_ws/install/turtlebot3_distance_keeper:/home/turtle1/turtlebot3_ws/install/sb3_inference:/home/turtle1/turtlebot3_ws/install/publish_sensor_info:/home/turtle1/turtlebot3_ws/install/lidar_tracking:/opt/ros/humble /usr/bin/cmake --build /home/turtle1/turtlebot3_ws/build/turtlebot3_bringup -- -j4 -l4
[0.653s] Invoked command in '/home/turtle1/turtlebot3_ws/build/turtlebot3_bringup' returned '0': CMAKE_PREFIX_PATH=/home/turtle1/turtlebot3_ws/install/turtlebot3_node:/home/turtle1/turtlebot3_ws/install/turtlebot3_description:/home/turtle1/turtlebot3_ws/install/turtlebot3:/home/turtle1/turtlebot3_ws/install/turtlebot3_bringup:/home/turtle1/turtlebot3_ws/install/ld08_driver:/home/turtle1/turtlebot3_ws/install/turtlebot3_teleop:/home/turtle1/turtlebot3_ws/install/turtlebot3_soccer:/home/turtle1/turtlebot3_ws/install/turtlebot3_example:/home/turtle1/turtlebot3_ws/install/turtlebot3_distance_keeper:/home/turtle1/turtlebot3_ws/install/sb3_inference:/home/turtle1/turtlebot3_ws/install/publish_sensor_info:/home/turtle1/turtlebot3_ws/install/lidar_tracking:/opt/ros/humble /usr/bin/cmake --build /home/turtle1/turtlebot3_ws/build/turtlebot3_bringup -- -j4 -l4
[0.678s] Invoking command in '/home/turtle1/turtlebot3_ws/build/turtlebot3_bringup': CMAKE_PREFIX_PATH=/home/turtle1/turtlebot3_ws/install/turtlebot3_node:/home/turtle1/turtlebot3_ws/install/turtlebot3_description:/home/turtle1/turtlebot3_ws/install/turtlebot3:/home/turtle1/turtlebot3_ws/install/turtlebot3_bringup:/home/turtle1/turtlebot3_ws/install/ld08_driver:/home/turtle1/turtlebot3_ws/install/turtlebot3_teleop:/home/turtle1/turtlebot3_ws/install/turtlebot3_soccer:/home/turtle1/turtlebot3_ws/install/turtlebot3_example:/home/turtle1/turtlebot3_ws/install/turtlebot3_distance_keeper:/home/turtle1/turtlebot3_ws/install/sb3_inference:/home/turtle1/turtlebot3_ws/install/publish_sensor_info:/home/turtle1/turtlebot3_ws/install/lidar_tracking:/opt/ros/humble /usr/bin/cmake --install /home/turtle1/turtlebot3_ws/build/turtlebot3_bringup
[0.831s] -- Install configuration: ""
[0.834s] -- Up-to-date: /home/turtle1/turtlebot3_ws/install/turtlebot3_bringup/share/turtlebot3_bringup/launch
[0.848s] -- Up-to-date: /home/turtle1/turtlebot3_ws/install/turtlebot3_bringup/share/turtlebot3_bringup/launch/rviz2.launch.py
[0.850s] -- Up-to-date: /home/turtle1/turtlebot3_ws/install/turtlebot3_bringup/share/turtlebot3_bringup/launch/turtlebot3_state_publisher.launch.py
[0.854s] -- Up-to-date: /home/turtle1/turtlebot3_ws/install/turtlebot3_bringup/share/turtlebot3_bringup/launch/robot.launch.py
[0.861s] -- Up-to-date: /home/turtle1/turtlebot3_ws/install/turtlebot3_bringup/share/turtlebot3_bringup/param
[0.865s] -- Up-to-date: /home/turtle1/turtlebot3_ws/install/turtlebot3_bringup/share/turtlebot3_bringup/param/waffle.yaml
[0.868s] -- Up-to-date: /home/turtle1/turtlebot3_ws/install/turtlebot3_bringup/share/turtlebot3_bringup/param/waffle_pi.yaml
[0.878s] -- Up-to-date: /home/turtle1/turtlebot3_ws/install/turtlebot3_bringup/share/turtlebot3_bringup/param/burger.yaml
[0.881s] -- Up-to-date: /home/turtle1/turtlebot3_ws/install/turtlebot3_bringup/share/turtlebot3_bringup/script
[0.892s] -- Up-to-date: /home/turtle1/turtlebot3_ws/install/turtlebot3_bringup/share/turtlebot3_bringup/script/create_udev_rules
[0.895s] -- Up-to-date: /home/turtle1/turtlebot3_ws/install/turtlebot3_bringup/share/turtlebot3_bringup/script/99-turtlebot3-cdc.rules
[0.900s] -- Up-to-date: /home/turtle1/turtlebot3_ws/install/turtlebot3_bringup/share/ament_index/resource_index/package_run_dependencies/turtlebot3_bringup
[0.919s] -- Up-to-date: /home/turtle1/turtlebot3_ws/install/turtlebot3_bringup/share/ament_index/resource_index/parent_prefix_path/turtlebot3_bringup
[0.926s] -- Up-to-date: /home/turtle1/turtlebot3_ws/install/turtlebot3_bringup/share/turtlebot3_bringup/environment/ament_prefix_path.sh
[0.934s] -- Up-to-date: /home/turtle1/turtlebot3_ws/install/turtlebot3_bringup/share/turtlebot3_bringup/environment/ament_prefix_path.dsv
[0.943s] -- Up-to-date: /home/turtle1/turtlebot3_ws/install/turtlebot3_bringup/share/turtlebot3_bringup/environment/path.sh
[0.944s] -- Up-to-date: /home/turtle1/turtlebot3_ws/install/turtlebot3_bringup/share/turtlebot3_bringup/environment/path.dsv
[0.944s] -- Up-to-date: /home/turtle1/turtlebot3_ws/install/turtlebot3_bringup/share/turtlebot3_bringup/local_setup.bash
[0.945s] -- Up-to-date: /home/turtle1/turtlebot3_ws/install/turtlebot3_bringup/share/turtlebot3_bringup/local_setup.sh
[0.945s] -- Up-to-date: /home/turtle1/turtlebot3_ws/install/turtlebot3_bringup/share/turtlebot3_bringup/local_setup.zsh
[0.945s] -- Up-to-date: /home/turtle1/turtlebot3_ws/install/turtlebot3_bringup/share/turtlebot3_bringup/local_setup.dsv
[0.946s] -- Up-to-date: /home/turtle1/turtlebot3_ws/install/turtlebot3_bringup/share/turtlebot3_bringup/package.dsv
[0.946s] -- Up-to-date: /home/turtle1/turtlebot3_ws/install/turtlebot3_bringup/share/ament_index/resource_index/packages/turtlebot3_bringup
[0.947s] -- Up-to-date: /home/turtle1/turtlebot3_ws/install/turtlebot3_bringup/share/turtlebot3_bringup/cmake/turtlebot3_bringupConfig.cmake
[0.976s] -- Up-to-date: /home/turtle1/turtlebot3_ws/install/turtlebot3_bringup/share/turtlebot3_bringup/cmake/turtlebot3_bringupConfig-version.cmake
[0.978s] -- Up-to-date: /home/turtle1/turtlebot3_ws/install/turtlebot3_bringup/share/turtlebot3_bringup/package.xml
[0.980s] Invoked command in '/home/turtle1/turtlebot3_ws/build/turtlebot3_bringup' returned '0': CMAKE_PREFIX_PATH=/home/turtle1/turtlebot3_ws/install/turtlebot3_node:/home/turtle1/turtlebot3_ws/install/turtlebot3_description:/home/turtle1/turtlebot3_ws/install/turtlebot3:/home/turtle1/turtlebot3_ws/install/turtlebot3_bringup:/home/turtle1/turtlebot3_ws/install/ld08_driver:/home/turtle1/turtlebot3_ws/install/turtlebot3_teleop:/home/turtle1/turtlebot3_ws/install/turtlebot3_soccer:/home/turtle1/turtlebot3_ws/install/turtlebot3_example:/home/turtle1/turtlebot3_ws/install/turtlebot3_distance_keeper:/home/turtle1/turtlebot3_ws/install/sb3_inference:/home/turtle1/turtlebot3_ws/install/publish_sensor_info:/home/turtle1/turtlebot3_ws/install/lidar_tracking:/opt/ros/humble /usr/bin/cmake --install /home/turtle1/turtlebot3_ws/build/turtlebot3_bringup
