[3.560s] Invoking command in '/home/turtle1/turtlebot3_ws/src/tb3_rl/ball_locator': PYTHONPATH=/home/turtle1/turtlebot3_ws/build/ball_locator/prefix_override:/usr/lib/python3/dist-packages/colcon_core/task/python/colcon_distutils_commands:/home/turtle1/turtlebot3_ws/install/ball_locator/lib/python3.10/site-packages:${PYTHONPATH} /usr/bin/python3 -W ignore:setup.py install is deprecated -W ignore:easy_install command is deprecated setup.py egg_info --egg-base ../../../build/ball_locator build --build-base /home/turtle1/turtlebot3_ws/build/ball_locator/build install --record /home/turtle1/turtlebot3_ws/build/ball_locator/install.log --single-version-externally-managed install_data
[4.990s] running egg_info
[4.993s] writing ../../../build/ball_locator/ball_locator.egg-info/PKG-INFO
[4.996s] writing dependency_links to ../../../build/ball_locator/ball_locator.egg-info/dependency_links.txt
[4.998s] writing entry points to ../../../build/ball_locator/ball_locator.egg-info/entry_points.txt
[5.001s] writing requirements to ../../../build/ball_locator/ball_locator.egg-info/requires.txt
[5.004s] writing top-level names to ../../../build/ball_locator/ball_locator.egg-info/top_level.txt
[5.013s] reading manifest file '../../../build/ball_locator/ball_locator.egg-info/SOURCES.txt'
[5.015s] adding license file 'LICENSE'
[5.018s] writing manifest file '../../../build/ball_locator/ball_locator.egg-info/SOURCES.txt'
[5.019s] running build
[5.020s] running build_py
[5.021s] running install
[5.022s] running install_lib
[5.036s] byte-compiling /home/turtle1/turtlebot3_ws/install/ball_locator/lib/python3.10/site-packages/ball_locator/ball_locator_inference.py to ball_locator_inference.cpython-310.pyc
[5.037s] running install_data
[5.037s] running install_egg_info
[5.052s] removing '/home/turtle1/turtlebot3_ws/install/ball_locator/lib/python3.10/site-packages/ball_locator-0.0.0-py3.10.egg-info' (and everything under it)
[5.054s] Copying ../../../build/ball_locator/ball_locator.egg-info to /home/turtle1/turtlebot3_ws/install/ball_locator/lib/python3.10/site-packages/ball_locator-0.0.0-py3.10.egg-info
[5.063s] running install_scripts
[5.160s] Installing ball_locator script to /home/turtle1/turtlebot3_ws/install/ball_locator/lib/ball_locator
[5.163s] writing list of installed files to '/home/turtle1/turtlebot3_ws/build/ball_locator/install.log'
[5.294s] Invoked command in '/home/turtle1/turtlebot3_ws/src/tb3_rl/ball_locator' returned '0': PYTHONPATH=/home/turtle1/turtlebot3_ws/build/ball_locator/prefix_override:/usr/lib/python3/dist-packages/colcon_core/task/python/colcon_distutils_commands:/home/turtle1/turtlebot3_ws/install/ball_locator/lib/python3.10/site-packages:${PYTHONPATH} /usr/bin/python3 -W ignore:setup.py install is deprecated -W ignore:easy_install command is deprecated setup.py egg_info --egg-base ../../../build/ball_locator build --build-base /home/turtle1/turtlebot3_ws/build/ball_locator/build install --record /home/turtle1/turtlebot3_ws/build/ball_locator/install.log --single-version-externally-managed install_data
