/home/turtle1/turtlebot3_ws/install/turtlebot3_soccer/lib/python3.10/site-packages/turtlebot3_soccer/publish_image.py
/home/turtle1/turtlebot3_ws/install/turtlebot3_soccer/lib/python3.10/site-packages/turtlebot3_soccer/receive_image_info.py
/home/turtle1/turtlebot3_ws/install/turtlebot3_soccer/lib/python3.10/site-packages/turtlebot3_soccer/test_connection.py
/home/turtle1/turtlebot3_ws/install/turtlebot3_soccer/lib/python3.10/site-packages/turtlebot3_soccer/__init__.py
/home/turtle1/turtlebot3_ws/install/turtlebot3_soccer/lib/python3.10/site-packages/turtlebot3_soccer/move_to_ball.py
/home/turtle1/turtlebot3_ws/install/turtlebot3_soccer/lib/python3.10/site-packages/turtlebot3_soccer/__pycache__/publish_image.cpython-310.pyc
/home/turtle1/turtlebot3_ws/install/turtlebot3_soccer/lib/python3.10/site-packages/turtlebot3_soccer/__pycache__/receive_image_info.cpython-310.pyc
/home/turtle1/turtlebot3_ws/install/turtlebot3_soccer/lib/python3.10/site-packages/turtlebot3_soccer/__pycache__/test_connection.cpython-310.pyc
/home/turtle1/turtlebot3_ws/install/turtlebot3_soccer/lib/python3.10/site-packages/turtlebot3_soccer/__pycache__/__init__.cpython-310.pyc
/home/turtle1/turtlebot3_ws/install/turtlebot3_soccer/lib/python3.10/site-packages/turtlebot3_soccer/__pycache__/move_to_ball.cpython-310.pyc
/home/turtle1/turtlebot3_ws/install/turtlebot3_soccer/share/ament_index/resource_index/packages/turtlebot3_soccer
/home/turtle1/turtlebot3_ws/install/turtlebot3_soccer/share/turtlebot3_soccer/package.xml
/home/turtle1/turtlebot3_ws/install/turtlebot3_soccer/lib/python3.10/site-packages/turtlebot3_soccer-0.0.0-py3.10.egg-info/dependency_links.txt
/home/turtle1/turtlebot3_ws/install/turtlebot3_soccer/lib/python3.10/site-packages/turtlebot3_soccer-0.0.0-py3.10.egg-info/SOURCES.txt
/home/turtle1/turtlebot3_ws/install/turtlebot3_soccer/lib/python3.10/site-packages/turtlebot3_soccer-0.0.0-py3.10.egg-info/entry_points.txt
/home/turtle1/turtlebot3_ws/install/turtlebot3_soccer/lib/python3.10/site-packages/turtlebot3_soccer-0.0.0-py3.10.egg-info/top_level.txt
/home/turtle1/turtlebot3_ws/install/turtlebot3_soccer/lib/python3.10/site-packages/turtlebot3_soccer-0.0.0-py3.10.egg-info/requires.txt
/home/turtle1/turtlebot3_ws/install/turtlebot3_soccer/lib/python3.10/site-packages/turtlebot3_soccer-0.0.0-py3.10.egg-info/PKG-INFO
/home/turtle1/turtlebot3_ws/install/turtlebot3_soccer/lib/python3.10/site-packages/turtlebot3_soccer-0.0.0-py3.10.egg-info/zip-safe
/home/turtle1/turtlebot3_ws/install/turtlebot3_soccer/lib/turtlebot3_soccer/publish_image
/home/turtle1/turtlebot3_ws/install/turtlebot3_soccer/lib/turtlebot3_soccer/soccer
