[8.094s] Invoking command in '/home/turtle1/turtlebot3_ws/src/turtlebot3/pub_sub': PYTHONPATH=/home/turtle1/turtlebot3_ws/build/pub_sub/prefix_override:/usr/lib/python3/dist-packages/colcon_core/task/python/colcon_distutils_commands:/home/turtle1/turtlebot3_ws/install/pub_sub/lib/python3.10/site-packages:${PYTHONPATH} /usr/bin/python3 -W ignore:setup.py install is deprecated -W ignore:easy_install command is deprecated setup.py egg_info --egg-base ../../../build/pub_sub build --build-base /home/turtle1/turtlebot3_ws/build/pub_sub/build install --record /home/turtle1/turtlebot3_ws/build/pub_sub/install.log --single-version-externally-managed install_data
[11.445s] running egg_info
[11.452s] writing ../../../build/pub_sub/pub_sub.egg-info/PKG-INFO
[11.454s] writing dependency_links to ../../../build/pub_sub/pub_sub.egg-info/dependency_links.txt
[11.456s] writing entry points to ../../../build/pub_sub/pub_sub.egg-info/entry_points.txt
[11.458s] writing requirements to ../../../build/pub_sub/pub_sub.egg-info/requires.txt
[11.460s] writing top-level names to ../../../build/pub_sub/pub_sub.egg-info/top_level.txt
[11.478s] reading manifest file '../../../build/pub_sub/pub_sub.egg-info/SOURCES.txt'
[11.481s] adding license file 'LICENSE'
[11.489s] writing manifest file '../../../build/pub_sub/pub_sub.egg-info/SOURCES.txt'
[11.491s] running build
[11.492s] running build_py
[11.493s] copying pub_sub/publisher.py -> /home/turtle1/turtlebot3_ws/build/pub_sub/build/lib/pub_sub
[11.495s] running install
[11.498s] running install_lib
[11.506s] copying /home/turtle1/turtlebot3_ws/build/pub_sub/build/lib/pub_sub/publisher.py -> /home/turtle1/turtlebot3_ws/install/pub_sub/lib/python3.10/site-packages/pub_sub
[11.514s] byte-compiling /home/turtle1/turtlebot3_ws/install/pub_sub/lib/python3.10/site-packages/pub_sub/publisher.py to publisher.cpython-310.pyc
[11.519s] running install_data
[11.521s] running install_egg_info
[11.547s] removing '/home/turtle1/turtlebot3_ws/install/pub_sub/lib/python3.10/site-packages/pub_sub-0.0.0-py3.10.egg-info' (and everything under it)
[11.551s] Copying ../../../build/pub_sub/pub_sub.egg-info to /home/turtle1/turtlebot3_ws/install/pub_sub/lib/python3.10/site-packages/pub_sub-0.0.0-py3.10.egg-info
[11.564s] running install_scripts
[11.770s] Installing pub script to /home/turtle1/turtlebot3_ws/install/pub_sub/lib/pub_sub
[11.774s] writing list of installed files to '/home/turtle1/turtlebot3_ws/build/pub_sub/install.log'
[11.991s] Invoked command in '/home/turtle1/turtlebot3_ws/src/turtlebot3/pub_sub' returned '0': PYTHONPATH=/home/turtle1/turtlebot3_ws/build/pub_sub/prefix_override:/usr/lib/python3/dist-packages/colcon_core/task/python/colcon_distutils_commands:/home/turtle1/turtlebot3_ws/install/pub_sub/lib/python3.10/site-packages:${PYTHONPATH} /usr/bin/python3 -W ignore:setup.py install is deprecated -W ignore:easy_install command is deprecated setup.py egg_info --egg-base ../../../build/pub_sub build --build-base /home/turtle1/turtlebot3_ws/build/pub_sub/build install --record /home/turtle1/turtlebot3_ws/build/pub_sub/install.log --single-version-externally-managed install_data
