[3.685s] Invoking command in '/home/turtle1/turtlebot3_ws/src/turtlebot3/sb3_inference': PYTHONPATH=/home/turtle1/turtlebot3_ws/build/sb3_inference/prefix_override:/usr/lib/python3/dist-packages/colcon_core/task/python/colcon_distutils_commands:/home/turtle1/turtlebot3_ws/install/sb3_inference/lib/python3.10/site-packages:${PYTHONPATH} /usr/bin/python3 -W ignore:setup.py install is deprecated -W ignore:easy_install command is deprecated setup.py egg_info --egg-base ../../../build/sb3_inference build --build-base /home/turtle1/turtlebot3_ws/build/sb3_inference/build install --record /home/turtle1/turtlebot3_ws/build/sb3_inference/install.log --single-version-externally-managed install_data
[5.212s] running egg_info
[5.215s] writing ../../../build/sb3_inference/sb3_inference.egg-info/PKG-INFO
[5.217s] writing dependency_links to ../../../build/sb3_inference/sb3_inference.egg-info/dependency_links.txt
[5.220s] writing entry points to ../../../build/sb3_inference/sb3_inference.egg-info/entry_points.txt
[5.221s] writing requirements to ../../../build/sb3_inference/sb3_inference.egg-info/requires.txt
[5.225s] writing top-level names to ../../../build/sb3_inference/sb3_inference.egg-info/top_level.txt
[5.228s] reading manifest file '../../../build/sb3_inference/sb3_inference.egg-info/SOURCES.txt'
[5.230s] adding license file 'LICENSE'
[5.236s] writing manifest file '../../../build/sb3_inference/sb3_inference.egg-info/SOURCES.txt'
[5.237s] running build
[5.238s] running build_py
[5.241s] copying sb3_inference/pusher_inference.py -> /home/turtle1/turtlebot3_ws/build/sb3_inference/build/lib/sb3_inference
[5.242s] running install
[5.242s] running install_lib
[5.242s] copying /home/turtle1/turtlebot3_ws/build/sb3_inference/build/lib/sb3_inference/pusher_inference.py -> /home/turtle1/turtlebot3_ws/install/sb3_inference/lib/python3.10/site-packages/sb3_inference
[5.246s] byte-compiling /home/turtle1/turtlebot3_ws/install/sb3_inference/lib/python3.10/site-packages/sb3_inference/pusher_inference.py to pusher_inference.cpython-310.pyc
[5.259s] running install_data
[5.260s] running install_egg_info
[5.266s] removing '/home/turtle1/turtlebot3_ws/install/sb3_inference/lib/python3.10/site-packages/sb3_inference-0.0.0-py3.10.egg-info' (and everything under it)
[5.267s] Copying ../../../build/sb3_inference/sb3_inference.egg-info to /home/turtle1/turtlebot3_ws/install/sb3_inference/lib/python3.10/site-packages/sb3_inference-0.0.0-py3.10.egg-info
[5.278s] running install_scripts
[5.369s] Installing pusher_inference script to /home/turtle1/turtlebot3_ws/install/sb3_inference/lib/sb3_inference
[5.370s] writing list of installed files to '/home/turtle1/turtlebot3_ws/build/sb3_inference/install.log'
[5.519s] Invoked command in '/home/turtle1/turtlebot3_ws/src/turtlebot3/sb3_inference' returned '0': PYTHONPATH=/home/turtle1/turtlebot3_ws/build/sb3_inference/prefix_override:/usr/lib/python3/dist-packages/colcon_core/task/python/colcon_distutils_commands:/home/turtle1/turtlebot3_ws/install/sb3_inference/lib/python3.10/site-packages:${PYTHONPATH} /usr/bin/python3 -W ignore:setup.py install is deprecated -W ignore:easy_install command is deprecated setup.py egg_info --egg-base ../../../build/sb3_inference build --build-base /home/turtle1/turtlebot3_ws/build/sb3_inference/build install --record /home/turtle1/turtlebot3_ws/build/sb3_inference/install.log --single-version-externally-managed install_data
