[0.190s] Invoking command in '/home/turtle1/turtlebot3_ws/build/turtlebot3_node': CMAKE_PREFIX_PATH=${CMAKE_PREFIX_PATH}:/home/turtle1/turtlebot3_ws/install/turtlebot3_teleop:/home/turtle1/turtlebot3_ws/install/turtlebot3_soccer:/home/turtle1/turtlebot3_ws/install/turtlebot3_example:/home/turtle1/turtlebot3_ws/install/turtlebot3_distance_keeper:/home/turtle1/turtlebot3_ws/install/sb3_inference:/home/turtle1/turtlebot3_ws/install/publish_sensor_info:/home/turtle1/turtlebot3_ws/install/lidar_tracking:/opt/ros/humble /usr/bin/cmake --build /home/turtle1/turtlebot3_ws/build/turtlebot3_node -- -j4 -l4
[1.999s] [35m[1mConsolidate compiler generated dependencies of target turtlebot3_node_lib[0m
[2.002s] [ 85%] Built target turtlebot3_node_lib
[2.005s] [35m[1mConsolidate compiler generated dependencies of target turtlebot3_ros[0m
[2.011s] [100%] Built target turtlebot3_ros
[3.680s] Invoked command in '/home/turtle1/turtlebot3_ws/build/turtlebot3_node' returned '0': CMAKE_PREFIX_PATH=${CMAKE_PREFIX_PATH}:/home/turtle1/turtlebot3_ws/install/turtlebot3_teleop:/home/turtle1/turtlebot3_ws/install/turtlebot3_soccer:/home/turtle1/turtlebot3_ws/install/turtlebot3_example:/home/turtle1/turtlebot3_ws/install/turtlebot3_distance_keeper:/home/turtle1/turtlebot3_ws/install/sb3_inference:/home/turtle1/turtlebot3_ws/install/publish_sensor_info:/home/turtle1/turtlebot3_ws/install/lidar_tracking:/opt/ros/humble /usr/bin/cmake --build /home/turtle1/turtlebot3_ws/build/turtlebot3_node -- -j4 -l4
[3.709s] Invoking command in '/home/turtle1/turtlebot3_ws/build/turtlebot3_node': CMAKE_PREFIX_PATH=${CMAKE_PREFIX_PATH}:/home/turtle1/turtlebot3_ws/install/turtlebot3_teleop:/home/turtle1/turtlebot3_ws/install/turtlebot3_soccer:/home/turtle1/turtlebot3_ws/install/turtlebot3_example:/home/turtle1/turtlebot3_ws/install/turtlebot3_distance_keeper:/home/turtle1/turtlebot3_ws/install/sb3_inference:/home/turtle1/turtlebot3_ws/install/publish_sensor_info:/home/turtle1/turtlebot3_ws/install/lidar_tracking:/opt/ros/humble /usr/bin/cmake --install /home/turtle1/turtlebot3_ws/build/turtlebot3_node
[3.786s] -- Install configuration: ""
[3.793s] -- Up-to-date: /home/turtle1/turtlebot3_ws/install/turtlebot3_node/share/turtlebot3_node/param
[3.804s] -- Up-to-date: /home/turtle1/turtlebot3_ws/install/turtlebot3_node/share/turtlebot3_node/param/waffle.yaml
[3.806s] -- Up-to-date: /home/turtle1/turtlebot3_ws/install/turtlebot3_node/share/turtlebot3_node/param/waffle_pi.yaml
[3.808s] -- Up-to-date: /home/turtle1/turtlebot3_ws/install/turtlebot3_node/share/turtlebot3_node/param/burger.yaml
[3.814s] -- Up-to-date: /home/turtle1/turtlebot3_ws/install/turtlebot3_node/lib/turtlebot3_node/turtlebot3_ros
[3.824s] -- Up-to-date: /home/turtle1/turtlebot3_ws/install/turtlebot3_node/share/ament_index/resource_index/package_run_dependencies/turtlebot3_node
[3.828s] -- Up-to-date: /home/turtle1/turtlebot3_ws/install/turtlebot3_node/share/ament_index/resource_index/parent_prefix_path/turtlebot3_node
[3.833s] -- Up-to-date: /home/turtle1/turtlebot3_ws/install/turtlebot3_node/share/turtlebot3_node/environment/ament_prefix_path.sh
[3.840s] -- Up-to-date: /home/turtle1/turtlebot3_ws/install/turtlebot3_node/share/turtlebot3_node/environment/ament_prefix_path.dsv
[3.844s] -- Up-to-date: /home/turtle1/turtlebot3_ws/install/turtlebot3_node/share/turtlebot3_node/environment/path.sh
[3.849s] -- Up-to-date: /home/turtle1/turtlebot3_ws/install/turtlebot3_node/share/turtlebot3_node/environment/path.dsv
[3.853s] -- Up-to-date: /home/turtle1/turtlebot3_ws/install/turtlebot3_node/share/turtlebot3_node/local_setup.bash
[3.859s] -- Up-to-date: /home/turtle1/turtlebot3_ws/install/turtlebot3_node/share/turtlebot3_node/local_setup.sh
[3.863s] -- Up-to-date: /home/turtle1/turtlebot3_ws/install/turtlebot3_node/share/turtlebot3_node/local_setup.zsh
[3.872s] -- Up-to-date: /home/turtle1/turtlebot3_ws/install/turtlebot3_node/share/turtlebot3_node/local_setup.dsv
[3.874s] -- Installing: /home/turtle1/turtlebot3_ws/install/turtlebot3_node/share/turtlebot3_node/package.dsv
[3.881s] -- Up-to-date: /home/turtle1/turtlebot3_ws/install/turtlebot3_node/share/ament_index/resource_index/packages/turtlebot3_node
[3.885s] -- Up-to-date: /home/turtle1/turtlebot3_ws/install/turtlebot3_node/share/turtlebot3_node/cmake/ament_cmake_export_include_directories-extras.cmake
[3.889s] -- Up-to-date: /home/turtle1/turtlebot3_ws/install/turtlebot3_node/share/turtlebot3_node/cmake/turtlebot3_nodeConfig.cmake
[3.896s] -- Up-to-date: /home/turtle1/turtlebot3_ws/install/turtlebot3_node/share/turtlebot3_node/cmake/turtlebot3_nodeConfig-version.cmake
[3.898s] -- Up-to-date: /home/turtle1/turtlebot3_ws/install/turtlebot3_node/share/turtlebot3_node/package.xml
[4.137s] Invoked command in '/home/turtle1/turtlebot3_ws/build/turtlebot3_node' returned '0': CMAKE_PREFIX_PATH=${CMAKE_PREFIX_PATH}:/home/turtle1/turtlebot3_ws/install/turtlebot3_teleop:/home/turtle1/turtlebot3_ws/install/turtlebot3_soccer:/home/turtle1/turtlebot3_ws/install/turtlebot3_example:/home/turtle1/turtlebot3_ws/install/turtlebot3_distance_keeper:/home/turtle1/turtlebot3_ws/install/sb3_inference:/home/turtle1/turtlebot3_ws/install/publish_sensor_info:/home/turtle1/turtlebot3_ws/install/lidar_tracking:/opt/ros/humble /usr/bin/cmake --install /home/turtle1/turtlebot3_ws/build/turtlebot3_node
