running egg_info
writing ../../../build/sb3_inference/sb3_inference.egg-info/PKG-INFO
writing dependency_links to ../../../build/sb3_inference/sb3_inference.egg-info/dependency_links.txt
writing entry points to ../../../build/sb3_inference/sb3_inference.egg-info/entry_points.txt
writing requirements to ../../../build/sb3_inference/sb3_inference.egg-info/requires.txt
writing top-level names to ../../../build/sb3_inference/sb3_inference.egg-info/top_level.txt
reading manifest file '../../../build/sb3_inference/sb3_inference.egg-info/SOURCES.txt'
adding license file 'LICENSE'
writing manifest file '../../../build/sb3_inference/sb3_inference.egg-info/SOURCES.txt'
running build
running build_py
running install
running install_lib
running install_data
running install_egg_info
removing '/home/turtle1/turtlebot3_ws/install/sb3_inference/lib/python3.10/site-packages/sb3_inference-0.0.0-py3.10.egg-info' (and everything under it)
Copying ../../../build/sb3_inference/sb3_inference.egg-info to /home/turtle1/turtlebot3_ws/install/sb3_inference/lib/python3.10/site-packages/sb3_inference-0.0.0-py3.10.egg-info
running install_scripts
Installing ball_data script to /home/turtle1/turtlebot3_ws/install/sb3_inference/lib/sb3_inference
Installing camera_inference script to /home/turtle1/turtlebot3_ws/install/sb3_inference/lib/sb3_inference
Installing pusher_inference_old script to /home/turtle1/turtlebot3_ws/install/sb3_inference/lib/sb3_inference
Installing sonic_pub script to /home/turtle1/turtlebot3_ws/install/sb3_inference/lib/sb3_inference
writing list of installed files to '/home/turtle1/turtlebot3_ws/build/sb3_inference/install.log'
