[2.966s] Invoking command in '/home/turtle1/turtlebot3_ws/src/turtlebot3/sb3_inference': PYTHONPATH=/home/turtle1/turtlebot3_ws/build/sb3_inference/prefix_override:/usr/lib/python3/dist-packages/colcon_core/task/python/colcon_distutils_commands:/home/turtle1/turtlebot3_ws/install/sb3_inference/lib/python3.10/site-packages:${PYTHONPATH} /usr/bin/python3 -W ignore:setup.py install is deprecated -W ignore:easy_install command is deprecated setup.py egg_info --egg-base ../../../build/sb3_inference build --build-base /home/turtle1/turtlebot3_ws/build/sb3_inference/build install --record /home/turtle1/turtlebot3_ws/build/sb3_inference/install.log --single-version-externally-managed install_data
[4.167s] running egg_info
[4.169s] writing ../../../build/sb3_inference/sb3_inference.egg-info/PKG-INFO
[4.170s] writing dependency_links to ../../../build/sb3_inference/sb3_inference.egg-info/dependency_links.txt
[4.171s] writing entry points to ../../../build/sb3_inference/sb3_inference.egg-info/entry_points.txt
[4.172s] writing requirements to ../../../build/sb3_inference/sb3_inference.egg-info/requires.txt
[4.172s] writing top-level names to ../../../build/sb3_inference/sb3_inference.egg-info/top_level.txt
[4.181s] reading manifest file '../../../build/sb3_inference/sb3_inference.egg-info/SOURCES.txt'
[4.182s] adding license file 'LICENSE'
[4.186s] writing manifest file '../../../build/sb3_inference/sb3_inference.egg-info/SOURCES.txt'
[4.186s] running build
[4.186s] running build_py
[4.189s] running install
[4.190s] running install_lib
[4.198s] running install_data
[4.198s] running install_egg_info
[4.209s] removing '/home/turtle1/turtlebot3_ws/install/sb3_inference/lib/python3.10/site-packages/sb3_inference-0.0.0-py3.10.egg-info' (and everything under it)
[4.211s] Copying ../../../build/sb3_inference/sb3_inference.egg-info to /home/turtle1/turtlebot3_ws/install/sb3_inference/lib/python3.10/site-packages/sb3_inference-0.0.0-py3.10.egg-info
[4.216s] running install_scripts
[4.297s] Installing ball_data script to /home/turtle1/turtlebot3_ws/install/sb3_inference/lib/sb3_inference
[4.298s] Installing camera_inference script to /home/turtle1/turtlebot3_ws/install/sb3_inference/lib/sb3_inference
[4.298s] Installing pusher_inference_old script to /home/turtle1/turtlebot3_ws/install/sb3_inference/lib/sb3_inference
[4.299s] Installing sonic_pub script to /home/turtle1/turtlebot3_ws/install/sb3_inference/lib/sb3_inference
[4.301s] writing list of installed files to '/home/turtle1/turtlebot3_ws/build/sb3_inference/install.log'
[4.420s] Invoked command in '/home/turtle1/turtlebot3_ws/src/turtlebot3/sb3_inference' returned '0': PYTHONPATH=/home/turtle1/turtlebot3_ws/build/sb3_inference/prefix_override:/usr/lib/python3/dist-packages/colcon_core/task/python/colcon_distutils_commands:/home/turtle1/turtlebot3_ws/install/sb3_inference/lib/python3.10/site-packages:${PYTHONPATH} /usr/bin/python3 -W ignore:setup.py install is deprecated -W ignore:easy_install command is deprecated setup.py egg_info --egg-base ../../../build/sb3_inference build --build-base /home/turtle1/turtlebot3_ws/build/sb3_inference/build install --record /home/turtle1/turtlebot3_ws/build/sb3_inference/install.log --single-version-externally-managed install_data
