[5.193s] Invoking command in '/home/turtle1/turtlebot3_ws/src/tb3_rl/ball_locator': PYTHONPATH=/home/turtle1/turtlebot3_ws/build/ball_locator/prefix_override:/usr/lib/python3/dist-packages/colcon_core/task/python/colcon_distutils_commands:/home/turtle1/turtlebot3_ws/install/ball_locator/lib/python3.10/site-packages:${PYTHONPATH} /usr/bin/python3 -W ignore:setup.py install is deprecated -W ignore:easy_install command is deprecated setup.py egg_info --egg-base ../../../build/ball_locator build --build-base /home/turtle1/turtlebot3_ws/build/ball_locator/build install --record /home/turtle1/turtlebot3_ws/build/ball_locator/install.log --single-version-externally-managed install_data
[6.450s] running egg_info
[6.453s] writing ../../../build/ball_locator/ball_locator.egg-info/PKG-INFO
[6.454s] writing dependency_links to ../../../build/ball_locator/ball_locator.egg-info/dependency_links.txt
[6.455s] writing entry points to ../../../build/ball_locator/ball_locator.egg-info/entry_points.txt
[6.455s] writing requirements to ../../../build/ball_locator/ball_locator.egg-info/requires.txt
[6.456s] writing top-level names to ../../../build/ball_locator/ball_locator.egg-info/top_level.txt
[6.464s] reading manifest file '../../../build/ball_locator/ball_locator.egg-info/SOURCES.txt'
[6.467s] adding license file 'LICENSE'
[6.470s] writing manifest file '../../../build/ball_locator/ball_locator.egg-info/SOURCES.txt'
[6.470s] running build
[6.471s] running build_py
[6.472s] running install
[6.473s] running install_lib
[6.480s] byte-compiling /home/turtle1/turtlebot3_ws/install/ball_locator/lib/python3.10/site-packages/ball_locator/ball_locator_inference.py to ball_locator_inference.cpython-310.pyc
[6.486s] running install_data
[6.487s] running install_egg_info
[6.499s] removing '/home/turtle1/turtlebot3_ws/install/ball_locator/lib/python3.10/site-packages/ball_locator-0.0.0-py3.10.egg-info' (and everything under it)
[6.501s] Copying ../../../build/ball_locator/ball_locator.egg-info to /home/turtle1/turtlebot3_ws/install/ball_locator/lib/python3.10/site-packages/ball_locator-0.0.0-py3.10.egg-info
[6.511s] running install_scripts
[6.595s] Installing ball_locator script to /home/turtle1/turtlebot3_ws/install/ball_locator/lib/ball_locator
[6.596s] writing list of installed files to '/home/turtle1/turtlebot3_ws/build/ball_locator/install.log'
[6.718s] Invoked command in '/home/turtle1/turtlebot3_ws/src/tb3_rl/ball_locator' returned '0': PYTHONPATH=/home/turtle1/turtlebot3_ws/build/ball_locator/prefix_override:/usr/lib/python3/dist-packages/colcon_core/task/python/colcon_distutils_commands:/home/turtle1/turtlebot3_ws/install/ball_locator/lib/python3.10/site-packages:${PYTHONPATH} /usr/bin/python3 -W ignore:setup.py install is deprecated -W ignore:easy_install command is deprecated setup.py egg_info --egg-base ../../../build/ball_locator build --build-base /home/turtle1/turtlebot3_ws/build/ball_locator/build install --record /home/turtle1/turtlebot3_ws/build/ball_locator/install.log --single-version-externally-managed install_data
