running egg_info
creating ../../../build/sb3_inference/sb3_inference.egg-info
writing ../../../build/sb3_inference/sb3_inference.egg-info/PKG-INFO
writing dependency_links to ../../../build/sb3_inference/sb3_inference.egg-info/dependency_links.txt
writing entry points to ../../../build/sb3_inference/sb3_inference.egg-info/entry_points.txt
writing requirements to ../../../build/sb3_inference/sb3_inference.egg-info/requires.txt
writing top-level names to ../../../build/sb3_inference/sb3_inference.egg-info/top_level.txt
writing manifest file '../../../build/sb3_inference/sb3_inference.egg-info/SOURCES.txt'
reading manifest file '../../../build/sb3_inference/sb3_inference.egg-info/SOURCES.txt'
adding license file 'LICENSE'
writing manifest file '../../../build/sb3_inference/sb3_inference.egg-info/SOURCES.txt'
running build
running build_py
creating /home/turtle1/turtlebot3_ws/build/sb3_inference/build
creating /home/turtle1/turtlebot3_ws/build/sb3_inference/build/lib
creating /home/turtle1/turtlebot3_ws/build/sb3_inference/build/lib/sb3_inference
copying sb3_inference/pusher_inference.py -> /home/turtle1/turtlebot3_ws/build/sb3_inference/build/lib/sb3_inference
copying sb3_inference/__init__.py -> /home/turtle1/turtlebot3_ws/build/sb3_inference/build/lib/sb3_inference
running install
running install_lib
creating /home/turtle1/turtlebot3_ws/install/sb3_inference/lib/python3.10/site-packages/sb3_inference
copying /home/turtle1/turtlebot3_ws/build/sb3_inference/build/lib/sb3_inference/pusher_inference.py -> /home/turtle1/turtlebot3_ws/install/sb3_inference/lib/python3.10/site-packages/sb3_inference
copying /home/turtle1/turtlebot3_ws/build/sb3_inference/build/lib/sb3_inference/__init__.py -> /home/turtle1/turtlebot3_ws/install/sb3_inference/lib/python3.10/site-packages/sb3_inference
byte-compiling /home/turtle1/turtlebot3_ws/install/sb3_inference/lib/python3.10/site-packages/sb3_inference/pusher_inference.py to pusher_inference.cpython-310.pyc
byte-compiling /home/turtle1/turtlebot3_ws/install/sb3_inference/lib/python3.10/site-packages/sb3_inference/__init__.py to __init__.cpython-310.pyc
running install_data
creating /home/turtle1/turtlebot3_ws/install/sb3_inference/share/ament_index
creating /home/turtle1/turtlebot3_ws/install/sb3_inference/share/ament_index/resource_index
creating /home/turtle1/turtlebot3_ws/install/sb3_inference/share/ament_index/resource_index/packages
copying resource/sb3_inference -> /home/turtle1/turtlebot3_ws/install/sb3_inference/share/ament_index/resource_index/packages
copying package.xml -> /home/turtle1/turtlebot3_ws/install/sb3_inference/share/sb3_inference
running install_egg_info
Copying ../../../build/sb3_inference/sb3_inference.egg-info to /home/turtle1/turtlebot3_ws/install/sb3_inference/lib/python3.10/site-packages/sb3_inference-0.0.0-py3.10.egg-info
running install_scripts
Installing pusher_inference script to /home/turtle1/turtlebot3_ws/install/sb3_inference/lib/sb3_inference
writing list of installed files to '/home/turtle1/turtlebot3_ws/build/sb3_inference/install.log'
