[3.079s] Invoking command in '/home/turtle1/turtlebot3_ws/src/turtlebot3/sb3_inference': PYTHONPATH=/home/turtle1/turtlebot3_ws/build/sb3_inference/prefix_override:/usr/lib/python3/dist-packages/colcon_core/task/python/colcon_distutils_commands:/home/turtle1/turtlebot3_ws/install/sb3_inference/lib/python3.10/site-packages:${PYTHONPATH} /usr/bin/python3 -W ignore:setup.py install is deprecated -W ignore:easy_install command is deprecated setup.py egg_info --egg-base ../../../build/sb3_inference build --build-base /home/turtle1/turtlebot3_ws/build/sb3_inference/build install --record /home/turtle1/turtlebot3_ws/build/sb3_inference/install.log --single-version-externally-managed install_data
[4.285s] running egg_info
[4.288s] writing ../../../build/sb3_inference/sb3_inference.egg-info/PKG-INFO
[4.289s] writing dependency_links to ../../../build/sb3_inference/sb3_inference.egg-info/dependency_links.txt
[4.290s] writing entry points to ../../../build/sb3_inference/sb3_inference.egg-info/entry_points.txt
[4.291s] writing requirements to ../../../build/sb3_inference/sb3_inference.egg-info/requires.txt
[4.292s] writing top-level names to ../../../build/sb3_inference/sb3_inference.egg-info/top_level.txt
[4.300s] reading manifest file '../../../build/sb3_inference/sb3_inference.egg-info/SOURCES.txt'
[4.303s] adding license file 'LICENSE'
[4.306s] writing manifest file '../../../build/sb3_inference/sb3_inference.egg-info/SOURCES.txt'
[4.306s] running build
[4.307s] running build_py
[4.307s] copying sb3_inference/pusher_inference.py -> /home/turtle1/turtlebot3_ws/build/sb3_inference/build/lib/sb3_inference
[4.309s] running install
[4.311s] running install_lib
[4.314s] copying /home/turtle1/turtlebot3_ws/build/sb3_inference/build/lib/sb3_inference/pusher_inference.py -> /home/turtle1/turtlebot3_ws/install/sb3_inference/lib/python3.10/site-packages/sb3_inference
[4.317s] byte-compiling /home/turtle1/turtlebot3_ws/install/sb3_inference/lib/python3.10/site-packages/sb3_inference/pusher_inference.py to pusher_inference.cpython-310.pyc
[4.320s] running install_data
[4.321s] running install_egg_info
[4.333s] removing '/home/turtle1/turtlebot3_ws/install/sb3_inference/lib/python3.10/site-packages/sb3_inference-0.0.0-py3.10.egg-info' (and everything under it)
[4.335s] Copying ../../../build/sb3_inference/sb3_inference.egg-info to /home/turtle1/turtlebot3_ws/install/sb3_inference/lib/python3.10/site-packages/sb3_inference-0.0.0-py3.10.egg-info
[4.344s] running install_scripts
[4.427s] Installing pusher_inference script to /home/turtle1/turtlebot3_ws/install/sb3_inference/lib/sb3_inference
[4.429s] writing list of installed files to '/home/turtle1/turtlebot3_ws/build/sb3_inference/install.log'
[4.552s] Invoked command in '/home/turtle1/turtlebot3_ws/src/turtlebot3/sb3_inference' returned '0': PYTHONPATH=/home/turtle1/turtlebot3_ws/build/sb3_inference/prefix_override:/usr/lib/python3/dist-packages/colcon_core/task/python/colcon_distutils_commands:/home/turtle1/turtlebot3_ws/install/sb3_inference/lib/python3.10/site-packages:${PYTHONPATH} /usr/bin/python3 -W ignore:setup.py install is deprecated -W ignore:easy_install command is deprecated setup.py egg_info --egg-base ../../../build/sb3_inference build --build-base /home/turtle1/turtlebot3_ws/build/sb3_inference/build install --record /home/turtle1/turtlebot3_ws/build/sb3_inference/install.log --single-version-externally-managed install_data
