[8.263s] Invoking command in '/home/turtle1/turtlebot3_ws/src/turtlebot3/autonomous_driving': PYTHONPATH=/home/turtle1/turtlebot3_ws/build/autonomous_driving/prefix_override:/usr/lib/python3/dist-packages/colcon_core/task/python/colcon_distutils_commands:/home/turtle1/turtlebot3_ws/install/autonomous_driving/lib/python3.10/site-packages:${PYTHONPATH} /usr/bin/python3 -W ignore:setup.py install is deprecated -W ignore:easy_install command is deprecated setup.py egg_info --egg-base ../../../build/autonomous_driving build --build-base /home/turtle1/turtlebot3_ws/build/autonomous_driving/build install --record /home/turtle1/turtlebot3_ws/build/autonomous_driving/install.log --single-version-externally-managed install_data
[11.776s] running egg_info
[11.783s] writing ../../../build/autonomous_driving/autonomous_driving.egg-info/PKG-INFO
[11.786s] writing dependency_links to ../../../build/autonomous_driving/autonomous_driving.egg-info/dependency_links.txt
[11.788s] writing entry points to ../../../build/autonomous_driving/autonomous_driving.egg-info/entry_points.txt
[11.790s] writing requirements to ../../../build/autonomous_driving/autonomous_driving.egg-info/requires.txt
[11.791s] writing top-level names to ../../../build/autonomous_driving/autonomous_driving.egg-info/top_level.txt
[11.812s] reading manifest file '../../../build/autonomous_driving/autonomous_driving.egg-info/SOURCES.txt'
[11.816s] adding license file 'LICENSE'
[11.825s] writing manifest file '../../../build/autonomous_driving/autonomous_driving.egg-info/SOURCES.txt'
[11.826s] running build
[11.827s] running build_py
[11.829s] copying autonomous_driving/publisher.py -> /home/turtle1/turtlebot3_ws/build/autonomous_driving/build/lib/autonomous_driving
[11.833s] running install
[11.836s] running install_lib
[11.846s] copying /home/turtle1/turtlebot3_ws/build/autonomous_driving/build/lib/autonomous_driving/publisher.py -> /home/turtle1/turtlebot3_ws/install/autonomous_driving/lib/python3.10/site-packages/autonomous_driving
[11.855s] byte-compiling /home/turtle1/turtlebot3_ws/install/autonomous_driving/lib/python3.10/site-packages/autonomous_driving/publisher.py to publisher.cpython-310.pyc
[11.862s] running install_data
[11.863s] running install_egg_info
[11.889s] removing '/home/turtle1/turtlebot3_ws/install/autonomous_driving/lib/python3.10/site-packages/autonomous_driving-0.0.0-py3.10.egg-info' (and everything under it)
[11.894s] Copying ../../../build/autonomous_driving/autonomous_driving.egg-info to /home/turtle1/turtlebot3_ws/install/autonomous_driving/lib/python3.10/site-packages/autonomous_driving-0.0.0-py3.10.egg-info
[11.915s] running install_scripts
[12.142s] Installing sensor_info script to /home/turtle1/turtlebot3_ws/install/autonomous_driving/lib/autonomous_driving
[12.144s] Installing sensor_info2 script to /home/turtle1/turtlebot3_ws/install/autonomous_driving/lib/autonomous_driving
[12.148s] writing list of installed files to '/home/turtle1/turtlebot3_ws/build/autonomous_driving/install.log'
[12.365s] Invoked command in '/home/turtle1/turtlebot3_ws/src/turtlebot3/autonomous_driving' returned '0': PYTHONPATH=/home/turtle1/turtlebot3_ws/build/autonomous_driving/prefix_override:/usr/lib/python3/dist-packages/colcon_core/task/python/colcon_distutils_commands:/home/turtle1/turtlebot3_ws/install/autonomous_driving/lib/python3.10/site-packages:${PYTHONPATH} /usr/bin/python3 -W ignore:setup.py install is deprecated -W ignore:easy_install command is deprecated setup.py egg_info --egg-base ../../../build/autonomous_driving build --build-base /home/turtle1/turtlebot3_ws/build/autonomous_driving/build install --record /home/turtle1/turtlebot3_ws/build/autonomous_driving/install.log --single-version-externally-managed install_data
