running egg_info
writing ../../../build/autonomous_driving/autonomous_driving.egg-info/PKG-INFO
writing dependency_links to ../../../build/autonomous_driving/autonomous_driving.egg-info/dependency_links.txt
writing entry points to ../../../build/autonomous_driving/autonomous_driving.egg-info/entry_points.txt
writing requirements to ../../../build/autonomous_driving/autonomous_driving.egg-info/requires.txt
writing top-level names to ../../../build/autonomous_driving/autonomous_driving.egg-info/top_level.txt
reading manifest file '../../../build/autonomous_driving/autonomous_driving.egg-info/SOURCES.txt'
adding license file 'LICENSE'
writing manifest file '../../../build/autonomous_driving/autonomous_driving.egg-info/SOURCES.txt'
running build
running build_py
copying autonomous_driving/subscriber.py -> /home/turtle1/turtlebot3_ws/build/autonomous_driving/build/lib/autonomous_driving
running install
running install_lib
copying /home/turtle1/turtlebot3_ws/build/autonomous_driving/build/lib/autonomous_driving/subscriber.py -> /home/turtle1/turtlebot3_ws/install/autonomous_driving/lib/python3.10/site-packages/autonomous_driving
byte-compiling /home/turtle1/turtlebot3_ws/install/autonomous_driving/lib/python3.10/site-packages/autonomous_driving/subscriber.py to subscriber.cpython-310.pyc
running install_data
running install_egg_info
removing '/home/turtle1/turtlebot3_ws/install/autonomous_driving/lib/python3.10/site-packages/autonomous_driving-0.0.0-py3.10.egg-info' (and everything under it)
Copying ../../../build/autonomous_driving/autonomous_driving.egg-info to /home/turtle1/turtlebot3_ws/install/autonomous_driving/lib/python3.10/site-packages/autonomous_driving-0.0.0-py3.10.egg-info
running install_scripts
Installing sensor_info script to /home/turtle1/turtlebot3_ws/install/autonomous_driving/lib/autonomous_driving
Installing sensor_info2 script to /home/turtle1/turtlebot3_ws/install/autonomous_driving/lib/autonomous_driving
writing list of installed files to '/home/turtle1/turtlebot3_ws/build/autonomous_driving/install.log'
