[1.312s] DEBUG:colcon:Command line arguments: ['/usr/bin/colcon', 'build', '--packages-select', 'pub_sub']
[1.312s] DEBUG:colcon:Parsed command line arguments: Namespace(log_base=None, log_level=None, verb_name='build', build_base='build', install_base='install', merge_install=False, symlink_install=False, test_result_base=None, continue_on_error=False, executor='parallel', parallel_workers=4, event_handlers=None, ignore_user_meta=False, metas=['./colcon.meta'], base_paths=['.'], packages_ignore=None, packages_ignore_regex=None, paths=None, packages_up_to=None, packages_up_to_regex=None, packages_above=None, packages_above_and_dependencies=None, packages_above_depth=None, packages_select_by_dep=None, packages_skip_by_dep=None, packages_skip_up_to=None, packages_select_build_failed=False, packages_skip_build_finished=False, packages_select_test_failures=False, packages_skip_test_passed=False, packages_select=['pub_sub'], packages_skip=None, packages_select_regex=None, packages_skip_regex=None, packages_start=None, packages_end=None, allow_overriding=[], cmake_args=None, cmake_target=None, cmake_target_skip_unavailable=False, cmake_clean_cache=False, cmake_clean_first=False, cmake_force_configure=False, ament_cmake_args=None, catkin_cmake_args=None, catkin_skip_building_tests=False, mixin_files=None, mixin=None, verb_parser=<colcon_mixin.mixin.mixin_argument.MixinArgumentDecorator object at 0xffffb1260340>, verb_extension=<colcon_core.verb.build.BuildVerb object at 0xffffb1379240>, main=<bound method BuildVerb.main of <colcon_core.verb.build.BuildVerb object at 0xffffb1379240>>, mixin_verb=('build',))
[3.746s] Level 1:colcon.colcon_core.package_discovery:discover_packages(colcon_meta) check parameters
[3.747s] Level 1:colcon.colcon_core.package_discovery:discover_packages(recursive) check parameters
[3.748s] Level 1:colcon.colcon_core.package_discovery:discover_packages(ignore) check parameters
[3.748s] Level 1:colcon.colcon_core.package_discovery:discover_packages(path) check parameters
[3.748s] Level 1:colcon.colcon_core.package_discovery:discover_packages(colcon_meta) discover
[3.749s] Level 1:colcon.colcon_core.package_discovery:discover_packages(recursive) discover
[3.749s] INFO:colcon.colcon_core.package_discovery:Crawling recursively for packages in '/home/turtle1/turtlebot3_ws'
[3.750s] Level 1:colcon.colcon_core.package_identification:_identify(.) by extensions ['ignore', 'ignore_ament_install']
[3.751s] Level 1:colcon.colcon_core.package_identification:_identify(.) by extension 'ignore'
[3.752s] Level 1:colcon.colcon_core.package_identification:_identify(.) by extension 'ignore_ament_install'
[3.752s] Level 1:colcon.colcon_core.package_identification:_identify(.) by extensions ['colcon_pkg']
[3.753s] Level 1:colcon.colcon_core.package_identification:_identify(.) by extension 'colcon_pkg'
[3.753s] Level 1:colcon.colcon_core.package_identification:_identify(.) by extensions ['colcon_meta']
[3.753s] Level 1:colcon.colcon_core.package_identification:_identify(.) by extension 'colcon_meta'
[3.754s] Level 1:colcon.colcon_core.package_identification:_identify(.) by extensions ['ros']
[3.754s] Level 1:colcon.colcon_core.package_identification:_identify(.) by extension 'ros'
[3.868s] Level 1:colcon.colcon_core.package_identification:_identify(.) by extensions ['cmake', 'python']
[3.868s] Level 1:colcon.colcon_core.package_identification:_identify(.) by extension 'cmake'
[3.869s] Level 1:colcon.colcon_core.package_identification:_identify(.) by extension 'python'
[3.869s] Level 1:colcon.colcon_core.package_identification:_identify(.) by extensions ['python_setup_py']
[3.869s] Level 1:colcon.colcon_core.package_identification:_identify(.) by extension 'python_setup_py'
[3.871s] Level 1:colcon.colcon_core.package_identification:_identify(build) by extensions ['ignore', 'ignore_ament_install']
[3.872s] Level 1:colcon.colcon_core.package_identification:_identify(build) by extension 'ignore'
[3.873s] Level 1:colcon.colcon_core.package_identification:_identify(build) ignored
[3.875s] Level 1:colcon.colcon_core.package_identification:_identify(install) by extensions ['ignore', 'ignore_ament_install']
[3.876s] Level 1:colcon.colcon_core.package_identification:_identify(install) by extension 'ignore'
[3.876s] Level 1:colcon.colcon_core.package_identification:_identify(install) ignored
[3.880s] Level 1:colcon.colcon_core.package_identification:_identify(log) by extensions ['ignore', 'ignore_ament_install']
[3.881s] Level 1:colcon.colcon_core.package_identification:_identify(log) by extension 'ignore'
[3.882s] Level 1:colcon.colcon_core.package_identification:_identify(log) ignored
[3.883s] Level 1:colcon.colcon_core.package_identification:_identify(src) by extensions ['ignore', 'ignore_ament_install']
[3.883s] Level 1:colcon.colcon_core.package_identification:_identify(src) by extension 'ignore'
[3.884s] Level 1:colcon.colcon_core.package_identification:_identify(src) by extension 'ignore_ament_install'
[3.885s] Level 1:colcon.colcon_core.package_identification:_identify(src) by extensions ['colcon_pkg']
[3.885s] Level 1:colcon.colcon_core.package_identification:_identify(src) by extension 'colcon_pkg'
[3.885s] Level 1:colcon.colcon_core.package_identification:_identify(src) by extensions ['colcon_meta']
[3.886s] Level 1:colcon.colcon_core.package_identification:_identify(src) by extension 'colcon_meta'
[3.886s] Level 1:colcon.colcon_core.package_identification:_identify(src) by extensions ['ros']
[3.887s] Level 1:colcon.colcon_core.package_identification:_identify(src) by extension 'ros'
[3.887s] Level 1:colcon.colcon_core.package_identification:_identify(src) by extensions ['cmake', 'python']
[3.888s] Level 1:colcon.colcon_core.package_identification:_identify(src) by extension 'cmake'
[3.888s] Level 1:colcon.colcon_core.package_identification:_identify(src) by extension 'python'
[3.889s] Level 1:colcon.colcon_core.package_identification:_identify(src) by extensions ['python_setup_py']
[3.889s] Level 1:colcon.colcon_core.package_identification:_identify(src) by extension 'python_setup_py'
[3.890s] Level 1:colcon.colcon_core.package_identification:_identify(src/ld08_driver) by extensions ['ignore', 'ignore_ament_install']
[3.891s] Level 1:colcon.colcon_core.package_identification:_identify(src/ld08_driver) by extension 'ignore'
[3.892s] Level 1:colcon.colcon_core.package_identification:_identify(src/ld08_driver) by extension 'ignore_ament_install'
[3.892s] Level 1:colcon.colcon_core.package_identification:_identify(src/ld08_driver) by extensions ['colcon_pkg']
[3.893s] Level 1:colcon.colcon_core.package_identification:_identify(src/ld08_driver) by extension 'colcon_pkg'
[3.893s] Level 1:colcon.colcon_core.package_identification:_identify(src/ld08_driver) by extensions ['colcon_meta']
[3.893s] Level 1:colcon.colcon_core.package_identification:_identify(src/ld08_driver) by extension 'colcon_meta'
[3.894s] Level 1:colcon.colcon_core.package_identification:_identify(src/ld08_driver) by extensions ['ros']
[3.895s] Level 1:colcon.colcon_core.package_identification:_identify(src/ld08_driver) by extension 'ros'
[3.919s] DEBUG:colcon.colcon_core.package_identification:Package 'src/ld08_driver' with type 'ros.ament_cmake' and name 'ld08_driver'
[3.921s] Level 1:colcon.colcon_core.package_identification:_identify(src/tb3_rl) by extensions ['ignore', 'ignore_ament_install']
[3.921s] Level 1:colcon.colcon_core.package_identification:_identify(src/tb3_rl) by extension 'ignore'
[3.922s] Level 1:colcon.colcon_core.package_identification:_identify(src/tb3_rl) by extension 'ignore_ament_install'
[3.923s] Level 1:colcon.colcon_core.package_identification:_identify(src/tb3_rl) by extensions ['colcon_pkg']
[3.923s] Level 1:colcon.colcon_core.package_identification:_identify(src/tb3_rl) by extension 'colcon_pkg'
[3.924s] Level 1:colcon.colcon_core.package_identification:_identify(src/tb3_rl) by extensions ['colcon_meta']
[3.924s] Level 1:colcon.colcon_core.package_identification:_identify(src/tb3_rl) by extension 'colcon_meta'
[3.924s] Level 1:colcon.colcon_core.package_identification:_identify(src/tb3_rl) by extensions ['ros']
[3.925s] Level 1:colcon.colcon_core.package_identification:_identify(src/tb3_rl) by extension 'ros'
[3.926s] Level 1:colcon.colcon_core.package_identification:_identify(src/tb3_rl) by extensions ['cmake', 'python']
[3.926s] Level 1:colcon.colcon_core.package_identification:_identify(src/tb3_rl) by extension 'cmake'
[3.927s] Level 1:colcon.colcon_core.package_identification:_identify(src/tb3_rl) by extension 'python'
[3.927s] Level 1:colcon.colcon_core.package_identification:_identify(src/tb3_rl) by extensions ['python_setup_py']
[3.927s] Level 1:colcon.colcon_core.package_identification:_identify(src/tb3_rl) by extension 'python_setup_py'
[3.929s] Level 1:colcon.colcon_core.package_identification:_identify(src/tb3_rl/ball_locator) by extensions ['ignore', 'ignore_ament_install']
[3.930s] Level 1:colcon.colcon_core.package_identification:_identify(src/tb3_rl/ball_locator) by extension 'ignore'
[3.930s] Level 1:colcon.colcon_core.package_identification:_identify(src/tb3_rl/ball_locator) by extension 'ignore_ament_install'
[3.931s] Level 1:colcon.colcon_core.package_identification:_identify(src/tb3_rl/ball_locator) by extensions ['colcon_pkg']
[3.931s] Level 1:colcon.colcon_core.package_identification:_identify(src/tb3_rl/ball_locator) by extension 'colcon_pkg'
[3.932s] Level 1:colcon.colcon_core.package_identification:_identify(src/tb3_rl/ball_locator) by extensions ['colcon_meta']
[3.932s] Level 1:colcon.colcon_core.package_identification:_identify(src/tb3_rl/ball_locator) by extension 'colcon_meta'
[3.933s] Level 1:colcon.colcon_core.package_identification:_identify(src/tb3_rl/ball_locator) by extensions ['ros']
[3.933s] Level 1:colcon.colcon_core.package_identification:_identify(src/tb3_rl/ball_locator) by extension 'ros'
[3.938s] DEBUG:colcon.colcon_core.package_identification:Package 'src/tb3_rl/ball_locator' with type 'ros.ament_python' and name 'ball_locator'
[3.940s] Level 1:colcon.colcon_core.package_identification:_identify(src/tb3_rl/build) by extensions ['ignore', 'ignore_ament_install']
[3.940s] Level 1:colcon.colcon_core.package_identification:_identify(src/tb3_rl/build) by extension 'ignore'
[3.941s] Level 1:colcon.colcon_core.package_identification:_identify(src/tb3_rl/build) ignored
[3.942s] Level 1:colcon.colcon_core.package_identification:_identify(src/tb3_rl/install) by extensions ['ignore', 'ignore_ament_install']
[3.943s] Level 1:colcon.colcon_core.package_identification:_identify(src/tb3_rl/install) by extension 'ignore'
[3.944s] Level 1:colcon.colcon_core.package_identification:_identify(src/tb3_rl/install) ignored
[3.945s] Level 1:colcon.colcon_core.package_identification:_identify(src/tb3_rl/log) by extensions ['ignore', 'ignore_ament_install']
[3.946s] Level 1:colcon.colcon_core.package_identification:_identify(src/tb3_rl/log) by extension 'ignore'
[3.946s] Level 1:colcon.colcon_core.package_identification:_identify(src/tb3_rl/log) by extension 'ignore_ament_install'
[3.947s] Level 1:colcon.colcon_core.package_identification:_identify(src/tb3_rl/log) by extensions ['colcon_pkg']
[3.947s] Level 1:colcon.colcon_core.package_identification:_identify(src/tb3_rl/log) by extension 'colcon_pkg'
[3.948s] Level 1:colcon.colcon_core.package_identification:_identify(src/tb3_rl/log) by extensions ['colcon_meta']
[3.948s] Level 1:colcon.colcon_core.package_identification:_identify(src/tb3_rl/log) by extension 'colcon_meta'
[3.949s] Level 1:colcon.colcon_core.package_identification:_identify(src/tb3_rl/log) by extensions ['ros']
[3.949s] Level 1:colcon.colcon_core.package_identification:_identify(src/tb3_rl/log) by extension 'ros'
[3.950s] Level 1:colcon.colcon_core.package_identification:_identify(src/tb3_rl/log) by extensions ['cmake', 'python']
[3.950s] Level 1:colcon.colcon_core.package_identification:_identify(src/tb3_rl/log) by extension 'cmake'
[3.951s] Level 1:colcon.colcon_core.package_identification:_identify(src/tb3_rl/log) by extension 'python'
[3.951s] Level 1:colcon.colcon_core.package_identification:_identify(src/tb3_rl/log) by extensions ['python_setup_py']
[3.951s] Level 1:colcon.colcon_core.package_identification:_identify(src/tb3_rl/log) by extension 'python_setup_py'
[3.953s] Level 1:colcon.colcon_core.package_identification:_identify(src/tb3_rl/nano_scripts) by extensions ['ignore', 'ignore_ament_install']
[3.953s] Level 1:colcon.colcon_core.package_identification:_identify(src/tb3_rl/nano_scripts) by extension 'ignore'
[3.954s] Level 1:colcon.colcon_core.package_identification:_identify(src/tb3_rl/nano_scripts) by extension 'ignore_ament_install'
[3.955s] Level 1:colcon.colcon_core.package_identification:_identify(src/tb3_rl/nano_scripts) by extensions ['colcon_pkg']
[3.955s] Level 1:colcon.colcon_core.package_identification:_identify(src/tb3_rl/nano_scripts) by extension 'colcon_pkg'
[3.956s] Level 1:colcon.colcon_core.package_identification:_identify(src/tb3_rl/nano_scripts) by extensions ['colcon_meta']
[3.956s] Level 1:colcon.colcon_core.package_identification:_identify(src/tb3_rl/nano_scripts) by extension 'colcon_meta'
[3.956s] Level 1:colcon.colcon_core.package_identification:_identify(src/tb3_rl/nano_scripts) by extensions ['ros']
[3.957s] Level 1:colcon.colcon_core.package_identification:_identify(src/tb3_rl/nano_scripts) by extension 'ros'
[3.958s] Level 1:colcon.colcon_core.package_identification:_identify(src/tb3_rl/nano_scripts) by extensions ['cmake', 'python']
[3.958s] Level 1:colcon.colcon_core.package_identification:_identify(src/tb3_rl/nano_scripts) by extension 'cmake'
[3.959s] Level 1:colcon.colcon_core.package_identification:_identify(src/tb3_rl/nano_scripts) by extension 'python'
[3.959s] Level 1:colcon.colcon_core.package_identification:_identify(src/tb3_rl/nano_scripts) by extensions ['python_setup_py']
[3.959s] Level 1:colcon.colcon_core.package_identification:_identify(src/tb3_rl/nano_scripts) by extension 'python_setup_py'
[3.961s] Level 1:colcon.colcon_core.package_identification:_identify(src/tb3_rl/sb3_pusher) by extensions ['ignore', 'ignore_ament_install']
[3.961s] Level 1:colcon.colcon_core.package_identification:_identify(src/tb3_rl/sb3_pusher) by extension 'ignore'
[3.962s] Level 1:colcon.colcon_core.package_identification:_identify(src/tb3_rl/sb3_pusher) by extension 'ignore_ament_install'
[3.963s] Level 1:colcon.colcon_core.package_identification:_identify(src/tb3_rl/sb3_pusher) by extensions ['colcon_pkg']
[3.963s] Level 1:colcon.colcon_core.package_identification:_identify(src/tb3_rl/sb3_pusher) by extension 'colcon_pkg'
[3.963s] Level 1:colcon.colcon_core.package_identification:_identify(src/tb3_rl/sb3_pusher) by extensions ['colcon_meta']
[3.964s] Level 1:colcon.colcon_core.package_identification:_identify(src/tb3_rl/sb3_pusher) by extension 'colcon_meta'
[3.964s] Level 1:colcon.colcon_core.package_identification:_identify(src/tb3_rl/sb3_pusher) by extensions ['ros']
[3.965s] Level 1:colcon.colcon_core.package_identification:_identify(src/tb3_rl/sb3_pusher) by extension 'ros'
[3.970s] DEBUG:colcon.colcon_core.package_identification:Package 'src/tb3_rl/sb3_pusher' with type 'ros.ament_python' and name 'sb3_pusher'
[3.972s] Level 1:colcon.colcon_core.package_identification:_identify(src/tb3_rl/sb3_target_driver) by extensions ['ignore', 'ignore_ament_install']
[3.972s] Level 1:colcon.colcon_core.package_identification:_identify(src/tb3_rl/sb3_target_driver) by extension 'ignore'
[3.973s] Level 1:colcon.colcon_core.package_identification:_identify(src/tb3_rl/sb3_target_driver) by extension 'ignore_ament_install'
[3.974s] Level 1:colcon.colcon_core.package_identification:_identify(src/tb3_rl/sb3_target_driver) by extensions ['colcon_pkg']
[3.974s] Level 1:colcon.colcon_core.package_identification:_identify(src/tb3_rl/sb3_target_driver) by extension 'colcon_pkg'
[3.974s] Level 1:colcon.colcon_core.package_identification:_identify(src/tb3_rl/sb3_target_driver) by extensions ['colcon_meta']
[3.975s] Level 1:colcon.colcon_core.package_identification:_identify(src/tb3_rl/sb3_target_driver) by extension 'colcon_meta'
[3.975s] Level 1:colcon.colcon_core.package_identification:_identify(src/tb3_rl/sb3_target_driver) by extensions ['ros']
[3.976s] Level 1:colcon.colcon_core.package_identification:_identify(src/tb3_rl/sb3_target_driver) by extension 'ros'
[3.982s] DEBUG:colcon.colcon_core.package_identification:Package 'src/tb3_rl/sb3_target_driver' with type 'ros.ament_python' and name 'sb3_target_driver'
[3.984s] Level 1:colcon.colcon_core.package_identification:_identify(src/tb3_rl/sensor_pub) by extensions ['ignore', 'ignore_ament_install']
[3.985s] Level 1:colcon.colcon_core.package_identification:_identify(src/tb3_rl/sensor_pub) by extension 'ignore'
[3.985s] Level 1:colcon.colcon_core.package_identification:_identify(src/tb3_rl/sensor_pub) by extension 'ignore_ament_install'
[3.986s] Level 1:colcon.colcon_core.package_identification:_identify(src/tb3_rl/sensor_pub) by extensions ['colcon_pkg']
[3.986s] Level 1:colcon.colcon_core.package_identification:_identify(src/tb3_rl/sensor_pub) by extension 'colcon_pkg'
[3.987s] Level 1:colcon.colcon_core.package_identification:_identify(src/tb3_rl/sensor_pub) by extensions ['colcon_meta']
[3.987s] Level 1:colcon.colcon_core.package_identification:_identify(src/tb3_rl/sensor_pub) by extension 'colcon_meta'
[3.988s] Level 1:colcon.colcon_core.package_identification:_identify(src/tb3_rl/sensor_pub) by extensions ['ros']
[3.988s] Level 1:colcon.colcon_core.package_identification:_identify(src/tb3_rl/sensor_pub) by extension 'ros'
[3.993s] DEBUG:colcon.colcon_core.package_identification:Package 'src/tb3_rl/sensor_pub' with type 'ros.ament_python' and name 'sensor_pub'
[3.995s] Level 1:colcon.colcon_core.package_identification:_identify(src/turtlebot3) by extensions ['ignore', 'ignore_ament_install']
[3.996s] Level 1:colcon.colcon_core.package_identification:_identify(src/turtlebot3) by extension 'ignore'
[3.996s] Level 1:colcon.colcon_core.package_identification:_identify(src/turtlebot3) by extension 'ignore_ament_install'
[3.997s] Level 1:colcon.colcon_core.package_identification:_identify(src/turtlebot3) by extensions ['colcon_pkg']
[3.997s] Level 1:colcon.colcon_core.package_identification:_identify(src/turtlebot3) by extension 'colcon_pkg'
[3.998s] Level 1:colcon.colcon_core.package_identification:_identify(src/turtlebot3) by extensions ['colcon_meta']
[3.998s] Level 1:colcon.colcon_core.package_identification:_identify(src/turtlebot3) by extension 'colcon_meta'
[3.999s] Level 1:colcon.colcon_core.package_identification:_identify(src/turtlebot3) by extensions ['ros']
[3.999s] Level 1:colcon.colcon_core.package_identification:_identify(src/turtlebot3) by extension 'ros'
[4.000s] Level 1:colcon.colcon_core.package_identification:_identify(src/turtlebot3) by extensions ['cmake', 'python']
[4.000s] Level 1:colcon.colcon_core.package_identification:_identify(src/turtlebot3) by extension 'cmake'
[4.001s] Level 1:colcon.colcon_core.package_identification:_identify(src/turtlebot3) by extension 'python'
[4.001s] Level 1:colcon.colcon_core.package_identification:_identify(src/turtlebot3) by extensions ['python_setup_py']
[4.002s] Level 1:colcon.colcon_core.package_identification:_identify(src/turtlebot3) by extension 'python_setup_py'
[4.003s] Level 1:colcon.colcon_core.package_identification:_identify(src/turtlebot3/lidar_tracking) by extensions ['ignore', 'ignore_ament_install']
[4.004s] Level 1:colcon.colcon_core.package_identification:_identify(src/turtlebot3/lidar_tracking) by extension 'ignore'
[4.004s] Level 1:colcon.colcon_core.package_identification:_identify(src/turtlebot3/lidar_tracking) by extension 'ignore_ament_install'
[4.005s] Level 1:colcon.colcon_core.package_identification:_identify(src/turtlebot3/lidar_tracking) by extensions ['colcon_pkg']
[4.005s] Level 1:colcon.colcon_core.package_identification:_identify(src/turtlebot3/lidar_tracking) by extension 'colcon_pkg'
[4.006s] Level 1:colcon.colcon_core.package_identification:_identify(src/turtlebot3/lidar_tracking) by extensions ['colcon_meta']
[4.006s] Level 1:colcon.colcon_core.package_identification:_identify(src/turtlebot3/lidar_tracking) by extension 'colcon_meta'
[4.007s] Level 1:colcon.colcon_core.package_identification:_identify(src/turtlebot3/lidar_tracking) by extensions ['ros']
[4.007s] Level 1:colcon.colcon_core.package_identification:_identify(src/turtlebot3/lidar_tracking) by extension 'ros'
[4.013s] DEBUG:colcon.colcon_core.package_identification:Package 'src/turtlebot3/lidar_tracking' with type 'ros.ament_python' and name 'lidar_tracking'
[4.014s] Level 1:colcon.colcon_core.package_identification:_identify(src/turtlebot3/pub_sub) by extensions ['ignore', 'ignore_ament_install']
[4.015s] Level 1:colcon.colcon_core.package_identification:_identify(src/turtlebot3/pub_sub) by extension 'ignore'
[4.016s] Level 1:colcon.colcon_core.package_identification:_identify(src/turtlebot3/pub_sub) by extension 'ignore_ament_install'
[4.016s] Level 1:colcon.colcon_core.package_identification:_identify(src/turtlebot3/pub_sub) by extensions ['colcon_pkg']
[4.017s] Level 1:colcon.colcon_core.package_identification:_identify(src/turtlebot3/pub_sub) by extension 'colcon_pkg'
[4.017s] Level 1:colcon.colcon_core.package_identification:_identify(src/turtlebot3/pub_sub) by extensions ['colcon_meta']
[4.017s] Level 1:colcon.colcon_core.package_identification:_identify(src/turtlebot3/pub_sub) by extension 'colcon_meta'
[4.018s] Level 1:colcon.colcon_core.package_identification:_identify(src/turtlebot3/pub_sub) by extensions ['ros']
[4.019s] Level 1:colcon.colcon_core.package_identification:_identify(src/turtlebot3/pub_sub) by extension 'ros'
[4.024s] DEBUG:colcon.colcon_core.package_identification:Package 'src/turtlebot3/pub_sub' with type 'ros.ament_python' and name 'pub_sub'
[4.025s] Level 1:colcon.colcon_core.package_identification:_identify(src/turtlebot3/publish_sensor_info) by extensions ['ignore', 'ignore_ament_install']
[4.026s] Level 1:colcon.colcon_core.package_identification:_identify(src/turtlebot3/publish_sensor_info) by extension 'ignore'
[4.027s] Level 1:colcon.colcon_core.package_identification:_identify(src/turtlebot3/publish_sensor_info) by extension 'ignore_ament_install'
[4.027s] Level 1:colcon.colcon_core.package_identification:_identify(src/turtlebot3/publish_sensor_info) by extensions ['colcon_pkg']
[4.028s] Level 1:colcon.colcon_core.package_identification:_identify(src/turtlebot3/publish_sensor_info) by extension 'colcon_pkg'
[4.028s] Level 1:colcon.colcon_core.package_identification:_identify(src/turtlebot3/publish_sensor_info) by extensions ['colcon_meta']
[4.029s] Level 1:colcon.colcon_core.package_identification:_identify(src/turtlebot3/publish_sensor_info) by extension 'colcon_meta'
[4.029s] Level 1:colcon.colcon_core.package_identification:_identify(src/turtlebot3/publish_sensor_info) by extensions ['ros']
[4.029s] Level 1:colcon.colcon_core.package_identification:_identify(src/turtlebot3/publish_sensor_info) by extension 'ros'
[4.035s] DEBUG:colcon.colcon_core.package_identification:Package 'src/turtlebot3/publish_sensor_info' with type 'ros.ament_python' and name 'publish_sensor_info'
[4.036s] Level 1:colcon.colcon_core.package_identification:_identify(src/turtlebot3/sb3_inference) by extensions ['ignore', 'ignore_ament_install']
[4.037s] Level 1:colcon.colcon_core.package_identification:_identify(src/turtlebot3/sb3_inference) by extension 'ignore'
[4.038s] Level 1:colcon.colcon_core.package_identification:_identify(src/turtlebot3/sb3_inference) by extension 'ignore_ament_install'
[4.039s] Level 1:colcon.colcon_core.package_identification:_identify(src/turtlebot3/sb3_inference) by extensions ['colcon_pkg']
[4.039s] Level 1:colcon.colcon_core.package_identification:_identify(src/turtlebot3/sb3_inference) by extension 'colcon_pkg'
[4.039s] Level 1:colcon.colcon_core.package_identification:_identify(src/turtlebot3/sb3_inference) by extensions ['colcon_meta']
[4.040s] Level 1:colcon.colcon_core.package_identification:_identify(src/turtlebot3/sb3_inference) by extension 'colcon_meta'
[4.040s] Level 1:colcon.colcon_core.package_identification:_identify(src/turtlebot3/sb3_inference) by extensions ['ros']
[4.041s] Level 1:colcon.colcon_core.package_identification:_identify(src/turtlebot3/sb3_inference) by extension 'ros'
[4.046s] DEBUG:colcon.colcon_core.package_identification:Package 'src/turtlebot3/sb3_inference' with type 'ros.ament_python' and name 'sb3_inference'
[4.048s] Level 1:colcon.colcon_core.package_identification:_identify(src/turtlebot3/turtlebot3) by extensions ['ignore', 'ignore_ament_install']
[4.049s] Level 1:colcon.colcon_core.package_identification:_identify(src/turtlebot3/turtlebot3) by extension 'ignore'
[4.049s] Level 1:colcon.colcon_core.package_identification:_identify(src/turtlebot3/turtlebot3) by extension 'ignore_ament_install'
[4.050s] Level 1:colcon.colcon_core.package_identification:_identify(src/turtlebot3/turtlebot3) by extensions ['colcon_pkg']
[4.050s] Level 1:colcon.colcon_core.package_identification:_identify(src/turtlebot3/turtlebot3) by extension 'colcon_pkg'
[4.051s] Level 1:colcon.colcon_core.package_identification:_identify(src/turtlebot3/turtlebot3) by extensions ['colcon_meta']
[4.051s] Level 1:colcon.colcon_core.package_identification:_identify(src/turtlebot3/turtlebot3) by extension 'colcon_meta'
[4.052s] Level 1:colcon.colcon_core.package_identification:_identify(src/turtlebot3/turtlebot3) by extensions ['ros']
[4.052s] Level 1:colcon.colcon_core.package_identification:_identify(src/turtlebot3/turtlebot3) by extension 'ros'
[4.060s] DEBUG:colcon.colcon_core.package_identification:Package 'src/turtlebot3/turtlebot3' with type 'ros.ament_cmake' and name 'turtlebot3'
[4.061s] Level 1:colcon.colcon_core.package_identification:_identify(src/turtlebot3/turtlebot3_bringup) by extensions ['ignore', 'ignore_ament_install']
[4.062s] Level 1:colcon.colcon_core.package_identification:_identify(src/turtlebot3/turtlebot3_bringup) by extension 'ignore'
[4.063s] Level 1:colcon.colcon_core.package_identification:_identify(src/turtlebot3/turtlebot3_bringup) by extension 'ignore_ament_install'
[4.063s] Level 1:colcon.colcon_core.package_identification:_identify(src/turtlebot3/turtlebot3_bringup) by extensions ['colcon_pkg']
[4.064s] Level 1:colcon.colcon_core.package_identification:_identify(src/turtlebot3/turtlebot3_bringup) by extension 'colcon_pkg'
[4.064s] Level 1:colcon.colcon_core.package_identification:_identify(src/turtlebot3/turtlebot3_bringup) by extensions ['colcon_meta']
[4.064s] Level 1:colcon.colcon_core.package_identification:_identify(src/turtlebot3/turtlebot3_bringup) by extension 'colcon_meta'
[4.065s] Level 1:colcon.colcon_core.package_identification:_identify(src/turtlebot3/turtlebot3_bringup) by extensions ['ros']
[4.065s] Level 1:colcon.colcon_core.package_identification:_identify(src/turtlebot3/turtlebot3_bringup) by extension 'ros'
[4.071s] DEBUG:colcon.colcon_core.package_identification:Package 'src/turtlebot3/turtlebot3_bringup' with type 'ros.ament_cmake' and name 'turtlebot3_bringup'
[4.073s] Level 1:colcon.colcon_core.package_identification:_identify(src/turtlebot3/turtlebot3_description) by extensions ['ignore', 'ignore_ament_install']
[4.074s] Level 1:colcon.colcon_core.package_identification:_identify(src/turtlebot3/turtlebot3_description) by extension 'ignore'
[4.074s] Level 1:colcon.colcon_core.package_identification:_identify(src/turtlebot3/turtlebot3_description) by extension 'ignore_ament_install'
[4.075s] Level 1:colcon.colcon_core.package_identification:_identify(src/turtlebot3/turtlebot3_description) by extensions ['colcon_pkg']
[4.075s] Level 1:colcon.colcon_core.package_identification:_identify(src/turtlebot3/turtlebot3_description) by extension 'colcon_pkg'
[4.076s] Level 1:colcon.colcon_core.package_identification:_identify(src/turtlebot3/turtlebot3_description) by extensions ['colcon_meta']
[4.076s] Level 1:colcon.colcon_core.package_identification:_identify(src/turtlebot3/turtlebot3_description) by extension 'colcon_meta'
[4.077s] Level 1:colcon.colcon_core.package_identification:_identify(src/turtlebot3/turtlebot3_description) by extensions ['ros']
[4.077s] Level 1:colcon.colcon_core.package_identification:_identify(src/turtlebot3/turtlebot3_description) by extension 'ros'
[4.083s] DEBUG:colcon.colcon_core.package_identification:Package 'src/turtlebot3/turtlebot3_description' with type 'ros.ament_cmake' and name 'turtlebot3_description'
[4.085s] Level 1:colcon.colcon_core.package_identification:_identify(src/turtlebot3/turtlebot3_distance_keeper) by extensions ['ignore', 'ignore_ament_install']
[4.086s] Level 1:colcon.colcon_core.package_identification:_identify(src/turtlebot3/turtlebot3_distance_keeper) by extension 'ignore'
[4.087s] Level 1:colcon.colcon_core.package_identification:_identify(src/turtlebot3/turtlebot3_distance_keeper) by extension 'ignore_ament_install'
[4.087s] Level 1:colcon.colcon_core.package_identification:_identify(src/turtlebot3/turtlebot3_distance_keeper) by extensions ['colcon_pkg']
[4.088s] Level 1:colcon.colcon_core.package_identification:_identify(src/turtlebot3/turtlebot3_distance_keeper) by extension 'colcon_pkg'
[4.088s] Level 1:colcon.colcon_core.package_identification:_identify(src/turtlebot3/turtlebot3_distance_keeper) by extensions ['colcon_meta']
[4.088s] Level 1:colcon.colcon_core.package_identification:_identify(src/turtlebot3/turtlebot3_distance_keeper) by extension 'colcon_meta'
[4.089s] Level 1:colcon.colcon_core.package_identification:_identify(src/turtlebot3/turtlebot3_distance_keeper) by extensions ['ros']
[4.089s] Level 1:colcon.colcon_core.package_identification:_identify(src/turtlebot3/turtlebot3_distance_keeper) by extension 'ros'
[4.095s] DEBUG:colcon.colcon_core.package_identification:Package 'src/turtlebot3/turtlebot3_distance_keeper' with type 'ros.ament_python' and name 'turtlebot3_distance_keeper'
[4.096s] Level 1:colcon.colcon_core.package_identification:_identify(src/turtlebot3/turtlebot3_example) by extensions ['ignore', 'ignore_ament_install']
[4.097s] Level 1:colcon.colcon_core.package_identification:_identify(src/turtlebot3/turtlebot3_example) by extension 'ignore'
[4.097s] Level 1:colcon.colcon_core.package_identification:_identify(src/turtlebot3/turtlebot3_example) by extension 'ignore_ament_install'
[4.098s] Level 1:colcon.colcon_core.package_identification:_identify(src/turtlebot3/turtlebot3_example) by extensions ['colcon_pkg']
[4.099s] Level 1:colcon.colcon_core.package_identification:_identify(src/turtlebot3/turtlebot3_example) by extension 'colcon_pkg'
[4.099s] Level 1:colcon.colcon_core.package_identification:_identify(src/turtlebot3/turtlebot3_example) by extensions ['colcon_meta']
[4.099s] Level 1:colcon.colcon_core.package_identification:_identify(src/turtlebot3/turtlebot3_example) by extension 'colcon_meta'
[4.100s] Level 1:colcon.colcon_core.package_identification:_identify(src/turtlebot3/turtlebot3_example) by extensions ['ros']
[4.100s] Level 1:colcon.colcon_core.package_identification:_identify(src/turtlebot3/turtlebot3_example) by extension 'ros'
[4.110s] DEBUG:colcon.colcon_core.package_identification:Package 'src/turtlebot3/turtlebot3_example' with type 'ros.ament_python' and name 'turtlebot3_example'
[4.111s] Level 1:colcon.colcon_core.package_identification:_identify(src/turtlebot3/turtlebot3_node) by extensions ['ignore', 'ignore_ament_install']
[4.112s] Level 1:colcon.colcon_core.package_identification:_identify(src/turtlebot3/turtlebot3_node) by extension 'ignore'
[4.113s] Level 1:colcon.colcon_core.package_identification:_identify(src/turtlebot3/turtlebot3_node) by extension 'ignore_ament_install'
[4.113s] Level 1:colcon.colcon_core.package_identification:_identify(src/turtlebot3/turtlebot3_node) by extensions ['colcon_pkg']
[4.114s] Level 1:colcon.colcon_core.package_identification:_identify(src/turtlebot3/turtlebot3_node) by extension 'colcon_pkg'
[4.114s] Level 1:colcon.colcon_core.package_identification:_identify(src/turtlebot3/turtlebot3_node) by extensions ['colcon_meta']
[4.115s] Level 1:colcon.colcon_core.package_identification:_identify(src/turtlebot3/turtlebot3_node) by extension 'colcon_meta'
[4.115s] Level 1:colcon.colcon_core.package_identification:_identify(src/turtlebot3/turtlebot3_node) by extensions ['ros']
[4.115s] Level 1:colcon.colcon_core.package_identification:_identify(src/turtlebot3/turtlebot3_node) by extension 'ros'
[4.139s] DEBUG:colcon.colcon_core.package_identification:Package 'src/turtlebot3/turtlebot3_node' with type 'ros.ament_cmake' and name 'turtlebot3_node'
[4.141s] Level 1:colcon.colcon_core.package_identification:_identify(src/turtlebot3/turtlebot3_soccer) by extensions ['ignore', 'ignore_ament_install']
[4.142s] Level 1:colcon.colcon_core.package_identification:_identify(src/turtlebot3/turtlebot3_soccer) by extension 'ignore'
[4.142s] Level 1:colcon.colcon_core.package_identification:_identify(src/turtlebot3/turtlebot3_soccer) by extension 'ignore_ament_install'
[4.143s] Level 1:colcon.colcon_core.package_identification:_identify(src/turtlebot3/turtlebot3_soccer) by extensions ['colcon_pkg']
[4.143s] Level 1:colcon.colcon_core.package_identification:_identify(src/turtlebot3/turtlebot3_soccer) by extension 'colcon_pkg'
[4.144s] Level 1:colcon.colcon_core.package_identification:_identify(src/turtlebot3/turtlebot3_soccer) by extensions ['colcon_meta']
[4.144s] Level 1:colcon.colcon_core.package_identification:_identify(src/turtlebot3/turtlebot3_soccer) by extension 'colcon_meta'
[4.145s] Level 1:colcon.colcon_core.package_identification:_identify(src/turtlebot3/turtlebot3_soccer) by extensions ['ros']
[4.145s] Level 1:colcon.colcon_core.package_identification:_identify(src/turtlebot3/turtlebot3_soccer) by extension 'ros'
[4.150s] DEBUG:colcon.colcon_core.package_identification:Package 'src/turtlebot3/turtlebot3_soccer' with type 'ros.ament_python' and name 'turtlebot3_soccer'
[4.152s] Level 1:colcon.colcon_core.package_identification:_identify(src/turtlebot3/turtlebot3_teleop) by extensions ['ignore', 'ignore_ament_install']
[4.153s] Level 1:colcon.colcon_core.package_identification:_identify(src/turtlebot3/turtlebot3_teleop) by extension 'ignore'
[4.153s] Level 1:colcon.colcon_core.package_identification:_identify(src/turtlebot3/turtlebot3_teleop) by extension 'ignore_ament_install'
[4.154s] Level 1:colcon.colcon_core.package_identification:_identify(src/turtlebot3/turtlebot3_teleop) by extensions ['colcon_pkg']
[4.154s] Level 1:colcon.colcon_core.package_identification:_identify(src/turtlebot3/turtlebot3_teleop) by extension 'colcon_pkg'
[4.155s] Level 1:colcon.colcon_core.package_identification:_identify(src/turtlebot3/turtlebot3_teleop) by extensions ['colcon_meta']
[4.155s] Level 1:colcon.colcon_core.package_identification:_identify(src/turtlebot3/turtlebot3_teleop) by extension 'colcon_meta'
[4.156s] Level 1:colcon.colcon_core.package_identification:_identify(src/turtlebot3/turtlebot3_teleop) by extensions ['ros']
[4.156s] Level 1:colcon.colcon_core.package_identification:_identify(src/turtlebot3/turtlebot3_teleop) by extension 'ros'
[4.161s] DEBUG:colcon.colcon_core.package_identification:Package 'src/turtlebot3/turtlebot3_teleop' with type 'ros.ament_python' and name 'turtlebot3_teleop'
[4.162s] Level 1:colcon.colcon_core.package_discovery:discover_packages(recursive) using defaults
[4.163s] Level 1:colcon.colcon_core.package_discovery:discover_packages(ignore) discover
[4.163s] Level 1:colcon.colcon_core.package_discovery:discover_packages(ignore) using defaults
[4.163s] Level 1:colcon.colcon_core.package_discovery:discover_packages(path) discover
[4.163s] Level 1:colcon.colcon_core.package_discovery:discover_packages(path) using defaults
[4.464s] INFO:colcon.colcon_core.package_selection:Skipping not selected package 'ball_locator' in 'src/tb3_rl/ball_locator'
[4.464s] INFO:colcon.colcon_core.package_selection:Skipping not selected package 'ld08_driver' in 'src/ld08_driver'
[4.465s] INFO:colcon.colcon_core.package_selection:Skipping not selected package 'lidar_tracking' in 'src/turtlebot3/lidar_tracking'
[4.465s] INFO:colcon.colcon_core.package_selection:Skipping not selected package 'publish_sensor_info' in 'src/turtlebot3/publish_sensor_info'
[4.465s] INFO:colcon.colcon_core.package_selection:Skipping not selected package 'sb3_inference' in 'src/turtlebot3/sb3_inference'
[4.466s] INFO:colcon.colcon_core.package_selection:Skipping not selected package 'sb3_pusher' in 'src/tb3_rl/sb3_pusher'
[4.466s] INFO:colcon.colcon_core.package_selection:Skipping not selected package 'sb3_target_driver' in 'src/tb3_rl/sb3_target_driver'
[4.466s] INFO:colcon.colcon_core.package_selection:Skipping not selected package 'sensor_pub' in 'src/tb3_rl/sensor_pub'
[4.467s] INFO:colcon.colcon_core.package_selection:Skipping not selected package 'turtlebot3_description' in 'src/turtlebot3/turtlebot3_description'
[4.467s] INFO:colcon.colcon_core.package_selection:Skipping not selected package 'turtlebot3_distance_keeper' in 'src/turtlebot3/turtlebot3_distance_keeper'
[4.467s] INFO:colcon.colcon_core.package_selection:Skipping not selected package 'turtlebot3_example' in 'src/turtlebot3/turtlebot3_example'
[4.467s] INFO:colcon.colcon_core.package_selection:Skipping not selected package 'turtlebot3_node' in 'src/turtlebot3/turtlebot3_node'
[4.468s] INFO:colcon.colcon_core.package_selection:Skipping not selected package 'turtlebot3_soccer' in 'src/turtlebot3/turtlebot3_soccer'
[4.468s] INFO:colcon.colcon_core.package_selection:Skipping not selected package 'turtlebot3_teleop' in 'src/turtlebot3/turtlebot3_teleop'
[4.468s] INFO:colcon.colcon_core.package_selection:Skipping not selected package 'turtlebot3_bringup' in 'src/turtlebot3/turtlebot3_bringup'
[4.469s] INFO:colcon.colcon_core.package_selection:Skipping not selected package 'turtlebot3' in 'src/turtlebot3/turtlebot3'
[4.473s] Level 1:colcon.colcon_core.package_discovery:discover_packages(prefix_path) check parameters
[4.473s] Level 1:colcon.colcon_core.package_discovery:discover_packages(prefix_path) discover
[4.512s] DEBUG:colcon.colcon_installed_package_information.package_discovery:Found 17 installed packages in /home/turtle1/turtlebot3_ws/install
[4.543s] DEBUG:colcon.colcon_installed_package_information.package_discovery:Found 321 installed packages in /opt/ros/humble
[4.563s] Level 1:colcon.colcon_core.package_discovery:discover_packages(prefix_path) using defaults
[5.103s] Level 5:colcon.colcon_core.verb:set package 'pub_sub' build argument 'cmake_args' from command line to 'None'
[5.103s] Level 5:colcon.colcon_core.verb:set package 'pub_sub' build argument 'cmake_target' from command line to 'None'
[5.104s] Level 5:colcon.colcon_core.verb:set package 'pub_sub' build argument 'cmake_target_skip_unavailable' from command line to 'False'
[5.104s] Level 5:colcon.colcon_core.verb:set package 'pub_sub' build argument 'cmake_clean_cache' from command line to 'False'
[5.104s] Level 5:colcon.colcon_core.verb:set package 'pub_sub' build argument 'cmake_clean_first' from command line to 'False'
[5.104s] Level 5:colcon.colcon_core.verb:set package 'pub_sub' build argument 'cmake_force_configure' from command line to 'False'
[5.105s] Level 5:colcon.colcon_core.verb:set package 'pub_sub' build argument 'ament_cmake_args' from command line to 'None'
[5.105s] Level 5:colcon.colcon_core.verb:set package 'pub_sub' build argument 'catkin_cmake_args' from command line to 'None'
[5.105s] Level 5:colcon.colcon_core.verb:set package 'pub_sub' build argument 'catkin_skip_building_tests' from command line to 'False'
[5.106s] DEBUG:colcon.colcon_core.verb:Building package 'pub_sub' with the following arguments: {'ament_cmake_args': None, 'build_base': '/home/turtle1/turtlebot3_ws/build/pub_sub', 'catkin_cmake_args': None, 'catkin_skip_building_tests': False, 'cmake_args': None, 'cmake_clean_cache': False, 'cmake_clean_first': False, 'cmake_force_configure': False, 'cmake_target': None, 'cmake_target_skip_unavailable': False, 'install_base': '/home/turtle1/turtlebot3_ws/install/pub_sub', 'merge_install': False, 'path': '/home/turtle1/turtlebot3_ws/src/turtlebot3/pub_sub', 'symlink_install': False, 'test_result_base': None}
[5.107s] INFO:colcon.colcon_core.executor:Executing jobs using 'parallel' executor
[5.115s] DEBUG:colcon.colcon_parallel_executor.executor.parallel:run_until_complete
[5.117s] INFO:colcon.colcon_ros.task.ament_python.build:Building ROS package in '/home/turtle1/turtlebot3_ws/src/turtlebot3/pub_sub' with build type 'ament_python'
[5.118s] Level 1:colcon.colcon_core.shell:create_environment_hook('pub_sub', 'ament_prefix_path')
[5.147s] INFO:colcon.colcon_core.plugin_system:Skipping extension 'colcon_core.shell.bat': Not used on non-Windows systems
[5.150s] INFO:colcon.colcon_core.shell:Creating environment hook '/home/turtle1/turtlebot3_ws/install/pub_sub/share/pub_sub/hook/ament_prefix_path.ps1'
[5.156s] INFO:colcon.colcon_core.shell:Creating environment descriptor '/home/turtle1/turtlebot3_ws/install/pub_sub/share/pub_sub/hook/ament_prefix_path.dsv'
[5.162s] INFO:colcon.colcon_core.shell:Creating environment hook '/home/turtle1/turtlebot3_ws/install/pub_sub/share/pub_sub/hook/ament_prefix_path.sh'
[5.170s] INFO:colcon.colcon_core.shell:Skip shell extension 'powershell' for command environment: Not usable outside of PowerShell
[5.171s] DEBUG:colcon.colcon_core.shell:Skip shell extension 'dsv' for command environment
[8.650s] INFO:colcon.colcon_core.task.python.build:Building Python package in '/home/turtle1/turtlebot3_ws/src/turtlebot3/pub_sub'
[8.653s] INFO:colcon.colcon_core.shell:Skip shell extension 'powershell' for command environment: Not usable outside of PowerShell
[8.653s] DEBUG:colcon.colcon_core.shell:Skip shell extension 'dsv' for command environment
[13.219s] DEBUG:colcon.colcon_core.event_handler.log_command:Invoking command in '/home/turtle1/turtlebot3_ws/src/turtlebot3/pub_sub': PYTHONPATH=/home/turtle1/turtlebot3_ws/build/pub_sub/prefix_override:/usr/lib/python3/dist-packages/colcon_core/task/python/colcon_distutils_commands:/home/turtle1/turtlebot3_ws/install/pub_sub/lib/python3.10/site-packages:${PYTHONPATH} /usr/bin/python3 -W ignore:setup.py install is deprecated -W ignore:easy_install command is deprecated setup.py egg_info --egg-base ../../../build/pub_sub build --build-base /home/turtle1/turtlebot3_ws/build/pub_sub/build install --record /home/turtle1/turtlebot3_ws/build/pub_sub/install.log --single-version-externally-managed install_data
[17.117s] DEBUG:colcon.colcon_core.event_handler.log_command:Invoked command in '/home/turtle1/turtlebot3_ws/src/turtlebot3/pub_sub' returned '0': PYTHONPATH=/home/turtle1/turtlebot3_ws/build/pub_sub/prefix_override:/usr/lib/python3/dist-packages/colcon_core/task/python/colcon_distutils_commands:/home/turtle1/turtlebot3_ws/install/pub_sub/lib/python3.10/site-packages:${PYTHONPATH} /usr/bin/python3 -W ignore:setup.py install is deprecated -W ignore:easy_install command is deprecated setup.py egg_info --egg-base ../../../build/pub_sub build --build-base /home/turtle1/turtlebot3_ws/build/pub_sub/build install --record /home/turtle1/turtlebot3_ws/build/pub_sub/install.log --single-version-externally-managed install_data
[17.161s] Level 1:colcon.colcon_core.environment:checking '/home/turtle1/turtlebot3_ws/install/pub_sub' for CMake module files
[17.168s] Level 1:colcon.colcon_core.environment:checking '/home/turtle1/turtlebot3_ws/install/pub_sub' for CMake config files
[17.178s] Level 1:colcon.colcon_core.environment:checking '/home/turtle1/turtlebot3_ws/install/pub_sub/lib'
[17.180s] Level 1:colcon.colcon_core.environment:checking '/home/turtle1/turtlebot3_ws/install/pub_sub/bin'
[17.180s] Level 1:colcon.colcon_core.environment:checking '/home/turtle1/turtlebot3_ws/install/pub_sub/lib/pkgconfig/pub_sub.pc'
[17.182s] Level 1:colcon.colcon_core.environment:checking '/home/turtle1/turtlebot3_ws/install/pub_sub/lib/python3.10/site-packages'
[17.183s] Level 1:colcon.colcon_core.shell:create_environment_hook('pub_sub', 'pythonpath')
[17.185s] INFO:colcon.colcon_core.shell:Creating environment hook '/home/turtle1/turtlebot3_ws/install/pub_sub/share/pub_sub/hook/pythonpath.ps1'
[17.190s] INFO:colcon.colcon_core.shell:Creating environment descriptor '/home/turtle1/turtlebot3_ws/install/pub_sub/share/pub_sub/hook/pythonpath.dsv'
[17.194s] INFO:colcon.colcon_core.shell:Creating environment hook '/home/turtle1/turtlebot3_ws/install/pub_sub/share/pub_sub/hook/pythonpath.sh'
[17.201s] Level 1:colcon.colcon_core.environment:checking '/home/turtle1/turtlebot3_ws/install/pub_sub/bin'
[17.201s] Level 1:colcon.colcon_core.environment:create_environment_scripts_only(pub_sub)
[17.205s] INFO:colcon.colcon_core.shell:Creating package script '/home/turtle1/turtlebot3_ws/install/pub_sub/share/pub_sub/package.ps1'
[17.213s] INFO:colcon.colcon_core.shell:Creating package descriptor '/home/turtle1/turtlebot3_ws/install/pub_sub/share/pub_sub/package.dsv'
[17.220s] INFO:colcon.colcon_core.shell:Creating package script '/home/turtle1/turtlebot3_ws/install/pub_sub/share/pub_sub/package.sh'
[17.228s] INFO:colcon.colcon_core.shell:Creating package script '/home/turtle1/turtlebot3_ws/install/pub_sub/share/pub_sub/package.bash'
[17.237s] INFO:colcon.colcon_core.shell:Creating package script '/home/turtle1/turtlebot3_ws/install/pub_sub/share/pub_sub/package.zsh'
[17.245s] Level 1:colcon.colcon_core.environment:create_file_with_runtime_dependencies(/home/turtle1/turtlebot3_ws/install/pub_sub/share/colcon-core/packages/pub_sub)
[17.250s] DEBUG:colcon.colcon_parallel_executor.executor.parallel:closing loop
[17.252s] DEBUG:colcon.colcon_parallel_executor.executor.parallel:loop closed
[17.254s] DEBUG:colcon.colcon_parallel_executor.executor.parallel:run_until_complete finished with '0'
[17.255s] DEBUG:colcon.colcon_core.event_reactor:joining thread
[17.306s] INFO:colcon.colcon_core.plugin_system:Skipping extension 'colcon_notification.desktop_notification.terminal_notifier': Not used on non-Darwin systems
[17.307s] INFO:colcon.colcon_core.plugin_system:Skipping extension 'colcon_notification.desktop_notification.win32': Not used on non-Windows systems
[17.307s] INFO:colcon.colcon_notification.desktop_notification:Sending desktop notification using 'notify2'
[17.390s] DEBUG:colcon.colcon_core.event_reactor:joined thread
[17.393s] INFO:colcon.colcon_core.shell:Creating prefix script '/home/turtle1/turtlebot3_ws/install/local_setup.ps1'
[17.403s] INFO:colcon.colcon_core.shell:Creating prefix util module '/home/turtle1/turtlebot3_ws/install/_local_setup_util_ps1.py'
[17.418s] INFO:colcon.colcon_core.shell:Creating prefix chain script '/home/turtle1/turtlebot3_ws/install/setup.ps1'
[17.441s] INFO:colcon.colcon_core.shell:Creating prefix script '/home/turtle1/turtlebot3_ws/install/local_setup.sh'
[17.447s] INFO:colcon.colcon_core.shell:Creating prefix util module '/home/turtle1/turtlebot3_ws/install/_local_setup_util_sh.py'
[17.454s] INFO:colcon.colcon_core.shell:Creating prefix chain script '/home/turtle1/turtlebot3_ws/install/setup.sh'
[17.477s] INFO:colcon.colcon_core.shell:Creating prefix script '/home/turtle1/turtlebot3_ws/install/local_setup.bash'
[17.483s] INFO:colcon.colcon_core.shell:Creating prefix chain script '/home/turtle1/turtlebot3_ws/install/setup.bash'
[17.504s] INFO:colcon.colcon_core.shell:Creating prefix script '/home/turtle1/turtlebot3_ws/install/local_setup.zsh'
[17.510s] INFO:colcon.colcon_core.shell:Creating prefix chain script '/home/turtle1/turtlebot3_ws/install/setup.zsh'
