running egg_info
creating ../../../build/sb3_target_driver/sb3_target_driver.egg-info
writing ../../../build/sb3_target_driver/sb3_target_driver.egg-info/PKG-INFO
writing dependency_links to ../../../build/sb3_target_driver/sb3_target_driver.egg-info/dependency_links.txt
writing entry points to ../../../build/sb3_target_driver/sb3_target_driver.egg-info/entry_points.txt
writing requirements to ../../../build/sb3_target_driver/sb3_target_driver.egg-info/requires.txt
writing top-level names to ../../../build/sb3_target_driver/sb3_target_driver.egg-info/top_level.txt
writing manifest file '../../../build/sb3_target_driver/sb3_target_driver.egg-info/SOURCES.txt'
reading manifest file '../../../build/sb3_target_driver/sb3_target_driver.egg-info/SOURCES.txt'
adding license file 'LICENSE'
writing manifest file '../../../build/sb3_target_driver/sb3_target_driver.egg-info/SOURCES.txt'
running build
running build_py
creating /home/turtle1/turtlebot3_ws/build/sb3_target_driver/build
creating /home/turtle1/turtlebot3_ws/build/sb3_target_driver/build/lib
creating /home/turtle1/turtlebot3_ws/build/sb3_target_driver/build/lib/sb3_target_driver
copying sb3_target_driver/driver_inference.py -> /home/turtle1/turtlebot3_ws/build/sb3_target_driver/build/lib/sb3_target_driver
copying sb3_target_driver/__init__.py -> /home/turtle1/turtlebot3_ws/build/sb3_target_driver/build/lib/sb3_target_driver
copying sb3_target_driver/twist_test.py -> /home/turtle1/turtlebot3_ws/build/sb3_target_driver/build/lib/sb3_target_driver
running install
running install_lib
creating /home/turtle1/turtlebot3_ws/install/sb3_target_driver/lib/python3.10/site-packages/sb3_target_driver
copying /home/turtle1/turtlebot3_ws/build/sb3_target_driver/build/lib/sb3_target_driver/driver_inference.py -> /home/turtle1/turtlebot3_ws/install/sb3_target_driver/lib/python3.10/site-packages/sb3_target_driver
copying /home/turtle1/turtlebot3_ws/build/sb3_target_driver/build/lib/sb3_target_driver/__init__.py -> /home/turtle1/turtlebot3_ws/install/sb3_target_driver/lib/python3.10/site-packages/sb3_target_driver
copying /home/turtle1/turtlebot3_ws/build/sb3_target_driver/build/lib/sb3_target_driver/twist_test.py -> /home/turtle1/turtlebot3_ws/install/sb3_target_driver/lib/python3.10/site-packages/sb3_target_driver
byte-compiling /home/turtle1/turtlebot3_ws/install/sb3_target_driver/lib/python3.10/site-packages/sb3_target_driver/driver_inference.py to driver_inference.cpython-310.pyc
byte-compiling /home/turtle1/turtlebot3_ws/install/sb3_target_driver/lib/python3.10/site-packages/sb3_target_driver/__init__.py to __init__.cpython-310.pyc
byte-compiling /home/turtle1/turtlebot3_ws/install/sb3_target_driver/lib/python3.10/site-packages/sb3_target_driver/twist_test.py to twist_test.cpython-310.pyc
running install_data
creating /home/turtle1/turtlebot3_ws/install/sb3_target_driver/share/ament_index
creating /home/turtle1/turtlebot3_ws/install/sb3_target_driver/share/ament_index/resource_index
creating /home/turtle1/turtlebot3_ws/install/sb3_target_driver/share/ament_index/resource_index/packages
copying resource/sb3_target_driver -> /home/turtle1/turtlebot3_ws/install/sb3_target_driver/share/ament_index/resource_index/packages
copying package.xml -> /home/turtle1/turtlebot3_ws/install/sb3_target_driver/share/sb3_target_driver
running install_egg_info
Copying ../../../build/sb3_target_driver/sb3_target_driver.egg-info to /home/turtle1/turtlebot3_ws/install/sb3_target_driver/lib/python3.10/site-packages/sb3_target_driver-0.0.0-py3.10.egg-info
running install_scripts
Installing driver_inference script to /home/turtle1/turtlebot3_ws/install/sb3_target_driver/lib/sb3_target_driver
Installing twist_test script to /home/turtle1/turtlebot3_ws/install/sb3_target_driver/lib/sb3_target_driver
writing list of installed files to '/home/turtle1/turtlebot3_ws/build/sb3_target_driver/install.log'
