[1.381s] DEBUG:colcon:Command line arguments: ['/usr/bin/colcon', 'build', '--packages-select', 'autonomous_driving']
[1.382s] DEBUG:colcon:Parsed command line arguments: Namespace(log_base=None, log_level=None, verb_name='build', build_base='build', install_base='install', merge_install=False, symlink_install=False, test_result_base=None, continue_on_error=False, executor='parallel', parallel_workers=4, event_handlers=None, ignore_user_meta=False, metas=['./colcon.meta'], base_paths=['.'], packages_ignore=None, packages_ignore_regex=None, paths=None, packages_up_to=None, packages_up_to_regex=None, packages_above=None, packages_above_and_dependencies=None, packages_above_depth=None, packages_select_by_dep=None, packages_skip_by_dep=None, packages_skip_up_to=None, packages_select_build_failed=False, packages_skip_build_finished=False, packages_select_test_failures=False, packages_skip_test_passed=False, packages_select=['autonomous_driving'], packages_skip=None, packages_select_regex=None, packages_skip_regex=None, packages_start=None, packages_end=None, allow_overriding=[], cmake_args=None, cmake_target=None, cmake_target_skip_unavailable=False, cmake_clean_cache=False, cmake_clean_first=False, cmake_force_configure=False, ament_cmake_args=None, catkin_cmake_args=None, catkin_skip_building_tests=False, mixin_files=None, mixin=None, verb_parser=<colcon_mixin.mixin.mixin_argument.MixinArgumentDecorator object at 0xffffa2c38a90>, verb_extension=<colcon_core.verb.build.BuildVerb object at 0xffffa2d59900>, main=<bound method BuildVerb.main of <colcon_core.verb.build.BuildVerb object at 0xffffa2d59900>>, mixin_verb=('build',))
[3.898s] Level 1:colcon.colcon_core.package_discovery:discover_packages(colcon_meta) check parameters
[3.899s] Level 1:colcon.colcon_core.package_discovery:discover_packages(recursive) check parameters
[3.900s] Level 1:colcon.colcon_core.package_discovery:discover_packages(ignore) check parameters
[3.900s] Level 1:colcon.colcon_core.package_discovery:discover_packages(path) check parameters
[3.900s] Level 1:colcon.colcon_core.package_discovery:discover_packages(colcon_meta) discover
[3.901s] Level 1:colcon.colcon_core.package_discovery:discover_packages(recursive) discover
[3.901s] INFO:colcon.colcon_core.package_discovery:Crawling recursively for packages in '/home/turtle1/turtlebot3_ws'
[3.903s] Level 1:colcon.colcon_core.package_identification:_identify(.) by extensions ['ignore', 'ignore_ament_install']
[3.904s] Level 1:colcon.colcon_core.package_identification:_identify(.) by extension 'ignore'
[3.904s] Level 1:colcon.colcon_core.package_identification:_identify(.) by extension 'ignore_ament_install'
[3.905s] Level 1:colcon.colcon_core.package_identification:_identify(.) by extensions ['colcon_pkg']
[3.906s] Level 1:colcon.colcon_core.package_identification:_identify(.) by extension 'colcon_pkg'
[3.906s] Level 1:colcon.colcon_core.package_identification:_identify(.) by extensions ['colcon_meta']
[3.906s] Level 1:colcon.colcon_core.package_identification:_identify(.) by extension 'colcon_meta'
[3.907s] Level 1:colcon.colcon_core.package_identification:_identify(.) by extensions ['ros']
[3.907s] Level 1:colcon.colcon_core.package_identification:_identify(.) by extension 'ros'
[4.022s] Level 1:colcon.colcon_core.package_identification:_identify(.) by extensions ['cmake', 'python']
[4.023s] Level 1:colcon.colcon_core.package_identification:_identify(.) by extension 'cmake'
[4.024s] Level 1:colcon.colcon_core.package_identification:_identify(.) by extension 'python'
[4.024s] Level 1:colcon.colcon_core.package_identification:_identify(.) by extensions ['python_setup_py']
[4.025s] Level 1:colcon.colcon_core.package_identification:_identify(.) by extension 'python_setup_py'
[4.026s] Level 1:colcon.colcon_core.package_identification:_identify(build) by extensions ['ignore', 'ignore_ament_install']
[4.027s] Level 1:colcon.colcon_core.package_identification:_identify(build) by extension 'ignore'
[4.028s] Level 1:colcon.colcon_core.package_identification:_identify(build) ignored
[4.030s] Level 1:colcon.colcon_core.package_identification:_identify(install) by extensions ['ignore', 'ignore_ament_install']
[4.031s] Level 1:colcon.colcon_core.package_identification:_identify(install) by extension 'ignore'
[4.032s] Level 1:colcon.colcon_core.package_identification:_identify(install) ignored
[4.037s] Level 1:colcon.colcon_core.package_identification:_identify(log) by extensions ['ignore', 'ignore_ament_install']
[4.038s] Level 1:colcon.colcon_core.package_identification:_identify(log) by extension 'ignore'
[4.038s] Level 1:colcon.colcon_core.package_identification:_identify(log) ignored
[4.040s] Level 1:colcon.colcon_core.package_identification:_identify(src) by extensions ['ignore', 'ignore_ament_install']
[4.040s] Level 1:colcon.colcon_core.package_identification:_identify(src) by extension 'ignore'
[4.041s] Level 1:colcon.colcon_core.package_identification:_identify(src) by extension 'ignore_ament_install'
[4.042s] Level 1:colcon.colcon_core.package_identification:_identify(src) by extensions ['colcon_pkg']
[4.042s] Level 1:colcon.colcon_core.package_identification:_identify(src) by extension 'colcon_pkg'
[4.043s] Level 1:colcon.colcon_core.package_identification:_identify(src) by extensions ['colcon_meta']
[4.044s] Level 1:colcon.colcon_core.package_identification:_identify(src) by extension 'colcon_meta'
[4.044s] Level 1:colcon.colcon_core.package_identification:_identify(src) by extensions ['ros']
[4.045s] Level 1:colcon.colcon_core.package_identification:_identify(src) by extension 'ros'
[4.046s] Level 1:colcon.colcon_core.package_identification:_identify(src) by extensions ['cmake', 'python']
[4.047s] Level 1:colcon.colcon_core.package_identification:_identify(src) by extension 'cmake'
[4.048s] Level 1:colcon.colcon_core.package_identification:_identify(src) by extension 'python'
[4.048s] Level 1:colcon.colcon_core.package_identification:_identify(src) by extensions ['python_setup_py']
[4.049s] Level 1:colcon.colcon_core.package_identification:_identify(src) by extension 'python_setup_py'
[4.050s] Level 1:colcon.colcon_core.package_identification:_identify(src/ld08_driver) by extensions ['ignore', 'ignore_ament_install']
[4.051s] Level 1:colcon.colcon_core.package_identification:_identify(src/ld08_driver) by extension 'ignore'
[4.052s] Level 1:colcon.colcon_core.package_identification:_identify(src/ld08_driver) by extension 'ignore_ament_install'
[4.053s] Level 1:colcon.colcon_core.package_identification:_identify(src/ld08_driver) by extensions ['colcon_pkg']
[4.053s] Level 1:colcon.colcon_core.package_identification:_identify(src/ld08_driver) by extension 'colcon_pkg'
[4.054s] Level 1:colcon.colcon_core.package_identification:_identify(src/ld08_driver) by extensions ['colcon_meta']
[4.054s] Level 1:colcon.colcon_core.package_identification:_identify(src/ld08_driver) by extension 'colcon_meta'
[4.055s] Level 1:colcon.colcon_core.package_identification:_identify(src/ld08_driver) by extensions ['ros']
[4.056s] Level 1:colcon.colcon_core.package_identification:_identify(src/ld08_driver) by extension 'ros'
[4.082s] DEBUG:colcon.colcon_core.package_identification:Package 'src/ld08_driver' with type 'ros.ament_cmake' and name 'ld08_driver'
[4.083s] Level 1:colcon.colcon_core.package_identification:_identify(src/tb3_rl) by extensions ['ignore', 'ignore_ament_install']
[4.084s] Level 1:colcon.colcon_core.package_identification:_identify(src/tb3_rl) by extension 'ignore'
[4.085s] Level 1:colcon.colcon_core.package_identification:_identify(src/tb3_rl) by extension 'ignore_ament_install'
[4.086s] Level 1:colcon.colcon_core.package_identification:_identify(src/tb3_rl) by extensions ['colcon_pkg']
[4.086s] Level 1:colcon.colcon_core.package_identification:_identify(src/tb3_rl) by extension 'colcon_pkg'
[4.087s] Level 1:colcon.colcon_core.package_identification:_identify(src/tb3_rl) by extensions ['colcon_meta']
[4.087s] Level 1:colcon.colcon_core.package_identification:_identify(src/tb3_rl) by extension 'colcon_meta'
[4.088s] Level 1:colcon.colcon_core.package_identification:_identify(src/tb3_rl) by extensions ['ros']
[4.088s] Level 1:colcon.colcon_core.package_identification:_identify(src/tb3_rl) by extension 'ros'
[4.089s] Level 1:colcon.colcon_core.package_identification:_identify(src/tb3_rl) by extensions ['cmake', 'python']
[4.090s] Level 1:colcon.colcon_core.package_identification:_identify(src/tb3_rl) by extension 'cmake'
[4.090s] Level 1:colcon.colcon_core.package_identification:_identify(src/tb3_rl) by extension 'python'
[4.091s] Level 1:colcon.colcon_core.package_identification:_identify(src/tb3_rl) by extensions ['python_setup_py']
[4.091s] Level 1:colcon.colcon_core.package_identification:_identify(src/tb3_rl) by extension 'python_setup_py'
[4.093s] Level 1:colcon.colcon_core.package_identification:_identify(src/tb3_rl/ball_locator) by extensions ['ignore', 'ignore_ament_install']
[4.094s] Level 1:colcon.colcon_core.package_identification:_identify(src/tb3_rl/ball_locator) by extension 'ignore'
[4.094s] Level 1:colcon.colcon_core.package_identification:_identify(src/tb3_rl/ball_locator) by extension 'ignore_ament_install'
[4.095s] Level 1:colcon.colcon_core.package_identification:_identify(src/tb3_rl/ball_locator) by extensions ['colcon_pkg']
[4.096s] Level 1:colcon.colcon_core.package_identification:_identify(src/tb3_rl/ball_locator) by extension 'colcon_pkg'
[4.096s] Level 1:colcon.colcon_core.package_identification:_identify(src/tb3_rl/ball_locator) by extensions ['colcon_meta']
[4.096s] Level 1:colcon.colcon_core.package_identification:_identify(src/tb3_rl/ball_locator) by extension 'colcon_meta'
[4.097s] Level 1:colcon.colcon_core.package_identification:_identify(src/tb3_rl/ball_locator) by extensions ['ros']
[4.098s] Level 1:colcon.colcon_core.package_identification:_identify(src/tb3_rl/ball_locator) by extension 'ros'
[4.103s] DEBUG:colcon.colcon_core.package_identification:Package 'src/tb3_rl/ball_locator' with type 'ros.ament_python' and name 'ball_locator'
[4.105s] Level 1:colcon.colcon_core.package_identification:_identify(src/tb3_rl/build) by extensions ['ignore', 'ignore_ament_install']
[4.106s] Level 1:colcon.colcon_core.package_identification:_identify(src/tb3_rl/build) by extension 'ignore'
[4.106s] Level 1:colcon.colcon_core.package_identification:_identify(src/tb3_rl/build) ignored
[4.108s] Level 1:colcon.colcon_core.package_identification:_identify(src/tb3_rl/install) by extensions ['ignore', 'ignore_ament_install']
[4.109s] Level 1:colcon.colcon_core.package_identification:_identify(src/tb3_rl/install) by extension 'ignore'
[4.109s] Level 1:colcon.colcon_core.package_identification:_identify(src/tb3_rl/install) ignored
[4.111s] Level 1:colcon.colcon_core.package_identification:_identify(src/tb3_rl/log) by extensions ['ignore', 'ignore_ament_install']
[4.112s] Level 1:colcon.colcon_core.package_identification:_identify(src/tb3_rl/log) by extension 'ignore'
[4.112s] Level 1:colcon.colcon_core.package_identification:_identify(src/tb3_rl/log) by extension 'ignore_ament_install'
[4.113s] Level 1:colcon.colcon_core.package_identification:_identify(src/tb3_rl/log) by extensions ['colcon_pkg']
[4.113s] Level 1:colcon.colcon_core.package_identification:_identify(src/tb3_rl/log) by extension 'colcon_pkg'
[4.114s] Level 1:colcon.colcon_core.package_identification:_identify(src/tb3_rl/log) by extensions ['colcon_meta']
[4.114s] Level 1:colcon.colcon_core.package_identification:_identify(src/tb3_rl/log) by extension 'colcon_meta'
[4.115s] Level 1:colcon.colcon_core.package_identification:_identify(src/tb3_rl/log) by extensions ['ros']
[4.115s] Level 1:colcon.colcon_core.package_identification:_identify(src/tb3_rl/log) by extension 'ros'
[4.116s] Level 1:colcon.colcon_core.package_identification:_identify(src/tb3_rl/log) by extensions ['cmake', 'python']
[4.117s] Level 1:colcon.colcon_core.package_identification:_identify(src/tb3_rl/log) by extension 'cmake'
[4.117s] Level 1:colcon.colcon_core.package_identification:_identify(src/tb3_rl/log) by extension 'python'
[4.118s] Level 1:colcon.colcon_core.package_identification:_identify(src/tb3_rl/log) by extensions ['python_setup_py']
[4.118s] Level 1:colcon.colcon_core.package_identification:_identify(src/tb3_rl/log) by extension 'python_setup_py'
[4.120s] Level 1:colcon.colcon_core.package_identification:_identify(src/tb3_rl/nano_scripts) by extensions ['ignore', 'ignore_ament_install']
[4.121s] Level 1:colcon.colcon_core.package_identification:_identify(src/tb3_rl/nano_scripts) by extension 'ignore'
[4.121s] Level 1:colcon.colcon_core.package_identification:_identify(src/tb3_rl/nano_scripts) by extension 'ignore_ament_install'
[4.122s] Level 1:colcon.colcon_core.package_identification:_identify(src/tb3_rl/nano_scripts) by extensions ['colcon_pkg']
[4.123s] Level 1:colcon.colcon_core.package_identification:_identify(src/tb3_rl/nano_scripts) by extension 'colcon_pkg'
[4.123s] Level 1:colcon.colcon_core.package_identification:_identify(src/tb3_rl/nano_scripts) by extensions ['colcon_meta']
[4.124s] Level 1:colcon.colcon_core.package_identification:_identify(src/tb3_rl/nano_scripts) by extension 'colcon_meta'
[4.124s] Level 1:colcon.colcon_core.package_identification:_identify(src/tb3_rl/nano_scripts) by extensions ['ros']
[4.125s] Level 1:colcon.colcon_core.package_identification:_identify(src/tb3_rl/nano_scripts) by extension 'ros'
[4.126s] Level 1:colcon.colcon_core.package_identification:_identify(src/tb3_rl/nano_scripts) by extensions ['cmake', 'python']
[4.126s] Level 1:colcon.colcon_core.package_identification:_identify(src/tb3_rl/nano_scripts) by extension 'cmake'
[4.127s] Level 1:colcon.colcon_core.package_identification:_identify(src/tb3_rl/nano_scripts) by extension 'python'
[4.127s] Level 1:colcon.colcon_core.package_identification:_identify(src/tb3_rl/nano_scripts) by extensions ['python_setup_py']
[4.128s] Level 1:colcon.colcon_core.package_identification:_identify(src/tb3_rl/nano_scripts) by extension 'python_setup_py'
[4.129s] Level 1:colcon.colcon_core.package_identification:_identify(src/tb3_rl/sb3_pusher) by extensions ['ignore', 'ignore_ament_install']
[4.130s] Level 1:colcon.colcon_core.package_identification:_identify(src/tb3_rl/sb3_pusher) by extension 'ignore'
[4.131s] Level 1:colcon.colcon_core.package_identification:_identify(src/tb3_rl/sb3_pusher) by extension 'ignore_ament_install'
[4.132s] Level 1:colcon.colcon_core.package_identification:_identify(src/tb3_rl/sb3_pusher) by extensions ['colcon_pkg']
[4.132s] Level 1:colcon.colcon_core.package_identification:_identify(src/tb3_rl/sb3_pusher) by extension 'colcon_pkg'
[4.133s] Level 1:colcon.colcon_core.package_identification:_identify(src/tb3_rl/sb3_pusher) by extensions ['colcon_meta']
[4.133s] Level 1:colcon.colcon_core.package_identification:_identify(src/tb3_rl/sb3_pusher) by extension 'colcon_meta'
[4.134s] Level 1:colcon.colcon_core.package_identification:_identify(src/tb3_rl/sb3_pusher) by extensions ['ros']
[4.134s] Level 1:colcon.colcon_core.package_identification:_identify(src/tb3_rl/sb3_pusher) by extension 'ros'
[4.140s] DEBUG:colcon.colcon_core.package_identification:Package 'src/tb3_rl/sb3_pusher' with type 'ros.ament_python' and name 'sb3_pusher'
[4.141s] Level 1:colcon.colcon_core.package_identification:_identify(src/tb3_rl/sb3_target_driver) by extensions ['ignore', 'ignore_ament_install']
[4.142s] Level 1:colcon.colcon_core.package_identification:_identify(src/tb3_rl/sb3_target_driver) by extension 'ignore'
[4.143s] Level 1:colcon.colcon_core.package_identification:_identify(src/tb3_rl/sb3_target_driver) by extension 'ignore_ament_install'
[4.144s] Level 1:colcon.colcon_core.package_identification:_identify(src/tb3_rl/sb3_target_driver) by extensions ['colcon_pkg']
[4.144s] Level 1:colcon.colcon_core.package_identification:_identify(src/tb3_rl/sb3_target_driver) by extension 'colcon_pkg'
[4.145s] Level 1:colcon.colcon_core.package_identification:_identify(src/tb3_rl/sb3_target_driver) by extensions ['colcon_meta']
[4.145s] Level 1:colcon.colcon_core.package_identification:_identify(src/tb3_rl/sb3_target_driver) by extension 'colcon_meta'
[4.146s] Level 1:colcon.colcon_core.package_identification:_identify(src/tb3_rl/sb3_target_driver) by extensions ['ros']
[4.146s] Level 1:colcon.colcon_core.package_identification:_identify(src/tb3_rl/sb3_target_driver) by extension 'ros'
[4.152s] DEBUG:colcon.colcon_core.package_identification:Package 'src/tb3_rl/sb3_target_driver' with type 'ros.ament_python' and name 'sb3_target_driver'
[4.154s] Level 1:colcon.colcon_core.package_identification:_identify(src/tb3_rl/sensor_pub) by extensions ['ignore', 'ignore_ament_install']
[4.155s] Level 1:colcon.colcon_core.package_identification:_identify(src/tb3_rl/sensor_pub) by extension 'ignore'
[4.156s] Level 1:colcon.colcon_core.package_identification:_identify(src/tb3_rl/sensor_pub) by extension 'ignore_ament_install'
[4.157s] Level 1:colcon.colcon_core.package_identification:_identify(src/tb3_rl/sensor_pub) by extensions ['colcon_pkg']
[4.157s] Level 1:colcon.colcon_core.package_identification:_identify(src/tb3_rl/sensor_pub) by extension 'colcon_pkg'
[4.158s] Level 1:colcon.colcon_core.package_identification:_identify(src/tb3_rl/sensor_pub) by extensions ['colcon_meta']
[4.158s] Level 1:colcon.colcon_core.package_identification:_identify(src/tb3_rl/sensor_pub) by extension 'colcon_meta'
[4.159s] Level 1:colcon.colcon_core.package_identification:_identify(src/tb3_rl/sensor_pub) by extensions ['ros']
[4.159s] Level 1:colcon.colcon_core.package_identification:_identify(src/tb3_rl/sensor_pub) by extension 'ros'
[4.165s] DEBUG:colcon.colcon_core.package_identification:Package 'src/tb3_rl/sensor_pub' with type 'ros.ament_python' and name 'sensor_pub'
[4.167s] Level 1:colcon.colcon_core.package_identification:_identify(src/turtlebot3) by extensions ['ignore', 'ignore_ament_install']
[4.168s] Level 1:colcon.colcon_core.package_identification:_identify(src/turtlebot3) by extension 'ignore'
[4.168s] Level 1:colcon.colcon_core.package_identification:_identify(src/turtlebot3) by extension 'ignore_ament_install'
[4.169s] Level 1:colcon.colcon_core.package_identification:_identify(src/turtlebot3) by extensions ['colcon_pkg']
[4.169s] Level 1:colcon.colcon_core.package_identification:_identify(src/turtlebot3) by extension 'colcon_pkg'
[4.170s] Level 1:colcon.colcon_core.package_identification:_identify(src/turtlebot3) by extensions ['colcon_meta']
[4.170s] Level 1:colcon.colcon_core.package_identification:_identify(src/turtlebot3) by extension 'colcon_meta'
[4.171s] Level 1:colcon.colcon_core.package_identification:_identify(src/turtlebot3) by extensions ['ros']
[4.171s] Level 1:colcon.colcon_core.package_identification:_identify(src/turtlebot3) by extension 'ros'
[4.172s] Level 1:colcon.colcon_core.package_identification:_identify(src/turtlebot3) by extensions ['cmake', 'python']
[4.173s] Level 1:colcon.colcon_core.package_identification:_identify(src/turtlebot3) by extension 'cmake'
[4.173s] Level 1:colcon.colcon_core.package_identification:_identify(src/turtlebot3) by extension 'python'
[4.174s] Level 1:colcon.colcon_core.package_identification:_identify(src/turtlebot3) by extensions ['python_setup_py']
[4.174s] Level 1:colcon.colcon_core.package_identification:_identify(src/turtlebot3) by extension 'python_setup_py'
[4.176s] Level 1:colcon.colcon_core.package_identification:_identify(src/turtlebot3/autonomous_driving) by extensions ['ignore', 'ignore_ament_install']
[4.177s] Level 1:colcon.colcon_core.package_identification:_identify(src/turtlebot3/autonomous_driving) by extension 'ignore'
[4.177s] Level 1:colcon.colcon_core.package_identification:_identify(src/turtlebot3/autonomous_driving) by extension 'ignore_ament_install'
[4.178s] Level 1:colcon.colcon_core.package_identification:_identify(src/turtlebot3/autonomous_driving) by extensions ['colcon_pkg']
[4.179s] Level 1:colcon.colcon_core.package_identification:_identify(src/turtlebot3/autonomous_driving) by extension 'colcon_pkg'
[4.179s] Level 1:colcon.colcon_core.package_identification:_identify(src/turtlebot3/autonomous_driving) by extensions ['colcon_meta']
[4.180s] Level 1:colcon.colcon_core.package_identification:_identify(src/turtlebot3/autonomous_driving) by extension 'colcon_meta'
[4.180s] Level 1:colcon.colcon_core.package_identification:_identify(src/turtlebot3/autonomous_driving) by extensions ['ros']
[4.181s] Level 1:colcon.colcon_core.package_identification:_identify(src/turtlebot3/autonomous_driving) by extension 'ros'
[4.187s] DEBUG:colcon.colcon_core.package_identification:Package 'src/turtlebot3/autonomous_driving' with type 'ros.ament_python' and name 'autonomous_driving'
[4.188s] Level 1:colcon.colcon_core.package_identification:_identify(src/turtlebot3/lidar_tracking) by extensions ['ignore', 'ignore_ament_install']
[4.189s] Level 1:colcon.colcon_core.package_identification:_identify(src/turtlebot3/lidar_tracking) by extension 'ignore'
[4.190s] Level 1:colcon.colcon_core.package_identification:_identify(src/turtlebot3/lidar_tracking) by extension 'ignore_ament_install'
[4.191s] Level 1:colcon.colcon_core.package_identification:_identify(src/turtlebot3/lidar_tracking) by extensions ['colcon_pkg']
[4.191s] Level 1:colcon.colcon_core.package_identification:_identify(src/turtlebot3/lidar_tracking) by extension 'colcon_pkg'
[4.192s] Level 1:colcon.colcon_core.package_identification:_identify(src/turtlebot3/lidar_tracking) by extensions ['colcon_meta']
[4.192s] Level 1:colcon.colcon_core.package_identification:_identify(src/turtlebot3/lidar_tracking) by extension 'colcon_meta'
[4.193s] Level 1:colcon.colcon_core.package_identification:_identify(src/turtlebot3/lidar_tracking) by extensions ['ros']
[4.193s] Level 1:colcon.colcon_core.package_identification:_identify(src/turtlebot3/lidar_tracking) by extension 'ros'
[4.199s] DEBUG:colcon.colcon_core.package_identification:Package 'src/turtlebot3/lidar_tracking' with type 'ros.ament_python' and name 'lidar_tracking'
[4.201s] Level 1:colcon.colcon_core.package_identification:_identify(src/turtlebot3/pub_sub) by extensions ['ignore', 'ignore_ament_install']
[4.202s] Level 1:colcon.colcon_core.package_identification:_identify(src/turtlebot3/pub_sub) by extension 'ignore'
[4.203s] Level 1:colcon.colcon_core.package_identification:_identify(src/turtlebot3/pub_sub) by extension 'ignore_ament_install'
[4.203s] Level 1:colcon.colcon_core.package_identification:_identify(src/turtlebot3/pub_sub) by extensions ['colcon_pkg']
[4.204s] Level 1:colcon.colcon_core.package_identification:_identify(src/turtlebot3/pub_sub) by extension 'colcon_pkg'
[4.204s] Level 1:colcon.colcon_core.package_identification:_identify(src/turtlebot3/pub_sub) by extensions ['colcon_meta']
[4.205s] Level 1:colcon.colcon_core.package_identification:_identify(src/turtlebot3/pub_sub) by extension 'colcon_meta'
[4.205s] Level 1:colcon.colcon_core.package_identification:_identify(src/turtlebot3/pub_sub) by extensions ['ros']
[4.206s] Level 1:colcon.colcon_core.package_identification:_identify(src/turtlebot3/pub_sub) by extension 'ros'
[4.211s] DEBUG:colcon.colcon_core.package_identification:Package 'src/turtlebot3/pub_sub' with type 'ros.ament_python' and name 'pub_sub'
[4.213s] Level 1:colcon.colcon_core.package_identification:_identify(src/turtlebot3/publish_sensor_info) by extensions ['ignore', 'ignore_ament_install']
[4.214s] Level 1:colcon.colcon_core.package_identification:_identify(src/turtlebot3/publish_sensor_info) by extension 'ignore'
[4.215s] Level 1:colcon.colcon_core.package_identification:_identify(src/turtlebot3/publish_sensor_info) by extension 'ignore_ament_install'
[4.216s] Level 1:colcon.colcon_core.package_identification:_identify(src/turtlebot3/publish_sensor_info) by extensions ['colcon_pkg']
[4.216s] Level 1:colcon.colcon_core.package_identification:_identify(src/turtlebot3/publish_sensor_info) by extension 'colcon_pkg'
[4.217s] Level 1:colcon.colcon_core.package_identification:_identify(src/turtlebot3/publish_sensor_info) by extensions ['colcon_meta']
[4.217s] Level 1:colcon.colcon_core.package_identification:_identify(src/turtlebot3/publish_sensor_info) by extension 'colcon_meta'
[4.218s] Level 1:colcon.colcon_core.package_identification:_identify(src/turtlebot3/publish_sensor_info) by extensions ['ros']
[4.218s] Level 1:colcon.colcon_core.package_identification:_identify(src/turtlebot3/publish_sensor_info) by extension 'ros'
[4.224s] DEBUG:colcon.colcon_core.package_identification:Package 'src/turtlebot3/publish_sensor_info' with type 'ros.ament_python' and name 'publish_sensor_info'
[4.226s] Level 1:colcon.colcon_core.package_identification:_identify(src/turtlebot3/sb3_inference) by extensions ['ignore', 'ignore_ament_install']
[4.226s] Level 1:colcon.colcon_core.package_identification:_identify(src/turtlebot3/sb3_inference) by extension 'ignore'
[4.227s] Level 1:colcon.colcon_core.package_identification:_identify(src/turtlebot3/sb3_inference) by extension 'ignore_ament_install'
[4.228s] Level 1:colcon.colcon_core.package_identification:_identify(src/turtlebot3/sb3_inference) by extensions ['colcon_pkg']
[4.228s] Level 1:colcon.colcon_core.package_identification:_identify(src/turtlebot3/sb3_inference) by extension 'colcon_pkg'
[4.229s] Level 1:colcon.colcon_core.package_identification:_identify(src/turtlebot3/sb3_inference) by extensions ['colcon_meta']
[4.229s] Level 1:colcon.colcon_core.package_identification:_identify(src/turtlebot3/sb3_inference) by extension 'colcon_meta'
[4.230s] Level 1:colcon.colcon_core.package_identification:_identify(src/turtlebot3/sb3_inference) by extensions ['ros']
[4.230s] Level 1:colcon.colcon_core.package_identification:_identify(src/turtlebot3/sb3_inference) by extension 'ros'
[4.236s] DEBUG:colcon.colcon_core.package_identification:Package 'src/turtlebot3/sb3_inference' with type 'ros.ament_python' and name 'sb3_inference'
[4.238s] Level 1:colcon.colcon_core.package_identification:_identify(src/turtlebot3/turtlebot3) by extensions ['ignore', 'ignore_ament_install']
[4.240s] Level 1:colcon.colcon_core.package_identification:_identify(src/turtlebot3/turtlebot3) by extension 'ignore'
[4.241s] Level 1:colcon.colcon_core.package_identification:_identify(src/turtlebot3/turtlebot3) by extension 'ignore_ament_install'
[4.241s] Level 1:colcon.colcon_core.package_identification:_identify(src/turtlebot3/turtlebot3) by extensions ['colcon_pkg']
[4.242s] Level 1:colcon.colcon_core.package_identification:_identify(src/turtlebot3/turtlebot3) by extension 'colcon_pkg'
[4.242s] Level 1:colcon.colcon_core.package_identification:_identify(src/turtlebot3/turtlebot3) by extensions ['colcon_meta']
[4.243s] Level 1:colcon.colcon_core.package_identification:_identify(src/turtlebot3/turtlebot3) by extension 'colcon_meta'
[4.243s] Level 1:colcon.colcon_core.package_identification:_identify(src/turtlebot3/turtlebot3) by extensions ['ros']
[4.244s] Level 1:colcon.colcon_core.package_identification:_identify(src/turtlebot3/turtlebot3) by extension 'ros'
[4.251s] DEBUG:colcon.colcon_core.package_identification:Package 'src/turtlebot3/turtlebot3' with type 'ros.ament_cmake' and name 'turtlebot3'
[4.252s] Level 1:colcon.colcon_core.package_identification:_identify(src/turtlebot3/turtlebot3_bringup) by extensions ['ignore', 'ignore_ament_install']
[4.253s] Level 1:colcon.colcon_core.package_identification:_identify(src/turtlebot3/turtlebot3_bringup) by extension 'ignore'
[4.254s] Level 1:colcon.colcon_core.package_identification:_identify(src/turtlebot3/turtlebot3_bringup) by extension 'ignore_ament_install'
[4.255s] Level 1:colcon.colcon_core.package_identification:_identify(src/turtlebot3/turtlebot3_bringup) by extensions ['colcon_pkg']
[4.255s] Level 1:colcon.colcon_core.package_identification:_identify(src/turtlebot3/turtlebot3_bringup) by extension 'colcon_pkg'
[4.256s] Level 1:colcon.colcon_core.package_identification:_identify(src/turtlebot3/turtlebot3_bringup) by extensions ['colcon_meta']
[4.256s] Level 1:colcon.colcon_core.package_identification:_identify(src/turtlebot3/turtlebot3_bringup) by extension 'colcon_meta'
[4.257s] Level 1:colcon.colcon_core.package_identification:_identify(src/turtlebot3/turtlebot3_bringup) by extensions ['ros']
[4.258s] Level 1:colcon.colcon_core.package_identification:_identify(src/turtlebot3/turtlebot3_bringup) by extension 'ros'
[4.264s] DEBUG:colcon.colcon_core.package_identification:Package 'src/turtlebot3/turtlebot3_bringup' with type 'ros.ament_cmake' and name 'turtlebot3_bringup'
[4.265s] Level 1:colcon.colcon_core.package_identification:_identify(src/turtlebot3/turtlebot3_description) by extensions ['ignore', 'ignore_ament_install']
[4.266s] Level 1:colcon.colcon_core.package_identification:_identify(src/turtlebot3/turtlebot3_description) by extension 'ignore'
[4.267s] Level 1:colcon.colcon_core.package_identification:_identify(src/turtlebot3/turtlebot3_description) by extension 'ignore_ament_install'
[4.268s] Level 1:colcon.colcon_core.package_identification:_identify(src/turtlebot3/turtlebot3_description) by extensions ['colcon_pkg']
[4.268s] Level 1:colcon.colcon_core.package_identification:_identify(src/turtlebot3/turtlebot3_description) by extension 'colcon_pkg'
[4.269s] Level 1:colcon.colcon_core.package_identification:_identify(src/turtlebot3/turtlebot3_description) by extensions ['colcon_meta']
[4.269s] Level 1:colcon.colcon_core.package_identification:_identify(src/turtlebot3/turtlebot3_description) by extension 'colcon_meta'
[4.270s] Level 1:colcon.colcon_core.package_identification:_identify(src/turtlebot3/turtlebot3_description) by extensions ['ros']
[4.270s] Level 1:colcon.colcon_core.package_identification:_identify(src/turtlebot3/turtlebot3_description) by extension 'ros'
[4.277s] DEBUG:colcon.colcon_core.package_identification:Package 'src/turtlebot3/turtlebot3_description' with type 'ros.ament_cmake' and name 'turtlebot3_description'
[4.279s] Level 1:colcon.colcon_core.package_identification:_identify(src/turtlebot3/turtlebot3_distance_keeper) by extensions ['ignore', 'ignore_ament_install']
[4.280s] Level 1:colcon.colcon_core.package_identification:_identify(src/turtlebot3/turtlebot3_distance_keeper) by extension 'ignore'
[4.280s] Level 1:colcon.colcon_core.package_identification:_identify(src/turtlebot3/turtlebot3_distance_keeper) by extension 'ignore_ament_install'
[4.281s] Level 1:colcon.colcon_core.package_identification:_identify(src/turtlebot3/turtlebot3_distance_keeper) by extensions ['colcon_pkg']
[4.282s] Level 1:colcon.colcon_core.package_identification:_identify(src/turtlebot3/turtlebot3_distance_keeper) by extension 'colcon_pkg'
[4.282s] Level 1:colcon.colcon_core.package_identification:_identify(src/turtlebot3/turtlebot3_distance_keeper) by extensions ['colcon_meta']
[4.283s] Level 1:colcon.colcon_core.package_identification:_identify(src/turtlebot3/turtlebot3_distance_keeper) by extension 'colcon_meta'
[4.283s] Level 1:colcon.colcon_core.package_identification:_identify(src/turtlebot3/turtlebot3_distance_keeper) by extensions ['ros']
[4.284s] Level 1:colcon.colcon_core.package_identification:_identify(src/turtlebot3/turtlebot3_distance_keeper) by extension 'ros'
[4.289s] DEBUG:colcon.colcon_core.package_identification:Package 'src/turtlebot3/turtlebot3_distance_keeper' with type 'ros.ament_python' and name 'turtlebot3_distance_keeper'
[4.291s] Level 1:colcon.colcon_core.package_identification:_identify(src/turtlebot3/turtlebot3_example) by extensions ['ignore', 'ignore_ament_install']
[4.292s] Level 1:colcon.colcon_core.package_identification:_identify(src/turtlebot3/turtlebot3_example) by extension 'ignore'
[4.293s] Level 1:colcon.colcon_core.package_identification:_identify(src/turtlebot3/turtlebot3_example) by extension 'ignore_ament_install'
[4.294s] Level 1:colcon.colcon_core.package_identification:_identify(src/turtlebot3/turtlebot3_example) by extensions ['colcon_pkg']
[4.294s] Level 1:colcon.colcon_core.package_identification:_identify(src/turtlebot3/turtlebot3_example) by extension 'colcon_pkg'
[4.295s] Level 1:colcon.colcon_core.package_identification:_identify(src/turtlebot3/turtlebot3_example) by extensions ['colcon_meta']
[4.296s] Level 1:colcon.colcon_core.package_identification:_identify(src/turtlebot3/turtlebot3_example) by extension 'colcon_meta'
[4.296s] Level 1:colcon.colcon_core.package_identification:_identify(src/turtlebot3/turtlebot3_example) by extensions ['ros']
[4.297s] Level 1:colcon.colcon_core.package_identification:_identify(src/turtlebot3/turtlebot3_example) by extension 'ros'
[4.316s] DEBUG:colcon.colcon_core.package_identification:Package 'src/turtlebot3/turtlebot3_example' with type 'ros.ament_python' and name 'turtlebot3_example'
[4.317s] Level 1:colcon.colcon_core.package_identification:_identify(src/turtlebot3/turtlebot3_node) by extensions ['ignore', 'ignore_ament_install']
[4.318s] Level 1:colcon.colcon_core.package_identification:_identify(src/turtlebot3/turtlebot3_node) by extension 'ignore'
[4.319s] Level 1:colcon.colcon_core.package_identification:_identify(src/turtlebot3/turtlebot3_node) by extension 'ignore_ament_install'
[4.320s] Level 1:colcon.colcon_core.package_identification:_identify(src/turtlebot3/turtlebot3_node) by extensions ['colcon_pkg']
[4.320s] Level 1:colcon.colcon_core.package_identification:_identify(src/turtlebot3/turtlebot3_node) by extension 'colcon_pkg'
[4.321s] Level 1:colcon.colcon_core.package_identification:_identify(src/turtlebot3/turtlebot3_node) by extensions ['colcon_meta']
[4.321s] Level 1:colcon.colcon_core.package_identification:_identify(src/turtlebot3/turtlebot3_node) by extension 'colcon_meta'
[4.322s] Level 1:colcon.colcon_core.package_identification:_identify(src/turtlebot3/turtlebot3_node) by extensions ['ros']
[4.322s] Level 1:colcon.colcon_core.package_identification:_identify(src/turtlebot3/turtlebot3_node) by extension 'ros'
[4.338s] DEBUG:colcon.colcon_core.package_identification:Package 'src/turtlebot3/turtlebot3_node' with type 'ros.ament_cmake' and name 'turtlebot3_node'
[4.340s] Level 1:colcon.colcon_core.package_identification:_identify(src/turtlebot3/turtlebot3_soccer) by extensions ['ignore', 'ignore_ament_install']
[4.341s] Level 1:colcon.colcon_core.package_identification:_identify(src/turtlebot3/turtlebot3_soccer) by extension 'ignore'
[4.341s] Level 1:colcon.colcon_core.package_identification:_identify(src/turtlebot3/turtlebot3_soccer) by extension 'ignore_ament_install'
[4.342s] Level 1:colcon.colcon_core.package_identification:_identify(src/turtlebot3/turtlebot3_soccer) by extensions ['colcon_pkg']
[4.342s] Level 1:colcon.colcon_core.package_identification:_identify(src/turtlebot3/turtlebot3_soccer) by extension 'colcon_pkg'
[4.343s] Level 1:colcon.colcon_core.package_identification:_identify(src/turtlebot3/turtlebot3_soccer) by extensions ['colcon_meta']
[4.343s] Level 1:colcon.colcon_core.package_identification:_identify(src/turtlebot3/turtlebot3_soccer) by extension 'colcon_meta'
[4.344s] Level 1:colcon.colcon_core.package_identification:_identify(src/turtlebot3/turtlebot3_soccer) by extensions ['ros']
[4.345s] Level 1:colcon.colcon_core.package_identification:_identify(src/turtlebot3/turtlebot3_soccer) by extension 'ros'
[4.350s] DEBUG:colcon.colcon_core.package_identification:Package 'src/turtlebot3/turtlebot3_soccer' with type 'ros.ament_python' and name 'turtlebot3_soccer'
[4.352s] Level 1:colcon.colcon_core.package_identification:_identify(src/turtlebot3/turtlebot3_teleop) by extensions ['ignore', 'ignore_ament_install']
[4.353s] Level 1:colcon.colcon_core.package_identification:_identify(src/turtlebot3/turtlebot3_teleop) by extension 'ignore'
[4.353s] Level 1:colcon.colcon_core.package_identification:_identify(src/turtlebot3/turtlebot3_teleop) by extension 'ignore_ament_install'
[4.354s] Level 1:colcon.colcon_core.package_identification:_identify(src/turtlebot3/turtlebot3_teleop) by extensions ['colcon_pkg']
[4.355s] Level 1:colcon.colcon_core.package_identification:_identify(src/turtlebot3/turtlebot3_teleop) by extension 'colcon_pkg'
[4.355s] Level 1:colcon.colcon_core.package_identification:_identify(src/turtlebot3/turtlebot3_teleop) by extensions ['colcon_meta']
[4.356s] Level 1:colcon.colcon_core.package_identification:_identify(src/turtlebot3/turtlebot3_teleop) by extension 'colcon_meta'
[4.356s] Level 1:colcon.colcon_core.package_identification:_identify(src/turtlebot3/turtlebot3_teleop) by extensions ['ros']
[4.357s] Level 1:colcon.colcon_core.package_identification:_identify(src/turtlebot3/turtlebot3_teleop) by extension 'ros'
[4.363s] DEBUG:colcon.colcon_core.package_identification:Package 'src/turtlebot3/turtlebot3_teleop' with type 'ros.ament_python' and name 'turtlebot3_teleop'
[4.363s] Level 1:colcon.colcon_core.package_discovery:discover_packages(recursive) using defaults
[4.364s] Level 1:colcon.colcon_core.package_discovery:discover_packages(ignore) discover
[4.364s] Level 1:colcon.colcon_core.package_discovery:discover_packages(ignore) using defaults
[4.365s] Level 1:colcon.colcon_core.package_discovery:discover_packages(path) discover
[4.365s] Level 1:colcon.colcon_core.package_discovery:discover_packages(path) using defaults
[4.675s] INFO:colcon.colcon_core.package_selection:Skipping not selected package 'ball_locator' in 'src/tb3_rl/ball_locator'
[4.676s] INFO:colcon.colcon_core.package_selection:Skipping not selected package 'ld08_driver' in 'src/ld08_driver'
[4.677s] INFO:colcon.colcon_core.package_selection:Skipping not selected package 'lidar_tracking' in 'src/turtlebot3/lidar_tracking'
[4.677s] INFO:colcon.colcon_core.package_selection:Skipping not selected package 'pub_sub' in 'src/turtlebot3/pub_sub'
[4.678s] INFO:colcon.colcon_core.package_selection:Skipping not selected package 'publish_sensor_info' in 'src/turtlebot3/publish_sensor_info'
[4.678s] INFO:colcon.colcon_core.package_selection:Skipping not selected package 'sb3_inference' in 'src/turtlebot3/sb3_inference'
[4.678s] INFO:colcon.colcon_core.package_selection:Skipping not selected package 'sb3_pusher' in 'src/tb3_rl/sb3_pusher'
[4.679s] INFO:colcon.colcon_core.package_selection:Skipping not selected package 'sb3_target_driver' in 'src/tb3_rl/sb3_target_driver'
[4.679s] INFO:colcon.colcon_core.package_selection:Skipping not selected package 'sensor_pub' in 'src/tb3_rl/sensor_pub'
[4.680s] INFO:colcon.colcon_core.package_selection:Skipping not selected package 'turtlebot3_description' in 'src/turtlebot3/turtlebot3_description'
[4.680s] INFO:colcon.colcon_core.package_selection:Skipping not selected package 'turtlebot3_distance_keeper' in 'src/turtlebot3/turtlebot3_distance_keeper'
[4.680s] INFO:colcon.colcon_core.package_selection:Skipping not selected package 'turtlebot3_example' in 'src/turtlebot3/turtlebot3_example'
[4.681s] INFO:colcon.colcon_core.package_selection:Skipping not selected package 'turtlebot3_node' in 'src/turtlebot3/turtlebot3_node'
[4.681s] INFO:colcon.colcon_core.package_selection:Skipping not selected package 'turtlebot3_soccer' in 'src/turtlebot3/turtlebot3_soccer'
[4.681s] INFO:colcon.colcon_core.package_selection:Skipping not selected package 'turtlebot3_teleop' in 'src/turtlebot3/turtlebot3_teleop'
[4.681s] INFO:colcon.colcon_core.package_selection:Skipping not selected package 'turtlebot3_bringup' in 'src/turtlebot3/turtlebot3_bringup'
[4.682s] INFO:colcon.colcon_core.package_selection:Skipping not selected package 'turtlebot3' in 'src/turtlebot3/turtlebot3'
[4.686s] Level 1:colcon.colcon_core.package_discovery:discover_packages(prefix_path) check parameters
[4.686s] Level 1:colcon.colcon_core.package_discovery:discover_packages(prefix_path) discover
[4.727s] DEBUG:colcon.colcon_installed_package_information.package_discovery:Found 18 installed packages in /home/turtle1/turtlebot3_ws/install
[4.758s] DEBUG:colcon.colcon_installed_package_information.package_discovery:Found 321 installed packages in /opt/ros/humble
[4.778s] Level 1:colcon.colcon_core.package_discovery:discover_packages(prefix_path) using defaults
[5.331s] Level 5:colcon.colcon_core.verb:set package 'autonomous_driving' build argument 'cmake_args' from command line to 'None'
[5.332s] Level 5:colcon.colcon_core.verb:set package 'autonomous_driving' build argument 'cmake_target' from command line to 'None'
[5.332s] Level 5:colcon.colcon_core.verb:set package 'autonomous_driving' build argument 'cmake_target_skip_unavailable' from command line to 'False'
[5.332s] Level 5:colcon.colcon_core.verb:set package 'autonomous_driving' build argument 'cmake_clean_cache' from command line to 'False'
[5.333s] Level 5:colcon.colcon_core.verb:set package 'autonomous_driving' build argument 'cmake_clean_first' from command line to 'False'
[5.333s] Level 5:colcon.colcon_core.verb:set package 'autonomous_driving' build argument 'cmake_force_configure' from command line to 'False'
[5.333s] Level 5:colcon.colcon_core.verb:set package 'autonomous_driving' build argument 'ament_cmake_args' from command line to 'None'
[5.334s] Level 5:colcon.colcon_core.verb:set package 'autonomous_driving' build argument 'catkin_cmake_args' from command line to 'None'
[5.334s] Level 5:colcon.colcon_core.verb:set package 'autonomous_driving' build argument 'catkin_skip_building_tests' from command line to 'False'
[5.335s] DEBUG:colcon.colcon_core.verb:Building package 'autonomous_driving' with the following arguments: {'ament_cmake_args': None, 'build_base': '/home/turtle1/turtlebot3_ws/build/autonomous_driving', 'catkin_cmake_args': None, 'catkin_skip_building_tests': False, 'cmake_args': None, 'cmake_clean_cache': False, 'cmake_clean_first': False, 'cmake_force_configure': False, 'cmake_target': None, 'cmake_target_skip_unavailable': False, 'install_base': '/home/turtle1/turtlebot3_ws/install/autonomous_driving', 'merge_install': False, 'path': '/home/turtle1/turtlebot3_ws/src/turtlebot3/autonomous_driving', 'symlink_install': False, 'test_result_base': None}
[5.336s] INFO:colcon.colcon_core.executor:Executing jobs using 'parallel' executor
[5.344s] DEBUG:colcon.colcon_parallel_executor.executor.parallel:run_until_complete
[5.346s] INFO:colcon.colcon_ros.task.ament_python.build:Building ROS package in '/home/turtle1/turtlebot3_ws/src/turtlebot3/autonomous_driving' with build type 'ament_python'
[5.347s] Level 1:colcon.colcon_core.shell:create_environment_hook('autonomous_driving', 'ament_prefix_path')
[5.380s] INFO:colcon.colcon_core.plugin_system:Skipping extension 'colcon_core.shell.bat': Not used on non-Windows systems
[5.383s] INFO:colcon.colcon_core.shell:Creating environment hook '/home/turtle1/turtlebot3_ws/install/autonomous_driving/share/autonomous_driving/hook/ament_prefix_path.ps1'
[5.390s] INFO:colcon.colcon_core.shell:Creating environment descriptor '/home/turtle1/turtlebot3_ws/install/autonomous_driving/share/autonomous_driving/hook/ament_prefix_path.dsv'
[5.395s] INFO:colcon.colcon_core.shell:Creating environment hook '/home/turtle1/turtlebot3_ws/install/autonomous_driving/share/autonomous_driving/hook/ament_prefix_path.sh'
[5.404s] INFO:colcon.colcon_core.shell:Skip shell extension 'powershell' for command environment: Not usable outside of PowerShell
[5.404s] DEBUG:colcon.colcon_core.shell:Skip shell extension 'dsv' for command environment
[9.121s] INFO:colcon.colcon_core.task.python.build:Building Python package in '/home/turtle1/turtlebot3_ws/src/turtlebot3/autonomous_driving'
[9.124s] INFO:colcon.colcon_core.shell:Skip shell extension 'powershell' for command environment: Not usable outside of PowerShell
[9.124s] DEBUG:colcon.colcon_core.shell:Skip shell extension 'dsv' for command environment
[13.773s] DEBUG:colcon.colcon_core.event_handler.log_command:Invoking command in '/home/turtle1/turtlebot3_ws/src/turtlebot3/autonomous_driving': PYTHONPATH=/home/turtle1/turtlebot3_ws/build/autonomous_driving/prefix_override:/usr/lib/python3/dist-packages/colcon_core/task/python/colcon_distutils_commands:/home/turtle1/turtlebot3_ws/install/autonomous_driving/lib/python3.10/site-packages:${PYTHONPATH} /usr/bin/python3 -W ignore:setup.py install is deprecated -W ignore:easy_install command is deprecated setup.py egg_info --egg-base ../../../build/autonomous_driving build --build-base /home/turtle1/turtlebot3_ws/build/autonomous_driving/build install --record /home/turtle1/turtlebot3_ws/build/autonomous_driving/install.log --single-version-externally-managed install_data
[17.853s] DEBUG:colcon.colcon_core.event_handler.log_command:Invoked command in '/home/turtle1/turtlebot3_ws/src/turtlebot3/autonomous_driving' returned '0': PYTHONPATH=/home/turtle1/turtlebot3_ws/build/autonomous_driving/prefix_override:/usr/lib/python3/dist-packages/colcon_core/task/python/colcon_distutils_commands:/home/turtle1/turtlebot3_ws/install/autonomous_driving/lib/python3.10/site-packages:${PYTHONPATH} /usr/bin/python3 -W ignore:setup.py install is deprecated -W ignore:easy_install command is deprecated setup.py egg_info --egg-base ../../../build/autonomous_driving build --build-base /home/turtle1/turtlebot3_ws/build/autonomous_driving/build install --record /home/turtle1/turtlebot3_ws/build/autonomous_driving/install.log --single-version-externally-managed install_data
[17.885s] Level 1:colcon.colcon_core.environment:checking '/home/turtle1/turtlebot3_ws/install/autonomous_driving' for CMake module files
[17.891s] Level 1:colcon.colcon_core.environment:checking '/home/turtle1/turtlebot3_ws/install/autonomous_driving' for CMake config files
[17.901s] Level 1:colcon.colcon_core.environment:checking '/home/turtle1/turtlebot3_ws/install/autonomous_driving/lib'
[17.903s] Level 1:colcon.colcon_core.environment:checking '/home/turtle1/turtlebot3_ws/install/autonomous_driving/bin'
[17.904s] Level 1:colcon.colcon_core.environment:checking '/home/turtle1/turtlebot3_ws/install/autonomous_driving/lib/pkgconfig/autonomous_driving.pc'
[17.907s] Level 1:colcon.colcon_core.environment:checking '/home/turtle1/turtlebot3_ws/install/autonomous_driving/lib/python3.10/site-packages'
[17.907s] Level 1:colcon.colcon_core.shell:create_environment_hook('autonomous_driving', 'pythonpath')
[17.910s] INFO:colcon.colcon_core.shell:Creating environment hook '/home/turtle1/turtlebot3_ws/install/autonomous_driving/share/autonomous_driving/hook/pythonpath.ps1'
[17.915s] INFO:colcon.colcon_core.shell:Creating environment descriptor '/home/turtle1/turtlebot3_ws/install/autonomous_driving/share/autonomous_driving/hook/pythonpath.dsv'
[17.919s] INFO:colcon.colcon_core.shell:Creating environment hook '/home/turtle1/turtlebot3_ws/install/autonomous_driving/share/autonomous_driving/hook/pythonpath.sh'
[17.926s] Level 1:colcon.colcon_core.environment:checking '/home/turtle1/turtlebot3_ws/install/autonomous_driving/bin'
[17.927s] Level 1:colcon.colcon_core.environment:create_environment_scripts_only(autonomous_driving)
[17.930s] INFO:colcon.colcon_core.shell:Creating package script '/home/turtle1/turtlebot3_ws/install/autonomous_driving/share/autonomous_driving/package.ps1'
[17.941s] INFO:colcon.colcon_core.shell:Creating package descriptor '/home/turtle1/turtlebot3_ws/install/autonomous_driving/share/autonomous_driving/package.dsv'
[17.948s] INFO:colcon.colcon_core.shell:Creating package script '/home/turtle1/turtlebot3_ws/install/autonomous_driving/share/autonomous_driving/package.sh'
[17.957s] INFO:colcon.colcon_core.shell:Creating package script '/home/turtle1/turtlebot3_ws/install/autonomous_driving/share/autonomous_driving/package.bash'
[17.965s] INFO:colcon.colcon_core.shell:Creating package script '/home/turtle1/turtlebot3_ws/install/autonomous_driving/share/autonomous_driving/package.zsh'
[17.973s] Level 1:colcon.colcon_core.environment:create_file_with_runtime_dependencies(/home/turtle1/turtlebot3_ws/install/autonomous_driving/share/colcon-core/packages/autonomous_driving)
[17.977s] DEBUG:colcon.colcon_parallel_executor.executor.parallel:closing loop
[17.980s] DEBUG:colcon.colcon_parallel_executor.executor.parallel:loop closed
[17.981s] DEBUG:colcon.colcon_parallel_executor.executor.parallel:run_until_complete finished with '0'
[17.982s] DEBUG:colcon.colcon_core.event_reactor:joining thread
[18.038s] INFO:colcon.colcon_core.plugin_system:Skipping extension 'colcon_notification.desktop_notification.terminal_notifier': Not used on non-Darwin systems
[18.039s] INFO:colcon.colcon_core.plugin_system:Skipping extension 'colcon_notification.desktop_notification.win32': Not used on non-Windows systems
[18.040s] INFO:colcon.colcon_notification.desktop_notification:Sending desktop notification using 'notify2'
[18.154s] DEBUG:colcon.colcon_core.event_reactor:joined thread
[18.158s] INFO:colcon.colcon_core.shell:Creating prefix script '/home/turtle1/turtlebot3_ws/install/local_setup.ps1'
[18.169s] INFO:colcon.colcon_core.shell:Creating prefix util module '/home/turtle1/turtlebot3_ws/install/_local_setup_util_ps1.py'
[18.188s] INFO:colcon.colcon_core.shell:Creating prefix chain script '/home/turtle1/turtlebot3_ws/install/setup.ps1'
[18.218s] INFO:colcon.colcon_core.shell:Creating prefix script '/home/turtle1/turtlebot3_ws/install/local_setup.sh'
[18.226s] INFO:colcon.colcon_core.shell:Creating prefix util module '/home/turtle1/turtlebot3_ws/install/_local_setup_util_sh.py'
[18.235s] INFO:colcon.colcon_core.shell:Creating prefix chain script '/home/turtle1/turtlebot3_ws/install/setup.sh'
[18.265s] INFO:colcon.colcon_core.shell:Creating prefix script '/home/turtle1/turtlebot3_ws/install/local_setup.bash'
[18.272s] INFO:colcon.colcon_core.shell:Creating prefix chain script '/home/turtle1/turtlebot3_ws/install/setup.bash'
[18.300s] INFO:colcon.colcon_core.shell:Creating prefix script '/home/turtle1/turtlebot3_ws/install/local_setup.zsh'
[18.307s] INFO:colcon.colcon_core.shell:Creating prefix chain script '/home/turtle1/turtlebot3_ws/install/setup.zsh'
