[5.200s] Invoking command in '/home/turtle1/turtlebot3_ws/src/tb3_rl/sb3_pusher': PYTHONPATH=/home/turtle1/turtlebot3_ws/build/sb3_pusher/prefix_override:/usr/lib/python3/dist-packages/colcon_core/task/python/colcon_distutils_commands:/home/turtle1/turtlebot3_ws/install/sb3_pusher/lib/python3.10/site-packages:${PYTHONPATH} /usr/bin/python3 -W ignore:setup.py install is deprecated -W ignore:easy_install command is deprecated setup.py egg_info --egg-base ../../../build/sb3_pusher build --build-base /home/turtle1/turtlebot3_ws/build/sb3_pusher/build install --record /home/turtle1/turtlebot3_ws/build/sb3_pusher/install.log --single-version-externally-managed install_data
[6.983s] running egg_info
[6.987s] writing ../../../build/sb3_pusher/sb3_pusher.egg-info/PKG-INFO
[6.991s] writing dependency_links to ../../../build/sb3_pusher/sb3_pusher.egg-info/dependency_links.txt
[6.994s] writing entry points to ../../../build/sb3_pusher/sb3_pusher.egg-info/entry_points.txt
[6.997s] writing requirements to ../../../build/sb3_pusher/sb3_pusher.egg-info/requires.txt
[6.998s] writing top-level names to ../../../build/sb3_pusher/sb3_pusher.egg-info/top_level.txt
[7.018s] reading manifest file '../../../build/sb3_pusher/sb3_pusher.egg-info/SOURCES.txt'
[7.024s] adding license file 'LICENSE'
[7.028s] writing manifest file '../../../build/sb3_pusher/sb3_pusher.egg-info/SOURCES.txt'
[7.029s] running build
[7.029s] running build_py
[7.030s] copying sb3_pusher/camera_inference.py -> /home/turtle1/turtlebot3_ws/build/sb3_pusher/build/lib/sb3_pusher
[7.032s] running install
[7.036s] running install_lib
[7.038s] copying /home/turtle1/turtlebot3_ws/build/sb3_pusher/build/lib/sb3_pusher/camera_inference.py -> /home/turtle1/turtlebot3_ws/install/sb3_pusher/lib/python3.10/site-packages/sb3_pusher
[7.045s] byte-compiling /home/turtle1/turtlebot3_ws/install/sb3_pusher/lib/python3.10/site-packages/sb3_pusher/camera_inference.py to camera_inference.cpython-310.pyc
[7.060s] running install_data
[7.061s] running install_egg_info
[7.076s] removing '/home/turtle1/turtlebot3_ws/install/sb3_pusher/lib/python3.10/site-packages/sb3_pusher-0.0.0-py3.10.egg-info' (and everything under it)
[7.078s] Copying ../../../build/sb3_pusher/sb3_pusher.egg-info to /home/turtle1/turtlebot3_ws/install/sb3_pusher/lib/python3.10/site-packages/sb3_pusher-0.0.0-py3.10.egg-info
[7.096s] running install_scripts
[7.253s] Installing inference script to /home/turtle1/turtlebot3_ws/install/sb3_pusher/lib/sb3_pusher
[7.256s] writing list of installed files to '/home/turtle1/turtlebot3_ws/build/sb3_pusher/install.log'
[7.448s] Invoked command in '/home/turtle1/turtlebot3_ws/src/tb3_rl/sb3_pusher' returned '0': PYTHONPATH=/home/turtle1/turtlebot3_ws/build/sb3_pusher/prefix_override:/usr/lib/python3/dist-packages/colcon_core/task/python/colcon_distutils_commands:/home/turtle1/turtlebot3_ws/install/sb3_pusher/lib/python3.10/site-packages:${PYTHONPATH} /usr/bin/python3 -W ignore:setup.py install is deprecated -W ignore:easy_install command is deprecated setup.py egg_info --egg-base ../../../build/sb3_pusher build --build-base /home/turtle1/turtlebot3_ws/build/sb3_pusher/build install --record /home/turtle1/turtlebot3_ws/build/sb3_pusher/install.log --single-version-externally-managed install_data
