[1.419s] DEBUG:colcon:Command line arguments: ['/usr/bin/colcon', 'build', '--packages-select', 'autonomous_driving']
[1.420s] DEBUG:colcon:Parsed command line arguments: Namespace(log_base=None, log_level=None, verb_name='build', build_base='build', install_base='install', merge_install=False, symlink_install=False, test_result_base=None, continue_on_error=False, executor='parallel', parallel_workers=4, event_handlers=None, ignore_user_meta=False, metas=['./colcon.meta'], base_paths=['.'], packages_ignore=None, packages_ignore_regex=None, paths=None, packages_up_to=None, packages_up_to_regex=None, packages_above=None, packages_above_and_dependencies=None, packages_above_depth=None, packages_select_by_dep=None, packages_skip_by_dep=None, packages_skip_up_to=None, packages_select_build_failed=False, packages_skip_build_finished=False, packages_select_test_failures=False, packages_skip_test_passed=False, packages_select=['autonomous_driving'], packages_skip=None, packages_select_regex=None, packages_skip_regex=None, packages_start=None, packages_end=None, allow_overriding=[], cmake_args=None, cmake_target=None, cmake_target_skip_unavailable=False, cmake_clean_cache=False, cmake_clean_first=False, cmake_force_configure=False, ament_cmake_args=None, catkin_cmake_args=None, catkin_skip_building_tests=False, mixin_files=None, mixin=None, verb_parser=<colcon_mixin.mixin.mixin_argument.MixinArgumentDecorator object at 0xffff8ad58a90>, verb_extension=<colcon_core.verb.build.BuildVerb object at 0xffff8ae79900>, main=<bound method BuildVerb.main of <colcon_core.verb.build.BuildVerb object at 0xffff8ae79900>>, mixin_verb=('build',))
[3.925s] Level 1:colcon.colcon_core.package_discovery:discover_packages(colcon_meta) check parameters
[3.926s] Level 1:colcon.colcon_core.package_discovery:discover_packages(recursive) check parameters
[3.926s] Level 1:colcon.colcon_core.package_discovery:discover_packages(ignore) check parameters
[3.927s] Level 1:colcon.colcon_core.package_discovery:discover_packages(path) check parameters
[3.927s] Level 1:colcon.colcon_core.package_discovery:discover_packages(colcon_meta) discover
[3.928s] Level 1:colcon.colcon_core.package_discovery:discover_packages(recursive) discover
[3.929s] INFO:colcon.colcon_core.package_discovery:Crawling recursively for packages in '/home/turtle1/turtlebot3_ws'
[3.930s] Level 1:colcon.colcon_core.package_identification:_identify(.) by extensions ['ignore', 'ignore_ament_install']
[3.931s] Level 1:colcon.colcon_core.package_identification:_identify(.) by extension 'ignore'
[3.932s] Level 1:colcon.colcon_core.package_identification:_identify(.) by extension 'ignore_ament_install'
[3.933s] Level 1:colcon.colcon_core.package_identification:_identify(.) by extensions ['colcon_pkg']
[3.934s] Level 1:colcon.colcon_core.package_identification:_identify(.) by extension 'colcon_pkg'
[3.935s] Level 1:colcon.colcon_core.package_identification:_identify(.) by extensions ['colcon_meta']
[3.935s] Level 1:colcon.colcon_core.package_identification:_identify(.) by extension 'colcon_meta'
[3.936s] Level 1:colcon.colcon_core.package_identification:_identify(.) by extensions ['ros']
[3.936s] Level 1:colcon.colcon_core.package_identification:_identify(.) by extension 'ros'
[4.068s] Level 1:colcon.colcon_core.package_identification:_identify(.) by extensions ['cmake', 'python']
[4.069s] Level 1:colcon.colcon_core.package_identification:_identify(.) by extension 'cmake'
[4.070s] Level 1:colcon.colcon_core.package_identification:_identify(.) by extension 'python'
[4.070s] Level 1:colcon.colcon_core.package_identification:_identify(.) by extensions ['python_setup_py']
[4.071s] Level 1:colcon.colcon_core.package_identification:_identify(.) by extension 'python_setup_py'
[4.073s] Level 1:colcon.colcon_core.package_identification:_identify(build) by extensions ['ignore', 'ignore_ament_install']
[4.074s] Level 1:colcon.colcon_core.package_identification:_identify(build) by extension 'ignore'
[4.075s] Level 1:colcon.colcon_core.package_identification:_identify(build) ignored
[4.078s] Level 1:colcon.colcon_core.package_identification:_identify(install) by extensions ['ignore', 'ignore_ament_install']
[4.079s] Level 1:colcon.colcon_core.package_identification:_identify(install) by extension 'ignore'
[4.080s] Level 1:colcon.colcon_core.package_identification:_identify(install) ignored
[4.085s] Level 1:colcon.colcon_core.package_identification:_identify(log) by extensions ['ignore', 'ignore_ament_install']
[4.087s] Level 1:colcon.colcon_core.package_identification:_identify(log) by extension 'ignore'
[4.087s] Level 1:colcon.colcon_core.package_identification:_identify(log) ignored
[4.089s] Level 1:colcon.colcon_core.package_identification:_identify(src) by extensions ['ignore', 'ignore_ament_install']
[4.090s] Level 1:colcon.colcon_core.package_identification:_identify(src) by extension 'ignore'
[4.091s] Level 1:colcon.colcon_core.package_identification:_identify(src) by extension 'ignore_ament_install'
[4.092s] Level 1:colcon.colcon_core.package_identification:_identify(src) by extensions ['colcon_pkg']
[4.092s] Level 1:colcon.colcon_core.package_identification:_identify(src) by extension 'colcon_pkg'
[4.093s] Level 1:colcon.colcon_core.package_identification:_identify(src) by extensions ['colcon_meta']
[4.093s] Level 1:colcon.colcon_core.package_identification:_identify(src) by extension 'colcon_meta'
[4.094s] Level 1:colcon.colcon_core.package_identification:_identify(src) by extensions ['ros']
[4.095s] Level 1:colcon.colcon_core.package_identification:_identify(src) by extension 'ros'
[4.096s] Level 1:colcon.colcon_core.package_identification:_identify(src) by extensions ['cmake', 'python']
[4.097s] Level 1:colcon.colcon_core.package_identification:_identify(src) by extension 'cmake'
[4.097s] Level 1:colcon.colcon_core.package_identification:_identify(src) by extension 'python'
[4.098s] Level 1:colcon.colcon_core.package_identification:_identify(src) by extensions ['python_setup_py']
[4.099s] Level 1:colcon.colcon_core.package_identification:_identify(src) by extension 'python_setup_py'
[4.100s] Level 1:colcon.colcon_core.package_identification:_identify(src/ld08_driver) by extensions ['ignore', 'ignore_ament_install']
[4.102s] Level 1:colcon.colcon_core.package_identification:_identify(src/ld08_driver) by extension 'ignore'
[4.103s] Level 1:colcon.colcon_core.package_identification:_identify(src/ld08_driver) by extension 'ignore_ament_install'
[4.104s] Level 1:colcon.colcon_core.package_identification:_identify(src/ld08_driver) by extensions ['colcon_pkg']
[4.104s] Level 1:colcon.colcon_core.package_identification:_identify(src/ld08_driver) by extension 'colcon_pkg'
[4.105s] Level 1:colcon.colcon_core.package_identification:_identify(src/ld08_driver) by extensions ['colcon_meta']
[4.105s] Level 1:colcon.colcon_core.package_identification:_identify(src/ld08_driver) by extension 'colcon_meta'
[4.106s] Level 1:colcon.colcon_core.package_identification:_identify(src/ld08_driver) by extensions ['ros']
[4.107s] Level 1:colcon.colcon_core.package_identification:_identify(src/ld08_driver) by extension 'ros'
[4.133s] DEBUG:colcon.colcon_core.package_identification:Package 'src/ld08_driver' with type 'ros.ament_cmake' and name 'ld08_driver'
[4.135s] Level 1:colcon.colcon_core.package_identification:_identify(src/tb3_rl) by extensions ['ignore', 'ignore_ament_install']
[4.136s] Level 1:colcon.colcon_core.package_identification:_identify(src/tb3_rl) by extension 'ignore'
[4.137s] Level 1:colcon.colcon_core.package_identification:_identify(src/tb3_rl) by extension 'ignore_ament_install'
[4.138s] Level 1:colcon.colcon_core.package_identification:_identify(src/tb3_rl) by extensions ['colcon_pkg']
[4.139s] Level 1:colcon.colcon_core.package_identification:_identify(src/tb3_rl) by extension 'colcon_pkg'
[4.139s] Level 1:colcon.colcon_core.package_identification:_identify(src/tb3_rl) by extensions ['colcon_meta']
[4.140s] Level 1:colcon.colcon_core.package_identification:_identify(src/tb3_rl) by extension 'colcon_meta'
[4.140s] Level 1:colcon.colcon_core.package_identification:_identify(src/tb3_rl) by extensions ['ros']
[4.141s] Level 1:colcon.colcon_core.package_identification:_identify(src/tb3_rl) by extension 'ros'
[4.142s] Level 1:colcon.colcon_core.package_identification:_identify(src/tb3_rl) by extensions ['cmake', 'python']
[4.143s] Level 1:colcon.colcon_core.package_identification:_identify(src/tb3_rl) by extension 'cmake'
[4.144s] Level 1:colcon.colcon_core.package_identification:_identify(src/tb3_rl) by extension 'python'
[4.144s] Level 1:colcon.colcon_core.package_identification:_identify(src/tb3_rl) by extensions ['python_setup_py']
[4.145s] Level 1:colcon.colcon_core.package_identification:_identify(src/tb3_rl) by extension 'python_setup_py'
[4.147s] Level 1:colcon.colcon_core.package_identification:_identify(src/tb3_rl/ball_locator) by extensions ['ignore', 'ignore_ament_install']
[4.148s] Level 1:colcon.colcon_core.package_identification:_identify(src/tb3_rl/ball_locator) by extension 'ignore'
[4.149s] Level 1:colcon.colcon_core.package_identification:_identify(src/tb3_rl/ball_locator) by extension 'ignore_ament_install'
[4.150s] Level 1:colcon.colcon_core.package_identification:_identify(src/tb3_rl/ball_locator) by extensions ['colcon_pkg']
[4.150s] Level 1:colcon.colcon_core.package_identification:_identify(src/tb3_rl/ball_locator) by extension 'colcon_pkg'
[4.151s] Level 1:colcon.colcon_core.package_identification:_identify(src/tb3_rl/ball_locator) by extensions ['colcon_meta']
[4.151s] Level 1:colcon.colcon_core.package_identification:_identify(src/tb3_rl/ball_locator) by extension 'colcon_meta'
[4.152s] Level 1:colcon.colcon_core.package_identification:_identify(src/tb3_rl/ball_locator) by extensions ['ros']
[4.152s] Level 1:colcon.colcon_core.package_identification:_identify(src/tb3_rl/ball_locator) by extension 'ros'
[4.158s] DEBUG:colcon.colcon_core.package_identification:Package 'src/tb3_rl/ball_locator' with type 'ros.ament_python' and name 'ball_locator'
[4.160s] Level 1:colcon.colcon_core.package_identification:_identify(src/tb3_rl/build) by extensions ['ignore', 'ignore_ament_install']
[4.161s] Level 1:colcon.colcon_core.package_identification:_identify(src/tb3_rl/build) by extension 'ignore'
[4.161s] Level 1:colcon.colcon_core.package_identification:_identify(src/tb3_rl/build) ignored
[4.163s] Level 1:colcon.colcon_core.package_identification:_identify(src/tb3_rl/install) by extensions ['ignore', 'ignore_ament_install']
[4.164s] Level 1:colcon.colcon_core.package_identification:_identify(src/tb3_rl/install) by extension 'ignore'
[4.165s] Level 1:colcon.colcon_core.package_identification:_identify(src/tb3_rl/install) ignored
[4.166s] Level 1:colcon.colcon_core.package_identification:_identify(src/tb3_rl/log) by extensions ['ignore', 'ignore_ament_install']
[4.167s] Level 1:colcon.colcon_core.package_identification:_identify(src/tb3_rl/log) by extension 'ignore'
[4.167s] Level 1:colcon.colcon_core.package_identification:_identify(src/tb3_rl/log) by extension 'ignore_ament_install'
[4.168s] Level 1:colcon.colcon_core.package_identification:_identify(src/tb3_rl/log) by extensions ['colcon_pkg']
[4.169s] Level 1:colcon.colcon_core.package_identification:_identify(src/tb3_rl/log) by extension 'colcon_pkg'
[4.169s] Level 1:colcon.colcon_core.package_identification:_identify(src/tb3_rl/log) by extensions ['colcon_meta']
[4.169s] Level 1:colcon.colcon_core.package_identification:_identify(src/tb3_rl/log) by extension 'colcon_meta'
[4.170s] Level 1:colcon.colcon_core.package_identification:_identify(src/tb3_rl/log) by extensions ['ros']
[4.171s] Level 1:colcon.colcon_core.package_identification:_identify(src/tb3_rl/log) by extension 'ros'
[4.172s] Level 1:colcon.colcon_core.package_identification:_identify(src/tb3_rl/log) by extensions ['cmake', 'python']
[4.172s] Level 1:colcon.colcon_core.package_identification:_identify(src/tb3_rl/log) by extension 'cmake'
[4.173s] Level 1:colcon.colcon_core.package_identification:_identify(src/tb3_rl/log) by extension 'python'
[4.173s] Level 1:colcon.colcon_core.package_identification:_identify(src/tb3_rl/log) by extensions ['python_setup_py']
[4.174s] Level 1:colcon.colcon_core.package_identification:_identify(src/tb3_rl/log) by extension 'python_setup_py'
[4.175s] Level 1:colcon.colcon_core.package_identification:_identify(src/tb3_rl/nano_scripts) by extensions ['ignore', 'ignore_ament_install']
[4.176s] Level 1:colcon.colcon_core.package_identification:_identify(src/tb3_rl/nano_scripts) by extension 'ignore'
[4.177s] Level 1:colcon.colcon_core.package_identification:_identify(src/tb3_rl/nano_scripts) by extension 'ignore_ament_install'
[4.177s] Level 1:colcon.colcon_core.package_identification:_identify(src/tb3_rl/nano_scripts) by extensions ['colcon_pkg']
[4.178s] Level 1:colcon.colcon_core.package_identification:_identify(src/tb3_rl/nano_scripts) by extension 'colcon_pkg'
[4.178s] Level 1:colcon.colcon_core.package_identification:_identify(src/tb3_rl/nano_scripts) by extensions ['colcon_meta']
[4.179s] Level 1:colcon.colcon_core.package_identification:_identify(src/tb3_rl/nano_scripts) by extension 'colcon_meta'
[4.179s] Level 1:colcon.colcon_core.package_identification:_identify(src/tb3_rl/nano_scripts) by extensions ['ros']
[4.180s] Level 1:colcon.colcon_core.package_identification:_identify(src/tb3_rl/nano_scripts) by extension 'ros'
[4.181s] Level 1:colcon.colcon_core.package_identification:_identify(src/tb3_rl/nano_scripts) by extensions ['cmake', 'python']
[4.181s] Level 1:colcon.colcon_core.package_identification:_identify(src/tb3_rl/nano_scripts) by extension 'cmake'
[4.182s] Level 1:colcon.colcon_core.package_identification:_identify(src/tb3_rl/nano_scripts) by extension 'python'
[4.182s] Level 1:colcon.colcon_core.package_identification:_identify(src/tb3_rl/nano_scripts) by extensions ['python_setup_py']
[4.183s] Level 1:colcon.colcon_core.package_identification:_identify(src/tb3_rl/nano_scripts) by extension 'python_setup_py'
[4.184s] Level 1:colcon.colcon_core.package_identification:_identify(src/tb3_rl/sb3_pusher) by extensions ['ignore', 'ignore_ament_install']
[4.185s] Level 1:colcon.colcon_core.package_identification:_identify(src/tb3_rl/sb3_pusher) by extension 'ignore'
[4.186s] Level 1:colcon.colcon_core.package_identification:_identify(src/tb3_rl/sb3_pusher) by extension 'ignore_ament_install'
[4.187s] Level 1:colcon.colcon_core.package_identification:_identify(src/tb3_rl/sb3_pusher) by extensions ['colcon_pkg']
[4.187s] Level 1:colcon.colcon_core.package_identification:_identify(src/tb3_rl/sb3_pusher) by extension 'colcon_pkg'
[4.188s] Level 1:colcon.colcon_core.package_identification:_identify(src/tb3_rl/sb3_pusher) by extensions ['colcon_meta']
[4.188s] Level 1:colcon.colcon_core.package_identification:_identify(src/tb3_rl/sb3_pusher) by extension 'colcon_meta'
[4.189s] Level 1:colcon.colcon_core.package_identification:_identify(src/tb3_rl/sb3_pusher) by extensions ['ros']
[4.189s] Level 1:colcon.colcon_core.package_identification:_identify(src/tb3_rl/sb3_pusher) by extension 'ros'
[4.195s] DEBUG:colcon.colcon_core.package_identification:Package 'src/tb3_rl/sb3_pusher' with type 'ros.ament_python' and name 'sb3_pusher'
[4.196s] Level 1:colcon.colcon_core.package_identification:_identify(src/tb3_rl/sb3_target_driver) by extensions ['ignore', 'ignore_ament_install']
[4.197s] Level 1:colcon.colcon_core.package_identification:_identify(src/tb3_rl/sb3_target_driver) by extension 'ignore'
[4.198s] Level 1:colcon.colcon_core.package_identification:_identify(src/tb3_rl/sb3_target_driver) by extension 'ignore_ament_install'
[4.199s] Level 1:colcon.colcon_core.package_identification:_identify(src/tb3_rl/sb3_target_driver) by extensions ['colcon_pkg']
[4.199s] Level 1:colcon.colcon_core.package_identification:_identify(src/tb3_rl/sb3_target_driver) by extension 'colcon_pkg'
[4.200s] Level 1:colcon.colcon_core.package_identification:_identify(src/tb3_rl/sb3_target_driver) by extensions ['colcon_meta']
[4.200s] Level 1:colcon.colcon_core.package_identification:_identify(src/tb3_rl/sb3_target_driver) by extension 'colcon_meta'
[4.201s] Level 1:colcon.colcon_core.package_identification:_identify(src/tb3_rl/sb3_target_driver) by extensions ['ros']
[4.201s] Level 1:colcon.colcon_core.package_identification:_identify(src/tb3_rl/sb3_target_driver) by extension 'ros'
[4.207s] DEBUG:colcon.colcon_core.package_identification:Package 'src/tb3_rl/sb3_target_driver' with type 'ros.ament_python' and name 'sb3_target_driver'
[4.209s] Level 1:colcon.colcon_core.package_identification:_identify(src/tb3_rl/sensor_pub) by extensions ['ignore', 'ignore_ament_install']
[4.210s] Level 1:colcon.colcon_core.package_identification:_identify(src/tb3_rl/sensor_pub) by extension 'ignore'
[4.211s] Level 1:colcon.colcon_core.package_identification:_identify(src/tb3_rl/sensor_pub) by extension 'ignore_ament_install'
[4.212s] Level 1:colcon.colcon_core.package_identification:_identify(src/tb3_rl/sensor_pub) by extensions ['colcon_pkg']
[4.212s] Level 1:colcon.colcon_core.package_identification:_identify(src/tb3_rl/sensor_pub) by extension 'colcon_pkg'
[4.213s] Level 1:colcon.colcon_core.package_identification:_identify(src/tb3_rl/sensor_pub) by extensions ['colcon_meta']
[4.213s] Level 1:colcon.colcon_core.package_identification:_identify(src/tb3_rl/sensor_pub) by extension 'colcon_meta'
[4.214s] Level 1:colcon.colcon_core.package_identification:_identify(src/tb3_rl/sensor_pub) by extensions ['ros']
[4.214s] Level 1:colcon.colcon_core.package_identification:_identify(src/tb3_rl/sensor_pub) by extension 'ros'
[4.220s] DEBUG:colcon.colcon_core.package_identification:Package 'src/tb3_rl/sensor_pub' with type 'ros.ament_python' and name 'sensor_pub'
[4.222s] Level 1:colcon.colcon_core.package_identification:_identify(src/turtlebot3) by extensions ['ignore', 'ignore_ament_install']
[4.223s] Level 1:colcon.colcon_core.package_identification:_identify(src/turtlebot3) by extension 'ignore'
[4.223s] Level 1:colcon.colcon_core.package_identification:_identify(src/turtlebot3) by extension 'ignore_ament_install'
[4.224s] Level 1:colcon.colcon_core.package_identification:_identify(src/turtlebot3) by extensions ['colcon_pkg']
[4.225s] Level 1:colcon.colcon_core.package_identification:_identify(src/turtlebot3) by extension 'colcon_pkg'
[4.225s] Level 1:colcon.colcon_core.package_identification:_identify(src/turtlebot3) by extensions ['colcon_meta']
[4.226s] Level 1:colcon.colcon_core.package_identification:_identify(src/turtlebot3) by extension 'colcon_meta'
[4.226s] Level 1:colcon.colcon_core.package_identification:_identify(src/turtlebot3) by extensions ['ros']
[4.227s] Level 1:colcon.colcon_core.package_identification:_identify(src/turtlebot3) by extension 'ros'
[4.228s] Level 1:colcon.colcon_core.package_identification:_identify(src/turtlebot3) by extensions ['cmake', 'python']
[4.228s] Level 1:colcon.colcon_core.package_identification:_identify(src/turtlebot3) by extension 'cmake'
[4.229s] Level 1:colcon.colcon_core.package_identification:_identify(src/turtlebot3) by extension 'python'
[4.229s] Level 1:colcon.colcon_core.package_identification:_identify(src/turtlebot3) by extensions ['python_setup_py']
[4.230s] Level 1:colcon.colcon_core.package_identification:_identify(src/turtlebot3) by extension 'python_setup_py'
[4.231s] Level 1:colcon.colcon_core.package_identification:_identify(src/turtlebot3/autonomous_driving) by extensions ['ignore', 'ignore_ament_install']
[4.232s] Level 1:colcon.colcon_core.package_identification:_identify(src/turtlebot3/autonomous_driving) by extension 'ignore'
[4.233s] Level 1:colcon.colcon_core.package_identification:_identify(src/turtlebot3/autonomous_driving) by extension 'ignore_ament_install'
[4.234s] Level 1:colcon.colcon_core.package_identification:_identify(src/turtlebot3/autonomous_driving) by extensions ['colcon_pkg']
[4.234s] Level 1:colcon.colcon_core.package_identification:_identify(src/turtlebot3/autonomous_driving) by extension 'colcon_pkg'
[4.235s] Level 1:colcon.colcon_core.package_identification:_identify(src/turtlebot3/autonomous_driving) by extensions ['colcon_meta']
[4.235s] Level 1:colcon.colcon_core.package_identification:_identify(src/turtlebot3/autonomous_driving) by extension 'colcon_meta'
[4.236s] Level 1:colcon.colcon_core.package_identification:_identify(src/turtlebot3/autonomous_driving) by extensions ['ros']
[4.236s] Level 1:colcon.colcon_core.package_identification:_identify(src/turtlebot3/autonomous_driving) by extension 'ros'
[4.242s] DEBUG:colcon.colcon_core.package_identification:Package 'src/turtlebot3/autonomous_driving' with type 'ros.ament_python' and name 'autonomous_driving'
[4.244s] Level 1:colcon.colcon_core.package_identification:_identify(src/turtlebot3/lidar_tracking) by extensions ['ignore', 'ignore_ament_install']
[4.245s] Level 1:colcon.colcon_core.package_identification:_identify(src/turtlebot3/lidar_tracking) by extension 'ignore'
[4.245s] Level 1:colcon.colcon_core.package_identification:_identify(src/turtlebot3/lidar_tracking) by extension 'ignore_ament_install'
[4.246s] Level 1:colcon.colcon_core.package_identification:_identify(src/turtlebot3/lidar_tracking) by extensions ['colcon_pkg']
[4.247s] Level 1:colcon.colcon_core.package_identification:_identify(src/turtlebot3/lidar_tracking) by extension 'colcon_pkg'
[4.247s] Level 1:colcon.colcon_core.package_identification:_identify(src/turtlebot3/lidar_tracking) by extensions ['colcon_meta']
[4.248s] Level 1:colcon.colcon_core.package_identification:_identify(src/turtlebot3/lidar_tracking) by extension 'colcon_meta'
[4.248s] Level 1:colcon.colcon_core.package_identification:_identify(src/turtlebot3/lidar_tracking) by extensions ['ros']
[4.249s] Level 1:colcon.colcon_core.package_identification:_identify(src/turtlebot3/lidar_tracking) by extension 'ros'
[4.255s] DEBUG:colcon.colcon_core.package_identification:Package 'src/turtlebot3/lidar_tracking' with type 'ros.ament_python' and name 'lidar_tracking'
[4.256s] Level 1:colcon.colcon_core.package_identification:_identify(src/turtlebot3/pub_sub) by extensions ['ignore', 'ignore_ament_install']
[4.257s] Level 1:colcon.colcon_core.package_identification:_identify(src/turtlebot3/pub_sub) by extension 'ignore'
[4.258s] Level 1:colcon.colcon_core.package_identification:_identify(src/turtlebot3/pub_sub) by extension 'ignore_ament_install'
[4.259s] Level 1:colcon.colcon_core.package_identification:_identify(src/turtlebot3/pub_sub) by extensions ['colcon_pkg']
[4.259s] Level 1:colcon.colcon_core.package_identification:_identify(src/turtlebot3/pub_sub) by extension 'colcon_pkg'
[4.260s] Level 1:colcon.colcon_core.package_identification:_identify(src/turtlebot3/pub_sub) by extensions ['colcon_meta']
[4.260s] Level 1:colcon.colcon_core.package_identification:_identify(src/turtlebot3/pub_sub) by extension 'colcon_meta'
[4.261s] Level 1:colcon.colcon_core.package_identification:_identify(src/turtlebot3/pub_sub) by extensions ['ros']
[4.261s] Level 1:colcon.colcon_core.package_identification:_identify(src/turtlebot3/pub_sub) by extension 'ros'
[4.267s] DEBUG:colcon.colcon_core.package_identification:Package 'src/turtlebot3/pub_sub' with type 'ros.ament_python' and name 'pub_sub'
[4.269s] Level 1:colcon.colcon_core.package_identification:_identify(src/turtlebot3/publish_sensor_info) by extensions ['ignore', 'ignore_ament_install']
[4.270s] Level 1:colcon.colcon_core.package_identification:_identify(src/turtlebot3/publish_sensor_info) by extension 'ignore'
[4.270s] Level 1:colcon.colcon_core.package_identification:_identify(src/turtlebot3/publish_sensor_info) by extension 'ignore_ament_install'
[4.271s] Level 1:colcon.colcon_core.package_identification:_identify(src/turtlebot3/publish_sensor_info) by extensions ['colcon_pkg']
[4.271s] Level 1:colcon.colcon_core.package_identification:_identify(src/turtlebot3/publish_sensor_info) by extension 'colcon_pkg'
[4.272s] Level 1:colcon.colcon_core.package_identification:_identify(src/turtlebot3/publish_sensor_info) by extensions ['colcon_meta']
[4.272s] Level 1:colcon.colcon_core.package_identification:_identify(src/turtlebot3/publish_sensor_info) by extension 'colcon_meta'
[4.273s] Level 1:colcon.colcon_core.package_identification:_identify(src/turtlebot3/publish_sensor_info) by extensions ['ros']
[4.274s] Level 1:colcon.colcon_core.package_identification:_identify(src/turtlebot3/publish_sensor_info) by extension 'ros'
[4.279s] DEBUG:colcon.colcon_core.package_identification:Package 'src/turtlebot3/publish_sensor_info' with type 'ros.ament_python' and name 'publish_sensor_info'
[4.281s] Level 1:colcon.colcon_core.package_identification:_identify(src/turtlebot3/sb3_inference) by extensions ['ignore', 'ignore_ament_install']
[4.282s] Level 1:colcon.colcon_core.package_identification:_identify(src/turtlebot3/sb3_inference) by extension 'ignore'
[4.282s] Level 1:colcon.colcon_core.package_identification:_identify(src/turtlebot3/sb3_inference) by extension 'ignore_ament_install'
[4.283s] Level 1:colcon.colcon_core.package_identification:_identify(src/turtlebot3/sb3_inference) by extensions ['colcon_pkg']
[4.284s] Level 1:colcon.colcon_core.package_identification:_identify(src/turtlebot3/sb3_inference) by extension 'colcon_pkg'
[4.284s] Level 1:colcon.colcon_core.package_identification:_identify(src/turtlebot3/sb3_inference) by extensions ['colcon_meta']
[4.285s] Level 1:colcon.colcon_core.package_identification:_identify(src/turtlebot3/sb3_inference) by extension 'colcon_meta'
[4.285s] Level 1:colcon.colcon_core.package_identification:_identify(src/turtlebot3/sb3_inference) by extensions ['ros']
[4.286s] Level 1:colcon.colcon_core.package_identification:_identify(src/turtlebot3/sb3_inference) by extension 'ros'
[4.292s] DEBUG:colcon.colcon_core.package_identification:Package 'src/turtlebot3/sb3_inference' with type 'ros.ament_python' and name 'sb3_inference'
[4.293s] Level 1:colcon.colcon_core.package_identification:_identify(src/turtlebot3/turtlebot3) by extensions ['ignore', 'ignore_ament_install']
[4.295s] Level 1:colcon.colcon_core.package_identification:_identify(src/turtlebot3/turtlebot3) by extension 'ignore'
[4.296s] Level 1:colcon.colcon_core.package_identification:_identify(src/turtlebot3/turtlebot3) by extension 'ignore_ament_install'
[4.297s] Level 1:colcon.colcon_core.package_identification:_identify(src/turtlebot3/turtlebot3) by extensions ['colcon_pkg']
[4.297s] Level 1:colcon.colcon_core.package_identification:_identify(src/turtlebot3/turtlebot3) by extension 'colcon_pkg'
[4.298s] Level 1:colcon.colcon_core.package_identification:_identify(src/turtlebot3/turtlebot3) by extensions ['colcon_meta']
[4.298s] Level 1:colcon.colcon_core.package_identification:_identify(src/turtlebot3/turtlebot3) by extension 'colcon_meta'
[4.299s] Level 1:colcon.colcon_core.package_identification:_identify(src/turtlebot3/turtlebot3) by extensions ['ros']
[4.300s] Level 1:colcon.colcon_core.package_identification:_identify(src/turtlebot3/turtlebot3) by extension 'ros'
[4.306s] DEBUG:colcon.colcon_core.package_identification:Package 'src/turtlebot3/turtlebot3' with type 'ros.ament_cmake' and name 'turtlebot3'
[4.308s] Level 1:colcon.colcon_core.package_identification:_identify(src/turtlebot3/turtlebot3_bringup) by extensions ['ignore', 'ignore_ament_install']
[4.309s] Level 1:colcon.colcon_core.package_identification:_identify(src/turtlebot3/turtlebot3_bringup) by extension 'ignore'
[4.310s] Level 1:colcon.colcon_core.package_identification:_identify(src/turtlebot3/turtlebot3_bringup) by extension 'ignore_ament_install'
[4.311s] Level 1:colcon.colcon_core.package_identification:_identify(src/turtlebot3/turtlebot3_bringup) by extensions ['colcon_pkg']
[4.311s] Level 1:colcon.colcon_core.package_identification:_identify(src/turtlebot3/turtlebot3_bringup) by extension 'colcon_pkg'
[4.312s] Level 1:colcon.colcon_core.package_identification:_identify(src/turtlebot3/turtlebot3_bringup) by extensions ['colcon_meta']
[4.313s] Level 1:colcon.colcon_core.package_identification:_identify(src/turtlebot3/turtlebot3_bringup) by extension 'colcon_meta'
[4.314s] Level 1:colcon.colcon_core.package_identification:_identify(src/turtlebot3/turtlebot3_bringup) by extensions ['ros']
[4.314s] Level 1:colcon.colcon_core.package_identification:_identify(src/turtlebot3/turtlebot3_bringup) by extension 'ros'
[4.321s] DEBUG:colcon.colcon_core.package_identification:Package 'src/turtlebot3/turtlebot3_bringup' with type 'ros.ament_cmake' and name 'turtlebot3_bringup'
[4.322s] Level 1:colcon.colcon_core.package_identification:_identify(src/turtlebot3/turtlebot3_description) by extensions ['ignore', 'ignore_ament_install']
[4.324s] Level 1:colcon.colcon_core.package_identification:_identify(src/turtlebot3/turtlebot3_description) by extension 'ignore'
[4.324s] Level 1:colcon.colcon_core.package_identification:_identify(src/turtlebot3/turtlebot3_description) by extension 'ignore_ament_install'
[4.325s] Level 1:colcon.colcon_core.package_identification:_identify(src/turtlebot3/turtlebot3_description) by extensions ['colcon_pkg']
[4.326s] Level 1:colcon.colcon_core.package_identification:_identify(src/turtlebot3/turtlebot3_description) by extension 'colcon_pkg'
[4.327s] Level 1:colcon.colcon_core.package_identification:_identify(src/turtlebot3/turtlebot3_description) by extensions ['colcon_meta']
[4.328s] Level 1:colcon.colcon_core.package_identification:_identify(src/turtlebot3/turtlebot3_description) by extension 'colcon_meta'
[4.329s] Level 1:colcon.colcon_core.package_identification:_identify(src/turtlebot3/turtlebot3_description) by extensions ['ros']
[4.329s] Level 1:colcon.colcon_core.package_identification:_identify(src/turtlebot3/turtlebot3_description) by extension 'ros'
[4.336s] DEBUG:colcon.colcon_core.package_identification:Package 'src/turtlebot3/turtlebot3_description' with type 'ros.ament_cmake' and name 'turtlebot3_description'
[4.338s] Level 1:colcon.colcon_core.package_identification:_identify(src/turtlebot3/turtlebot3_distance_keeper) by extensions ['ignore', 'ignore_ament_install']
[4.339s] Level 1:colcon.colcon_core.package_identification:_identify(src/turtlebot3/turtlebot3_distance_keeper) by extension 'ignore'
[4.339s] Level 1:colcon.colcon_core.package_identification:_identify(src/turtlebot3/turtlebot3_distance_keeper) by extension 'ignore_ament_install'
[4.340s] Level 1:colcon.colcon_core.package_identification:_identify(src/turtlebot3/turtlebot3_distance_keeper) by extensions ['colcon_pkg']
[4.341s] Level 1:colcon.colcon_core.package_identification:_identify(src/turtlebot3/turtlebot3_distance_keeper) by extension 'colcon_pkg'
[4.341s] Level 1:colcon.colcon_core.package_identification:_identify(src/turtlebot3/turtlebot3_distance_keeper) by extensions ['colcon_meta']
[4.342s] Level 1:colcon.colcon_core.package_identification:_identify(src/turtlebot3/turtlebot3_distance_keeper) by extension 'colcon_meta'
[4.343s] Level 1:colcon.colcon_core.package_identification:_identify(src/turtlebot3/turtlebot3_distance_keeper) by extensions ['ros']
[4.343s] Level 1:colcon.colcon_core.package_identification:_identify(src/turtlebot3/turtlebot3_distance_keeper) by extension 'ros'
[4.349s] DEBUG:colcon.colcon_core.package_identification:Package 'src/turtlebot3/turtlebot3_distance_keeper' with type 'ros.ament_python' and name 'turtlebot3_distance_keeper'
[4.350s] Level 1:colcon.colcon_core.package_identification:_identify(src/turtlebot3/turtlebot3_example) by extensions ['ignore', 'ignore_ament_install']
[4.351s] Level 1:colcon.colcon_core.package_identification:_identify(src/turtlebot3/turtlebot3_example) by extension 'ignore'
[4.352s] Level 1:colcon.colcon_core.package_identification:_identify(src/turtlebot3/turtlebot3_example) by extension 'ignore_ament_install'
[4.353s] Level 1:colcon.colcon_core.package_identification:_identify(src/turtlebot3/turtlebot3_example) by extensions ['colcon_pkg']
[4.353s] Level 1:colcon.colcon_core.package_identification:_identify(src/turtlebot3/turtlebot3_example) by extension 'colcon_pkg'
[4.354s] Level 1:colcon.colcon_core.package_identification:_identify(src/turtlebot3/turtlebot3_example) by extensions ['colcon_meta']
[4.354s] Level 1:colcon.colcon_core.package_identification:_identify(src/turtlebot3/turtlebot3_example) by extension 'colcon_meta'
[4.355s] Level 1:colcon.colcon_core.package_identification:_identify(src/turtlebot3/turtlebot3_example) by extensions ['ros']
[4.355s] Level 1:colcon.colcon_core.package_identification:_identify(src/turtlebot3/turtlebot3_example) by extension 'ros'
[4.373s] DEBUG:colcon.colcon_core.package_identification:Package 'src/turtlebot3/turtlebot3_example' with type 'ros.ament_python' and name 'turtlebot3_example'
[4.375s] Level 1:colcon.colcon_core.package_identification:_identify(src/turtlebot3/turtlebot3_node) by extensions ['ignore', 'ignore_ament_install']
[4.376s] Level 1:colcon.colcon_core.package_identification:_identify(src/turtlebot3/turtlebot3_node) by extension 'ignore'
[4.377s] Level 1:colcon.colcon_core.package_identification:_identify(src/turtlebot3/turtlebot3_node) by extension 'ignore_ament_install'
[4.377s] Level 1:colcon.colcon_core.package_identification:_identify(src/turtlebot3/turtlebot3_node) by extensions ['colcon_pkg']
[4.378s] Level 1:colcon.colcon_core.package_identification:_identify(src/turtlebot3/turtlebot3_node) by extension 'colcon_pkg'
[4.378s] Level 1:colcon.colcon_core.package_identification:_identify(src/turtlebot3/turtlebot3_node) by extensions ['colcon_meta']
[4.379s] Level 1:colcon.colcon_core.package_identification:_identify(src/turtlebot3/turtlebot3_node) by extension 'colcon_meta'
[4.379s] Level 1:colcon.colcon_core.package_identification:_identify(src/turtlebot3/turtlebot3_node) by extensions ['ros']
[4.380s] Level 1:colcon.colcon_core.package_identification:_identify(src/turtlebot3/turtlebot3_node) by extension 'ros'
[4.395s] DEBUG:colcon.colcon_core.package_identification:Package 'src/turtlebot3/turtlebot3_node' with type 'ros.ament_cmake' and name 'turtlebot3_node'
[4.397s] Level 1:colcon.colcon_core.package_identification:_identify(src/turtlebot3/turtlebot3_soccer) by extensions ['ignore', 'ignore_ament_install']
[4.398s] Level 1:colcon.colcon_core.package_identification:_identify(src/turtlebot3/turtlebot3_soccer) by extension 'ignore'
[4.399s] Level 1:colcon.colcon_core.package_identification:_identify(src/turtlebot3/turtlebot3_soccer) by extension 'ignore_ament_install'
[4.400s] Level 1:colcon.colcon_core.package_identification:_identify(src/turtlebot3/turtlebot3_soccer) by extensions ['colcon_pkg']
[4.400s] Level 1:colcon.colcon_core.package_identification:_identify(src/turtlebot3/turtlebot3_soccer) by extension 'colcon_pkg'
[4.401s] Level 1:colcon.colcon_core.package_identification:_identify(src/turtlebot3/turtlebot3_soccer) by extensions ['colcon_meta']
[4.401s] Level 1:colcon.colcon_core.package_identification:_identify(src/turtlebot3/turtlebot3_soccer) by extension 'colcon_meta'
[4.402s] Level 1:colcon.colcon_core.package_identification:_identify(src/turtlebot3/turtlebot3_soccer) by extensions ['ros']
[4.402s] Level 1:colcon.colcon_core.package_identification:_identify(src/turtlebot3/turtlebot3_soccer) by extension 'ros'
[4.408s] DEBUG:colcon.colcon_core.package_identification:Package 'src/turtlebot3/turtlebot3_soccer' with type 'ros.ament_python' and name 'turtlebot3_soccer'
[4.410s] Level 1:colcon.colcon_core.package_identification:_identify(src/turtlebot3/turtlebot3_teleop) by extensions ['ignore', 'ignore_ament_install']
[4.410s] Level 1:colcon.colcon_core.package_identification:_identify(src/turtlebot3/turtlebot3_teleop) by extension 'ignore'
[4.411s] Level 1:colcon.colcon_core.package_identification:_identify(src/turtlebot3/turtlebot3_teleop) by extension 'ignore_ament_install'
[4.412s] Level 1:colcon.colcon_core.package_identification:_identify(src/turtlebot3/turtlebot3_teleop) by extensions ['colcon_pkg']
[4.412s] Level 1:colcon.colcon_core.package_identification:_identify(src/turtlebot3/turtlebot3_teleop) by extension 'colcon_pkg'
[4.413s] Level 1:colcon.colcon_core.package_identification:_identify(src/turtlebot3/turtlebot3_teleop) by extensions ['colcon_meta']
[4.413s] Level 1:colcon.colcon_core.package_identification:_identify(src/turtlebot3/turtlebot3_teleop) by extension 'colcon_meta'
[4.414s] Level 1:colcon.colcon_core.package_identification:_identify(src/turtlebot3/turtlebot3_teleop) by extensions ['ros']
[4.415s] Level 1:colcon.colcon_core.package_identification:_identify(src/turtlebot3/turtlebot3_teleop) by extension 'ros'
[4.420s] DEBUG:colcon.colcon_core.package_identification:Package 'src/turtlebot3/turtlebot3_teleop' with type 'ros.ament_python' and name 'turtlebot3_teleop'
[4.421s] Level 1:colcon.colcon_core.package_discovery:discover_packages(recursive) using defaults
[4.422s] Level 1:colcon.colcon_core.package_discovery:discover_packages(ignore) discover
[4.422s] Level 1:colcon.colcon_core.package_discovery:discover_packages(ignore) using defaults
[4.422s] Level 1:colcon.colcon_core.package_discovery:discover_packages(path) discover
[4.423s] Level 1:colcon.colcon_core.package_discovery:discover_packages(path) using defaults
[4.740s] INFO:colcon.colcon_core.package_selection:Skipping not selected package 'ball_locator' in 'src/tb3_rl/ball_locator'
[4.740s] INFO:colcon.colcon_core.package_selection:Skipping not selected package 'ld08_driver' in 'src/ld08_driver'
[4.741s] INFO:colcon.colcon_core.package_selection:Skipping not selected package 'lidar_tracking' in 'src/turtlebot3/lidar_tracking'
[4.741s] INFO:colcon.colcon_core.package_selection:Skipping not selected package 'pub_sub' in 'src/turtlebot3/pub_sub'
[4.741s] INFO:colcon.colcon_core.package_selection:Skipping not selected package 'publish_sensor_info' in 'src/turtlebot3/publish_sensor_info'
[4.742s] INFO:colcon.colcon_core.package_selection:Skipping not selected package 'sb3_inference' in 'src/turtlebot3/sb3_inference'
[4.742s] INFO:colcon.colcon_core.package_selection:Skipping not selected package 'sb3_pusher' in 'src/tb3_rl/sb3_pusher'
[4.742s] INFO:colcon.colcon_core.package_selection:Skipping not selected package 'sb3_target_driver' in 'src/tb3_rl/sb3_target_driver'
[4.743s] INFO:colcon.colcon_core.package_selection:Skipping not selected package 'sensor_pub' in 'src/tb3_rl/sensor_pub'
[4.743s] INFO:colcon.colcon_core.package_selection:Skipping not selected package 'turtlebot3_description' in 'src/turtlebot3/turtlebot3_description'
[4.743s] INFO:colcon.colcon_core.package_selection:Skipping not selected package 'turtlebot3_distance_keeper' in 'src/turtlebot3/turtlebot3_distance_keeper'
[4.744s] INFO:colcon.colcon_core.package_selection:Skipping not selected package 'turtlebot3_example' in 'src/turtlebot3/turtlebot3_example'
[4.744s] INFO:colcon.colcon_core.package_selection:Skipping not selected package 'turtlebot3_node' in 'src/turtlebot3/turtlebot3_node'
[4.744s] INFO:colcon.colcon_core.package_selection:Skipping not selected package 'turtlebot3_soccer' in 'src/turtlebot3/turtlebot3_soccer'
[4.745s] INFO:colcon.colcon_core.package_selection:Skipping not selected package 'turtlebot3_teleop' in 'src/turtlebot3/turtlebot3_teleop'
[4.745s] INFO:colcon.colcon_core.package_selection:Skipping not selected package 'turtlebot3_bringup' in 'src/turtlebot3/turtlebot3_bringup'
[4.745s] INFO:colcon.colcon_core.package_selection:Skipping not selected package 'turtlebot3' in 'src/turtlebot3/turtlebot3'
[4.750s] Level 1:colcon.colcon_core.package_discovery:discover_packages(prefix_path) check parameters
[4.750s] Level 1:colcon.colcon_core.package_discovery:discover_packages(prefix_path) discover
[4.794s] DEBUG:colcon.colcon_installed_package_information.package_discovery:Found 18 installed packages in /home/turtle1/turtlebot3_ws/install
[4.825s] DEBUG:colcon.colcon_installed_package_information.package_discovery:Found 321 installed packages in /opt/ros/humble
[4.845s] Level 1:colcon.colcon_core.package_discovery:discover_packages(prefix_path) using defaults
[5.414s] Level 5:colcon.colcon_core.verb:set package 'autonomous_driving' build argument 'cmake_args' from command line to 'None'
[5.415s] Level 5:colcon.colcon_core.verb:set package 'autonomous_driving' build argument 'cmake_target' from command line to 'None'
[5.415s] Level 5:colcon.colcon_core.verb:set package 'autonomous_driving' build argument 'cmake_target_skip_unavailable' from command line to 'False'
[5.415s] Level 5:colcon.colcon_core.verb:set package 'autonomous_driving' build argument 'cmake_clean_cache' from command line to 'False'
[5.416s] Level 5:colcon.colcon_core.verb:set package 'autonomous_driving' build argument 'cmake_clean_first' from command line to 'False'
[5.416s] Level 5:colcon.colcon_core.verb:set package 'autonomous_driving' build argument 'cmake_force_configure' from command line to 'False'
[5.417s] Level 5:colcon.colcon_core.verb:set package 'autonomous_driving' build argument 'ament_cmake_args' from command line to 'None'
[5.417s] Level 5:colcon.colcon_core.verb:set package 'autonomous_driving' build argument 'catkin_cmake_args' from command line to 'None'
[5.417s] Level 5:colcon.colcon_core.verb:set package 'autonomous_driving' build argument 'catkin_skip_building_tests' from command line to 'False'
[5.418s] DEBUG:colcon.colcon_core.verb:Building package 'autonomous_driving' with the following arguments: {'ament_cmake_args': None, 'build_base': '/home/turtle1/turtlebot3_ws/build/autonomous_driving', 'catkin_cmake_args': None, 'catkin_skip_building_tests': False, 'cmake_args': None, 'cmake_clean_cache': False, 'cmake_clean_first': False, 'cmake_force_configure': False, 'cmake_target': None, 'cmake_target_skip_unavailable': False, 'install_base': '/home/turtle1/turtlebot3_ws/install/autonomous_driving', 'merge_install': False, 'path': '/home/turtle1/turtlebot3_ws/src/turtlebot3/autonomous_driving', 'symlink_install': False, 'test_result_base': None}
[5.419s] INFO:colcon.colcon_core.executor:Executing jobs using 'parallel' executor
[5.427s] DEBUG:colcon.colcon_parallel_executor.executor.parallel:run_until_complete
[5.429s] INFO:colcon.colcon_ros.task.ament_python.build:Building ROS package in '/home/turtle1/turtlebot3_ws/src/turtlebot3/autonomous_driving' with build type 'ament_python'
[5.430s] Level 1:colcon.colcon_core.shell:create_environment_hook('autonomous_driving', 'ament_prefix_path')
[5.471s] INFO:colcon.colcon_core.plugin_system:Skipping extension 'colcon_core.shell.bat': Not used on non-Windows systems
[5.473s] INFO:colcon.colcon_core.shell:Creating environment hook '/home/turtle1/turtlebot3_ws/install/autonomous_driving/share/autonomous_driving/hook/ament_prefix_path.ps1'
[5.480s] INFO:colcon.colcon_core.shell:Creating environment descriptor '/home/turtle1/turtlebot3_ws/install/autonomous_driving/share/autonomous_driving/hook/ament_prefix_path.dsv'
[5.485s] INFO:colcon.colcon_core.shell:Creating environment hook '/home/turtle1/turtlebot3_ws/install/autonomous_driving/share/autonomous_driving/hook/ament_prefix_path.sh'
[5.495s] INFO:colcon.colcon_core.shell:Skip shell extension 'powershell' for command environment: Not usable outside of PowerShell
[5.495s] DEBUG:colcon.colcon_core.shell:Skip shell extension 'dsv' for command environment
[9.193s] INFO:colcon.colcon_core.task.python.build:Building Python package in '/home/turtle1/turtlebot3_ws/src/turtlebot3/autonomous_driving'
[9.196s] INFO:colcon.colcon_core.shell:Skip shell extension 'powershell' for command environment: Not usable outside of PowerShell
[9.197s] DEBUG:colcon.colcon_core.shell:Skip shell extension 'dsv' for command environment
[13.735s] DEBUG:colcon.colcon_core.event_handler.log_command:Invoking command in '/home/turtle1/turtlebot3_ws/src/turtlebot3/autonomous_driving': PYTHONPATH=/home/turtle1/turtlebot3_ws/build/autonomous_driving/prefix_override:/usr/lib/python3/dist-packages/colcon_core/task/python/colcon_distutils_commands:/home/turtle1/turtlebot3_ws/install/autonomous_driving/lib/python3.10/site-packages:${PYTHONPATH} /usr/bin/python3 -W ignore:setup.py install is deprecated -W ignore:easy_install command is deprecated setup.py egg_info --egg-base ../../../build/autonomous_driving build --build-base /home/turtle1/turtlebot3_ws/build/autonomous_driving/build install --record /home/turtle1/turtlebot3_ws/build/autonomous_driving/install.log --single-version-externally-managed install_data
[17.834s] DEBUG:colcon.colcon_core.event_handler.log_command:Invoked command in '/home/turtle1/turtlebot3_ws/src/turtlebot3/autonomous_driving' returned '0': PYTHONPATH=/home/turtle1/turtlebot3_ws/build/autonomous_driving/prefix_override:/usr/lib/python3/dist-packages/colcon_core/task/python/colcon_distutils_commands:/home/turtle1/turtlebot3_ws/install/autonomous_driving/lib/python3.10/site-packages:${PYTHONPATH} /usr/bin/python3 -W ignore:setup.py install is deprecated -W ignore:easy_install command is deprecated setup.py egg_info --egg-base ../../../build/autonomous_driving build --build-base /home/turtle1/turtlebot3_ws/build/autonomous_driving/build install --record /home/turtle1/turtlebot3_ws/build/autonomous_driving/install.log --single-version-externally-managed install_data
[17.865s] Level 1:colcon.colcon_core.environment:checking '/home/turtle1/turtlebot3_ws/install/autonomous_driving' for CMake module files
[17.872s] Level 1:colcon.colcon_core.environment:checking '/home/turtle1/turtlebot3_ws/install/autonomous_driving' for CMake config files
[17.882s] Level 1:colcon.colcon_core.environment:checking '/home/turtle1/turtlebot3_ws/install/autonomous_driving/lib'
[17.884s] Level 1:colcon.colcon_core.environment:checking '/home/turtle1/turtlebot3_ws/install/autonomous_driving/bin'
[17.885s] Level 1:colcon.colcon_core.environment:checking '/home/turtle1/turtlebot3_ws/install/autonomous_driving/lib/pkgconfig/autonomous_driving.pc'
[17.887s] Level 1:colcon.colcon_core.environment:checking '/home/turtle1/turtlebot3_ws/install/autonomous_driving/lib/python3.10/site-packages'
[17.889s] Level 1:colcon.colcon_core.shell:create_environment_hook('autonomous_driving', 'pythonpath')
[17.892s] INFO:colcon.colcon_core.shell:Creating environment hook '/home/turtle1/turtlebot3_ws/install/autonomous_driving/share/autonomous_driving/hook/pythonpath.ps1'
[17.897s] INFO:colcon.colcon_core.shell:Creating environment descriptor '/home/turtle1/turtlebot3_ws/install/autonomous_driving/share/autonomous_driving/hook/pythonpath.dsv'
[17.902s] INFO:colcon.colcon_core.shell:Creating environment hook '/home/turtle1/turtlebot3_ws/install/autonomous_driving/share/autonomous_driving/hook/pythonpath.sh'
[17.908s] Level 1:colcon.colcon_core.environment:checking '/home/turtle1/turtlebot3_ws/install/autonomous_driving/bin'
[17.909s] Level 1:colcon.colcon_core.environment:create_environment_scripts_only(autonomous_driving)
[17.912s] INFO:colcon.colcon_core.shell:Creating package script '/home/turtle1/turtlebot3_ws/install/autonomous_driving/share/autonomous_driving/package.ps1'
[17.922s] INFO:colcon.colcon_core.shell:Creating package descriptor '/home/turtle1/turtlebot3_ws/install/autonomous_driving/share/autonomous_driving/package.dsv'
[17.928s] INFO:colcon.colcon_core.shell:Creating package script '/home/turtle1/turtlebot3_ws/install/autonomous_driving/share/autonomous_driving/package.sh'
[17.937s] INFO:colcon.colcon_core.shell:Creating package script '/home/turtle1/turtlebot3_ws/install/autonomous_driving/share/autonomous_driving/package.bash'
[17.946s] INFO:colcon.colcon_core.shell:Creating package script '/home/turtle1/turtlebot3_ws/install/autonomous_driving/share/autonomous_driving/package.zsh'
[17.953s] Level 1:colcon.colcon_core.environment:create_file_with_runtime_dependencies(/home/turtle1/turtlebot3_ws/install/autonomous_driving/share/colcon-core/packages/autonomous_driving)
[17.957s] DEBUG:colcon.colcon_parallel_executor.executor.parallel:closing loop
[17.961s] DEBUG:colcon.colcon_parallel_executor.executor.parallel:loop closed
[17.962s] DEBUG:colcon.colcon_parallel_executor.executor.parallel:run_until_complete finished with '0'
[17.962s] DEBUG:colcon.colcon_core.event_reactor:joining thread
[18.028s] INFO:colcon.colcon_core.plugin_system:Skipping extension 'colcon_notification.desktop_notification.terminal_notifier': Not used on non-Darwin systems
[18.029s] INFO:colcon.colcon_core.plugin_system:Skipping extension 'colcon_notification.desktop_notification.win32': Not used on non-Windows systems
[18.030s] INFO:colcon.colcon_notification.desktop_notification:Sending desktop notification using 'notify2'
[18.149s] DEBUG:colcon.colcon_core.event_reactor:joined thread
[18.152s] INFO:colcon.colcon_core.shell:Creating prefix script '/home/turtle1/turtlebot3_ws/install/local_setup.ps1'
[18.166s] INFO:colcon.colcon_core.shell:Creating prefix util module '/home/turtle1/turtlebot3_ws/install/_local_setup_util_ps1.py'
[18.184s] INFO:colcon.colcon_core.shell:Creating prefix chain script '/home/turtle1/turtlebot3_ws/install/setup.ps1'
[18.212s] INFO:colcon.colcon_core.shell:Creating prefix script '/home/turtle1/turtlebot3_ws/install/local_setup.sh'
[18.219s] INFO:colcon.colcon_core.shell:Creating prefix util module '/home/turtle1/turtlebot3_ws/install/_local_setup_util_sh.py'
[18.227s] INFO:colcon.colcon_core.shell:Creating prefix chain script '/home/turtle1/turtlebot3_ws/install/setup.sh'
[18.254s] INFO:colcon.colcon_core.shell:Creating prefix script '/home/turtle1/turtlebot3_ws/install/local_setup.bash'
[18.261s] INFO:colcon.colcon_core.shell:Creating prefix chain script '/home/turtle1/turtlebot3_ws/install/setup.bash'
[18.287s] INFO:colcon.colcon_core.shell:Creating prefix script '/home/turtle1/turtlebot3_ws/install/local_setup.zsh'
[18.294s] INFO:colcon.colcon_core.shell:Creating prefix chain script '/home/turtle1/turtlebot3_ws/install/setup.zsh'
