[0.168s] Invoking command in '/home/turtle1/turtlebot3_ws/build/turtlebot3_node': CMAKE_PREFIX_PATH=${CMAKE_PREFIX_PATH}:/home/turtle1/install/turtlebot3_teleop:/home/turtle1/install/turtlebot3_soccer:/home/turtle1/install/turtlebot3_example:/home/turtle1/install/sb3_inference:/home/turtle1/install/lidar_tracking:/home/turtle1/turtlebot3_ws/install/turtlebot3_teleop:/home/turtle1/turtlebot3_ws/install/turtlebot3_soccer:/home/turtle1/turtlebot3_ws/install/turtlebot3_example:/home/turtle1/turtlebot3_ws/install/turtlebot3_distance_keeper:/home/turtle1/turtlebot3_ws/install/sb3_inference:/home/turtle1/turtlebot3_ws/install/lidar_tracking:/opt/ros/humble /usr/bin/cmake /home/turtle1/turtlebot3_ws/src/turtlebot3/turtlebot3_node -DCMAKE_INSTALL_PREFIX=/home/turtle1/turtlebot3_ws/install/turtlebot3_node
[4.314s] -- The C compiler identification is GNU 11.4.0
[4.316s] -- The CXX compiler identification is GNU 11.4.0
[4.317s] -- Detecting C compiler ABI info
[4.318s] -- Detecting C compiler ABI info - done
[4.330s] -- Check for working C compiler: /usr/bin/cc - skipped
[4.331s] -- Detecting C compile features
[4.336s] -- Detecting C compile features - done
[4.337s] -- Detecting CXX compiler ABI info
[5.513s] -- Detecting CXX compiler ABI info - done
[5.600s] -- Check for working CXX compiler: /usr/bin/c++ - skipped
[5.610s] -- Detecting CXX compile features
[5.617s] -- Detecting CXX compile features - done
[5.730s] -- Found ament_cmake: 1.3.11 (/opt/ros/humble/share/ament_cmake/cmake)
[7.641s] -- Found Python3: /usr/bin/python3 (found version "3.10.12") found components: Interpreter 
[10.100s] -- Found dynamixel_sdk: 3.7.60 (/opt/ros/humble/share/dynamixel_sdk/cmake)
[10.278s] -- Found geometry_msgs: 4.2.4 (/opt/ros/humble/share/geometry_msgs/cmake)
[12.338s] -- Found rosidl_generator_c: 3.1.6 (/opt/ros/humble/share/rosidl_generator_c/cmake)
[12.556s] -- Found rosidl_adapter: 3.1.6 (/opt/ros/humble/share/rosidl_adapter/cmake)
[12.853s] -- Found rosidl_generator_cpp: 3.1.6 (/opt/ros/humble/share/rosidl_generator_cpp/cmake)
[13.176s] -- Using all available rosidl_typesupport_c: rosidl_typesupport_fastrtps_c;rosidl_typesupport_introspection_c
[13.701s] -- Using all available rosidl_typesupport_cpp: rosidl_typesupport_fastrtps_cpp;rosidl_typesupport_introspection_cpp
[14.963s] -- Found message_filters: 4.3.5 (/opt/ros/humble/share/message_filters/cmake)
[16.911s] -- Found rmw_implementation_cmake: 6.1.2 (/opt/ros/humble/share/rmw_implementation_cmake/cmake)
[17.108s] -- Found rmw_fastrtps_cpp: 6.2.7 (/opt/ros/humble/share/rmw_fastrtps_cpp/cmake)
[20.503s] -- Found OpenSSL: /usr/lib/aarch64-linux-gnu/libcrypto.so (found version "3.0.2")  
[21.674s] -- Found FastRTPS: /opt/ros/humble/include  
[24.077s] -- Using RMW implementation 'rmw_fastrtps_cpp' as default
[24.923s] -- Looking for pthread.h
[26.549s] -- Looking for pthread.h - found
[26.567s] -- Performing Test CMAKE_HAVE_LIBC_PTHREAD
[27.864s] -- Performing Test CMAKE_HAVE_LIBC_PTHREAD - Success
[27.880s] -- Found Threads: TRUE  
[29.108s] -- Found nav_msgs: 4.2.4 (/opt/ros/humble/share/nav_msgs/cmake)
[29.586s] -- Found sensor_msgs: 4.2.4 (/opt/ros/humble/share/sensor_msgs/cmake)
[29.969s] -- Found std_srvs: 4.2.4 (/opt/ros/humble/share/std_srvs/cmake)
[30.381s] -- Found tf2: 0.25.9 (/opt/ros/humble/share/tf2/cmake)
[31.075s] -- Found tf2_ros: 0.25.9 (/opt/ros/humble/share/tf2_ros/cmake)
[34.462s] -- Found turtlebot3_msgs: 2.2.3 (/opt/ros/humble/share/turtlebot3_msgs/cmake)
[35.794s] -- Configuring done
[36.169s] -- Generating done
[36.259s] -- Build files have been written to: /home/turtle1/turtlebot3_ws/build/turtlebot3_node
[36.334s] Invoked command in '/home/turtle1/turtlebot3_ws/build/turtlebot3_node' returned '0': CMAKE_PREFIX_PATH=${CMAKE_PREFIX_PATH}:/home/turtle1/install/turtlebot3_teleop:/home/turtle1/install/turtlebot3_soccer:/home/turtle1/install/turtlebot3_example:/home/turtle1/install/sb3_inference:/home/turtle1/install/lidar_tracking:/home/turtle1/turtlebot3_ws/install/turtlebot3_teleop:/home/turtle1/turtlebot3_ws/install/turtlebot3_soccer:/home/turtle1/turtlebot3_ws/install/turtlebot3_example:/home/turtle1/turtlebot3_ws/install/turtlebot3_distance_keeper:/home/turtle1/turtlebot3_ws/install/sb3_inference:/home/turtle1/turtlebot3_ws/install/lidar_tracking:/opt/ros/humble /usr/bin/cmake /home/turtle1/turtlebot3_ws/src/turtlebot3/turtlebot3_node -DCMAKE_INSTALL_PREFIX=/home/turtle1/turtlebot3_ws/install/turtlebot3_node
[36.336s] Invoking command in '/home/turtle1/turtlebot3_ws/build/turtlebot3_node': CMAKE_PREFIX_PATH=${CMAKE_PREFIX_PATH}:/home/turtle1/install/turtlebot3_teleop:/home/turtle1/install/turtlebot3_soccer:/home/turtle1/install/turtlebot3_example:/home/turtle1/install/sb3_inference:/home/turtle1/install/lidar_tracking:/home/turtle1/turtlebot3_ws/install/turtlebot3_teleop:/home/turtle1/turtlebot3_ws/install/turtlebot3_soccer:/home/turtle1/turtlebot3_ws/install/turtlebot3_example:/home/turtle1/turtlebot3_ws/install/turtlebot3_distance_keeper:/home/turtle1/turtlebot3_ws/install/sb3_inference:/home/turtle1/turtlebot3_ws/install/lidar_tracking:/opt/ros/humble /usr/bin/cmake --build /home/turtle1/turtlebot3_ws/build/turtlebot3_node -- -j4 -l4
[37.257s] [  7%] [32mBuilding CXX object CMakeFiles/turtlebot3_node_lib.dir/src/devices/motor_power.cpp.o[0m
[99.622s] [ 14%] [32mBuilding CXX object CMakeFiles/turtlebot3_node_lib.dir/src/diff_drive_controller.cpp.o[0m
[125.811s] [ 21%] [32mBuilding CXX object CMakeFiles/turtlebot3_node_lib.dir/src/dynamixel_sdk_wrapper.cpp.o[0m
[129.952s] [ 28%] [32mBuilding CXX object CMakeFiles/turtlebot3_node_lib.dir/src/odometry.cpp.o[0m
[225.009s] [ 35%] [32mBuilding CXX object CMakeFiles/turtlebot3_node_lib.dir/src/turtlebot3.cpp.o[0m
[242.084s] [ 42%] [32mBuilding CXX object CMakeFiles/turtlebot3_node_lib.dir/src/sensors/battery_state.cpp.o[0m
[244.180s] [ 50%] [32mBuilding CXX object CMakeFiles/turtlebot3_node_lib.dir/src/devices/reset.cpp.o[0m
[681.610s] [ 57%] [32mBuilding CXX object CMakeFiles/turtlebot3_node_lib.dir/src/sensors/joint_state.cpp.o[0m
[699.871s] [ 64%] [32mBuilding CXX object CMakeFiles/turtlebot3_node_lib.dir/src/sensors/sensor_state.cpp.o[0m
[716.684s] [ 71%] [32mBuilding CXX object CMakeFiles/turtlebot3_node_lib.dir/src/sensors/imu.cpp.o[0m
[734.895s] [ 78%] [32mBuilding CXX object CMakeFiles/turtlebot3_node_lib.dir/src/devices/sound.cpp.o[0m
[749.759s] [ 85%] [32m[1mLinking CXX static library libturtlebot3_node_lib.a[0m
[756.970s] [ 85%] Built target turtlebot3_node_lib
[758.311s] [ 92%] [32mBuilding CXX object CMakeFiles/turtlebot3_ros.dir/src/node_main.cpp.o[0m
[772.524s] [100%] [32m[1mLinking CXX executable turtlebot3_ros[0m
[780.471s] [100%] Built target turtlebot3_ros
[780.542s] Invoked command in '/home/turtle1/turtlebot3_ws/build/turtlebot3_node' returned '0': CMAKE_PREFIX_PATH=${CMAKE_PREFIX_PATH}:/home/turtle1/install/turtlebot3_teleop:/home/turtle1/install/turtlebot3_soccer:/home/turtle1/install/turtlebot3_example:/home/turtle1/install/sb3_inference:/home/turtle1/install/lidar_tracking:/home/turtle1/turtlebot3_ws/install/turtlebot3_teleop:/home/turtle1/turtlebot3_ws/install/turtlebot3_soccer:/home/turtle1/turtlebot3_ws/install/turtlebot3_example:/home/turtle1/turtlebot3_ws/install/turtlebot3_distance_keeper:/home/turtle1/turtlebot3_ws/install/sb3_inference:/home/turtle1/turtlebot3_ws/install/lidar_tracking:/opt/ros/humble /usr/bin/cmake --build /home/turtle1/turtlebot3_ws/build/turtlebot3_node -- -j4 -l4
[780.565s] Invoking command in '/home/turtle1/turtlebot3_ws/build/turtlebot3_node': CMAKE_PREFIX_PATH=${CMAKE_PREFIX_PATH}:/home/turtle1/install/turtlebot3_teleop:/home/turtle1/install/turtlebot3_soccer:/home/turtle1/install/turtlebot3_example:/home/turtle1/install/sb3_inference:/home/turtle1/install/lidar_tracking:/home/turtle1/turtlebot3_ws/install/turtlebot3_teleop:/home/turtle1/turtlebot3_ws/install/turtlebot3_soccer:/home/turtle1/turtlebot3_ws/install/turtlebot3_example:/home/turtle1/turtlebot3_ws/install/turtlebot3_distance_keeper:/home/turtle1/turtlebot3_ws/install/sb3_inference:/home/turtle1/turtlebot3_ws/install/lidar_tracking:/opt/ros/humble /usr/bin/cmake --install /home/turtle1/turtlebot3_ws/build/turtlebot3_node
[780.593s] -- Install configuration: ""
[780.595s] -- Installing: /home/turtle1/turtlebot3_ws/install/turtlebot3_node/share/turtlebot3_node/param
[780.596s] -- Installing: /home/turtle1/turtlebot3_ws/install/turtlebot3_node/share/turtlebot3_node/param/waffle.yaml
[780.598s] -- Installing: /home/turtle1/turtlebot3_ws/install/turtlebot3_node/share/turtlebot3_node/param/waffle_pi.yaml
[780.599s] -- Installing: /home/turtle1/turtlebot3_ws/install/turtlebot3_node/share/turtlebot3_node/param/burger.yaml
[780.600s] -- Installing: /home/turtle1/turtlebot3_ws/install/turtlebot3_node/lib/turtlebot3_node/turtlebot3_ros
[780.697s] -- Set runtime path of "/home/turtle1/turtlebot3_ws/install/turtlebot3_node/lib/turtlebot3_node/turtlebot3_ros" to ""
[780.700s] -- Installing: /home/turtle1/turtlebot3_ws/install/turtlebot3_node/share/ament_index/resource_index/package_run_dependencies/turtlebot3_node
[780.703s] -- Installing: /home/turtle1/turtlebot3_ws/install/turtlebot3_node/share/ament_index/resource_index/parent_prefix_path/turtlebot3_node
[780.709s] -- Installing: /home/turtle1/turtlebot3_ws/install/turtlebot3_node/share/turtlebot3_node/environment/ament_prefix_path.sh
[780.713s] -- Installing: /home/turtle1/turtlebot3_ws/install/turtlebot3_node/share/turtlebot3_node/environment/ament_prefix_path.dsv
[780.715s] -- Installing: /home/turtle1/turtlebot3_ws/install/turtlebot3_node/share/turtlebot3_node/environment/path.sh
[780.717s] -- Installing: /home/turtle1/turtlebot3_ws/install/turtlebot3_node/share/turtlebot3_node/environment/path.dsv
[780.720s] -- Installing: /home/turtle1/turtlebot3_ws/install/turtlebot3_node/share/turtlebot3_node/local_setup.bash
[780.722s] -- Installing: /home/turtle1/turtlebot3_ws/install/turtlebot3_node/share/turtlebot3_node/local_setup.sh
[780.723s] -- Installing: /home/turtle1/turtlebot3_ws/install/turtlebot3_node/share/turtlebot3_node/local_setup.zsh
[780.725s] -- Installing: /home/turtle1/turtlebot3_ws/install/turtlebot3_node/share/turtlebot3_node/local_setup.dsv
[780.727s] -- Installing: /home/turtle1/turtlebot3_ws/install/turtlebot3_node/share/turtlebot3_node/package.dsv
[780.730s] -- Installing: /home/turtle1/turtlebot3_ws/install/turtlebot3_node/share/ament_index/resource_index/packages/turtlebot3_node
[780.732s] -- Installing: /home/turtle1/turtlebot3_ws/install/turtlebot3_node/share/turtlebot3_node/cmake/ament_cmake_export_include_directories-extras.cmake
[780.734s] -- Installing: /home/turtle1/turtlebot3_ws/install/turtlebot3_node/share/turtlebot3_node/cmake/turtlebot3_nodeConfig.cmake
[780.736s] -- Installing: /home/turtle1/turtlebot3_ws/install/turtlebot3_node/share/turtlebot3_node/cmake/turtlebot3_nodeConfig-version.cmake
[780.737s] -- Installing: /home/turtle1/turtlebot3_ws/install/turtlebot3_node/share/turtlebot3_node/package.xml
[780.748s] Invoked command in '/home/turtle1/turtlebot3_ws/build/turtlebot3_node' returned '0': CMAKE_PREFIX_PATH=${CMAKE_PREFIX_PATH}:/home/turtle1/install/turtlebot3_teleop:/home/turtle1/install/turtlebot3_soccer:/home/turtle1/install/turtlebot3_example:/home/turtle1/install/sb3_inference:/home/turtle1/install/lidar_tracking:/home/turtle1/turtlebot3_ws/install/turtlebot3_teleop:/home/turtle1/turtlebot3_ws/install/turtlebot3_soccer:/home/turtle1/turtlebot3_ws/install/turtlebot3_example:/home/turtle1/turtlebot3_ws/install/turtlebot3_distance_keeper:/home/turtle1/turtlebot3_ws/install/sb3_inference:/home/turtle1/turtlebot3_ws/install/lidar_tracking:/opt/ros/humble /usr/bin/cmake --install /home/turtle1/turtlebot3_ws/build/turtlebot3_node
