[1.418s] DEBUG:colcon:Command line arguments: ['/usr/bin/colcon', 'build', '--packages-select', 'autonomous-driving']
[1.419s] DEBUG:colcon:Parsed command line arguments: Namespace(log_base=None, log_level=None, verb_name='build', build_base='build', install_base='install', merge_install=False, symlink_install=False, test_result_base=None, continue_on_error=False, executor='parallel', parallel_workers=4, event_handlers=None, ignore_user_meta=False, metas=['./colcon.meta'], base_paths=['.'], packages_ignore=None, packages_ignore_regex=None, paths=None, packages_up_to=None, packages_up_to_regex=None, packages_above=None, packages_above_and_dependencies=None, packages_above_depth=None, packages_select_by_dep=None, packages_skip_by_dep=None, packages_skip_up_to=None, packages_select_build_failed=False, packages_skip_build_finished=False, packages_select_test_failures=False, packages_skip_test_passed=False, packages_select=['autonomous-driving'], packages_skip=None, packages_select_regex=None, packages_skip_regex=None, packages_start=None, packages_end=None, allow_overriding=[], cmake_args=None, cmake_target=None, cmake_target_skip_unavailable=False, cmake_clean_cache=False, cmake_clean_first=False, cmake_force_configure=False, ament_cmake_args=None, catkin_cmake_args=None, catkin_skip_building_tests=False, mixin_files=None, mixin=None, verb_parser=<colcon_mixin.mixin.mixin_argument.MixinArgumentDecorator object at 0xffffb174ca60>, verb_extension=<colcon_core.verb.build.BuildVerb object at 0xffffb18698d0>, main=<bound method BuildVerb.main of <colcon_core.verb.build.BuildVerb object at 0xffffb18698d0>>, mixin_verb=('build',))
[4.208s] Level 1:colcon.colcon_core.package_discovery:discover_packages(colcon_meta) check parameters
[4.210s] Level 1:colcon.colcon_core.package_discovery:discover_packages(recursive) check parameters
[4.210s] Level 1:colcon.colcon_core.package_discovery:discover_packages(ignore) check parameters
[4.210s] Level 1:colcon.colcon_core.package_discovery:discover_packages(path) check parameters
[4.211s] Level 1:colcon.colcon_core.package_discovery:discover_packages(colcon_meta) discover
[4.211s] Level 1:colcon.colcon_core.package_discovery:discover_packages(recursive) discover
[4.212s] INFO:colcon.colcon_core.package_discovery:Crawling recursively for packages in '/home/turtle1/turtlebot3_ws'
[4.213s] Level 1:colcon.colcon_core.package_identification:_identify(.) by extensions ['ignore', 'ignore_ament_install']
[4.216s] Level 1:colcon.colcon_core.package_identification:_identify(.) by extension 'ignore'
[4.218s] Level 1:colcon.colcon_core.package_identification:_identify(.) by extension 'ignore_ament_install'
[4.219s] Level 1:colcon.colcon_core.package_identification:_identify(.) by extensions ['colcon_pkg']
[4.221s] Level 1:colcon.colcon_core.package_identification:_identify(.) by extension 'colcon_pkg'
[4.221s] Level 1:colcon.colcon_core.package_identification:_identify(.) by extensions ['colcon_meta']
[4.222s] Level 1:colcon.colcon_core.package_identification:_identify(.) by extension 'colcon_meta'
[4.222s] Level 1:colcon.colcon_core.package_identification:_identify(.) by extensions ['ros']
[4.223s] Level 1:colcon.colcon_core.package_identification:_identify(.) by extension 'ros'
[4.347s] Level 1:colcon.colcon_core.package_identification:_identify(.) by extensions ['cmake', 'python']
[4.349s] Level 1:colcon.colcon_core.package_identification:_identify(.) by extension 'cmake'
[4.349s] Level 1:colcon.colcon_core.package_identification:_identify(.) by extension 'python'
[4.350s] Level 1:colcon.colcon_core.package_identification:_identify(.) by extensions ['python_setup_py']
[4.350s] Level 1:colcon.colcon_core.package_identification:_identify(.) by extension 'python_setup_py'
[4.353s] Level 1:colcon.colcon_core.package_identification:_identify(build) by extensions ['ignore', 'ignore_ament_install']
[4.354s] Level 1:colcon.colcon_core.package_identification:_identify(build) by extension 'ignore'
[4.355s] Level 1:colcon.colcon_core.package_identification:_identify(build) ignored
[4.358s] Level 1:colcon.colcon_core.package_identification:_identify(install) by extensions ['ignore', 'ignore_ament_install']
[4.359s] Level 1:colcon.colcon_core.package_identification:_identify(install) by extension 'ignore'
[4.360s] Level 1:colcon.colcon_core.package_identification:_identify(install) ignored
[4.366s] Level 1:colcon.colcon_core.package_identification:_identify(log) by extensions ['ignore', 'ignore_ament_install']
[4.367s] Level 1:colcon.colcon_core.package_identification:_identify(log) by extension 'ignore'
[4.368s] Level 1:colcon.colcon_core.package_identification:_identify(log) ignored
[4.369s] Level 1:colcon.colcon_core.package_identification:_identify(src) by extensions ['ignore', 'ignore_ament_install']
[4.370s] Level 1:colcon.colcon_core.package_identification:_identify(src) by extension 'ignore'
[4.371s] Level 1:colcon.colcon_core.package_identification:_identify(src) by extension 'ignore_ament_install'
[4.372s] Level 1:colcon.colcon_core.package_identification:_identify(src) by extensions ['colcon_pkg']
[4.372s] Level 1:colcon.colcon_core.package_identification:_identify(src) by extension 'colcon_pkg'
[4.373s] Level 1:colcon.colcon_core.package_identification:_identify(src) by extensions ['colcon_meta']
[4.373s] Level 1:colcon.colcon_core.package_identification:_identify(src) by extension 'colcon_meta'
[4.374s] Level 1:colcon.colcon_core.package_identification:_identify(src) by extensions ['ros']
[4.374s] Level 1:colcon.colcon_core.package_identification:_identify(src) by extension 'ros'
[4.375s] Level 1:colcon.colcon_core.package_identification:_identify(src) by extensions ['cmake', 'python']
[4.376s] Level 1:colcon.colcon_core.package_identification:_identify(src) by extension 'cmake'
[4.376s] Level 1:colcon.colcon_core.package_identification:_identify(src) by extension 'python'
[4.377s] Level 1:colcon.colcon_core.package_identification:_identify(src) by extensions ['python_setup_py']
[4.377s] Level 1:colcon.colcon_core.package_identification:_identify(src) by extension 'python_setup_py'
[4.379s] Level 1:colcon.colcon_core.package_identification:_identify(src/ld08_driver) by extensions ['ignore', 'ignore_ament_install']
[4.380s] Level 1:colcon.colcon_core.package_identification:_identify(src/ld08_driver) by extension 'ignore'
[4.380s] Level 1:colcon.colcon_core.package_identification:_identify(src/ld08_driver) by extension 'ignore_ament_install'
[4.381s] Level 1:colcon.colcon_core.package_identification:_identify(src/ld08_driver) by extensions ['colcon_pkg']
[4.382s] Level 1:colcon.colcon_core.package_identification:_identify(src/ld08_driver) by extension 'colcon_pkg'
[4.382s] Level 1:colcon.colcon_core.package_identification:_identify(src/ld08_driver) by extensions ['colcon_meta']
[4.383s] Level 1:colcon.colcon_core.package_identification:_identify(src/ld08_driver) by extension 'colcon_meta'
[4.383s] Level 1:colcon.colcon_core.package_identification:_identify(src/ld08_driver) by extensions ['ros']
[4.384s] Level 1:colcon.colcon_core.package_identification:_identify(src/ld08_driver) by extension 'ros'
[4.409s] DEBUG:colcon.colcon_core.package_identification:Package 'src/ld08_driver' with type 'ros.ament_cmake' and name 'ld08_driver'
[4.411s] Level 1:colcon.colcon_core.package_identification:_identify(src/tb3_rl) by extensions ['ignore', 'ignore_ament_install']
[4.412s] Level 1:colcon.colcon_core.package_identification:_identify(src/tb3_rl) by extension 'ignore'
[4.414s] Level 1:colcon.colcon_core.package_identification:_identify(src/tb3_rl) by extension 'ignore_ament_install'
[4.415s] Level 1:colcon.colcon_core.package_identification:_identify(src/tb3_rl) by extensions ['colcon_pkg']
[4.415s] Level 1:colcon.colcon_core.package_identification:_identify(src/tb3_rl) by extension 'colcon_pkg'
[4.418s] Level 1:colcon.colcon_core.package_identification:_identify(src/tb3_rl) by extensions ['colcon_meta']
[4.418s] Level 1:colcon.colcon_core.package_identification:_identify(src/tb3_rl) by extension 'colcon_meta'
[4.419s] Level 1:colcon.colcon_core.package_identification:_identify(src/tb3_rl) by extensions ['ros']
[4.420s] Level 1:colcon.colcon_core.package_identification:_identify(src/tb3_rl) by extension 'ros'
[4.422s] Level 1:colcon.colcon_core.package_identification:_identify(src/tb3_rl) by extensions ['cmake', 'python']
[4.423s] Level 1:colcon.colcon_core.package_identification:_identify(src/tb3_rl) by extension 'cmake'
[4.424s] Level 1:colcon.colcon_core.package_identification:_identify(src/tb3_rl) by extension 'python'
[4.425s] Level 1:colcon.colcon_core.package_identification:_identify(src/tb3_rl) by extensions ['python_setup_py']
[4.425s] Level 1:colcon.colcon_core.package_identification:_identify(src/tb3_rl) by extension 'python_setup_py'
[4.427s] Level 1:colcon.colcon_core.package_identification:_identify(src/tb3_rl/ball_locator) by extensions ['ignore', 'ignore_ament_install']
[4.428s] Level 1:colcon.colcon_core.package_identification:_identify(src/tb3_rl/ball_locator) by extension 'ignore'
[4.429s] Level 1:colcon.colcon_core.package_identification:_identify(src/tb3_rl/ball_locator) by extension 'ignore_ament_install'
[4.430s] Level 1:colcon.colcon_core.package_identification:_identify(src/tb3_rl/ball_locator) by extensions ['colcon_pkg']
[4.431s] Level 1:colcon.colcon_core.package_identification:_identify(src/tb3_rl/ball_locator) by extension 'colcon_pkg'
[4.432s] Level 1:colcon.colcon_core.package_identification:_identify(src/tb3_rl/ball_locator) by extensions ['colcon_meta']
[4.432s] Level 1:colcon.colcon_core.package_identification:_identify(src/tb3_rl/ball_locator) by extension 'colcon_meta'
[4.433s] Level 1:colcon.colcon_core.package_identification:_identify(src/tb3_rl/ball_locator) by extensions ['ros']
[4.433s] Level 1:colcon.colcon_core.package_identification:_identify(src/tb3_rl/ball_locator) by extension 'ros'
[4.439s] DEBUG:colcon.colcon_core.package_identification:Package 'src/tb3_rl/ball_locator' with type 'ros.ament_python' and name 'ball_locator'
[4.441s] Level 1:colcon.colcon_core.package_identification:_identify(src/tb3_rl/build) by extensions ['ignore', 'ignore_ament_install']
[4.442s] Level 1:colcon.colcon_core.package_identification:_identify(src/tb3_rl/build) by extension 'ignore'
[4.443s] Level 1:colcon.colcon_core.package_identification:_identify(src/tb3_rl/build) ignored
[4.445s] Level 1:colcon.colcon_core.package_identification:_identify(src/tb3_rl/install) by extensions ['ignore', 'ignore_ament_install']
[4.446s] Level 1:colcon.colcon_core.package_identification:_identify(src/tb3_rl/install) by extension 'ignore'
[4.447s] Level 1:colcon.colcon_core.package_identification:_identify(src/tb3_rl/install) ignored
[4.449s] Level 1:colcon.colcon_core.package_identification:_identify(src/tb3_rl/log) by extensions ['ignore', 'ignore_ament_install']
[4.450s] Level 1:colcon.colcon_core.package_identification:_identify(src/tb3_rl/log) by extension 'ignore'
[4.450s] Level 1:colcon.colcon_core.package_identification:_identify(src/tb3_rl/log) by extension 'ignore_ament_install'
[4.451s] Level 1:colcon.colcon_core.package_identification:_identify(src/tb3_rl/log) by extensions ['colcon_pkg']
[4.452s] Level 1:colcon.colcon_core.package_identification:_identify(src/tb3_rl/log) by extension 'colcon_pkg'
[4.452s] Level 1:colcon.colcon_core.package_identification:_identify(src/tb3_rl/log) by extensions ['colcon_meta']
[4.453s] Level 1:colcon.colcon_core.package_identification:_identify(src/tb3_rl/log) by extension 'colcon_meta'
[4.453s] Level 1:colcon.colcon_core.package_identification:_identify(src/tb3_rl/log) by extensions ['ros']
[4.454s] Level 1:colcon.colcon_core.package_identification:_identify(src/tb3_rl/log) by extension 'ros'
[4.455s] Level 1:colcon.colcon_core.package_identification:_identify(src/tb3_rl/log) by extensions ['cmake', 'python']
[4.456s] Level 1:colcon.colcon_core.package_identification:_identify(src/tb3_rl/log) by extension 'cmake'
[4.457s] Level 1:colcon.colcon_core.package_identification:_identify(src/tb3_rl/log) by extension 'python'
[4.457s] Level 1:colcon.colcon_core.package_identification:_identify(src/tb3_rl/log) by extensions ['python_setup_py']
[4.458s] Level 1:colcon.colcon_core.package_identification:_identify(src/tb3_rl/log) by extension 'python_setup_py'
[4.460s] Level 1:colcon.colcon_core.package_identification:_identify(src/tb3_rl/nano_scripts) by extensions ['ignore', 'ignore_ament_install']
[4.461s] Level 1:colcon.colcon_core.package_identification:_identify(src/tb3_rl/nano_scripts) by extension 'ignore'
[4.462s] Level 1:colcon.colcon_core.package_identification:_identify(src/tb3_rl/nano_scripts) by extension 'ignore_ament_install'
[4.463s] Level 1:colcon.colcon_core.package_identification:_identify(src/tb3_rl/nano_scripts) by extensions ['colcon_pkg']
[4.464s] Level 1:colcon.colcon_core.package_identification:_identify(src/tb3_rl/nano_scripts) by extension 'colcon_pkg'
[4.464s] Level 1:colcon.colcon_core.package_identification:_identify(src/tb3_rl/nano_scripts) by extensions ['colcon_meta']
[4.465s] Level 1:colcon.colcon_core.package_identification:_identify(src/tb3_rl/nano_scripts) by extension 'colcon_meta'
[4.465s] Level 1:colcon.colcon_core.package_identification:_identify(src/tb3_rl/nano_scripts) by extensions ['ros']
[4.466s] Level 1:colcon.colcon_core.package_identification:_identify(src/tb3_rl/nano_scripts) by extension 'ros'
[4.467s] Level 1:colcon.colcon_core.package_identification:_identify(src/tb3_rl/nano_scripts) by extensions ['cmake', 'python']
[4.468s] Level 1:colcon.colcon_core.package_identification:_identify(src/tb3_rl/nano_scripts) by extension 'cmake'
[4.468s] Level 1:colcon.colcon_core.package_identification:_identify(src/tb3_rl/nano_scripts) by extension 'python'
[4.469s] Level 1:colcon.colcon_core.package_identification:_identify(src/tb3_rl/nano_scripts) by extensions ['python_setup_py']
[4.469s] Level 1:colcon.colcon_core.package_identification:_identify(src/tb3_rl/nano_scripts) by extension 'python_setup_py'
[4.471s] Level 1:colcon.colcon_core.package_identification:_identify(src/tb3_rl/sb3_pusher) by extensions ['ignore', 'ignore_ament_install']
[4.472s] Level 1:colcon.colcon_core.package_identification:_identify(src/tb3_rl/sb3_pusher) by extension 'ignore'
[4.472s] Level 1:colcon.colcon_core.package_identification:_identify(src/tb3_rl/sb3_pusher) by extension 'ignore_ament_install'
[4.473s] Level 1:colcon.colcon_core.package_identification:_identify(src/tb3_rl/sb3_pusher) by extensions ['colcon_pkg']
[4.474s] Level 1:colcon.colcon_core.package_identification:_identify(src/tb3_rl/sb3_pusher) by extension 'colcon_pkg'
[4.474s] Level 1:colcon.colcon_core.package_identification:_identify(src/tb3_rl/sb3_pusher) by extensions ['colcon_meta']
[4.474s] Level 1:colcon.colcon_core.package_identification:_identify(src/tb3_rl/sb3_pusher) by extension 'colcon_meta'
[4.475s] Level 1:colcon.colcon_core.package_identification:_identify(src/tb3_rl/sb3_pusher) by extensions ['ros']
[4.476s] Level 1:colcon.colcon_core.package_identification:_identify(src/tb3_rl/sb3_pusher) by extension 'ros'
[4.482s] DEBUG:colcon.colcon_core.package_identification:Package 'src/tb3_rl/sb3_pusher' with type 'ros.ament_python' and name 'sb3_pusher'
[4.484s] Level 1:colcon.colcon_core.package_identification:_identify(src/tb3_rl/sb3_target_driver) by extensions ['ignore', 'ignore_ament_install']
[4.486s] Level 1:colcon.colcon_core.package_identification:_identify(src/tb3_rl/sb3_target_driver) by extension 'ignore'
[4.487s] Level 1:colcon.colcon_core.package_identification:_identify(src/tb3_rl/sb3_target_driver) by extension 'ignore_ament_install'
[4.489s] Level 1:colcon.colcon_core.package_identification:_identify(src/tb3_rl/sb3_target_driver) by extensions ['colcon_pkg']
[4.490s] Level 1:colcon.colcon_core.package_identification:_identify(src/tb3_rl/sb3_target_driver) by extension 'colcon_pkg'
[4.491s] Level 1:colcon.colcon_core.package_identification:_identify(src/tb3_rl/sb3_target_driver) by extensions ['colcon_meta']
[4.491s] Level 1:colcon.colcon_core.package_identification:_identify(src/tb3_rl/sb3_target_driver) by extension 'colcon_meta'
[4.492s] Level 1:colcon.colcon_core.package_identification:_identify(src/tb3_rl/sb3_target_driver) by extensions ['ros']
[4.492s] Level 1:colcon.colcon_core.package_identification:_identify(src/tb3_rl/sb3_target_driver) by extension 'ros'
[4.499s] DEBUG:colcon.colcon_core.package_identification:Package 'src/tb3_rl/sb3_target_driver' with type 'ros.ament_python' and name 'sb3_target_driver'
[4.501s] Level 1:colcon.colcon_core.package_identification:_identify(src/tb3_rl/sensor_pub) by extensions ['ignore', 'ignore_ament_install']
[4.502s] Level 1:colcon.colcon_core.package_identification:_identify(src/tb3_rl/sensor_pub) by extension 'ignore'
[4.503s] Level 1:colcon.colcon_core.package_identification:_identify(src/tb3_rl/sensor_pub) by extension 'ignore_ament_install'
[4.504s] Level 1:colcon.colcon_core.package_identification:_identify(src/tb3_rl/sensor_pub) by extensions ['colcon_pkg']
[4.504s] Level 1:colcon.colcon_core.package_identification:_identify(src/tb3_rl/sensor_pub) by extension 'colcon_pkg'
[4.505s] Level 1:colcon.colcon_core.package_identification:_identify(src/tb3_rl/sensor_pub) by extensions ['colcon_meta']
[4.505s] Level 1:colcon.colcon_core.package_identification:_identify(src/tb3_rl/sensor_pub) by extension 'colcon_meta'
[4.506s] Level 1:colcon.colcon_core.package_identification:_identify(src/tb3_rl/sensor_pub) by extensions ['ros']
[4.506s] Level 1:colcon.colcon_core.package_identification:_identify(src/tb3_rl/sensor_pub) by extension 'ros'
[4.512s] DEBUG:colcon.colcon_core.package_identification:Package 'src/tb3_rl/sensor_pub' with type 'ros.ament_python' and name 'sensor_pub'
[4.514s] Level 1:colcon.colcon_core.package_identification:_identify(src/turtlebot3) by extensions ['ignore', 'ignore_ament_install']
[4.516s] Level 1:colcon.colcon_core.package_identification:_identify(src/turtlebot3) by extension 'ignore'
[4.516s] Level 1:colcon.colcon_core.package_identification:_identify(src/turtlebot3) by extension 'ignore_ament_install'
[4.517s] Level 1:colcon.colcon_core.package_identification:_identify(src/turtlebot3) by extensions ['colcon_pkg']
[4.518s] Level 1:colcon.colcon_core.package_identification:_identify(src/turtlebot3) by extension 'colcon_pkg'
[4.518s] Level 1:colcon.colcon_core.package_identification:_identify(src/turtlebot3) by extensions ['colcon_meta']
[4.519s] Level 1:colcon.colcon_core.package_identification:_identify(src/turtlebot3) by extension 'colcon_meta'
[4.519s] Level 1:colcon.colcon_core.package_identification:_identify(src/turtlebot3) by extensions ['ros']
[4.520s] Level 1:colcon.colcon_core.package_identification:_identify(src/turtlebot3) by extension 'ros'
[4.521s] Level 1:colcon.colcon_core.package_identification:_identify(src/turtlebot3) by extensions ['cmake', 'python']
[4.522s] Level 1:colcon.colcon_core.package_identification:_identify(src/turtlebot3) by extension 'cmake'
[4.522s] Level 1:colcon.colcon_core.package_identification:_identify(src/turtlebot3) by extension 'python'
[4.523s] Level 1:colcon.colcon_core.package_identification:_identify(src/turtlebot3) by extensions ['python_setup_py']
[4.524s] Level 1:colcon.colcon_core.package_identification:_identify(src/turtlebot3) by extension 'python_setup_py'
[4.526s] Level 1:colcon.colcon_core.package_identification:_identify(src/turtlebot3/autonomous_driving) by extensions ['ignore', 'ignore_ament_install']
[4.527s] Level 1:colcon.colcon_core.package_identification:_identify(src/turtlebot3/autonomous_driving) by extension 'ignore'
[4.528s] Level 1:colcon.colcon_core.package_identification:_identify(src/turtlebot3/autonomous_driving) by extension 'ignore_ament_install'
[4.528s] Level 1:colcon.colcon_core.package_identification:_identify(src/turtlebot3/autonomous_driving) by extensions ['colcon_pkg']
[4.529s] Level 1:colcon.colcon_core.package_identification:_identify(src/turtlebot3/autonomous_driving) by extension 'colcon_pkg'
[4.529s] Level 1:colcon.colcon_core.package_identification:_identify(src/turtlebot3/autonomous_driving) by extensions ['colcon_meta']
[4.530s] Level 1:colcon.colcon_core.package_identification:_identify(src/turtlebot3/autonomous_driving) by extension 'colcon_meta'
[4.530s] Level 1:colcon.colcon_core.package_identification:_identify(src/turtlebot3/autonomous_driving) by extensions ['ros']
[4.531s] Level 1:colcon.colcon_core.package_identification:_identify(src/turtlebot3/autonomous_driving) by extension 'ros'
[4.537s] DEBUG:colcon.colcon_core.package_identification:Package 'src/turtlebot3/autonomous_driving' with type 'ros.ament_python' and name 'autonomous_driving'
[4.539s] Level 1:colcon.colcon_core.package_identification:_identify(src/turtlebot3/lidar_tracking) by extensions ['ignore', 'ignore_ament_install']
[4.540s] Level 1:colcon.colcon_core.package_identification:_identify(src/turtlebot3/lidar_tracking) by extension 'ignore'
[4.540s] Level 1:colcon.colcon_core.package_identification:_identify(src/turtlebot3/lidar_tracking) by extension 'ignore_ament_install'
[4.541s] Level 1:colcon.colcon_core.package_identification:_identify(src/turtlebot3/lidar_tracking) by extensions ['colcon_pkg']
[4.542s] Level 1:colcon.colcon_core.package_identification:_identify(src/turtlebot3/lidar_tracking) by extension 'colcon_pkg'
[4.543s] Level 1:colcon.colcon_core.package_identification:_identify(src/turtlebot3/lidar_tracking) by extensions ['colcon_meta']
[4.543s] Level 1:colcon.colcon_core.package_identification:_identify(src/turtlebot3/lidar_tracking) by extension 'colcon_meta'
[4.544s] Level 1:colcon.colcon_core.package_identification:_identify(src/turtlebot3/lidar_tracking) by extensions ['ros']
[4.544s] Level 1:colcon.colcon_core.package_identification:_identify(src/turtlebot3/lidar_tracking) by extension 'ros'
[4.550s] DEBUG:colcon.colcon_core.package_identification:Package 'src/turtlebot3/lidar_tracking' with type 'ros.ament_python' and name 'lidar_tracking'
[4.552s] Level 1:colcon.colcon_core.package_identification:_identify(src/turtlebot3/pub_sub) by extensions ['ignore', 'ignore_ament_install']
[4.553s] Level 1:colcon.colcon_core.package_identification:_identify(src/turtlebot3/pub_sub) by extension 'ignore'
[4.554s] Level 1:colcon.colcon_core.package_identification:_identify(src/turtlebot3/pub_sub) by extension 'ignore_ament_install'
[4.555s] Level 1:colcon.colcon_core.package_identification:_identify(src/turtlebot3/pub_sub) by extensions ['colcon_pkg']
[4.555s] Level 1:colcon.colcon_core.package_identification:_identify(src/turtlebot3/pub_sub) by extension 'colcon_pkg'
[4.556s] Level 1:colcon.colcon_core.package_identification:_identify(src/turtlebot3/pub_sub) by extensions ['colcon_meta']
[4.556s] Level 1:colcon.colcon_core.package_identification:_identify(src/turtlebot3/pub_sub) by extension 'colcon_meta'
[4.557s] Level 1:colcon.colcon_core.package_identification:_identify(src/turtlebot3/pub_sub) by extensions ['ros']
[4.557s] Level 1:colcon.colcon_core.package_identification:_identify(src/turtlebot3/pub_sub) by extension 'ros'
[4.563s] DEBUG:colcon.colcon_core.package_identification:Package 'src/turtlebot3/pub_sub' with type 'ros.ament_python' and name 'pub_sub'
[4.565s] Level 1:colcon.colcon_core.package_identification:_identify(src/turtlebot3/publish_sensor_info) by extensions ['ignore', 'ignore_ament_install']
[4.566s] Level 1:colcon.colcon_core.package_identification:_identify(src/turtlebot3/publish_sensor_info) by extension 'ignore'
[4.567s] Level 1:colcon.colcon_core.package_identification:_identify(src/turtlebot3/publish_sensor_info) by extension 'ignore_ament_install'
[4.568s] Level 1:colcon.colcon_core.package_identification:_identify(src/turtlebot3/publish_sensor_info) by extensions ['colcon_pkg']
[4.569s] Level 1:colcon.colcon_core.package_identification:_identify(src/turtlebot3/publish_sensor_info) by extension 'colcon_pkg'
[4.569s] Level 1:colcon.colcon_core.package_identification:_identify(src/turtlebot3/publish_sensor_info) by extensions ['colcon_meta']
[4.570s] Level 1:colcon.colcon_core.package_identification:_identify(src/turtlebot3/publish_sensor_info) by extension 'colcon_meta'
[4.570s] Level 1:colcon.colcon_core.package_identification:_identify(src/turtlebot3/publish_sensor_info) by extensions ['ros']
[4.571s] Level 1:colcon.colcon_core.package_identification:_identify(src/turtlebot3/publish_sensor_info) by extension 'ros'
[4.576s] DEBUG:colcon.colcon_core.package_identification:Package 'src/turtlebot3/publish_sensor_info' with type 'ros.ament_python' and name 'publish_sensor_info'
[4.578s] Level 1:colcon.colcon_core.package_identification:_identify(src/turtlebot3/sb3_inference) by extensions ['ignore', 'ignore_ament_install']
[4.579s] Level 1:colcon.colcon_core.package_identification:_identify(src/turtlebot3/sb3_inference) by extension 'ignore'
[4.580s] Level 1:colcon.colcon_core.package_identification:_identify(src/turtlebot3/sb3_inference) by extension 'ignore_ament_install'
[4.581s] Level 1:colcon.colcon_core.package_identification:_identify(src/turtlebot3/sb3_inference) by extensions ['colcon_pkg']
[4.581s] Level 1:colcon.colcon_core.package_identification:_identify(src/turtlebot3/sb3_inference) by extension 'colcon_pkg'
[4.582s] Level 1:colcon.colcon_core.package_identification:_identify(src/turtlebot3/sb3_inference) by extensions ['colcon_meta']
[4.582s] Level 1:colcon.colcon_core.package_identification:_identify(src/turtlebot3/sb3_inference) by extension 'colcon_meta'
[4.583s] Level 1:colcon.colcon_core.package_identification:_identify(src/turtlebot3/sb3_inference) by extensions ['ros']
[4.583s] Level 1:colcon.colcon_core.package_identification:_identify(src/turtlebot3/sb3_inference) by extension 'ros'
[4.591s] DEBUG:colcon.colcon_core.package_identification:Package 'src/turtlebot3/sb3_inference' with type 'ros.ament_python' and name 'sb3_inference'
[4.593s] Level 1:colcon.colcon_core.package_identification:_identify(src/turtlebot3/turtlebot3) by extensions ['ignore', 'ignore_ament_install']
[4.595s] Level 1:colcon.colcon_core.package_identification:_identify(src/turtlebot3/turtlebot3) by extension 'ignore'
[4.596s] Level 1:colcon.colcon_core.package_identification:_identify(src/turtlebot3/turtlebot3) by extension 'ignore_ament_install'
[4.596s] Level 1:colcon.colcon_core.package_identification:_identify(src/turtlebot3/turtlebot3) by extensions ['colcon_pkg']
[4.597s] Level 1:colcon.colcon_core.package_identification:_identify(src/turtlebot3/turtlebot3) by extension 'colcon_pkg'
[4.597s] Level 1:colcon.colcon_core.package_identification:_identify(src/turtlebot3/turtlebot3) by extensions ['colcon_meta']
[4.598s] Level 1:colcon.colcon_core.package_identification:_identify(src/turtlebot3/turtlebot3) by extension 'colcon_meta'
[4.598s] Level 1:colcon.colcon_core.package_identification:_identify(src/turtlebot3/turtlebot3) by extensions ['ros']
[4.599s] Level 1:colcon.colcon_core.package_identification:_identify(src/turtlebot3/turtlebot3) by extension 'ros'
[4.606s] DEBUG:colcon.colcon_core.package_identification:Package 'src/turtlebot3/turtlebot3' with type 'ros.ament_cmake' and name 'turtlebot3'
[4.608s] Level 1:colcon.colcon_core.package_identification:_identify(src/turtlebot3/turtlebot3_bringup) by extensions ['ignore', 'ignore_ament_install']
[4.609s] Level 1:colcon.colcon_core.package_identification:_identify(src/turtlebot3/turtlebot3_bringup) by extension 'ignore'
[4.610s] Level 1:colcon.colcon_core.package_identification:_identify(src/turtlebot3/turtlebot3_bringup) by extension 'ignore_ament_install'
[4.611s] Level 1:colcon.colcon_core.package_identification:_identify(src/turtlebot3/turtlebot3_bringup) by extensions ['colcon_pkg']
[4.612s] Level 1:colcon.colcon_core.package_identification:_identify(src/turtlebot3/turtlebot3_bringup) by extension 'colcon_pkg'
[4.612s] Level 1:colcon.colcon_core.package_identification:_identify(src/turtlebot3/turtlebot3_bringup) by extensions ['colcon_meta']
[4.613s] Level 1:colcon.colcon_core.package_identification:_identify(src/turtlebot3/turtlebot3_bringup) by extension 'colcon_meta'
[4.614s] Level 1:colcon.colcon_core.package_identification:_identify(src/turtlebot3/turtlebot3_bringup) by extensions ['ros']
[4.614s] Level 1:colcon.colcon_core.package_identification:_identify(src/turtlebot3/turtlebot3_bringup) by extension 'ros'
[4.621s] DEBUG:colcon.colcon_core.package_identification:Package 'src/turtlebot3/turtlebot3_bringup' with type 'ros.ament_cmake' and name 'turtlebot3_bringup'
[4.623s] Level 1:colcon.colcon_core.package_identification:_identify(src/turtlebot3/turtlebot3_description) by extensions ['ignore', 'ignore_ament_install']
[4.624s] Level 1:colcon.colcon_core.package_identification:_identify(src/turtlebot3/turtlebot3_description) by extension 'ignore'
[4.625s] Level 1:colcon.colcon_core.package_identification:_identify(src/turtlebot3/turtlebot3_description) by extension 'ignore_ament_install'
[4.626s] Level 1:colcon.colcon_core.package_identification:_identify(src/turtlebot3/turtlebot3_description) by extensions ['colcon_pkg']
[4.626s] Level 1:colcon.colcon_core.package_identification:_identify(src/turtlebot3/turtlebot3_description) by extension 'colcon_pkg'
[4.627s] Level 1:colcon.colcon_core.package_identification:_identify(src/turtlebot3/turtlebot3_description) by extensions ['colcon_meta']
[4.627s] Level 1:colcon.colcon_core.package_identification:_identify(src/turtlebot3/turtlebot3_description) by extension 'colcon_meta'
[4.628s] Level 1:colcon.colcon_core.package_identification:_identify(src/turtlebot3/turtlebot3_description) by extensions ['ros']
[4.629s] Level 1:colcon.colcon_core.package_identification:_identify(src/turtlebot3/turtlebot3_description) by extension 'ros'
[4.635s] DEBUG:colcon.colcon_core.package_identification:Package 'src/turtlebot3/turtlebot3_description' with type 'ros.ament_cmake' and name 'turtlebot3_description'
[4.637s] Level 1:colcon.colcon_core.package_identification:_identify(src/turtlebot3/turtlebot3_distance_keeper) by extensions ['ignore', 'ignore_ament_install']
[4.638s] Level 1:colcon.colcon_core.package_identification:_identify(src/turtlebot3/turtlebot3_distance_keeper) by extension 'ignore'
[4.640s] Level 1:colcon.colcon_core.package_identification:_identify(src/turtlebot3/turtlebot3_distance_keeper) by extension 'ignore_ament_install'
[4.640s] Level 1:colcon.colcon_core.package_identification:_identify(src/turtlebot3/turtlebot3_distance_keeper) by extensions ['colcon_pkg']
[4.641s] Level 1:colcon.colcon_core.package_identification:_identify(src/turtlebot3/turtlebot3_distance_keeper) by extension 'colcon_pkg'
[4.641s] Level 1:colcon.colcon_core.package_identification:_identify(src/turtlebot3/turtlebot3_distance_keeper) by extensions ['colcon_meta']
[4.642s] Level 1:colcon.colcon_core.package_identification:_identify(src/turtlebot3/turtlebot3_distance_keeper) by extension 'colcon_meta'
[4.643s] Level 1:colcon.colcon_core.package_identification:_identify(src/turtlebot3/turtlebot3_distance_keeper) by extensions ['ros']
[4.643s] Level 1:colcon.colcon_core.package_identification:_identify(src/turtlebot3/turtlebot3_distance_keeper) by extension 'ros'
[4.649s] DEBUG:colcon.colcon_core.package_identification:Package 'src/turtlebot3/turtlebot3_distance_keeper' with type 'ros.ament_python' and name 'turtlebot3_distance_keeper'
[4.650s] Level 1:colcon.colcon_core.package_identification:_identify(src/turtlebot3/turtlebot3_example) by extensions ['ignore', 'ignore_ament_install']
[4.652s] Level 1:colcon.colcon_core.package_identification:_identify(src/turtlebot3/turtlebot3_example) by extension 'ignore'
[4.652s] Level 1:colcon.colcon_core.package_identification:_identify(src/turtlebot3/turtlebot3_example) by extension 'ignore_ament_install'
[4.653s] Level 1:colcon.colcon_core.package_identification:_identify(src/turtlebot3/turtlebot3_example) by extensions ['colcon_pkg']
[4.654s] Level 1:colcon.colcon_core.package_identification:_identify(src/turtlebot3/turtlebot3_example) by extension 'colcon_pkg'
[4.654s] Level 1:colcon.colcon_core.package_identification:_identify(src/turtlebot3/turtlebot3_example) by extensions ['colcon_meta']
[4.655s] Level 1:colcon.colcon_core.package_identification:_identify(src/turtlebot3/turtlebot3_example) by extension 'colcon_meta'
[4.655s] Level 1:colcon.colcon_core.package_identification:_identify(src/turtlebot3/turtlebot3_example) by extensions ['ros']
[4.656s] Level 1:colcon.colcon_core.package_identification:_identify(src/turtlebot3/turtlebot3_example) by extension 'ros'
[4.675s] DEBUG:colcon.colcon_core.package_identification:Package 'src/turtlebot3/turtlebot3_example' with type 'ros.ament_python' and name 'turtlebot3_example'
[4.677s] Level 1:colcon.colcon_core.package_identification:_identify(src/turtlebot3/turtlebot3_node) by extensions ['ignore', 'ignore_ament_install']
[4.678s] Level 1:colcon.colcon_core.package_identification:_identify(src/turtlebot3/turtlebot3_node) by extension 'ignore'
[4.679s] Level 1:colcon.colcon_core.package_identification:_identify(src/turtlebot3/turtlebot3_node) by extension 'ignore_ament_install'
[4.680s] Level 1:colcon.colcon_core.package_identification:_identify(src/turtlebot3/turtlebot3_node) by extensions ['colcon_pkg']
[4.680s] Level 1:colcon.colcon_core.package_identification:_identify(src/turtlebot3/turtlebot3_node) by extension 'colcon_pkg'
[4.681s] Level 1:colcon.colcon_core.package_identification:_identify(src/turtlebot3/turtlebot3_node) by extensions ['colcon_meta']
[4.681s] Level 1:colcon.colcon_core.package_identification:_identify(src/turtlebot3/turtlebot3_node) by extension 'colcon_meta'
[4.682s] Level 1:colcon.colcon_core.package_identification:_identify(src/turtlebot3/turtlebot3_node) by extensions ['ros']
[4.682s] Level 1:colcon.colcon_core.package_identification:_identify(src/turtlebot3/turtlebot3_node) by extension 'ros'
[4.699s] DEBUG:colcon.colcon_core.package_identification:Package 'src/turtlebot3/turtlebot3_node' with type 'ros.ament_cmake' and name 'turtlebot3_node'
[4.701s] Level 1:colcon.colcon_core.package_identification:_identify(src/turtlebot3/turtlebot3_soccer) by extensions ['ignore', 'ignore_ament_install']
[4.702s] Level 1:colcon.colcon_core.package_identification:_identify(src/turtlebot3/turtlebot3_soccer) by extension 'ignore'
[4.703s] Level 1:colcon.colcon_core.package_identification:_identify(src/turtlebot3/turtlebot3_soccer) by extension 'ignore_ament_install'
[4.704s] Level 1:colcon.colcon_core.package_identification:_identify(src/turtlebot3/turtlebot3_soccer) by extensions ['colcon_pkg']
[4.704s] Level 1:colcon.colcon_core.package_identification:_identify(src/turtlebot3/turtlebot3_soccer) by extension 'colcon_pkg'
[4.705s] Level 1:colcon.colcon_core.package_identification:_identify(src/turtlebot3/turtlebot3_soccer) by extensions ['colcon_meta']
[4.705s] Level 1:colcon.colcon_core.package_identification:_identify(src/turtlebot3/turtlebot3_soccer) by extension 'colcon_meta'
[4.706s] Level 1:colcon.colcon_core.package_identification:_identify(src/turtlebot3/turtlebot3_soccer) by extensions ['ros']
[4.707s] Level 1:colcon.colcon_core.package_identification:_identify(src/turtlebot3/turtlebot3_soccer) by extension 'ros'
[4.713s] DEBUG:colcon.colcon_core.package_identification:Package 'src/turtlebot3/turtlebot3_soccer' with type 'ros.ament_python' and name 'turtlebot3_soccer'
[4.715s] Level 1:colcon.colcon_core.package_identification:_identify(src/turtlebot3/turtlebot3_teleop) by extensions ['ignore', 'ignore_ament_install']
[4.716s] Level 1:colcon.colcon_core.package_identification:_identify(src/turtlebot3/turtlebot3_teleop) by extension 'ignore'
[4.717s] Level 1:colcon.colcon_core.package_identification:_identify(src/turtlebot3/turtlebot3_teleop) by extension 'ignore_ament_install'
[4.718s] Level 1:colcon.colcon_core.package_identification:_identify(src/turtlebot3/turtlebot3_teleop) by extensions ['colcon_pkg']
[4.719s] Level 1:colcon.colcon_core.package_identification:_identify(src/turtlebot3/turtlebot3_teleop) by extension 'colcon_pkg'
[4.720s] Level 1:colcon.colcon_core.package_identification:_identify(src/turtlebot3/turtlebot3_teleop) by extensions ['colcon_meta']
[4.720s] Level 1:colcon.colcon_core.package_identification:_identify(src/turtlebot3/turtlebot3_teleop) by extension 'colcon_meta'
[4.721s] Level 1:colcon.colcon_core.package_identification:_identify(src/turtlebot3/turtlebot3_teleop) by extensions ['ros']
[4.722s] Level 1:colcon.colcon_core.package_identification:_identify(src/turtlebot3/turtlebot3_teleop) by extension 'ros'
[4.728s] DEBUG:colcon.colcon_core.package_identification:Package 'src/turtlebot3/turtlebot3_teleop' with type 'ros.ament_python' and name 'turtlebot3_teleop'
[4.729s] Level 1:colcon.colcon_core.package_discovery:discover_packages(recursive) using defaults
[4.730s] Level 1:colcon.colcon_core.package_discovery:discover_packages(ignore) discover
[4.730s] Level 1:colcon.colcon_core.package_discovery:discover_packages(ignore) using defaults
[4.730s] Level 1:colcon.colcon_core.package_discovery:discover_packages(path) discover
[4.731s] Level 1:colcon.colcon_core.package_discovery:discover_packages(path) using defaults
[4.734s] WARNING:colcon.colcon_core.package_selection:ignoring unknown package 'autonomous-driving' in --packages-select
[5.066s] INFO:colcon.colcon_core.package_selection:Skipping not selected package 'autonomous_driving' in 'src/turtlebot3/autonomous_driving'
[5.067s] INFO:colcon.colcon_core.package_selection:Skipping not selected package 'ball_locator' in 'src/tb3_rl/ball_locator'
[5.067s] INFO:colcon.colcon_core.package_selection:Skipping not selected package 'ld08_driver' in 'src/ld08_driver'
[5.068s] INFO:colcon.colcon_core.package_selection:Skipping not selected package 'lidar_tracking' in 'src/turtlebot3/lidar_tracking'
[5.068s] INFO:colcon.colcon_core.package_selection:Skipping not selected package 'pub_sub' in 'src/turtlebot3/pub_sub'
[5.068s] INFO:colcon.colcon_core.package_selection:Skipping not selected package 'publish_sensor_info' in 'src/turtlebot3/publish_sensor_info'
[5.069s] INFO:colcon.colcon_core.package_selection:Skipping not selected package 'sb3_inference' in 'src/turtlebot3/sb3_inference'
[5.069s] INFO:colcon.colcon_core.package_selection:Skipping not selected package 'sb3_pusher' in 'src/tb3_rl/sb3_pusher'
[5.069s] INFO:colcon.colcon_core.package_selection:Skipping not selected package 'sb3_target_driver' in 'src/tb3_rl/sb3_target_driver'
[5.069s] INFO:colcon.colcon_core.package_selection:Skipping not selected package 'sensor_pub' in 'src/tb3_rl/sensor_pub'
[5.070s] INFO:colcon.colcon_core.package_selection:Skipping not selected package 'turtlebot3_description' in 'src/turtlebot3/turtlebot3_description'
[5.070s] INFO:colcon.colcon_core.package_selection:Skipping not selected package 'turtlebot3_distance_keeper' in 'src/turtlebot3/turtlebot3_distance_keeper'
[5.070s] INFO:colcon.colcon_core.package_selection:Skipping not selected package 'turtlebot3_example' in 'src/turtlebot3/turtlebot3_example'
[5.071s] INFO:colcon.colcon_core.package_selection:Skipping not selected package 'turtlebot3_node' in 'src/turtlebot3/turtlebot3_node'
[5.071s] INFO:colcon.colcon_core.package_selection:Skipping not selected package 'turtlebot3_soccer' in 'src/turtlebot3/turtlebot3_soccer'
[5.071s] INFO:colcon.colcon_core.package_selection:Skipping not selected package 'turtlebot3_teleop' in 'src/turtlebot3/turtlebot3_teleop'
[5.072s] INFO:colcon.colcon_core.package_selection:Skipping not selected package 'turtlebot3_bringup' in 'src/turtlebot3/turtlebot3_bringup'
[5.072s] INFO:colcon.colcon_core.package_selection:Skipping not selected package 'turtlebot3' in 'src/turtlebot3/turtlebot3'
[5.076s] Level 1:colcon.colcon_core.package_discovery:discover_packages(prefix_path) check parameters
[5.077s] Level 1:colcon.colcon_core.package_discovery:discover_packages(prefix_path) discover
[5.119s] DEBUG:colcon.colcon_installed_package_information.package_discovery:Found 18 installed packages in /home/turtle1/turtlebot3_ws/install
[5.150s] DEBUG:colcon.colcon_installed_package_information.package_discovery:Found 321 installed packages in /opt/ros/humble
[5.171s] Level 1:colcon.colcon_core.package_discovery:discover_packages(prefix_path) using defaults
[5.744s] INFO:colcon.colcon_core.executor:Executing jobs using 'parallel' executor
[5.753s] DEBUG:colcon.colcon_parallel_executor.executor.parallel:run_until_complete
[5.754s] DEBUG:colcon.colcon_parallel_executor.executor.parallel:closing loop
[5.761s] DEBUG:colcon.colcon_parallel_executor.executor.parallel:loop closed
[5.762s] DEBUG:colcon.colcon_parallel_executor.executor.parallel:run_until_complete finished with '0'
[5.762s] DEBUG:colcon.colcon_core.event_reactor:joining thread
[5.823s] INFO:colcon.colcon_core.plugin_system:Skipping extension 'colcon_notification.desktop_notification.terminal_notifier': Not used on non-Darwin systems
[5.824s] INFO:colcon.colcon_core.plugin_system:Skipping extension 'colcon_notification.desktop_notification.win32': Not used on non-Windows systems
[5.825s] INFO:colcon.colcon_notification.desktop_notification:Sending desktop notification using 'notify2'
[5.938s] DEBUG:colcon.colcon_core.event_reactor:joined thread
[5.962s] INFO:colcon.colcon_core.plugin_system:Skipping extension 'colcon_core.shell.bat': Not used on non-Windows systems
[5.965s] INFO:colcon.colcon_core.shell:Creating prefix script '/home/turtle1/turtlebot3_ws/install/local_setup.ps1'
[5.975s] INFO:colcon.colcon_core.shell:Creating prefix util module '/home/turtle1/turtlebot3_ws/install/_local_setup_util_ps1.py'
[5.991s] INFO:colcon.colcon_core.shell:Creating prefix chain script '/home/turtle1/turtlebot3_ws/install/setup.ps1'
[6.017s] INFO:colcon.colcon_core.shell:Creating prefix script '/home/turtle1/turtlebot3_ws/install/local_setup.sh'
[6.024s] INFO:colcon.colcon_core.shell:Creating prefix util module '/home/turtle1/turtlebot3_ws/install/_local_setup_util_sh.py'
[6.032s] INFO:colcon.colcon_core.shell:Creating prefix chain script '/home/turtle1/turtlebot3_ws/install/setup.sh'
[6.057s] INFO:colcon.colcon_core.shell:Creating prefix script '/home/turtle1/turtlebot3_ws/install/local_setup.bash'
[6.066s] INFO:colcon.colcon_core.shell:Creating prefix chain script '/home/turtle1/turtlebot3_ws/install/setup.bash'
[6.090s] INFO:colcon.colcon_core.shell:Creating prefix script '/home/turtle1/turtlebot3_ws/install/local_setup.zsh'
[6.096s] INFO:colcon.colcon_core.shell:Creating prefix chain script '/home/turtle1/turtlebot3_ws/install/setup.zsh'
