[3.440s] Invoking command in '/home/turtle1/turtlebot3_ws/src/tb3_rl/sb3_pusher': PYTHONPATH=/home/turtle1/turtlebot3_ws/build/sb3_pusher/prefix_override:/usr/lib/python3/dist-packages/colcon_core/task/python/colcon_distutils_commands:/home/turtle1/turtlebot3_ws/install/sb3_pusher/lib/python3.10/site-packages:${PYTHONPATH} /usr/bin/python3 -W ignore:setup.py install is deprecated -W ignore:easy_install command is deprecated setup.py egg_info --egg-base ../../../build/sb3_pusher build --build-base /home/turtle1/turtlebot3_ws/build/sb3_pusher/build install --record /home/turtle1/turtlebot3_ws/build/sb3_pusher/install.log --single-version-externally-managed install_data
[4.802s] running egg_info
[4.805s] writing ../../../build/sb3_pusher/sb3_pusher.egg-info/PKG-INFO
[4.807s] writing dependency_links to ../../../build/sb3_pusher/sb3_pusher.egg-info/dependency_links.txt
[4.809s] writing entry points to ../../../build/sb3_pusher/sb3_pusher.egg-info/entry_points.txt
[4.814s] writing requirements to ../../../build/sb3_pusher/sb3_pusher.egg-info/requires.txt
[4.814s] writing top-level names to ../../../build/sb3_pusher/sb3_pusher.egg-info/top_level.txt
[4.826s] reading manifest file '../../../build/sb3_pusher/sb3_pusher.egg-info/SOURCES.txt'
[4.829s] adding license file 'LICENSE'
[4.833s] writing manifest file '../../../build/sb3_pusher/sb3_pusher.egg-info/SOURCES.txt'
[4.834s] running build
[4.834s] running build_py
[4.835s] copying sb3_pusher/camera_inference.py -> /home/turtle1/turtlebot3_ws/build/sb3_pusher/build/lib/sb3_pusher
[4.835s] running install
[4.836s] running install_lib
[4.840s] copying /home/turtle1/turtlebot3_ws/build/sb3_pusher/build/lib/sb3_pusher/camera_inference.py -> /home/turtle1/turtlebot3_ws/install/sb3_pusher/lib/python3.10/site-packages/sb3_pusher
[4.844s] byte-compiling /home/turtle1/turtlebot3_ws/install/sb3_pusher/lib/python3.10/site-packages/sb3_pusher/camera_inference.py to camera_inference.cpython-310.pyc
[4.853s] running install_data
[4.853s] running install_egg_info
[4.866s] removing '/home/turtle1/turtlebot3_ws/install/sb3_pusher/lib/python3.10/site-packages/sb3_pusher-0.0.0-py3.10.egg-info' (and everything under it)
[4.867s] Copying ../../../build/sb3_pusher/sb3_pusher.egg-info to /home/turtle1/turtlebot3_ws/install/sb3_pusher/lib/python3.10/site-packages/sb3_pusher-0.0.0-py3.10.egg-info
[4.876s] running install_scripts
[4.968s] Installing inference script to /home/turtle1/turtlebot3_ws/install/sb3_pusher/lib/sb3_pusher
[4.970s] writing list of installed files to '/home/turtle1/turtlebot3_ws/build/sb3_pusher/install.log'
[5.099s] Invoked command in '/home/turtle1/turtlebot3_ws/src/tb3_rl/sb3_pusher' returned '0': PYTHONPATH=/home/turtle1/turtlebot3_ws/build/sb3_pusher/prefix_override:/usr/lib/python3/dist-packages/colcon_core/task/python/colcon_distutils_commands:/home/turtle1/turtlebot3_ws/install/sb3_pusher/lib/python3.10/site-packages:${PYTHONPATH} /usr/bin/python3 -W ignore:setup.py install is deprecated -W ignore:easy_install command is deprecated setup.py egg_info --egg-base ../../../build/sb3_pusher build --build-base /home/turtle1/turtlebot3_ws/build/sb3_pusher/build install --record /home/turtle1/turtlebot3_ws/build/sb3_pusher/install.log --single-version-externally-managed install_data
