[3.311s] Invoking command in '/home/turtle1/turtlebot3_ws/src/tb3_rl/ball_locator': PYTHONPATH=/home/turtle1/turtlebot3_ws/build/ball_locator/prefix_override:/usr/lib/python3/dist-packages/colcon_core/task/python/colcon_distutils_commands:/home/turtle1/turtlebot3_ws/install/ball_locator/lib/python3.10/site-packages:${PYTHONPATH} /usr/bin/python3 -W ignore:setup.py install is deprecated -W ignore:easy_install command is deprecated setup.py egg_info --egg-base ../../../build/ball_locator build --build-base /home/turtle1/turtlebot3_ws/build/ball_locator/build install --record /home/turtle1/turtlebot3_ws/build/ball_locator/install.log --single-version-externally-managed install_data
[4.698s] running egg_info
[4.701s] writing ../../../build/ball_locator/ball_locator.egg-info/PKG-INFO
[4.702s] writing dependency_links to ../../../build/ball_locator/ball_locator.egg-info/dependency_links.txt
[4.703s] writing entry points to ../../../build/ball_locator/ball_locator.egg-info/entry_points.txt
[4.704s] writing requirements to ../../../build/ball_locator/ball_locator.egg-info/requires.txt
[4.704s] writing top-level names to ../../../build/ball_locator/ball_locator.egg-info/top_level.txt
[4.714s] reading manifest file '../../../build/ball_locator/ball_locator.egg-info/SOURCES.txt'
[4.715s] adding license file 'LICENSE'
[4.719s] writing manifest file '../../../build/ball_locator/ball_locator.egg-info/SOURCES.txt'
[4.720s] running build
[4.720s] running build_py
[4.722s] running install
[4.723s] running install_lib
[4.729s] running install_data
[4.729s] running install_egg_info
[4.742s] removing '/home/turtle1/turtlebot3_ws/install/ball_locator/lib/python3.10/site-packages/ball_locator-0.0.0-py3.10.egg-info' (and everything under it)
[4.743s] Copying ../../../build/ball_locator/ball_locator.egg-info to /home/turtle1/turtlebot3_ws/install/ball_locator/lib/python3.10/site-packages/ball_locator-0.0.0-py3.10.egg-info
[4.749s] running install_scripts
[4.839s] Installing ball_locator script to /home/turtle1/turtlebot3_ws/install/ball_locator/lib/ball_locator
[4.841s] writing list of installed files to '/home/turtle1/turtlebot3_ws/build/ball_locator/install.log'
[4.988s] Invoked command in '/home/turtle1/turtlebot3_ws/src/tb3_rl/ball_locator' returned '0': PYTHONPATH=/home/turtle1/turtlebot3_ws/build/ball_locator/prefix_override:/usr/lib/python3/dist-packages/colcon_core/task/python/colcon_distutils_commands:/home/turtle1/turtlebot3_ws/install/ball_locator/lib/python3.10/site-packages:${PYTHONPATH} /usr/bin/python3 -W ignore:setup.py install is deprecated -W ignore:easy_install command is deprecated setup.py egg_info --egg-base ../../../build/ball_locator build --build-base /home/turtle1/turtlebot3_ws/build/ball_locator/build install --record /home/turtle1/turtlebot3_ws/build/ball_locator/install.log --single-version-externally-managed install_data
