[3.224s] Invoking command in '/home/turtle1/turtlebot3_ws/src/tb3_rl/ball_locator': PYTHONPATH=/home/turtle1/turtlebot3_ws/build/ball_locator/prefix_override:/usr/lib/python3/dist-packages/colcon_core/task/python/colcon_distutils_commands:/home/turtle1/turtlebot3_ws/install/ball_locator/lib/python3.10/site-packages:${PYTHONPATH} /usr/bin/python3 -W ignore:setup.py install is deprecated -W ignore:easy_install command is deprecated setup.py egg_info --egg-base ../../../build/ball_locator build --build-base /home/turtle1/turtlebot3_ws/build/ball_locator/build install --record /home/turtle1/turtlebot3_ws/build/ball_locator/install.log --single-version-externally-managed install_data
[4.467s] running egg_info
[4.469s] creating ../../../build/ball_locator/ball_locator.egg-info
[4.470s] writing ../../../build/ball_locator/ball_locator.egg-info/PKG-INFO
[4.471s] writing dependency_links to ../../../build/ball_locator/ball_locator.egg-info/dependency_links.txt
[4.472s] writing entry points to ../../../build/ball_locator/ball_locator.egg-info/entry_points.txt
[4.473s] writing requirements to ../../../build/ball_locator/ball_locator.egg-info/requires.txt
[4.473s] writing top-level names to ../../../build/ball_locator/ball_locator.egg-info/top_level.txt
[4.474s] writing manifest file '../../../build/ball_locator/ball_locator.egg-info/SOURCES.txt'
[4.481s] reading manifest file '../../../build/ball_locator/ball_locator.egg-info/SOURCES.txt'
[4.482s] adding license file 'LICENSE'
[4.485s] writing manifest file '../../../build/ball_locator/ball_locator.egg-info/SOURCES.txt'
[4.486s] running build
[4.487s] running build_py
[4.487s] creating /home/turtle1/turtlebot3_ws/build/ball_locator/build
[4.488s] creating /home/turtle1/turtlebot3_ws/build/ball_locator/build/lib
[4.488s] creating /home/turtle1/turtlebot3_ws/build/ball_locator/build/lib/ball_locator
[4.489s] copying ball_locator/__init__.py -> /home/turtle1/turtlebot3_ws/build/ball_locator/build/lib/ball_locator
[4.489s] copying ball_locator/ball_locator_inference.py -> /home/turtle1/turtlebot3_ws/build/ball_locator/build/lib/ball_locator
[4.490s] running install
[4.491s] running install_lib
[4.495s] creating /home/turtle1/turtlebot3_ws/install/ball_locator/lib/python3.10/site-packages/ball_locator
[4.495s] copying /home/turtle1/turtlebot3_ws/build/ball_locator/build/lib/ball_locator/__init__.py -> /home/turtle1/turtlebot3_ws/install/ball_locator/lib/python3.10/site-packages/ball_locator
[4.496s] copying /home/turtle1/turtlebot3_ws/build/ball_locator/build/lib/ball_locator/ball_locator_inference.py -> /home/turtle1/turtlebot3_ws/install/ball_locator/lib/python3.10/site-packages/ball_locator
[4.499s] byte-compiling /home/turtle1/turtlebot3_ws/install/ball_locator/lib/python3.10/site-packages/ball_locator/__init__.py to __init__.cpython-310.pyc
[4.502s] byte-compiling /home/turtle1/turtlebot3_ws/install/ball_locator/lib/python3.10/site-packages/ball_locator/ball_locator_inference.py to ball_locator_inference.cpython-310.pyc
[4.507s] running install_data
[4.508s] creating /home/turtle1/turtlebot3_ws/install/ball_locator/share/ament_index
[4.508s] creating /home/turtle1/turtlebot3_ws/install/ball_locator/share/ament_index/resource_index
[4.509s] creating /home/turtle1/turtlebot3_ws/install/ball_locator/share/ament_index/resource_index/packages
[4.509s] copying resource/ball_locator -> /home/turtle1/turtlebot3_ws/install/ball_locator/share/ament_index/resource_index/packages
[4.510s] copying package.xml -> /home/turtle1/turtlebot3_ws/install/ball_locator/share/ball_locator
[4.510s] running install_egg_info
[4.521s] Copying ../../../build/ball_locator/ball_locator.egg-info to /home/turtle1/turtlebot3_ws/install/ball_locator/lib/python3.10/site-packages/ball_locator-0.0.0-py3.10.egg-info
[4.527s] running install_scripts
[4.609s] Installing ball_locator script to /home/turtle1/turtlebot3_ws/install/ball_locator/lib/ball_locator
[4.611s] writing list of installed files to '/home/turtle1/turtlebot3_ws/build/ball_locator/install.log'
[4.731s] Invoked command in '/home/turtle1/turtlebot3_ws/src/tb3_rl/ball_locator' returned '0': PYTHONPATH=/home/turtle1/turtlebot3_ws/build/ball_locator/prefix_override:/usr/lib/python3/dist-packages/colcon_core/task/python/colcon_distutils_commands:/home/turtle1/turtlebot3_ws/install/ball_locator/lib/python3.10/site-packages:${PYTHONPATH} /usr/bin/python3 -W ignore:setup.py install is deprecated -W ignore:easy_install command is deprecated setup.py egg_info --egg-base ../../../build/ball_locator build --build-base /home/turtle1/turtlebot3_ws/build/ball_locator/build install --record /home/turtle1/turtlebot3_ws/build/ball_locator/install.log --single-version-externally-managed install_data
