[14.219s] Invoking command in '/home/turtle1/turtlebot3_ws/src/turtlebot3/sb3_inference': PYTHONPATH=/home/turtle1/turtlebot3_ws/build/sb3_inference/prefix_override:/usr/lib/python3/dist-packages/colcon_core/task/python/colcon_distutils_commands:/home/turtle1/turtlebot3_ws/install/sb3_inference/lib/python3.10/site-packages:${PYTHONPATH} /usr/bin/python3 -W ignore:setup.py install is deprecated -W ignore:easy_install command is deprecated setup.py egg_info --egg-base ../../../build/sb3_inference build --build-base /home/turtle1/turtlebot3_ws/build/sb3_inference/build install --record /home/turtle1/turtlebot3_ws/build/sb3_inference/install.log --single-version-externally-managed install_data
[19.706s] running egg_info
[19.727s] writing ../../../build/sb3_inference/sb3_inference.egg-info/PKG-INFO
[19.736s] writing dependency_links to ../../../build/sb3_inference/sb3_inference.egg-info/dependency_links.txt
[19.746s] writing entry points to ../../../build/sb3_inference/sb3_inference.egg-info/entry_points.txt
[19.857s] writing requirements to ../../../build/sb3_inference/sb3_inference.egg-info/requires.txt
[19.884s] writing top-level names to ../../../build/sb3_inference/sb3_inference.egg-info/top_level.txt
[19.896s] reading manifest file '../../../build/sb3_inference/sb3_inference.egg-info/SOURCES.txt'
[19.898s] adding license file 'LICENSE'
[19.917s] writing manifest file '../../../build/sb3_inference/sb3_inference.egg-info/SOURCES.txt'
[19.920s] running build
[19.922s] running build_py
[19.925s] running install
[19.927s] running install_lib
[19.997s] running install_data
[20.001s] running install_egg_info
[20.105s] removing '/home/turtle1/turtlebot3_ws/install/sb3_inference/lib/python3.10/site-packages/sb3_inference-0.0.0-py3.10.egg-info' (and everything under it)
[20.118s] Copying ../../../build/sb3_inference/sb3_inference.egg-info to /home/turtle1/turtlebot3_ws/install/sb3_inference/lib/python3.10/site-packages/sb3_inference-0.0.0-py3.10.egg-info
[20.129s] running install_scripts
[20.515s] writing list of installed files to '/home/turtle1/turtlebot3_ws/build/sb3_inference/install.log'
[24.106s] Invoked command in '/home/turtle1/turtlebot3_ws/src/turtlebot3/sb3_inference' returned '0': PYTHONPATH=/home/turtle1/turtlebot3_ws/build/sb3_inference/prefix_override:/usr/lib/python3/dist-packages/colcon_core/task/python/colcon_distutils_commands:/home/turtle1/turtlebot3_ws/install/sb3_inference/lib/python3.10/site-packages:${PYTHONPATH} /usr/bin/python3 -W ignore:setup.py install is deprecated -W ignore:easy_install command is deprecated setup.py egg_info --egg-base ../../../build/sb3_inference build --build-base /home/turtle1/turtlebot3_ws/build/sb3_inference/build install --record /home/turtle1/turtlebot3_ws/build/sb3_inference/install.log --single-version-externally-managed install_data
