running egg_info
creating ../../../build/sensor_pub/sensor_pub.egg-info
writing ../../../build/sensor_pub/sensor_pub.egg-info/PKG-INFO
writing dependency_links to ../../../build/sensor_pub/sensor_pub.egg-info/dependency_links.txt
writing entry points to ../../../build/sensor_pub/sensor_pub.egg-info/entry_points.txt
writing requirements to ../../../build/sensor_pub/sensor_pub.egg-info/requires.txt
writing top-level names to ../../../build/sensor_pub/sensor_pub.egg-info/top_level.txt
writing manifest file '../../../build/sensor_pub/sensor_pub.egg-info/SOURCES.txt'
reading manifest file '../../../build/sensor_pub/sensor_pub.egg-info/SOURCES.txt'
adding license file 'LICENSE'
writing manifest file '../../../build/sensor_pub/sensor_pub.egg-info/SOURCES.txt'
running build
running build_py
creating /home/turtle1/turtlebot3_ws/build/sensor_pub/build
creating /home/turtle1/turtlebot3_ws/build/sensor_pub/build/lib
creating /home/turtle1/turtlebot3_ws/build/sensor_pub/build/lib/sensor_pub
copying sensor_pub/sonic_sensor.py -> /home/turtle1/turtlebot3_ws/build/sensor_pub/build/lib/sensor_pub
copying sensor_pub/__init__.py -> /home/turtle1/turtlebot3_ws/build/sensor_pub/build/lib/sensor_pub
copying sensor_pub/receive_ball_data.py -> /home/turtle1/turtlebot3_ws/build/sensor_pub/build/lib/sensor_pub
running install
running install_lib
creating /home/turtle1/turtlebot3_ws/install/sensor_pub/lib/python3.10/site-packages/sensor_pub
copying /home/turtle1/turtlebot3_ws/build/sensor_pub/build/lib/sensor_pub/sonic_sensor.py -> /home/turtle1/turtlebot3_ws/install/sensor_pub/lib/python3.10/site-packages/sensor_pub
copying /home/turtle1/turtlebot3_ws/build/sensor_pub/build/lib/sensor_pub/__init__.py -> /home/turtle1/turtlebot3_ws/install/sensor_pub/lib/python3.10/site-packages/sensor_pub
copying /home/turtle1/turtlebot3_ws/build/sensor_pub/build/lib/sensor_pub/receive_ball_data.py -> /home/turtle1/turtlebot3_ws/install/sensor_pub/lib/python3.10/site-packages/sensor_pub
byte-compiling /home/turtle1/turtlebot3_ws/install/sensor_pub/lib/python3.10/site-packages/sensor_pub/sonic_sensor.py to sonic_sensor.cpython-310.pyc
byte-compiling /home/turtle1/turtlebot3_ws/install/sensor_pub/lib/python3.10/site-packages/sensor_pub/__init__.py to __init__.cpython-310.pyc
byte-compiling /home/turtle1/turtlebot3_ws/install/sensor_pub/lib/python3.10/site-packages/sensor_pub/receive_ball_data.py to receive_ball_data.cpython-310.pyc
running install_data
creating /home/turtle1/turtlebot3_ws/install/sensor_pub/share/ament_index
creating /home/turtle1/turtlebot3_ws/install/sensor_pub/share/ament_index/resource_index
creating /home/turtle1/turtlebot3_ws/install/sensor_pub/share/ament_index/resource_index/packages
copying resource/sensor_pub -> /home/turtle1/turtlebot3_ws/install/sensor_pub/share/ament_index/resource_index/packages
copying package.xml -> /home/turtle1/turtlebot3_ws/install/sensor_pub/share/sensor_pub
running install_egg_info
Copying ../../../build/sensor_pub/sensor_pub.egg-info to /home/turtle1/turtlebot3_ws/install/sensor_pub/lib/python3.10/site-packages/sensor_pub-0.0.0-py3.10.egg-info
running install_scripts
Installing receive_ball script to /home/turtle1/turtlebot3_ws/install/sensor_pub/lib/sensor_pub
Installing sonic_bumper_pub script to /home/turtle1/turtlebot3_ws/install/sensor_pub/lib/sensor_pub
writing list of installed files to '/home/turtle1/turtlebot3_ws/build/sensor_pub/install.log'
