running egg_info
creating ../../../build/autonomous_driving/autonomous_driving.egg-info
writing ../../../build/autonomous_driving/autonomous_driving.egg-info/PKG-INFO
writing dependency_links to ../../../build/autonomous_driving/autonomous_driving.egg-info/dependency_links.txt
writing entry points to ../../../build/autonomous_driving/autonomous_driving.egg-info/entry_points.txt
writing requirements to ../../../build/autonomous_driving/autonomous_driving.egg-info/requires.txt
writing top-level names to ../../../build/autonomous_driving/autonomous_driving.egg-info/top_level.txt
writing manifest file '../../../build/autonomous_driving/autonomous_driving.egg-info/SOURCES.txt'
reading manifest file '../../../build/autonomous_driving/autonomous_driving.egg-info/SOURCES.txt'
adding license file 'LICENSE'
writing manifest file '../../../build/autonomous_driving/autonomous_driving.egg-info/SOURCES.txt'
running build
running build_py
creating /home/turtle1/turtlebot3_ws/build/autonomous_driving/build
creating /home/turtle1/turtlebot3_ws/build/autonomous_driving/build/lib
creating /home/turtle1/turtlebot3_ws/build/autonomous_driving/build/lib/autonomous_driving
copying autonomous_driving/__init__.py -> /home/turtle1/turtlebot3_ws/build/autonomous_driving/build/lib/autonomous_driving
copying autonomous_driving/publisher.py -> /home/turtle1/turtlebot3_ws/build/autonomous_driving/build/lib/autonomous_driving
copying autonomous_driving/subscriber.py -> /home/turtle1/turtlebot3_ws/build/autonomous_driving/build/lib/autonomous_driving
running install
running install_lib
creating /home/turtle1/turtlebot3_ws/install/autonomous_driving/lib/python3.10/site-packages/autonomous_driving
copying /home/turtle1/turtlebot3_ws/build/autonomous_driving/build/lib/autonomous_driving/__init__.py -> /home/turtle1/turtlebot3_ws/install/autonomous_driving/lib/python3.10/site-packages/autonomous_driving
copying /home/turtle1/turtlebot3_ws/build/autonomous_driving/build/lib/autonomous_driving/publisher.py -> /home/turtle1/turtlebot3_ws/install/autonomous_driving/lib/python3.10/site-packages/autonomous_driving
copying /home/turtle1/turtlebot3_ws/build/autonomous_driving/build/lib/autonomous_driving/subscriber.py -> /home/turtle1/turtlebot3_ws/install/autonomous_driving/lib/python3.10/site-packages/autonomous_driving
byte-compiling /home/turtle1/turtlebot3_ws/install/autonomous_driving/lib/python3.10/site-packages/autonomous_driving/__init__.py to __init__.cpython-310.pyc
byte-compiling /home/turtle1/turtlebot3_ws/install/autonomous_driving/lib/python3.10/site-packages/autonomous_driving/publisher.py to publisher.cpython-310.pyc
byte-compiling /home/turtle1/turtlebot3_ws/install/autonomous_driving/lib/python3.10/site-packages/autonomous_driving/subscriber.py to subscriber.cpython-310.pyc
running install_data
creating /home/turtle1/turtlebot3_ws/install/autonomous_driving/share/ament_index
creating /home/turtle1/turtlebot3_ws/install/autonomous_driving/share/ament_index/resource_index
creating /home/turtle1/turtlebot3_ws/install/autonomous_driving/share/ament_index/resource_index/packages
copying resource/autonomous_driving -> /home/turtle1/turtlebot3_ws/install/autonomous_driving/share/ament_index/resource_index/packages
copying package.xml -> /home/turtle1/turtlebot3_ws/install/autonomous_driving/share/autonomous_driving
running install_egg_info
Copying ../../../build/autonomous_driving/autonomous_driving.egg-info to /home/turtle1/turtlebot3_ws/install/autonomous_driving/lib/python3.10/site-packages/autonomous_driving-0.0.0-py3.10.egg-info
running install_scripts
Installing sensor_info script to /home/turtle1/turtlebot3_ws/install/autonomous_driving/lib/autonomous_driving
Installing sensor_info2 script to /home/turtle1/turtlebot3_ws/install/autonomous_driving/lib/autonomous_driving
writing list of installed files to '/home/turtle1/turtlebot3_ws/build/autonomous_driving/install.log'
