[8.943s] Invoking command in '/home/turtle1/turtlebot3_ws/src/turtlebot3/autonomous_driving': PYTHONPATH=/home/turtle1/turtlebot3_ws/build/autonomous_driving/prefix_override:/usr/lib/python3/dist-packages/colcon_core/task/python/colcon_distutils_commands:/home/turtle1/turtlebot3_ws/install/autonomous_driving/lib/python3.10/site-packages:${PYTHONPATH} /usr/bin/python3 -W ignore:setup.py install is deprecated -W ignore:easy_install command is deprecated setup.py egg_info --egg-base ../../../build/autonomous_driving build --build-base /home/turtle1/turtlebot3_ws/build/autonomous_driving/build install --record /home/turtle1/turtlebot3_ws/build/autonomous_driving/install.log --single-version-externally-managed install_data
[12.630s] running egg_info
[12.635s] creating ../../../build/autonomous_driving/autonomous_driving.egg-info
[12.637s] writing ../../../build/autonomous_driving/autonomous_driving.egg-info/PKG-INFO
[12.640s] writing dependency_links to ../../../build/autonomous_driving/autonomous_driving.egg-info/dependency_links.txt
[12.641s] writing entry points to ../../../build/autonomous_driving/autonomous_driving.egg-info/entry_points.txt
[12.643s] writing requirements to ../../../build/autonomous_driving/autonomous_driving.egg-info/requires.txt
[12.644s] writing top-level names to ../../../build/autonomous_driving/autonomous_driving.egg-info/top_level.txt
[12.646s] writing manifest file '../../../build/autonomous_driving/autonomous_driving.egg-info/SOURCES.txt'
[12.664s] reading manifest file '../../../build/autonomous_driving/autonomous_driving.egg-info/SOURCES.txt'
[12.667s] adding license file 'LICENSE'
[12.675s] writing manifest file '../../../build/autonomous_driving/autonomous_driving.egg-info/SOURCES.txt'
[12.676s] running build
[12.678s] running build_py
[12.680s] creating /home/turtle1/turtlebot3_ws/build/autonomous_driving/build
[12.682s] creating /home/turtle1/turtlebot3_ws/build/autonomous_driving/build/lib
[12.683s] creating /home/turtle1/turtlebot3_ws/build/autonomous_driving/build/lib/autonomous_driving
[12.684s] copying autonomous_driving/__init__.py -> /home/turtle1/turtlebot3_ws/build/autonomous_driving/build/lib/autonomous_driving
[12.685s] copying autonomous_driving/publisher.py -> /home/turtle1/turtlebot3_ws/build/autonomous_driving/build/lib/autonomous_driving
[12.687s] copying autonomous_driving/subscriber.py -> /home/turtle1/turtlebot3_ws/build/autonomous_driving/build/lib/autonomous_driving
[12.689s] running install
[12.690s] running install_lib
[12.697s] creating /home/turtle1/turtlebot3_ws/install/autonomous_driving/lib/python3.10/site-packages/autonomous_driving
[12.699s] copying /home/turtle1/turtlebot3_ws/build/autonomous_driving/build/lib/autonomous_driving/__init__.py -> /home/turtle1/turtlebot3_ws/install/autonomous_driving/lib/python3.10/site-packages/autonomous_driving
[12.700s] copying /home/turtle1/turtlebot3_ws/build/autonomous_driving/build/lib/autonomous_driving/publisher.py -> /home/turtle1/turtlebot3_ws/install/autonomous_driving/lib/python3.10/site-packages/autonomous_driving
[12.703s] copying /home/turtle1/turtlebot3_ws/build/autonomous_driving/build/lib/autonomous_driving/subscriber.py -> /home/turtle1/turtlebot3_ws/install/autonomous_driving/lib/python3.10/site-packages/autonomous_driving
[12.720s] byte-compiling /home/turtle1/turtlebot3_ws/install/autonomous_driving/lib/python3.10/site-packages/autonomous_driving/__init__.py to __init__.cpython-310.pyc
[12.721s] byte-compiling /home/turtle1/turtlebot3_ws/install/autonomous_driving/lib/python3.10/site-packages/autonomous_driving/publisher.py to publisher.cpython-310.pyc
[12.723s] byte-compiling /home/turtle1/turtlebot3_ws/install/autonomous_driving/lib/python3.10/site-packages/autonomous_driving/subscriber.py to subscriber.cpython-310.pyc
[12.725s] running install_data
[12.726s] creating /home/turtle1/turtlebot3_ws/install/autonomous_driving/share/ament_index
[12.727s] creating /home/turtle1/turtlebot3_ws/install/autonomous_driving/share/ament_index/resource_index
[12.728s] creating /home/turtle1/turtlebot3_ws/install/autonomous_driving/share/ament_index/resource_index/packages
[12.730s] copying resource/autonomous_driving -> /home/turtle1/turtlebot3_ws/install/autonomous_driving/share/ament_index/resource_index/packages
[12.731s] copying package.xml -> /home/turtle1/turtlebot3_ws/install/autonomous_driving/share/autonomous_driving
[12.732s] running install_egg_info
[12.755s] Copying ../../../build/autonomous_driving/autonomous_driving.egg-info to /home/turtle1/turtlebot3_ws/install/autonomous_driving/lib/python3.10/site-packages/autonomous_driving-0.0.0-py3.10.egg-info
[12.772s] running install_scripts
[12.997s] Installing sensor_info script to /home/turtle1/turtlebot3_ws/install/autonomous_driving/lib/autonomous_driving
[12.999s] Installing sensor_info2 script to /home/turtle1/turtlebot3_ws/install/autonomous_driving/lib/autonomous_driving
[13.002s] writing list of installed files to '/home/turtle1/turtlebot3_ws/build/autonomous_driving/install.log'
[13.212s] Invoked command in '/home/turtle1/turtlebot3_ws/src/turtlebot3/autonomous_driving' returned '0': PYTHONPATH=/home/turtle1/turtlebot3_ws/build/autonomous_driving/prefix_override:/usr/lib/python3/dist-packages/colcon_core/task/python/colcon_distutils_commands:/home/turtle1/turtlebot3_ws/install/autonomous_driving/lib/python3.10/site-packages:${PYTHONPATH} /usr/bin/python3 -W ignore:setup.py install is deprecated -W ignore:easy_install command is deprecated setup.py egg_info --egg-base ../../../build/autonomous_driving build --build-base /home/turtle1/turtlebot3_ws/build/autonomous_driving/build install --record /home/turtle1/turtlebot3_ws/build/autonomous_driving/install.log --single-version-externally-managed install_data
