[8.405s] Invoking command in '/home/turtle1/turtlebot3_ws/src/turtlebot3/autonomous_driving': PYTHONPATH=/home/turtle1/turtlebot3_ws/build/autonomous_driving/prefix_override:/usr/lib/python3/dist-packages/colcon_core/task/python/colcon_distutils_commands:/home/turtle1/turtlebot3_ws/install/autonomous_driving/lib/python3.10/site-packages:${PYTHONPATH} /usr/bin/python3 -W ignore:setup.py install is deprecated -W ignore:easy_install command is deprecated setup.py egg_info --egg-base ../../../build/autonomous_driving build --build-base /home/turtle1/turtlebot3_ws/build/autonomous_driving/build install --record /home/turtle1/turtlebot3_ws/build/autonomous_driving/install.log --single-version-externally-managed install_data
[11.967s] running egg_info
[11.974s] writing ../../../build/autonomous_driving/autonomous_driving.egg-info/PKG-INFO
[11.981s] writing dependency_links to ../../../build/autonomous_driving/autonomous_driving.egg-info/dependency_links.txt
[11.983s] writing entry points to ../../../build/autonomous_driving/autonomous_driving.egg-info/entry_points.txt
[11.985s] writing requirements to ../../../build/autonomous_driving/autonomous_driving.egg-info/requires.txt
[11.987s] writing top-level names to ../../../build/autonomous_driving/autonomous_driving.egg-info/top_level.txt
[12.008s] reading manifest file '../../../build/autonomous_driving/autonomous_driving.egg-info/SOURCES.txt'
[12.015s] adding license file 'LICENSE'
[12.024s] writing manifest file '../../../build/autonomous_driving/autonomous_driving.egg-info/SOURCES.txt'
[12.026s] running build
[12.027s] running build_py
[12.030s] copying autonomous_driving/subscriber.py -> /home/turtle1/turtlebot3_ws/build/autonomous_driving/build/lib/autonomous_driving
[12.033s] running install
[12.036s] running install_lib
[12.045s] copying /home/turtle1/turtlebot3_ws/build/autonomous_driving/build/lib/autonomous_driving/subscriber.py -> /home/turtle1/turtlebot3_ws/install/autonomous_driving/lib/python3.10/site-packages/autonomous_driving
[12.055s] byte-compiling /home/turtle1/turtlebot3_ws/install/autonomous_driving/lib/python3.10/site-packages/autonomous_driving/subscriber.py to subscriber.cpython-310.pyc
[12.060s] running install_data
[12.064s] running install_egg_info
[12.090s] removing '/home/turtle1/turtlebot3_ws/install/autonomous_driving/lib/python3.10/site-packages/autonomous_driving-0.0.0-py3.10.egg-info' (and everything under it)
[12.094s] Copying ../../../build/autonomous_driving/autonomous_driving.egg-info to /home/turtle1/turtlebot3_ws/install/autonomous_driving/lib/python3.10/site-packages/autonomous_driving-0.0.0-py3.10.egg-info
[12.116s] running install_scripts
[12.346s] Installing sensor_info script to /home/turtle1/turtlebot3_ws/install/autonomous_driving/lib/autonomous_driving
[12.348s] Installing sensor_info2 script to /home/turtle1/turtlebot3_ws/install/autonomous_driving/lib/autonomous_driving
[12.354s] writing list of installed files to '/home/turtle1/turtlebot3_ws/build/autonomous_driving/install.log'
[12.561s] Invoked command in '/home/turtle1/turtlebot3_ws/src/turtlebot3/autonomous_driving' returned '0': PYTHONPATH=/home/turtle1/turtlebot3_ws/build/autonomous_driving/prefix_override:/usr/lib/python3/dist-packages/colcon_core/task/python/colcon_distutils_commands:/home/turtle1/turtlebot3_ws/install/autonomous_driving/lib/python3.10/site-packages:${PYTHONPATH} /usr/bin/python3 -W ignore:setup.py install is deprecated -W ignore:easy_install command is deprecated setup.py egg_info --egg-base ../../../build/autonomous_driving build --build-base /home/turtle1/turtlebot3_ws/build/autonomous_driving/build install --record /home/turtle1/turtlebot3_ws/build/autonomous_driving/install.log --single-version-externally-managed install_data
