[14.131s] Invoking command in '/home/turtle1/turtlebot3_ws/src/tb3_rl/sb3_pusher': PYTHONPATH=/home/turtle1/turtlebot3_ws/build/sb3_pusher/prefix_override:/usr/lib/python3/dist-packages/colcon_core/task/python/colcon_distutils_commands:/home/turtle1/turtlebot3_ws/install/sb3_pusher/lib/python3.10/site-packages:${PYTHONPATH} /usr/bin/python3 -W ignore:setup.py install is deprecated -W ignore:easy_install command is deprecated setup.py egg_info --egg-base ../../../build/sb3_pusher build --build-base /home/turtle1/turtlebot3_ws/build/sb3_pusher/build install --record /home/turtle1/turtlebot3_ws/build/sb3_pusher/install.log --single-version-externally-managed install_data
[19.688s] running egg_info
[19.695s] creating ../../../build/sb3_pusher/sb3_pusher.egg-info
[19.697s] writing ../../../build/sb3_pusher/sb3_pusher.egg-info/PKG-INFO
[19.699s] writing dependency_links to ../../../build/sb3_pusher/sb3_pusher.egg-info/dependency_links.txt
[19.701s] writing entry points to ../../../build/sb3_pusher/sb3_pusher.egg-info/entry_points.txt
[19.704s] writing requirements to ../../../build/sb3_pusher/sb3_pusher.egg-info/requires.txt
[19.707s] writing top-level names to ../../../build/sb3_pusher/sb3_pusher.egg-info/top_level.txt
[19.714s] writing manifest file '../../../build/sb3_pusher/sb3_pusher.egg-info/SOURCES.txt'
[19.716s] reading manifest file '../../../build/sb3_pusher/sb3_pusher.egg-info/SOURCES.txt'
[19.730s] adding license file 'LICENSE'
[19.773s] writing manifest file '../../../build/sb3_pusher/sb3_pusher.egg-info/SOURCES.txt'
[19.783s] running build
[19.783s] running build_py
[19.784s] creating /home/turtle1/turtlebot3_ws/build/sb3_pusher/build
[19.787s] creating /home/turtle1/turtlebot3_ws/build/sb3_pusher/build/lib
[19.787s] creating /home/turtle1/turtlebot3_ws/build/sb3_pusher/build/lib/sb3_pusher
[19.788s] copying sb3_pusher/__init__.py -> /home/turtle1/turtlebot3_ws/build/sb3_pusher/build/lib/sb3_pusher
[19.788s] copying sb3_pusher/camera_inference.py -> /home/turtle1/turtlebot3_ws/build/sb3_pusher/build/lib/sb3_pusher
[19.789s] running install
[19.789s] running install_lib
[19.789s] creating /home/turtle1/turtlebot3_ws/install/sb3_pusher/lib/python3.10/site-packages/sb3_pusher
[19.790s] copying /home/turtle1/turtlebot3_ws/build/sb3_pusher/build/lib/sb3_pusher/__init__.py -> /home/turtle1/turtlebot3_ws/install/sb3_pusher/lib/python3.10/site-packages/sb3_pusher
[19.798s] copying /home/turtle1/turtlebot3_ws/build/sb3_pusher/build/lib/sb3_pusher/camera_inference.py -> /home/turtle1/turtlebot3_ws/install/sb3_pusher/lib/python3.10/site-packages/sb3_pusher
[19.801s] byte-compiling /home/turtle1/turtlebot3_ws/install/sb3_pusher/lib/python3.10/site-packages/sb3_pusher/__init__.py to __init__.cpython-310.pyc
[19.803s] byte-compiling /home/turtle1/turtlebot3_ws/install/sb3_pusher/lib/python3.10/site-packages/sb3_pusher/camera_inference.py to camera_inference.cpython-310.pyc
[19.806s] running install_data
[19.808s] creating /home/turtle1/turtlebot3_ws/install/sb3_pusher/share/ament_index
[19.811s] creating /home/turtle1/turtlebot3_ws/install/sb3_pusher/share/ament_index/resource_index
[19.813s] creating /home/turtle1/turtlebot3_ws/install/sb3_pusher/share/ament_index/resource_index/packages
[19.816s] copying resource/sb3_pusher -> /home/turtle1/turtlebot3_ws/install/sb3_pusher/share/ament_index/resource_index/packages
[19.818s] copying package.xml -> /home/turtle1/turtlebot3_ws/install/sb3_pusher/share/sb3_pusher
[19.820s] running install_egg_info
[19.825s] Copying ../../../build/sb3_pusher/sb3_pusher.egg-info to /home/turtle1/turtlebot3_ws/install/sb3_pusher/lib/python3.10/site-packages/sb3_pusher-0.0.0-py3.10.egg-info
[19.832s] running install_scripts
[19.876s] Installing inference script to /home/turtle1/turtlebot3_ws/install/sb3_pusher/lib/sb3_pusher
[19.887s] writing list of installed files to '/home/turtle1/turtlebot3_ws/build/sb3_pusher/install.log'
[20.282s] Invoked command in '/home/turtle1/turtlebot3_ws/src/tb3_rl/sb3_pusher' returned '0': PYTHONPATH=/home/turtle1/turtlebot3_ws/build/sb3_pusher/prefix_override:/usr/lib/python3/dist-packages/colcon_core/task/python/colcon_distutils_commands:/home/turtle1/turtlebot3_ws/install/sb3_pusher/lib/python3.10/site-packages:${PYTHONPATH} /usr/bin/python3 -W ignore:setup.py install is deprecated -W ignore:easy_install command is deprecated setup.py egg_info --egg-base ../../../build/sb3_pusher build --build-base /home/turtle1/turtlebot3_ws/build/sb3_pusher/build install --record /home/turtle1/turtlebot3_ws/build/sb3_pusher/install.log --single-version-externally-managed install_data
