[12.022s] Invoking command in '/home/turtle1/turtlebot3_ws/src/turtlebot3/turtlebot3_distance_keeper': PYTHONPATH=/home/turtle1/turtlebot3_ws/build/turtlebot3_distance_keeper/prefix_override:/usr/lib/python3/dist-packages/colcon_core/task/python/colcon_distutils_commands:/home/turtle1/turtlebot3_ws/install/turtlebot3_distance_keeper/lib/python3.10/site-packages:${PYTHONPATH} /usr/bin/python3 -W ignore:setup.py install is deprecated -W ignore:easy_install command is deprecated setup.py egg_info --egg-base ../../../build/turtlebot3_distance_keeper build --build-base /home/turtle1/turtlebot3_ws/build/turtlebot3_distance_keeper/build install --record /home/turtle1/turtlebot3_ws/build/turtlebot3_distance_keeper/install.log --single-version-externally-managed install_data
[17.633s] running egg_info
[17.638s] creating ../../../build/turtlebot3_distance_keeper/turtlebot3_distance_keeper.egg-info
[17.667s] writing ../../../build/turtlebot3_distance_keeper/turtlebot3_distance_keeper.egg-info/PKG-INFO
[17.671s] writing dependency_links to ../../../build/turtlebot3_distance_keeper/turtlebot3_distance_keeper.egg-info/dependency_links.txt
[17.674s] writing entry points to ../../../build/turtlebot3_distance_keeper/turtlebot3_distance_keeper.egg-info/entry_points.txt
[17.676s] writing requirements to ../../../build/turtlebot3_distance_keeper/turtlebot3_distance_keeper.egg-info/requires.txt
[17.690s] writing top-level names to ../../../build/turtlebot3_distance_keeper/turtlebot3_distance_keeper.egg-info/top_level.txt
[17.695s] writing manifest file '../../../build/turtlebot3_distance_keeper/turtlebot3_distance_keeper.egg-info/SOURCES.txt'
[17.759s] reading manifest file '../../../build/turtlebot3_distance_keeper/turtlebot3_distance_keeper.egg-info/SOURCES.txt'
[17.760s] adding license file 'LICENSE'
[17.769s] writing manifest file '../../../build/turtlebot3_distance_keeper/turtlebot3_distance_keeper.egg-info/SOURCES.txt'
[17.788s] running build
[17.788s] running build_py
[17.806s] creating /home/turtle1/turtlebot3_ws/build/turtlebot3_distance_keeper/build
[17.806s] creating /home/turtle1/turtlebot3_ws/build/turtlebot3_distance_keeper/build/lib
[17.807s] creating /home/turtle1/turtlebot3_ws/build/turtlebot3_distance_keeper/build/lib/turtlebot3_distance_keeper
[17.807s] copying turtlebot3_distance_keeper/ultrasonicsensor_pub.py -> /home/turtle1/turtlebot3_ws/build/turtlebot3_distance_keeper/build/lib/turtlebot3_distance_keeper
[17.808s] copying turtlebot3_distance_keeper/__init__.py -> /home/turtle1/turtlebot3_ws/build/turtlebot3_distance_keeper/build/lib/turtlebot3_distance_keeper
[17.815s] copying turtlebot3_distance_keeper/keep_distance.py -> /home/turtle1/turtlebot3_ws/build/turtlebot3_distance_keeper/build/lib/turtlebot3_distance_keeper
[17.835s] running install
[17.843s] running install_lib
[17.867s] creating /home/turtle1/turtlebot3_ws/install/turtlebot3_distance_keeper/lib/python3.10/site-packages/turtlebot3_distance_keeper
[17.868s] copying /home/turtle1/turtlebot3_ws/build/turtlebot3_distance_keeper/build/lib/turtlebot3_distance_keeper/ultrasonicsensor_pub.py -> /home/turtle1/turtlebot3_ws/install/turtlebot3_distance_keeper/lib/python3.10/site-packages/turtlebot3_distance_keeper
[17.886s] copying /home/turtle1/turtlebot3_ws/build/turtlebot3_distance_keeper/build/lib/turtlebot3_distance_keeper/__init__.py -> /home/turtle1/turtlebot3_ws/install/turtlebot3_distance_keeper/lib/python3.10/site-packages/turtlebot3_distance_keeper
[17.899s] copying /home/turtle1/turtlebot3_ws/build/turtlebot3_distance_keeper/build/lib/turtlebot3_distance_keeper/keep_distance.py -> /home/turtle1/turtlebot3_ws/install/turtlebot3_distance_keeper/lib/python3.10/site-packages/turtlebot3_distance_keeper
[17.903s] byte-compiling /home/turtle1/turtlebot3_ws/install/turtlebot3_distance_keeper/lib/python3.10/site-packages/turtlebot3_distance_keeper/ultrasonicsensor_pub.py to ultrasonicsensor_pub.cpython-310.pyc
[17.935s] byte-compiling /home/turtle1/turtlebot3_ws/install/turtlebot3_distance_keeper/lib/python3.10/site-packages/turtlebot3_distance_keeper/__init__.py to __init__.cpython-310.pyc
[17.937s] byte-compiling /home/turtle1/turtlebot3_ws/install/turtlebot3_distance_keeper/lib/python3.10/site-packages/turtlebot3_distance_keeper/keep_distance.py to keep_distance.cpython-310.pyc
[17.961s] running install_data
[17.982s] creating /home/turtle1/turtlebot3_ws/install/turtlebot3_distance_keeper/share/ament_index
[17.987s] creating /home/turtle1/turtlebot3_ws/install/turtlebot3_distance_keeper/share/ament_index/resource_index
[17.988s] creating /home/turtle1/turtlebot3_ws/install/turtlebot3_distance_keeper/share/ament_index/resource_index/packages
[17.988s] copying resource/turtlebot3_distance_keeper -> /home/turtle1/turtlebot3_ws/install/turtlebot3_distance_keeper/share/ament_index/resource_index/packages
[18.019s] copying package.xml -> /home/turtle1/turtlebot3_ws/install/turtlebot3_distance_keeper/share/turtlebot3_distance_keeper
[18.020s] running install_egg_info
[18.112s] Copying ../../../build/turtlebot3_distance_keeper/turtlebot3_distance_keeper.egg-info to /home/turtle1/turtlebot3_ws/install/turtlebot3_distance_keeper/lib/python3.10/site-packages/turtlebot3_distance_keeper-0.0.0-py3.10.egg-info
[18.187s] running install_scripts
[18.639s] writing list of installed files to '/home/turtle1/turtlebot3_ws/build/turtlebot3_distance_keeper/install.log'
[19.766s] Invoked command in '/home/turtle1/turtlebot3_ws/src/turtlebot3/turtlebot3_distance_keeper' returned '0': PYTHONPATH=/home/turtle1/turtlebot3_ws/build/turtlebot3_distance_keeper/prefix_override:/usr/lib/python3/dist-packages/colcon_core/task/python/colcon_distutils_commands:/home/turtle1/turtlebot3_ws/install/turtlebot3_distance_keeper/lib/python3.10/site-packages:${PYTHONPATH} /usr/bin/python3 -W ignore:setup.py install is deprecated -W ignore:easy_install command is deprecated setup.py egg_info --egg-base ../../../build/turtlebot3_distance_keeper build --build-base /home/turtle1/turtlebot3_ws/build/turtlebot3_distance_keeper/build install --record /home/turtle1/turtlebot3_ws/build/turtlebot3_distance_keeper/install.log --single-version-externally-managed install_data
