[15.565s] Invoking command in '/home/turtle1/turtlebot3_ws/src/turtlebot3/turtlebot3_teleop': PYTHONPATH=/home/turtle1/turtlebot3_ws/build/turtlebot3_teleop/prefix_override:/usr/lib/python3/dist-packages/colcon_core/task/python/colcon_distutils_commands:/home/turtle1/turtlebot3_ws/install/turtlebot3_teleop/lib/python3.10/site-packages:${PYTHONPATH} /usr/bin/python3 -W ignore:setup.py install is deprecated -W ignore:easy_install command is deprecated setup.py egg_info --egg-base ../../../build/turtlebot3_teleop build --build-base /home/turtle1/turtlebot3_ws/build/turtlebot3_teleop/build install --record /home/turtle1/turtlebot3_ws/build/turtlebot3_teleop/install.log --single-version-externally-managed install_data
[21.065s] running egg_info
[21.066s] creating ../../../build/turtlebot3_teleop/turtlebot3_teleop.egg-info
[21.096s] writing ../../../build/turtlebot3_teleop/turtlebot3_teleop.egg-info/PKG-INFO
[21.099s] writing dependency_links to ../../../build/turtlebot3_teleop/turtlebot3_teleop.egg-info/dependency_links.txt
[21.118s] writing entry points to ../../../build/turtlebot3_teleop/turtlebot3_teleop.egg-info/entry_points.txt
[21.138s] writing requirements to ../../../build/turtlebot3_teleop/turtlebot3_teleop.egg-info/requires.txt
[21.141s] writing top-level names to ../../../build/turtlebot3_teleop/turtlebot3_teleop.egg-info/top_level.txt
[21.160s] writing manifest file '../../../build/turtlebot3_teleop/turtlebot3_teleop.egg-info/SOURCES.txt'
[21.283s] reading manifest file '../../../build/turtlebot3_teleop/turtlebot3_teleop.egg-info/SOURCES.txt'
[21.312s] writing manifest file '../../../build/turtlebot3_teleop/turtlebot3_teleop.egg-info/SOURCES.txt'
[21.337s] running build
[21.338s] running build_py
[21.343s] creating /home/turtle1/turtlebot3_ws/build/turtlebot3_teleop/build
[21.345s] creating /home/turtle1/turtlebot3_ws/build/turtlebot3_teleop/build/lib
[21.353s] creating /home/turtle1/turtlebot3_ws/build/turtlebot3_teleop/build/lib/turtlebot3_teleop
[21.360s] copying turtlebot3_teleop/__init__.py -> /home/turtle1/turtlebot3_ws/build/turtlebot3_teleop/build/lib/turtlebot3_teleop
[21.380s] creating /home/turtle1/turtlebot3_ws/build/turtlebot3_teleop/build/lib/turtlebot3_teleop/script
[21.383s] copying turtlebot3_teleop/script/teleop_keyboard.py -> /home/turtle1/turtlebot3_ws/build/turtlebot3_teleop/build/lib/turtlebot3_teleop/script
[21.397s] copying turtlebot3_teleop/script/__init__.py -> /home/turtle1/turtlebot3_ws/build/turtlebot3_teleop/build/lib/turtlebot3_teleop/script
[21.410s] running install
[21.417s] running install_lib
[21.458s] creating /home/turtle1/turtlebot3_ws/install/turtlebot3_teleop/lib/python3.10/site-packages/turtlebot3_teleop
[21.461s] copying /home/turtle1/turtlebot3_ws/build/turtlebot3_teleop/build/lib/turtlebot3_teleop/__init__.py -> /home/turtle1/turtlebot3_ws/install/turtlebot3_teleop/lib/python3.10/site-packages/turtlebot3_teleop
[21.466s] creating /home/turtle1/turtlebot3_ws/install/turtlebot3_teleop/lib/python3.10/site-packages/turtlebot3_teleop/script
[21.477s] copying /home/turtle1/turtlebot3_ws/build/turtlebot3_teleop/build/lib/turtlebot3_teleop/script/teleop_keyboard.py -> /home/turtle1/turtlebot3_ws/install/turtlebot3_teleop/lib/python3.10/site-packages/turtlebot3_teleop/script
[21.484s] copying /home/turtle1/turtlebot3_ws/build/turtlebot3_teleop/build/lib/turtlebot3_teleop/script/__init__.py -> /home/turtle1/turtlebot3_ws/install/turtlebot3_teleop/lib/python3.10/site-packages/turtlebot3_teleop/script
[21.517s] byte-compiling /home/turtle1/turtlebot3_ws/install/turtlebot3_teleop/lib/python3.10/site-packages/turtlebot3_teleop/__init__.py to __init__.cpython-310.pyc
[21.530s] byte-compiling /home/turtle1/turtlebot3_ws/install/turtlebot3_teleop/lib/python3.10/site-packages/turtlebot3_teleop/script/teleop_keyboard.py to teleop_keyboard.cpython-310.pyc
[21.548s] byte-compiling /home/turtle1/turtlebot3_ws/install/turtlebot3_teleop/lib/python3.10/site-packages/turtlebot3_teleop/script/__init__.py to __init__.cpython-310.pyc
[21.572s] running install_data
[21.592s] creating /home/turtle1/turtlebot3_ws/install/turtlebot3_teleop/share/ament_index
[21.610s] creating /home/turtle1/turtlebot3_ws/install/turtlebot3_teleop/share/ament_index/resource_index
[21.611s] creating /home/turtle1/turtlebot3_ws/install/turtlebot3_teleop/share/ament_index/resource_index/packages
[21.612s] copying resource/turtlebot3_teleop -> /home/turtle1/turtlebot3_ws/install/turtlebot3_teleop/share/ament_index/resource_index/packages
[21.635s] copying package.xml -> /home/turtle1/turtlebot3_ws/install/turtlebot3_teleop/share/turtlebot3_teleop
[21.670s] running install_egg_info
[21.686s] Copying ../../../build/turtlebot3_teleop/turtlebot3_teleop.egg-info to /home/turtle1/turtlebot3_ws/install/turtlebot3_teleop/lib/python3.10/site-packages/turtlebot3_teleop-2.1.5-py3.10.egg-info
[21.710s] running install_scripts
[21.820s] Installing teleop_keyboard script to /home/turtle1/turtlebot3_ws/install/turtlebot3_teleop/lib/turtlebot3_teleop
[21.845s] writing list of installed files to '/home/turtle1/turtlebot3_ws/build/turtlebot3_teleop/install.log'
[22.054s] Invoked command in '/home/turtle1/turtlebot3_ws/src/turtlebot3/turtlebot3_teleop' returned '0': PYTHONPATH=/home/turtle1/turtlebot3_ws/build/turtlebot3_teleop/prefix_override:/usr/lib/python3/dist-packages/colcon_core/task/python/colcon_distutils_commands:/home/turtle1/turtlebot3_ws/install/turtlebot3_teleop/lib/python3.10/site-packages:${PYTHONPATH} /usr/bin/python3 -W ignore:setup.py install is deprecated -W ignore:easy_install command is deprecated setup.py egg_info --egg-base ../../../build/turtlebot3_teleop build --build-base /home/turtle1/turtlebot3_ws/build/turtlebot3_teleop/build install --record /home/turtle1/turtlebot3_ws/build/turtlebot3_teleop/install.log --single-version-externally-managed install_data
