running egg_info
writing ../../../build/ball_locator/ball_locator.egg-info/PKG-INFO
writing dependency_links to ../../../build/ball_locator/ball_locator.egg-info/dependency_links.txt
writing entry points to ../../../build/ball_locator/ball_locator.egg-info/entry_points.txt
writing requirements to ../../../build/ball_locator/ball_locator.egg-info/requires.txt
writing top-level names to ../../../build/ball_locator/ball_locator.egg-info/top_level.txt
reading manifest file '../../../build/ball_locator/ball_locator.egg-info/SOURCES.txt'
adding license file 'LICENSE'
writing manifest file '../../../build/ball_locator/ball_locator.egg-info/SOURCES.txt'
running build
running build_py
copying ball_locator/ball_locator_inference.py -> /home/turtle1/turtlebot3_ws/build/ball_locator/build/lib/ball_locator
running install
running install_lib
copying /home/turtle1/turtlebot3_ws/build/ball_locator/build/lib/ball_locator/ball_locator_inference.py -> /home/turtle1/turtlebot3_ws/install/ball_locator/lib/python3.10/site-packages/ball_locator
byte-compiling /home/turtle1/turtlebot3_ws/install/ball_locator/lib/python3.10/site-packages/ball_locator/ball_locator_inference.py to ball_locator_inference.cpython-310.pyc
running install_data
running install_egg_info
removing '/home/turtle1/turtlebot3_ws/install/ball_locator/lib/python3.10/site-packages/ball_locator-0.0.0-py3.10.egg-info' (and everything under it)
Copying ../../../build/ball_locator/ball_locator.egg-info to /home/turtle1/turtlebot3_ws/install/ball_locator/lib/python3.10/site-packages/ball_locator-0.0.0-py3.10.egg-info
running install_scripts
Installing ball_locator script to /home/turtle1/turtlebot3_ws/install/ball_locator/lib/ball_locator
writing list of installed files to '/home/turtle1/turtlebot3_ws/build/ball_locator/install.log'
