[0.365s] Invoking command in '/home/turtle1/turtlebot3_ws/build/ld08_driver': CMAKE_PREFIX_PATH=${CMAKE_PREFIX_PATH}:/home/turtle1/turtlebot3_ws/install/turtlebot3_teleop:/home/turtle1/turtlebot3_ws/install/turtlebot3_soccer:/home/turtle1/turtlebot3_ws/install/turtlebot3_example:/home/turtle1/turtlebot3_ws/install/turtlebot3_distance_keeper:/home/turtle1/turtlebot3_ws/install/sb3_inference:/home/turtle1/turtlebot3_ws/install/publish_sensor_info:/home/turtle1/turtlebot3_ws/install/lidar_tracking:/opt/ros/humble /usr/bin/cmake --build /home/turtle1/turtlebot3_ws/build/ld08_driver -- -j4 -l4
[1.117s] [35m[1mConsolidate compiler generated dependencies of target ld08_driver[0m
[1.661s] [100%] Built target ld08_driver
[5.021s] Invoked command in '/home/turtle1/turtlebot3_ws/build/ld08_driver' returned '0': CMAKE_PREFIX_PATH=${CMAKE_PREFIX_PATH}:/home/turtle1/turtlebot3_ws/install/turtlebot3_teleop:/home/turtle1/turtlebot3_ws/install/turtlebot3_soccer:/home/turtle1/turtlebot3_ws/install/turtlebot3_example:/home/turtle1/turtlebot3_ws/install/turtlebot3_distance_keeper:/home/turtle1/turtlebot3_ws/install/sb3_inference:/home/turtle1/turtlebot3_ws/install/publish_sensor_info:/home/turtle1/turtlebot3_ws/install/lidar_tracking:/opt/ros/humble /usr/bin/cmake --build /home/turtle1/turtlebot3_ws/build/ld08_driver -- -j4 -l4
[5.033s] Invoking command in '/home/turtle1/turtlebot3_ws/build/ld08_driver': CMAKE_PREFIX_PATH=${CMAKE_PREFIX_PATH}:/home/turtle1/turtlebot3_ws/install/turtlebot3_teleop:/home/turtle1/turtlebot3_ws/install/turtlebot3_soccer:/home/turtle1/turtlebot3_ws/install/turtlebot3_example:/home/turtle1/turtlebot3_ws/install/turtlebot3_distance_keeper:/home/turtle1/turtlebot3_ws/install/sb3_inference:/home/turtle1/turtlebot3_ws/install/publish_sensor_info:/home/turtle1/turtlebot3_ws/install/lidar_tracking:/opt/ros/humble /usr/bin/cmake --install /home/turtle1/turtlebot3_ws/build/ld08_driver
[5.241s] -- Install configuration: ""
[5.243s] -- Up-to-date: /home/turtle1/turtlebot3_ws/install/ld08_driver/share/ld08_driver/launch
[5.243s] -- Up-to-date: /home/turtle1/turtlebot3_ws/install/ld08_driver/share/ld08_driver/launch/ld08.launch.py
[5.261s] -- Up-to-date: /home/turtle1/turtlebot3_ws/install/ld08_driver/lib/ld08_driver/ld08_driver
[5.263s] -- Up-to-date: /home/turtle1/turtlebot3_ws/install/ld08_driver/share/ament_index/resource_index/package_run_dependencies/ld08_driver
[5.269s] -- Up-to-date: /home/turtle1/turtlebot3_ws/install/ld08_driver/share/ament_index/resource_index/parent_prefix_path/ld08_driver
[5.275s] -- Up-to-date: /home/turtle1/turtlebot3_ws/install/ld08_driver/share/ld08_driver/environment/ament_prefix_path.sh
[5.284s] -- Up-to-date: /home/turtle1/turtlebot3_ws/install/ld08_driver/share/ld08_driver/environment/ament_prefix_path.dsv
[5.291s] -- Up-to-date: /home/turtle1/turtlebot3_ws/install/ld08_driver/share/ld08_driver/environment/path.sh
[5.296s] -- Up-to-date: /home/turtle1/turtlebot3_ws/install/ld08_driver/share/ld08_driver/environment/path.dsv
[5.307s] -- Up-to-date: /home/turtle1/turtlebot3_ws/install/ld08_driver/share/ld08_driver/local_setup.bash
[5.312s] -- Up-to-date: /home/turtle1/turtlebot3_ws/install/ld08_driver/share/ld08_driver/local_setup.sh
[5.331s] -- Up-to-date: /home/turtle1/turtlebot3_ws/install/ld08_driver/share/ld08_driver/local_setup.zsh
[5.338s] -- Up-to-date: /home/turtle1/turtlebot3_ws/install/ld08_driver/share/ld08_driver/local_setup.dsv
[5.339s] -- Installing: /home/turtle1/turtlebot3_ws/install/ld08_driver/share/ld08_driver/package.dsv
[5.344s] -- Up-to-date: /home/turtle1/turtlebot3_ws/install/ld08_driver/share/ament_index/resource_index/packages/ld08_driver
[5.355s] -- Up-to-date: /home/turtle1/turtlebot3_ws/install/ld08_driver/share/ld08_driver/cmake/ament_cmake_export_dependencies-extras.cmake
[5.356s] -- Up-to-date: /home/turtle1/turtlebot3_ws/install/ld08_driver/share/ld08_driver/cmake/ament_cmake_export_include_directories-extras.cmake
[5.365s] -- Up-to-date: /home/turtle1/turtlebot3_ws/install/ld08_driver/share/ld08_driver/cmake/ld08_driverConfig.cmake
[5.371s] -- Up-to-date: /home/turtle1/turtlebot3_ws/install/ld08_driver/share/ld08_driver/cmake/ld08_driverConfig-version.cmake
[5.387s] -- Up-to-date: /home/turtle1/turtlebot3_ws/install/ld08_driver/share/ld08_driver/package.xml
[5.440s] Invoked command in '/home/turtle1/turtlebot3_ws/build/ld08_driver' returned '0': CMAKE_PREFIX_PATH=${CMAKE_PREFIX_PATH}:/home/turtle1/turtlebot3_ws/install/turtlebot3_teleop:/home/turtle1/turtlebot3_ws/install/turtlebot3_soccer:/home/turtle1/turtlebot3_ws/install/turtlebot3_example:/home/turtle1/turtlebot3_ws/install/turtlebot3_distance_keeper:/home/turtle1/turtlebot3_ws/install/sb3_inference:/home/turtle1/turtlebot3_ws/install/publish_sensor_info:/home/turtle1/turtlebot3_ws/install/lidar_tracking:/opt/ros/humble /usr/bin/cmake --install /home/turtle1/turtlebot3_ws/build/ld08_driver
