[0.496s] DEBUG:colcon:Command line arguments: ['/usr/bin/colcon', 'build', '--packages-select', 'publish_sensor_info']
[0.496s] DEBUG:colcon:Parsed command line arguments: Namespace(log_base=None, log_level=None, verb_name='build', build_base='build', install_base='install', merge_install=False, symlink_install=False, test_result_base=None, continue_on_error=False, executor='parallel', parallel_workers=4, event_handlers=None, ignore_user_meta=False, metas=['./colcon.meta'], base_paths=['.'], packages_ignore=None, packages_ignore_regex=None, paths=None, packages_up_to=None, packages_up_to_regex=None, packages_above=None, packages_above_and_dependencies=None, packages_above_depth=None, packages_select_by_dep=None, packages_skip_by_dep=None, packages_skip_up_to=None, packages_select_build_failed=False, packages_skip_build_finished=False, packages_select_test_failures=False, packages_skip_test_passed=False, packages_select=['publish_sensor_info'], packages_skip=None, packages_select_regex=None, packages_skip_regex=None, packages_start=None, packages_end=None, allow_overriding=[], cmake_args=None, cmake_target=None, cmake_target_skip_unavailable=False, cmake_clean_cache=False, cmake_clean_first=False, cmake_force_configure=False, ament_cmake_args=None, catkin_cmake_args=None, catkin_skip_building_tests=False, mixin_files=None, mixin=None, verb_parser=<colcon_mixin.mixin.mixin_argument.MixinArgumentDecorator object at 0xffff82b6f400>, verb_extension=<colcon_core.verb.build.BuildVerb object at 0xffff82cc03d0>, main=<bound method BuildVerb.main of <colcon_core.verb.build.BuildVerb object at 0xffff82cc03d0>>, mixin_verb=('build',))
[1.416s] Level 1:colcon.colcon_core.package_discovery:discover_packages(colcon_meta) check parameters
[1.417s] Level 1:colcon.colcon_core.package_discovery:discover_packages(recursive) check parameters
[1.417s] Level 1:colcon.colcon_core.package_discovery:discover_packages(ignore) check parameters
[1.417s] Level 1:colcon.colcon_core.package_discovery:discover_packages(path) check parameters
[1.417s] Level 1:colcon.colcon_core.package_discovery:discover_packages(colcon_meta) discover
[1.418s] Level 1:colcon.colcon_core.package_discovery:discover_packages(recursive) discover
[1.418s] INFO:colcon.colcon_core.package_discovery:Crawling recursively for packages in '/home/turtle1/turtlebot3_ws'
[1.418s] Level 1:colcon.colcon_core.package_identification:_identify(.) by extensions ['ignore', 'ignore_ament_install']
[1.419s] Level 1:colcon.colcon_core.package_identification:_identify(.) by extension 'ignore'
[1.419s] Level 1:colcon.colcon_core.package_identification:_identify(.) by extension 'ignore_ament_install'
[1.419s] Level 1:colcon.colcon_core.package_identification:_identify(.) by extensions ['colcon_pkg']
[1.419s] Level 1:colcon.colcon_core.package_identification:_identify(.) by extension 'colcon_pkg'
[1.420s] Level 1:colcon.colcon_core.package_identification:_identify(.) by extensions ['colcon_meta']
[1.420s] Level 1:colcon.colcon_core.package_identification:_identify(.) by extension 'colcon_meta'
[1.420s] Level 1:colcon.colcon_core.package_identification:_identify(.) by extensions ['ros']
[1.420s] Level 1:colcon.colcon_core.package_identification:_identify(.) by extension 'ros'
[1.465s] Level 1:colcon.colcon_core.package_identification:_identify(.) by extensions ['cmake', 'python']
[1.465s] Level 1:colcon.colcon_core.package_identification:_identify(.) by extension 'cmake'
[1.465s] Level 1:colcon.colcon_core.package_identification:_identify(.) by extension 'python'
[1.466s] Level 1:colcon.colcon_core.package_identification:_identify(.) by extensions ['python_setup_py']
[1.466s] Level 1:colcon.colcon_core.package_identification:_identify(.) by extension 'python_setup_py'
[1.466s] Level 1:colcon.colcon_core.package_identification:_identify(build) by extensions ['ignore', 'ignore_ament_install']
[1.467s] Level 1:colcon.colcon_core.package_identification:_identify(build) by extension 'ignore'
[1.467s] Level 1:colcon.colcon_core.package_identification:_identify(build) ignored
[1.468s] Level 1:colcon.colcon_core.package_identification:_identify(install) by extensions ['ignore', 'ignore_ament_install']
[1.468s] Level 1:colcon.colcon_core.package_identification:_identify(install) by extension 'ignore'
[1.468s] Level 1:colcon.colcon_core.package_identification:_identify(install) ignored
[1.469s] Level 1:colcon.colcon_core.package_identification:_identify(log) by extensions ['ignore', 'ignore_ament_install']
[1.469s] Level 1:colcon.colcon_core.package_identification:_identify(log) by extension 'ignore'
[1.470s] Level 1:colcon.colcon_core.package_identification:_identify(log) ignored
[1.470s] Level 1:colcon.colcon_core.package_identification:_identify(src) by extensions ['ignore', 'ignore_ament_install']
[1.470s] Level 1:colcon.colcon_core.package_identification:_identify(src) by extension 'ignore'
[1.471s] Level 1:colcon.colcon_core.package_identification:_identify(src) by extension 'ignore_ament_install'
[1.471s] Level 1:colcon.colcon_core.package_identification:_identify(src) by extensions ['colcon_pkg']
[1.471s] Level 1:colcon.colcon_core.package_identification:_identify(src) by extension 'colcon_pkg'
[1.471s] Level 1:colcon.colcon_core.package_identification:_identify(src) by extensions ['colcon_meta']
[1.471s] Level 1:colcon.colcon_core.package_identification:_identify(src) by extension 'colcon_meta'
[1.472s] Level 1:colcon.colcon_core.package_identification:_identify(src) by extensions ['ros']
[1.472s] Level 1:colcon.colcon_core.package_identification:_identify(src) by extension 'ros'
[1.472s] Level 1:colcon.colcon_core.package_identification:_identify(src) by extensions ['cmake', 'python']
[1.472s] Level 1:colcon.colcon_core.package_identification:_identify(src) by extension 'cmake'
[1.472s] Level 1:colcon.colcon_core.package_identification:_identify(src) by extension 'python'
[1.472s] Level 1:colcon.colcon_core.package_identification:_identify(src) by extensions ['python_setup_py']
[1.473s] Level 1:colcon.colcon_core.package_identification:_identify(src) by extension 'python_setup_py'
[1.473s] Level 1:colcon.colcon_core.package_identification:_identify(src/ld08_driver) by extensions ['ignore', 'ignore_ament_install']
[1.474s] Level 1:colcon.colcon_core.package_identification:_identify(src/ld08_driver) by extension 'ignore'
[1.474s] Level 1:colcon.colcon_core.package_identification:_identify(src/ld08_driver) by extension 'ignore_ament_install'
[1.474s] Level 1:colcon.colcon_core.package_identification:_identify(src/ld08_driver) by extensions ['colcon_pkg']
[1.474s] Level 1:colcon.colcon_core.package_identification:_identify(src/ld08_driver) by extension 'colcon_pkg'
[1.475s] Level 1:colcon.colcon_core.package_identification:_identify(src/ld08_driver) by extensions ['colcon_meta']
[1.475s] Level 1:colcon.colcon_core.package_identification:_identify(src/ld08_driver) by extension 'colcon_meta'
[1.475s] Level 1:colcon.colcon_core.package_identification:_identify(src/ld08_driver) by extensions ['ros']
[1.475s] Level 1:colcon.colcon_core.package_identification:_identify(src/ld08_driver) by extension 'ros'
[1.485s] DEBUG:colcon.colcon_core.package_identification:Package 'src/ld08_driver' with type 'ros.ament_cmake' and name 'ld08_driver'
[1.486s] Level 1:colcon.colcon_core.package_identification:_identify(src/turtlebot3) by extensions ['ignore', 'ignore_ament_install']
[1.487s] Level 1:colcon.colcon_core.package_identification:_identify(src/turtlebot3) by extension 'ignore'
[1.487s] Level 1:colcon.colcon_core.package_identification:_identify(src/turtlebot3) by extension 'ignore_ament_install'
[1.487s] Level 1:colcon.colcon_core.package_identification:_identify(src/turtlebot3) by extensions ['colcon_pkg']
[1.487s] Level 1:colcon.colcon_core.package_identification:_identify(src/turtlebot3) by extension 'colcon_pkg'
[1.488s] Level 1:colcon.colcon_core.package_identification:_identify(src/turtlebot3) by extensions ['colcon_meta']
[1.488s] Level 1:colcon.colcon_core.package_identification:_identify(src/turtlebot3) by extension 'colcon_meta'
[1.488s] Level 1:colcon.colcon_core.package_identification:_identify(src/turtlebot3) by extensions ['ros']
[1.488s] Level 1:colcon.colcon_core.package_identification:_identify(src/turtlebot3) by extension 'ros'
[1.488s] Level 1:colcon.colcon_core.package_identification:_identify(src/turtlebot3) by extensions ['cmake', 'python']
[1.489s] Level 1:colcon.colcon_core.package_identification:_identify(src/turtlebot3) by extension 'cmake'
[1.489s] Level 1:colcon.colcon_core.package_identification:_identify(src/turtlebot3) by extension 'python'
[1.489s] Level 1:colcon.colcon_core.package_identification:_identify(src/turtlebot3) by extensions ['python_setup_py']
[1.489s] Level 1:colcon.colcon_core.package_identification:_identify(src/turtlebot3) by extension 'python_setup_py'
[1.490s] Level 1:colcon.colcon_core.package_identification:_identify(src/turtlebot3/lidar_tracking) by extensions ['ignore', 'ignore_ament_install']
[1.490s] Level 1:colcon.colcon_core.package_identification:_identify(src/turtlebot3/lidar_tracking) by extension 'ignore'
[1.490s] Level 1:colcon.colcon_core.package_identification:_identify(src/turtlebot3/lidar_tracking) by extension 'ignore_ament_install'
[1.491s] Level 1:colcon.colcon_core.package_identification:_identify(src/turtlebot3/lidar_tracking) by extensions ['colcon_pkg']
[1.491s] Level 1:colcon.colcon_core.package_identification:_identify(src/turtlebot3/lidar_tracking) by extension 'colcon_pkg'
[1.491s] Level 1:colcon.colcon_core.package_identification:_identify(src/turtlebot3/lidar_tracking) by extensions ['colcon_meta']
[1.491s] Level 1:colcon.colcon_core.package_identification:_identify(src/turtlebot3/lidar_tracking) by extension 'colcon_meta'
[1.491s] Level 1:colcon.colcon_core.package_identification:_identify(src/turtlebot3/lidar_tracking) by extensions ['ros']
[1.491s] Level 1:colcon.colcon_core.package_identification:_identify(src/turtlebot3/lidar_tracking) by extension 'ros'
[1.494s] DEBUG:colcon.colcon_core.package_identification:Package 'src/turtlebot3/lidar_tracking' with type 'ros.ament_python' and name 'lidar_tracking'
[1.495s] Level 1:colcon.colcon_core.package_identification:_identify(src/turtlebot3/publish_sensor_info) by extensions ['ignore', 'ignore_ament_install']
[1.495s] Level 1:colcon.colcon_core.package_identification:_identify(src/turtlebot3/publish_sensor_info) by extension 'ignore'
[1.496s] Level 1:colcon.colcon_core.package_identification:_identify(src/turtlebot3/publish_sensor_info) by extension 'ignore_ament_install'
[1.496s] Level 1:colcon.colcon_core.package_identification:_identify(src/turtlebot3/publish_sensor_info) by extensions ['colcon_pkg']
[1.496s] Level 1:colcon.colcon_core.package_identification:_identify(src/turtlebot3/publish_sensor_info) by extension 'colcon_pkg'
[1.496s] Level 1:colcon.colcon_core.package_identification:_identify(src/turtlebot3/publish_sensor_info) by extensions ['colcon_meta']
[1.496s] Level 1:colcon.colcon_core.package_identification:_identify(src/turtlebot3/publish_sensor_info) by extension 'colcon_meta'
[1.497s] Level 1:colcon.colcon_core.package_identification:_identify(src/turtlebot3/publish_sensor_info) by extensions ['ros']
[1.497s] Level 1:colcon.colcon_core.package_identification:_identify(src/turtlebot3/publish_sensor_info) by extension 'ros'
[1.499s] DEBUG:colcon.colcon_core.package_identification:Package 'src/turtlebot3/publish_sensor_info' with type 'ros.ament_python' and name 'publish_sensor_info'
[1.500s] Level 1:colcon.colcon_core.package_identification:_identify(src/turtlebot3/sb3_inference) by extensions ['ignore', 'ignore_ament_install']
[1.500s] Level 1:colcon.colcon_core.package_identification:_identify(src/turtlebot3/sb3_inference) by extension 'ignore'
[1.501s] Level 1:colcon.colcon_core.package_identification:_identify(src/turtlebot3/sb3_inference) by extension 'ignore_ament_install'
[1.501s] Level 1:colcon.colcon_core.package_identification:_identify(src/turtlebot3/sb3_inference) by extensions ['colcon_pkg']
[1.501s] Level 1:colcon.colcon_core.package_identification:_identify(src/turtlebot3/sb3_inference) by extension 'colcon_pkg'
[1.502s] Level 1:colcon.colcon_core.package_identification:_identify(src/turtlebot3/sb3_inference) by extensions ['colcon_meta']
[1.502s] Level 1:colcon.colcon_core.package_identification:_identify(src/turtlebot3/sb3_inference) by extension 'colcon_meta'
[1.502s] Level 1:colcon.colcon_core.package_identification:_identify(src/turtlebot3/sb3_inference) by extensions ['ros']
[1.502s] Level 1:colcon.colcon_core.package_identification:_identify(src/turtlebot3/sb3_inference) by extension 'ros'
[1.504s] DEBUG:colcon.colcon_core.package_identification:Package 'src/turtlebot3/sb3_inference' with type 'ros.ament_python' and name 'sb3_inference'
[1.505s] Level 1:colcon.colcon_core.package_identification:_identify(src/turtlebot3/turtlebot3) by extensions ['ignore', 'ignore_ament_install']
[1.506s] Level 1:colcon.colcon_core.package_identification:_identify(src/turtlebot3/turtlebot3) by extension 'ignore'
[1.506s] Level 1:colcon.colcon_core.package_identification:_identify(src/turtlebot3/turtlebot3) by extension 'ignore_ament_install'
[1.506s] Level 1:colcon.colcon_core.package_identification:_identify(src/turtlebot3/turtlebot3) by extensions ['colcon_pkg']
[1.507s] Level 1:colcon.colcon_core.package_identification:_identify(src/turtlebot3/turtlebot3) by extension 'colcon_pkg'
[1.507s] Level 1:colcon.colcon_core.package_identification:_identify(src/turtlebot3/turtlebot3) by extensions ['colcon_meta']
[1.507s] Level 1:colcon.colcon_core.package_identification:_identify(src/turtlebot3/turtlebot3) by extension 'colcon_meta'
[1.507s] Level 1:colcon.colcon_core.package_identification:_identify(src/turtlebot3/turtlebot3) by extensions ['ros']
[1.507s] Level 1:colcon.colcon_core.package_identification:_identify(src/turtlebot3/turtlebot3) by extension 'ros'
[1.510s] DEBUG:colcon.colcon_core.package_identification:Package 'src/turtlebot3/turtlebot3' with type 'ros.ament_cmake' and name 'turtlebot3'
[1.511s] Level 1:colcon.colcon_core.package_identification:_identify(src/turtlebot3/turtlebot3_bringup) by extensions ['ignore', 'ignore_ament_install']
[1.511s] Level 1:colcon.colcon_core.package_identification:_identify(src/turtlebot3/turtlebot3_bringup) by extension 'ignore'
[1.511s] Level 1:colcon.colcon_core.package_identification:_identify(src/turtlebot3/turtlebot3_bringup) by extension 'ignore_ament_install'
[1.512s] Level 1:colcon.colcon_core.package_identification:_identify(src/turtlebot3/turtlebot3_bringup) by extensions ['colcon_pkg']
[1.512s] Level 1:colcon.colcon_core.package_identification:_identify(src/turtlebot3/turtlebot3_bringup) by extension 'colcon_pkg'
[1.512s] Level 1:colcon.colcon_core.package_identification:_identify(src/turtlebot3/turtlebot3_bringup) by extensions ['colcon_meta']
[1.512s] Level 1:colcon.colcon_core.package_identification:_identify(src/turtlebot3/turtlebot3_bringup) by extension 'colcon_meta'
[1.512s] Level 1:colcon.colcon_core.package_identification:_identify(src/turtlebot3/turtlebot3_bringup) by extensions ['ros']
[1.513s] Level 1:colcon.colcon_core.package_identification:_identify(src/turtlebot3/turtlebot3_bringup) by extension 'ros'
[1.515s] DEBUG:colcon.colcon_core.package_identification:Package 'src/turtlebot3/turtlebot3_bringup' with type 'ros.ament_cmake' and name 'turtlebot3_bringup'
[1.516s] Level 1:colcon.colcon_core.package_identification:_identify(src/turtlebot3/turtlebot3_description) by extensions ['ignore', 'ignore_ament_install']
[1.516s] Level 1:colcon.colcon_core.package_identification:_identify(src/turtlebot3/turtlebot3_description) by extension 'ignore'
[1.517s] Level 1:colcon.colcon_core.package_identification:_identify(src/turtlebot3/turtlebot3_description) by extension 'ignore_ament_install'
[1.517s] Level 1:colcon.colcon_core.package_identification:_identify(src/turtlebot3/turtlebot3_description) by extensions ['colcon_pkg']
[1.517s] Level 1:colcon.colcon_core.package_identification:_identify(src/turtlebot3/turtlebot3_description) by extension 'colcon_pkg'
[1.517s] Level 1:colcon.colcon_core.package_identification:_identify(src/turtlebot3/turtlebot3_description) by extensions ['colcon_meta']
[1.517s] Level 1:colcon.colcon_core.package_identification:_identify(src/turtlebot3/turtlebot3_description) by extension 'colcon_meta'
[1.518s] Level 1:colcon.colcon_core.package_identification:_identify(src/turtlebot3/turtlebot3_description) by extensions ['ros']
[1.518s] Level 1:colcon.colcon_core.package_identification:_identify(src/turtlebot3/turtlebot3_description) by extension 'ros'
[1.520s] DEBUG:colcon.colcon_core.package_identification:Package 'src/turtlebot3/turtlebot3_description' with type 'ros.ament_cmake' and name 'turtlebot3_description'
[1.521s] Level 1:colcon.colcon_core.package_identification:_identify(src/turtlebot3/turtlebot3_distance_keeper) by extensions ['ignore', 'ignore_ament_install']
[1.521s] Level 1:colcon.colcon_core.package_identification:_identify(src/turtlebot3/turtlebot3_distance_keeper) by extension 'ignore'
[1.522s] Level 1:colcon.colcon_core.package_identification:_identify(src/turtlebot3/turtlebot3_distance_keeper) by extension 'ignore_ament_install'
[1.522s] Level 1:colcon.colcon_core.package_identification:_identify(src/turtlebot3/turtlebot3_distance_keeper) by extensions ['colcon_pkg']
[1.522s] Level 1:colcon.colcon_core.package_identification:_identify(src/turtlebot3/turtlebot3_distance_keeper) by extension 'colcon_pkg'
[1.522s] Level 1:colcon.colcon_core.package_identification:_identify(src/turtlebot3/turtlebot3_distance_keeper) by extensions ['colcon_meta']
[1.522s] Level 1:colcon.colcon_core.package_identification:_identify(src/turtlebot3/turtlebot3_distance_keeper) by extension 'colcon_meta'
[1.523s] Level 1:colcon.colcon_core.package_identification:_identify(src/turtlebot3/turtlebot3_distance_keeper) by extensions ['ros']
[1.523s] Level 1:colcon.colcon_core.package_identification:_identify(src/turtlebot3/turtlebot3_distance_keeper) by extension 'ros'
[1.525s] DEBUG:colcon.colcon_core.package_identification:Package 'src/turtlebot3/turtlebot3_distance_keeper' with type 'ros.ament_python' and name 'turtlebot3_distance_keeper'
[1.526s] Level 1:colcon.colcon_core.package_identification:_identify(src/turtlebot3/turtlebot3_example) by extensions ['ignore', 'ignore_ament_install']
[1.527s] Level 1:colcon.colcon_core.package_identification:_identify(src/turtlebot3/turtlebot3_example) by extension 'ignore'
[1.527s] Level 1:colcon.colcon_core.package_identification:_identify(src/turtlebot3/turtlebot3_example) by extension 'ignore_ament_install'
[1.528s] Level 1:colcon.colcon_core.package_identification:_identify(src/turtlebot3/turtlebot3_example) by extensions ['colcon_pkg']
[1.528s] Level 1:colcon.colcon_core.package_identification:_identify(src/turtlebot3/turtlebot3_example) by extension 'colcon_pkg'
[1.528s] Level 1:colcon.colcon_core.package_identification:_identify(src/turtlebot3/turtlebot3_example) by extensions ['colcon_meta']
[1.528s] Level 1:colcon.colcon_core.package_identification:_identify(src/turtlebot3/turtlebot3_example) by extension 'colcon_meta'
[1.529s] Level 1:colcon.colcon_core.package_identification:_identify(src/turtlebot3/turtlebot3_example) by extensions ['ros']
[1.529s] Level 1:colcon.colcon_core.package_identification:_identify(src/turtlebot3/turtlebot3_example) by extension 'ros'
[1.532s] DEBUG:colcon.colcon_core.package_identification:Package 'src/turtlebot3/turtlebot3_example' with type 'ros.ament_python' and name 'turtlebot3_example'
[1.533s] Level 1:colcon.colcon_core.package_identification:_identify(src/turtlebot3/turtlebot3_node) by extensions ['ignore', 'ignore_ament_install']
[1.533s] Level 1:colcon.colcon_core.package_identification:_identify(src/turtlebot3/turtlebot3_node) by extension 'ignore'
[1.534s] Level 1:colcon.colcon_core.package_identification:_identify(src/turtlebot3/turtlebot3_node) by extension 'ignore_ament_install'
[1.534s] Level 1:colcon.colcon_core.package_identification:_identify(src/turtlebot3/turtlebot3_node) by extensions ['colcon_pkg']
[1.534s] Level 1:colcon.colcon_core.package_identification:_identify(src/turtlebot3/turtlebot3_node) by extension 'colcon_pkg'
[1.534s] Level 1:colcon.colcon_core.package_identification:_identify(src/turtlebot3/turtlebot3_node) by extensions ['colcon_meta']
[1.535s] Level 1:colcon.colcon_core.package_identification:_identify(src/turtlebot3/turtlebot3_node) by extension 'colcon_meta'
[1.535s] Level 1:colcon.colcon_core.package_identification:_identify(src/turtlebot3/turtlebot3_node) by extensions ['ros']
[1.535s] Level 1:colcon.colcon_core.package_identification:_identify(src/turtlebot3/turtlebot3_node) by extension 'ros'
[1.541s] DEBUG:colcon.colcon_core.package_identification:Package 'src/turtlebot3/turtlebot3_node' with type 'ros.ament_cmake' and name 'turtlebot3_node'
[1.542s] Level 1:colcon.colcon_core.package_identification:_identify(src/turtlebot3/turtlebot3_soccer) by extensions ['ignore', 'ignore_ament_install']
[1.542s] Level 1:colcon.colcon_core.package_identification:_identify(src/turtlebot3/turtlebot3_soccer) by extension 'ignore'
[1.542s] Level 1:colcon.colcon_core.package_identification:_identify(src/turtlebot3/turtlebot3_soccer) by extension 'ignore_ament_install'
[1.543s] Level 1:colcon.colcon_core.package_identification:_identify(src/turtlebot3/turtlebot3_soccer) by extensions ['colcon_pkg']
[1.543s] Level 1:colcon.colcon_core.package_identification:_identify(src/turtlebot3/turtlebot3_soccer) by extension 'colcon_pkg'
[1.543s] Level 1:colcon.colcon_core.package_identification:_identify(src/turtlebot3/turtlebot3_soccer) by extensions ['colcon_meta']
[1.543s] Level 1:colcon.colcon_core.package_identification:_identify(src/turtlebot3/turtlebot3_soccer) by extension 'colcon_meta'
[1.543s] Level 1:colcon.colcon_core.package_identification:_identify(src/turtlebot3/turtlebot3_soccer) by extensions ['ros']
[1.543s] Level 1:colcon.colcon_core.package_identification:_identify(src/turtlebot3/turtlebot3_soccer) by extension 'ros'
[1.546s] DEBUG:colcon.colcon_core.package_identification:Package 'src/turtlebot3/turtlebot3_soccer' with type 'ros.ament_python' and name 'turtlebot3_soccer'
[1.546s] Level 1:colcon.colcon_core.package_identification:_identify(src/turtlebot3/turtlebot3_teleop) by extensions ['ignore', 'ignore_ament_install']
[1.547s] Level 1:colcon.colcon_core.package_identification:_identify(src/turtlebot3/turtlebot3_teleop) by extension 'ignore'
[1.547s] Level 1:colcon.colcon_core.package_identification:_identify(src/turtlebot3/turtlebot3_teleop) by extension 'ignore_ament_install'
[1.547s] Level 1:colcon.colcon_core.package_identification:_identify(src/turtlebot3/turtlebot3_teleop) by extensions ['colcon_pkg']
[1.547s] Level 1:colcon.colcon_core.package_identification:_identify(src/turtlebot3/turtlebot3_teleop) by extension 'colcon_pkg'
[1.548s] Level 1:colcon.colcon_core.package_identification:_identify(src/turtlebot3/turtlebot3_teleop) by extensions ['colcon_meta']
[1.548s] Level 1:colcon.colcon_core.package_identification:_identify(src/turtlebot3/turtlebot3_teleop) by extension 'colcon_meta'
[1.548s] Level 1:colcon.colcon_core.package_identification:_identify(src/turtlebot3/turtlebot3_teleop) by extensions ['ros']
[1.548s] Level 1:colcon.colcon_core.package_identification:_identify(src/turtlebot3/turtlebot3_teleop) by extension 'ros'
[1.550s] DEBUG:colcon.colcon_core.package_identification:Package 'src/turtlebot3/turtlebot3_teleop' with type 'ros.ament_python' and name 'turtlebot3_teleop'
[1.551s] Level 1:colcon.colcon_core.package_discovery:discover_packages(recursive) using defaults
[1.551s] Level 1:colcon.colcon_core.package_discovery:discover_packages(ignore) discover
[1.551s] Level 1:colcon.colcon_core.package_discovery:discover_packages(ignore) using defaults
[1.551s] Level 1:colcon.colcon_core.package_discovery:discover_packages(path) discover
[1.551s] Level 1:colcon.colcon_core.package_discovery:discover_packages(path) using defaults
[1.679s] INFO:colcon.colcon_core.package_selection:Skipping not selected package 'ld08_driver' in 'src/ld08_driver'
[1.680s] INFO:colcon.colcon_core.package_selection:Skipping not selected package 'lidar_tracking' in 'src/turtlebot3/lidar_tracking'
[1.680s] INFO:colcon.colcon_core.package_selection:Skipping not selected package 'sb3_inference' in 'src/turtlebot3/sb3_inference'
[1.680s] INFO:colcon.colcon_core.package_selection:Skipping not selected package 'turtlebot3_description' in 'src/turtlebot3/turtlebot3_description'
[1.680s] INFO:colcon.colcon_core.package_selection:Skipping not selected package 'turtlebot3_distance_keeper' in 'src/turtlebot3/turtlebot3_distance_keeper'
[1.680s] INFO:colcon.colcon_core.package_selection:Skipping not selected package 'turtlebot3_example' in 'src/turtlebot3/turtlebot3_example'
[1.680s] INFO:colcon.colcon_core.package_selection:Skipping not selected package 'turtlebot3_node' in 'src/turtlebot3/turtlebot3_node'
[1.681s] INFO:colcon.colcon_core.package_selection:Skipping not selected package 'turtlebot3_soccer' in 'src/turtlebot3/turtlebot3_soccer'
[1.681s] INFO:colcon.colcon_core.package_selection:Skipping not selected package 'turtlebot3_teleop' in 'src/turtlebot3/turtlebot3_teleop'
[1.681s] INFO:colcon.colcon_core.package_selection:Skipping not selected package 'turtlebot3_bringup' in 'src/turtlebot3/turtlebot3_bringup'
[1.681s] INFO:colcon.colcon_core.package_selection:Skipping not selected package 'turtlebot3' in 'src/turtlebot3/turtlebot3'
[1.683s] Level 1:colcon.colcon_core.package_discovery:discover_packages(prefix_path) check parameters
[1.683s] Level 1:colcon.colcon_core.package_discovery:discover_packages(prefix_path) discover
[1.696s] DEBUG:colcon.colcon_installed_package_information.package_discovery:Found 12 installed packages in /home/turtle1/turtlebot3_ws/install
[1.707s] DEBUG:colcon.colcon_installed_package_information.package_discovery:Found 321 installed packages in /opt/ros/humble
[1.714s] Level 1:colcon.colcon_core.package_discovery:discover_packages(prefix_path) using defaults
[1.914s] Level 5:colcon.colcon_core.verb:set package 'publish_sensor_info' build argument 'cmake_args' from command line to 'None'
[1.914s] Level 5:colcon.colcon_core.verb:set package 'publish_sensor_info' build argument 'cmake_target' from command line to 'None'
[1.914s] Level 5:colcon.colcon_core.verb:set package 'publish_sensor_info' build argument 'cmake_target_skip_unavailable' from command line to 'False'
[1.914s] Level 5:colcon.colcon_core.verb:set package 'publish_sensor_info' build argument 'cmake_clean_cache' from command line to 'False'
[1.915s] Level 5:colcon.colcon_core.verb:set package 'publish_sensor_info' build argument 'cmake_clean_first' from command line to 'False'
[1.915s] Level 5:colcon.colcon_core.verb:set package 'publish_sensor_info' build argument 'cmake_force_configure' from command line to 'False'
[1.915s] Level 5:colcon.colcon_core.verb:set package 'publish_sensor_info' build argument 'ament_cmake_args' from command line to 'None'
[1.915s] Level 5:colcon.colcon_core.verb:set package 'publish_sensor_info' build argument 'catkin_cmake_args' from command line to 'None'
[1.915s] Level 5:colcon.colcon_core.verb:set package 'publish_sensor_info' build argument 'catkin_skip_building_tests' from command line to 'False'
[1.915s] DEBUG:colcon.colcon_core.verb:Building package 'publish_sensor_info' with the following arguments: {'ament_cmake_args': None, 'build_base': '/home/turtle1/turtlebot3_ws/build/publish_sensor_info', 'catkin_cmake_args': None, 'catkin_skip_building_tests': False, 'cmake_args': None, 'cmake_clean_cache': False, 'cmake_clean_first': False, 'cmake_force_configure': False, 'cmake_target': None, 'cmake_target_skip_unavailable': False, 'install_base': '/home/turtle1/turtlebot3_ws/install/publish_sensor_info', 'merge_install': False, 'path': '/home/turtle1/turtlebot3_ws/src/turtlebot3/publish_sensor_info', 'symlink_install': False, 'test_result_base': None}
[1.916s] INFO:colcon.colcon_core.executor:Executing jobs using 'parallel' executor
[1.920s] DEBUG:colcon.colcon_parallel_executor.executor.parallel:run_until_complete
[1.921s] INFO:colcon.colcon_ros.task.ament_python.build:Building ROS package in '/home/turtle1/turtlebot3_ws/src/turtlebot3/publish_sensor_info' with build type 'ament_python'
[1.921s] Level 1:colcon.colcon_core.shell:create_environment_hook('publish_sensor_info', 'ament_prefix_path')
[1.933s] INFO:colcon.colcon_core.plugin_system:Skipping extension 'colcon_core.shell.bat': Not used on non-Windows systems
[1.935s] INFO:colcon.colcon_core.shell:Creating environment hook '/home/turtle1/turtlebot3_ws/install/publish_sensor_info/share/publish_sensor_info/hook/ament_prefix_path.ps1'
[1.938s] INFO:colcon.colcon_core.shell:Creating environment descriptor '/home/turtle1/turtlebot3_ws/install/publish_sensor_info/share/publish_sensor_info/hook/ament_prefix_path.dsv'
[1.940s] INFO:colcon.colcon_core.shell:Creating environment hook '/home/turtle1/turtlebot3_ws/install/publish_sensor_info/share/publish_sensor_info/hook/ament_prefix_path.sh'
[1.944s] INFO:colcon.colcon_core.shell:Skip shell extension 'powershell' for command environment: Not usable outside of PowerShell
[1.945s] DEBUG:colcon.colcon_core.shell:Skip shell extension 'dsv' for command environment
[3.302s] INFO:colcon.colcon_core.task.python.build:Building Python package in '/home/turtle1/turtlebot3_ws/src/turtlebot3/publish_sensor_info'
[3.303s] INFO:colcon.colcon_core.shell:Skip shell extension 'powershell' for command environment: Not usable outside of PowerShell
[3.303s] DEBUG:colcon.colcon_core.shell:Skip shell extension 'dsv' for command environment
[4.988s] DEBUG:colcon.colcon_core.event_handler.log_command:Invoking command in '/home/turtle1/turtlebot3_ws/src/turtlebot3/publish_sensor_info': PYTHONPATH=/home/turtle1/turtlebot3_ws/build/publish_sensor_info/prefix_override:/usr/lib/python3/dist-packages/colcon_core/task/python/colcon_distutils_commands:/home/turtle1/turtlebot3_ws/install/publish_sensor_info/lib/python3.10/site-packages:${PYTHONPATH} /usr/bin/python3 -W ignore:setup.py install is deprecated -W ignore:easy_install command is deprecated setup.py egg_info --egg-base ../../../build/publish_sensor_info build --build-base /home/turtle1/turtlebot3_ws/build/publish_sensor_info/build install --record /home/turtle1/turtlebot3_ws/build/publish_sensor_info/install.log --single-version-externally-managed install_data
[6.549s] DEBUG:colcon.colcon_core.event_handler.log_command:Invoked command in '/home/turtle1/turtlebot3_ws/src/turtlebot3/publish_sensor_info' returned '0': PYTHONPATH=/home/turtle1/turtlebot3_ws/build/publish_sensor_info/prefix_override:/usr/lib/python3/dist-packages/colcon_core/task/python/colcon_distutils_commands:/home/turtle1/turtlebot3_ws/install/publish_sensor_info/lib/python3.10/site-packages:${PYTHONPATH} /usr/bin/python3 -W ignore:setup.py install is deprecated -W ignore:easy_install command is deprecated setup.py egg_info --egg-base ../../../build/publish_sensor_info build --build-base /home/turtle1/turtlebot3_ws/build/publish_sensor_info/build install --record /home/turtle1/turtlebot3_ws/build/publish_sensor_info/install.log --single-version-externally-managed install_data
[6.559s] Level 1:colcon.colcon_core.environment:checking '/home/turtle1/turtlebot3_ws/install/publish_sensor_info' for CMake module files
[6.562s] Level 1:colcon.colcon_core.environment:checking '/home/turtle1/turtlebot3_ws/install/publish_sensor_info' for CMake config files
[6.566s] Level 1:colcon.colcon_core.environment:checking '/home/turtle1/turtlebot3_ws/install/publish_sensor_info/lib'
[6.567s] Level 1:colcon.colcon_core.environment:checking '/home/turtle1/turtlebot3_ws/install/publish_sensor_info/bin'
[6.567s] Level 1:colcon.colcon_core.environment:checking '/home/turtle1/turtlebot3_ws/install/publish_sensor_info/lib/pkgconfig/publish_sensor_info.pc'
[6.568s] Level 1:colcon.colcon_core.environment:checking '/home/turtle1/turtlebot3_ws/install/publish_sensor_info/lib/python3.10/site-packages'
[6.568s] Level 1:colcon.colcon_core.shell:create_environment_hook('publish_sensor_info', 'pythonpath')
[6.569s] INFO:colcon.colcon_core.shell:Creating environment hook '/home/turtle1/turtlebot3_ws/install/publish_sensor_info/share/publish_sensor_info/hook/pythonpath.ps1'
[6.571s] INFO:colcon.colcon_core.shell:Creating environment descriptor '/home/turtle1/turtlebot3_ws/install/publish_sensor_info/share/publish_sensor_info/hook/pythonpath.dsv'
[6.574s] INFO:colcon.colcon_core.shell:Creating environment hook '/home/turtle1/turtlebot3_ws/install/publish_sensor_info/share/publish_sensor_info/hook/pythonpath.sh'
[6.577s] Level 1:colcon.colcon_core.environment:checking '/home/turtle1/turtlebot3_ws/install/publish_sensor_info/bin'
[6.578s] Level 1:colcon.colcon_core.environment:create_environment_scripts_only(publish_sensor_info)
[6.579s] INFO:colcon.colcon_core.shell:Creating package script '/home/turtle1/turtlebot3_ws/install/publish_sensor_info/share/publish_sensor_info/package.ps1'
[6.583s] INFO:colcon.colcon_core.shell:Creating package descriptor '/home/turtle1/turtlebot3_ws/install/publish_sensor_info/share/publish_sensor_info/package.dsv'
[6.586s] INFO:colcon.colcon_core.shell:Creating package script '/home/turtle1/turtlebot3_ws/install/publish_sensor_info/share/publish_sensor_info/package.sh'
[6.589s] INFO:colcon.colcon_core.shell:Creating package script '/home/turtle1/turtlebot3_ws/install/publish_sensor_info/share/publish_sensor_info/package.bash'
[6.593s] INFO:colcon.colcon_core.shell:Creating package script '/home/turtle1/turtlebot3_ws/install/publish_sensor_info/share/publish_sensor_info/package.zsh'
[6.596s] Level 1:colcon.colcon_core.environment:create_file_with_runtime_dependencies(/home/turtle1/turtlebot3_ws/install/publish_sensor_info/share/colcon-core/packages/publish_sensor_info)
[6.597s] DEBUG:colcon.colcon_parallel_executor.executor.parallel:closing loop
[6.598s] DEBUG:colcon.colcon_parallel_executor.executor.parallel:loop closed
[6.599s] DEBUG:colcon.colcon_parallel_executor.executor.parallel:run_until_complete finished with '0'
[6.599s] DEBUG:colcon.colcon_core.event_reactor:joining thread
[6.622s] INFO:colcon.colcon_core.plugin_system:Skipping extension 'colcon_notification.desktop_notification.terminal_notifier': Not used on non-Darwin systems
[6.622s] INFO:colcon.colcon_core.plugin_system:Skipping extension 'colcon_notification.desktop_notification.win32': Not used on non-Windows systems
[6.622s] INFO:colcon.colcon_notification.desktop_notification:Sending desktop notification using 'notify2'
[6.662s] DEBUG:colcon.colcon_core.event_reactor:joined thread
[6.664s] INFO:colcon.colcon_core.shell:Creating prefix script '/home/turtle1/turtlebot3_ws/install/local_setup.ps1'
[6.668s] INFO:colcon.colcon_core.shell:Creating prefix util module '/home/turtle1/turtlebot3_ws/install/_local_setup_util_ps1.py'
[6.674s] INFO:colcon.colcon_core.shell:Creating prefix chain script '/home/turtle1/turtlebot3_ws/install/setup.ps1'
[6.681s] INFO:colcon.colcon_core.shell:Creating prefix script '/home/turtle1/turtlebot3_ws/install/local_setup.sh'
[6.684s] INFO:colcon.colcon_core.shell:Creating prefix util module '/home/turtle1/turtlebot3_ws/install/_local_setup_util_sh.py'
[6.688s] INFO:colcon.colcon_core.shell:Creating prefix chain script '/home/turtle1/turtlebot3_ws/install/setup.sh'
[6.697s] INFO:colcon.colcon_core.shell:Creating prefix script '/home/turtle1/turtlebot3_ws/install/local_setup.bash'
[6.699s] INFO:colcon.colcon_core.shell:Creating prefix chain script '/home/turtle1/turtlebot3_ws/install/setup.bash'
[6.706s] INFO:colcon.colcon_core.shell:Creating prefix script '/home/turtle1/turtlebot3_ws/install/local_setup.zsh'
[6.709s] INFO:colcon.colcon_core.shell:Creating prefix chain script '/home/turtle1/turtlebot3_ws/install/setup.zsh'
