[0.182s] Invoking command in '/home/turtle1/turtlebot3_ws/build/turtlebot3_description': CMAKE_PREFIX_PATH=${CMAKE_PREFIX_PATH}:/home/turtle1/install/turtlebot3_teleop:/home/turtle1/install/turtlebot3_soccer:/home/turtle1/install/turtlebot3_example:/home/turtle1/install/sb3_inference:/home/turtle1/install/lidar_tracking:/home/turtle1/turtlebot3_ws/install/turtlebot3_teleop:/home/turtle1/turtlebot3_ws/install/turtlebot3_soccer:/home/turtle1/turtlebot3_ws/install/turtlebot3_example:/home/turtle1/turtlebot3_ws/install/turtlebot3_distance_keeper:/home/turtle1/turtlebot3_ws/install/sb3_inference:/home/turtle1/turtlebot3_ws/install/lidar_tracking:/opt/ros/humble /usr/bin/cmake /home/turtle1/turtlebot3_ws/src/turtlebot3/turtlebot3_description -DCMAKE_INSTALL_PREFIX=/home/turtle1/turtlebot3_ws/install/turtlebot3_description
[4.328s] -- The C compiler identification is GNU 11.4.0
[4.329s] -- The CXX compiler identification is GNU 11.4.0
[4.329s] -- Detecting C compiler ABI info
[4.330s] -- Detecting C compiler ABI info - done
[4.334s] -- Check for working C compiler: /usr/bin/cc - skipped
[4.335s] -- Detecting C compile features
[4.335s] -- Detecting C compile features - done
[4.336s] -- Detecting CXX compiler ABI info
[5.550s] -- Detecting CXX compiler ABI info - done
[5.637s] -- Check for working CXX compiler: /usr/bin/c++ - skipped
[5.640s] -- Detecting CXX compile features
[5.648s] -- Detecting CXX compile features - done
[5.770s] -- Found ament_cmake: 1.3.11 (/opt/ros/humble/share/ament_cmake/cmake)
[8.838s] -- Found Python3: /usr/bin/python3 (found version "3.10.12") found components: Interpreter 
[10.088s] -- Found urdf: 2.6.1 (/opt/ros/humble/share/urdf/cmake)
[13.950s] -- Configuring done
[14.107s] -- Generating done
[14.156s] -- Build files have been written to: /home/turtle1/turtlebot3_ws/build/turtlebot3_description
[14.243s] Invoked command in '/home/turtle1/turtlebot3_ws/build/turtlebot3_description' returned '0': CMAKE_PREFIX_PATH=${CMAKE_PREFIX_PATH}:/home/turtle1/install/turtlebot3_teleop:/home/turtle1/install/turtlebot3_soccer:/home/turtle1/install/turtlebot3_example:/home/turtle1/install/sb3_inference:/home/turtle1/install/lidar_tracking:/home/turtle1/turtlebot3_ws/install/turtlebot3_teleop:/home/turtle1/turtlebot3_ws/install/turtlebot3_soccer:/home/turtle1/turtlebot3_ws/install/turtlebot3_example:/home/turtle1/turtlebot3_ws/install/turtlebot3_distance_keeper:/home/turtle1/turtlebot3_ws/install/sb3_inference:/home/turtle1/turtlebot3_ws/install/lidar_tracking:/opt/ros/humble /usr/bin/cmake /home/turtle1/turtlebot3_ws/src/turtlebot3/turtlebot3_description -DCMAKE_INSTALL_PREFIX=/home/turtle1/turtlebot3_ws/install/turtlebot3_description
[14.245s] Invoking command in '/home/turtle1/turtlebot3_ws/build/turtlebot3_description': CMAKE_PREFIX_PATH=${CMAKE_PREFIX_PATH}:/home/turtle1/install/turtlebot3_teleop:/home/turtle1/install/turtlebot3_soccer:/home/turtle1/install/turtlebot3_example:/home/turtle1/install/sb3_inference:/home/turtle1/install/lidar_tracking:/home/turtle1/turtlebot3_ws/install/turtlebot3_teleop:/home/turtle1/turtlebot3_ws/install/turtlebot3_soccer:/home/turtle1/turtlebot3_ws/install/turtlebot3_example:/home/turtle1/turtlebot3_ws/install/turtlebot3_distance_keeper:/home/turtle1/turtlebot3_ws/install/sb3_inference:/home/turtle1/turtlebot3_ws/install/lidar_tracking:/opt/ros/humble /usr/bin/cmake --build /home/turtle1/turtlebot3_ws/build/turtlebot3_description -- -j4 -l4
[14.885s] Invoked command in '/home/turtle1/turtlebot3_ws/build/turtlebot3_description' returned '0': CMAKE_PREFIX_PATH=${CMAKE_PREFIX_PATH}:/home/turtle1/install/turtlebot3_teleop:/home/turtle1/install/turtlebot3_soccer:/home/turtle1/install/turtlebot3_example:/home/turtle1/install/sb3_inference:/home/turtle1/install/lidar_tracking:/home/turtle1/turtlebot3_ws/install/turtlebot3_teleop:/home/turtle1/turtlebot3_ws/install/turtlebot3_soccer:/home/turtle1/turtlebot3_ws/install/turtlebot3_example:/home/turtle1/turtlebot3_ws/install/turtlebot3_distance_keeper:/home/turtle1/turtlebot3_ws/install/sb3_inference:/home/turtle1/turtlebot3_ws/install/lidar_tracking:/opt/ros/humble /usr/bin/cmake --build /home/turtle1/turtlebot3_ws/build/turtlebot3_description -- -j4 -l4
[14.924s] Invoking command in '/home/turtle1/turtlebot3_ws/build/turtlebot3_description': CMAKE_PREFIX_PATH=${CMAKE_PREFIX_PATH}:/home/turtle1/install/turtlebot3_teleop:/home/turtle1/install/turtlebot3_soccer:/home/turtle1/install/turtlebot3_example:/home/turtle1/install/sb3_inference:/home/turtle1/install/lidar_tracking:/home/turtle1/turtlebot3_ws/install/turtlebot3_teleop:/home/turtle1/turtlebot3_ws/install/turtlebot3_soccer:/home/turtle1/turtlebot3_ws/install/turtlebot3_example:/home/turtle1/turtlebot3_ws/install/turtlebot3_distance_keeper:/home/turtle1/turtlebot3_ws/install/sb3_inference:/home/turtle1/turtlebot3_ws/install/lidar_tracking:/opt/ros/humble /usr/bin/cmake --install /home/turtle1/turtlebot3_ws/build/turtlebot3_description
[15.035s] -- Install configuration: ""
[15.036s] -- Installing: /home/turtle1/turtlebot3_ws/install/turtlebot3_description/share/turtlebot3_description/meshes
[15.043s] -- Installing: /home/turtle1/turtlebot3_ws/install/turtlebot3_description/share/turtlebot3_description/meshes/sensors
[15.046s] -- Installing: /home/turtle1/turtlebot3_ws/install/turtlebot3_description/share/turtlebot3_description/meshes/sensors/r200.jpg
[15.058s] -- Installing: /home/turtle1/turtlebot3_ws/install/turtlebot3_description/share/turtlebot3_description/meshes/sensors/astra.dae
[15.388s] -- Installing: /home/turtle1/turtlebot3_ws/install/turtlebot3_description/share/turtlebot3_description/meshes/sensors/r200.dae
[15.400s] -- Installing: /home/turtle1/turtlebot3_ws/install/turtlebot3_description/share/turtlebot3_description/meshes/sensors/astra.jpg
[15.434s] -- Installing: /home/turtle1/turtlebot3_ws/install/turtlebot3_description/share/turtlebot3_description/meshes/sensors/lds.stl
[15.471s] -- Installing: /home/turtle1/turtlebot3_ws/install/turtlebot3_description/share/turtlebot3_description/meshes/bases
[15.486s] -- Installing: /home/turtle1/turtlebot3_ws/install/turtlebot3_description/share/turtlebot3_description/meshes/bases/burger_base.stl
[15.730s] -- Installing: /home/turtle1/turtlebot3_ws/install/turtlebot3_description/share/turtlebot3_description/meshes/bases/waffle_base.stl
[16.076s] -- Installing: /home/turtle1/turtlebot3_ws/install/turtlebot3_description/share/turtlebot3_description/meshes/bases/waffle_pi_base.stl
[16.234s] -- Installing: /home/turtle1/turtlebot3_ws/install/turtlebot3_description/share/turtlebot3_description/meshes/wheels
[16.235s] -- Installing: /home/turtle1/turtlebot3_ws/install/turtlebot3_description/share/turtlebot3_description/meshes/wheels/left_tire.stl
[16.273s] -- Installing: /home/turtle1/turtlebot3_ws/install/turtlebot3_description/share/turtlebot3_description/meshes/wheels/right_tire.stl
[16.330s] -- Installing: /home/turtle1/turtlebot3_ws/install/turtlebot3_description/share/turtlebot3_description/rviz
[16.330s] -- Installing: /home/turtle1/turtlebot3_ws/install/turtlebot3_description/share/turtlebot3_description/rviz/model.rviz
[16.347s] -- Installing: /home/turtle1/turtlebot3_ws/install/turtlebot3_description/share/turtlebot3_description/urdf
[16.348s] -- Installing: /home/turtle1/turtlebot3_ws/install/turtlebot3_description/share/turtlebot3_description/urdf/common_properties.urdf
[16.358s] -- Installing: /home/turtle1/turtlebot3_ws/install/turtlebot3_description/share/turtlebot3_description/urdf/turtlebot3_burger.urdf
[16.359s] -- Installing: /home/turtle1/turtlebot3_ws/install/turtlebot3_description/share/turtlebot3_description/urdf/turtlebot3_waffle_pi.urdf
[16.364s] -- Installing: /home/turtle1/turtlebot3_ws/install/turtlebot3_description/share/turtlebot3_description/urdf/turtlebot3_waffle.urdf
[16.364s] -- Installing: /home/turtle1/turtlebot3_ws/install/turtlebot3_description/share/ament_index/resource_index/package_run_dependencies/turtlebot3_description
[16.386s] -- Installing: /home/turtle1/turtlebot3_ws/install/turtlebot3_description/share/ament_index/resource_index/parent_prefix_path/turtlebot3_description
[16.386s] -- Installing: /home/turtle1/turtlebot3_ws/install/turtlebot3_description/share/turtlebot3_description/environment/ament_prefix_path.sh
[16.405s] -- Installing: /home/turtle1/turtlebot3_ws/install/turtlebot3_description/share/turtlebot3_description/environment/ament_prefix_path.dsv
[16.409s] -- Installing: /home/turtle1/turtlebot3_ws/install/turtlebot3_description/share/turtlebot3_description/environment/path.sh
[16.415s] -- Installing: /home/turtle1/turtlebot3_ws/install/turtlebot3_description/share/turtlebot3_description/environment/path.dsv
[16.417s] -- Installing: /home/turtle1/turtlebot3_ws/install/turtlebot3_description/share/turtlebot3_description/local_setup.bash
[16.425s] -- Installing: /home/turtle1/turtlebot3_ws/install/turtlebot3_description/share/turtlebot3_description/local_setup.sh
[16.425s] -- Installing: /home/turtle1/turtlebot3_ws/install/turtlebot3_description/share/turtlebot3_description/local_setup.zsh
[16.426s] -- Installing: /home/turtle1/turtlebot3_ws/install/turtlebot3_description/share/turtlebot3_description/local_setup.dsv
[16.426s] -- Installing: /home/turtle1/turtlebot3_ws/install/turtlebot3_description/share/turtlebot3_description/package.dsv
[16.440s] -- Installing: /home/turtle1/turtlebot3_ws/install/turtlebot3_description/share/ament_index/resource_index/packages/turtlebot3_description
[16.460s] -- Installing: /home/turtle1/turtlebot3_ws/install/turtlebot3_description/share/turtlebot3_description/cmake/turtlebot3_descriptionConfig.cmake
[16.465s] -- Installing: /home/turtle1/turtlebot3_ws/install/turtlebot3_description/share/turtlebot3_description/cmake/turtlebot3_descriptionConfig-version.cmake
[16.472s] -- Installing: /home/turtle1/turtlebot3_ws/install/turtlebot3_description/share/turtlebot3_description/package.xml
[16.499s] Invoked command in '/home/turtle1/turtlebot3_ws/build/turtlebot3_description' returned '0': CMAKE_PREFIX_PATH=${CMAKE_PREFIX_PATH}:/home/turtle1/install/turtlebot3_teleop:/home/turtle1/install/turtlebot3_soccer:/home/turtle1/install/turtlebot3_example:/home/turtle1/install/sb3_inference:/home/turtle1/install/lidar_tracking:/home/turtle1/turtlebot3_ws/install/turtlebot3_teleop:/home/turtle1/turtlebot3_ws/install/turtlebot3_soccer:/home/turtle1/turtlebot3_ws/install/turtlebot3_example:/home/turtle1/turtlebot3_ws/install/turtlebot3_distance_keeper:/home/turtle1/turtlebot3_ws/install/sb3_inference:/home/turtle1/turtlebot3_ws/install/lidar_tracking:/opt/ros/humble /usr/bin/cmake --install /home/turtle1/turtlebot3_ws/build/turtlebot3_description
