[0.118s] Invoking command in '/home/turtle1/turtlebot3_ws/build/ld08_driver': CMAKE_PREFIX_PATH=${CMAKE_PREFIX_PATH}:/home/turtle1/install/turtlebot3_teleop:/home/turtle1/install/turtlebot3_soccer:/home/turtle1/install/turtlebot3_example:/home/turtle1/install/sb3_inference:/home/turtle1/install/lidar_tracking:/home/turtle1/turtlebot3_ws/install/turtlebot3_teleop:/home/turtle1/turtlebot3_ws/install/turtlebot3_soccer:/home/turtle1/turtlebot3_ws/install/turtlebot3_example:/home/turtle1/turtlebot3_ws/install/turtlebot3_distance_keeper:/home/turtle1/turtlebot3_ws/install/sb3_inference:/home/turtle1/turtlebot3_ws/install/lidar_tracking:/opt/ros/humble /usr/bin/cmake /home/turtle1/turtlebot3_ws/src/ld08_driver -DCMAKE_INSTALL_PREFIX=/home/turtle1/turtlebot3_ws/install/ld08_driver
[0.909s] -- The C compiler identification is GNU 11.4.0
[2.088s] -- The CXX compiler identification is GNU 11.4.0
[2.246s] -- Detecting C compiler ABI info
[4.470s] -- Detecting C compiler ABI info - done
[4.574s] -- Check for working C compiler: /usr/bin/cc - skipped
[4.582s] -- Detecting C compile features
[4.602s] -- Detecting C compile features - done
[4.694s] -- Detecting CXX compiler ABI info
[6.799s] -- Detecting CXX compiler ABI info - done
[6.967s] -- Check for working CXX compiler: /usr/bin/c++ - skipped
[6.968s] -- Detecting CXX compile features
[6.968s] -- Detecting CXX compile features - done
[7.089s] -- Found ament_cmake: 1.3.11 (/opt/ros/humble/share/ament_cmake/cmake)
[9.284s] -- Found Python3: /usr/bin/python3 (found version "3.10.12") found components: Interpreter 
[11.842s] -- Found rclcpp: 16.0.11 (/opt/ros/humble/share/rclcpp/cmake)
[14.008s] -- Found rosidl_generator_c: 3.1.6 (/opt/ros/humble/share/rosidl_generator_c/cmake)
[14.119s] -- Found rosidl_adapter: 3.1.6 (/opt/ros/humble/share/rosidl_adapter/cmake)
[14.523s] -- Found rosidl_generator_cpp: 3.1.6 (/opt/ros/humble/share/rosidl_generator_cpp/cmake)
[15.127s] -- Using all available rosidl_typesupport_c: rosidl_typesupport_fastrtps_c;rosidl_typesupport_introspection_c
[15.891s] -- Using all available rosidl_typesupport_cpp: rosidl_typesupport_fastrtps_cpp;rosidl_typesupport_introspection_cpp
[17.336s] -- Found rmw_implementation_cmake: 6.1.2 (/opt/ros/humble/share/rmw_implementation_cmake/cmake)
[17.379s] -- Found rmw_fastrtps_cpp: 6.2.7 (/opt/ros/humble/share/rmw_fastrtps_cpp/cmake)
[18.815s] -- Found OpenSSL: /usr/lib/aarch64-linux-gnu/libcrypto.so (found version "3.0.2")  
[19.847s] -- Found FastRTPS: /opt/ros/humble/include  
[21.107s] -- Using RMW implementation 'rmw_fastrtps_cpp' as default
[21.509s] -- Looking for pthread.h
[22.539s] -- Looking for pthread.h - found
[22.542s] -- Performing Test CMAKE_HAVE_LIBC_PTHREAD
[23.640s] -- Performing Test CMAKE_HAVE_LIBC_PTHREAD - Success
[23.859s] -- Found Threads: TRUE  
[25.193s] -- Found sensor_msgs: 4.2.4 (/opt/ros/humble/share/sensor_msgs/cmake)
[25.887s] -- Found Boost: /usr/lib/aarch64-linux-gnu/cmake/Boost-1.74.0/BoostConfig.cmake (found version "1.74.0") found components: system 
[26.053s] -- Found ament_lint_auto: 0.12.11 (/opt/ros/humble/share/ament_lint_auto/cmake)
[27.558s] -- Configuring done
[27.859s] -- Generating done
[27.929s] -- Build files have been written to: /home/turtle1/turtlebot3_ws/build/ld08_driver
[33.669s] Invoked command in '/home/turtle1/turtlebot3_ws/build/ld08_driver' returned '0': CMAKE_PREFIX_PATH=${CMAKE_PREFIX_PATH}:/home/turtle1/install/turtlebot3_teleop:/home/turtle1/install/turtlebot3_soccer:/home/turtle1/install/turtlebot3_example:/home/turtle1/install/sb3_inference:/home/turtle1/install/lidar_tracking:/home/turtle1/turtlebot3_ws/install/turtlebot3_teleop:/home/turtle1/turtlebot3_ws/install/turtlebot3_soccer:/home/turtle1/turtlebot3_ws/install/turtlebot3_example:/home/turtle1/turtlebot3_ws/install/turtlebot3_distance_keeper:/home/turtle1/turtlebot3_ws/install/sb3_inference:/home/turtle1/turtlebot3_ws/install/lidar_tracking:/opt/ros/humble /usr/bin/cmake /home/turtle1/turtlebot3_ws/src/ld08_driver -DCMAKE_INSTALL_PREFIX=/home/turtle1/turtlebot3_ws/install/ld08_driver
[33.696s] Invoking command in '/home/turtle1/turtlebot3_ws/build/ld08_driver': CMAKE_PREFIX_PATH=${CMAKE_PREFIX_PATH}:/home/turtle1/install/turtlebot3_teleop:/home/turtle1/install/turtlebot3_soccer:/home/turtle1/install/turtlebot3_example:/home/turtle1/install/sb3_inference:/home/turtle1/install/lidar_tracking:/home/turtle1/turtlebot3_ws/install/turtlebot3_teleop:/home/turtle1/turtlebot3_ws/install/turtlebot3_soccer:/home/turtle1/turtlebot3_ws/install/turtlebot3_example:/home/turtle1/turtlebot3_ws/install/turtlebot3_distance_keeper:/home/turtle1/turtlebot3_ws/install/sb3_inference:/home/turtle1/turtlebot3_ws/install/lidar_tracking:/opt/ros/humble /usr/bin/cmake --build /home/turtle1/turtlebot3_ws/build/ld08_driver -- -j4 -l4
[35.001s] [ 16%] [32mBuilding CXX object CMakeFiles/ld08_driver.dir/src/cmd_interface_linux.cpp.o[0m
[54.393s] [ 33%] [32mBuilding CXX object CMakeFiles/ld08_driver.dir/src/slbf.cpp.o[0m
[90.230s] [ 50%] [32mBuilding CXX object CMakeFiles/ld08_driver.dir/src/transform.cpp.o[0m
[108.347s] [01m[K/home/turtle1/turtlebot3_ws/src/ld08_driver/src/transform.cpp:[m[K In constructor ‘[01m[KSlTransform::SlTransform(LDVersion, bool)[m[K’:
[108.348s] [01m[K/home/turtle1/turtlebot3_ws/src/ld08_driver/src/transform.cpp:30:50:[m[K [01;35m[Kwarning: [m[Kunused parameter ‘[01m[Kto_right_hand[m[K’ [[01;35m[K]8;;https://gcc.gnu.org/onlinedocs/gcc/Warning-Options.html#index-Wunused-parameter-Wunused-parameter]8;;[m[K]
[108.349s]    30 | SlTransform::SlTransform(LDVersion version, [01;35m[Kbool to_right_hand[m[K)
[108.349s]       |                                             [01;35m[K~~~~~^~~~~~~~~~~~~[m[K
[111.488s] [ 66%] [32mBuilding CXX object CMakeFiles/ld08_driver.dir/src/main.cpp.o[0m
[145.482s] [ 83%] [32mBuilding CXX object CMakeFiles/ld08_driver.dir/src/lipkg.cpp.o[0m
[172.339s] [100%] [32m[1mLinking CXX executable ld08_driver[0m
[174.858s] [100%] Built target ld08_driver
[175.031s] Invoked command in '/home/turtle1/turtlebot3_ws/build/ld08_driver' returned '0': CMAKE_PREFIX_PATH=${CMAKE_PREFIX_PATH}:/home/turtle1/install/turtlebot3_teleop:/home/turtle1/install/turtlebot3_soccer:/home/turtle1/install/turtlebot3_example:/home/turtle1/install/sb3_inference:/home/turtle1/install/lidar_tracking:/home/turtle1/turtlebot3_ws/install/turtlebot3_teleop:/home/turtle1/turtlebot3_ws/install/turtlebot3_soccer:/home/turtle1/turtlebot3_ws/install/turtlebot3_example:/home/turtle1/turtlebot3_ws/install/turtlebot3_distance_keeper:/home/turtle1/turtlebot3_ws/install/sb3_inference:/home/turtle1/turtlebot3_ws/install/lidar_tracking:/opt/ros/humble /usr/bin/cmake --build /home/turtle1/turtlebot3_ws/build/ld08_driver -- -j4 -l4
[175.072s] Invoking command in '/home/turtle1/turtlebot3_ws/build/ld08_driver': CMAKE_PREFIX_PATH=${CMAKE_PREFIX_PATH}:/home/turtle1/install/turtlebot3_teleop:/home/turtle1/install/turtlebot3_soccer:/home/turtle1/install/turtlebot3_example:/home/turtle1/install/sb3_inference:/home/turtle1/install/lidar_tracking:/home/turtle1/turtlebot3_ws/install/turtlebot3_teleop:/home/turtle1/turtlebot3_ws/install/turtlebot3_soccer:/home/turtle1/turtlebot3_ws/install/turtlebot3_example:/home/turtle1/turtlebot3_ws/install/turtlebot3_distance_keeper:/home/turtle1/turtlebot3_ws/install/sb3_inference:/home/turtle1/turtlebot3_ws/install/lidar_tracking:/opt/ros/humble /usr/bin/cmake --install /home/turtle1/turtlebot3_ws/build/ld08_driver
[175.164s] -- Install configuration: ""
[175.169s] -- Installing: /home/turtle1/turtlebot3_ws/install/ld08_driver/share/ld08_driver/launch
[175.173s] -- Installing: /home/turtle1/turtlebot3_ws/install/ld08_driver/share/ld08_driver/launch/ld08.launch.py
[175.193s] -- Installing: /home/turtle1/turtlebot3_ws/install/ld08_driver/lib/ld08_driver/ld08_driver
[175.232s] -- Set runtime path of "/home/turtle1/turtlebot3_ws/install/ld08_driver/lib/ld08_driver/ld08_driver" to ""
[175.233s] -- Installing: /home/turtle1/turtlebot3_ws/install/ld08_driver/share/ament_index/resource_index/package_run_dependencies/ld08_driver
[175.234s] -- Installing: /home/turtle1/turtlebot3_ws/install/ld08_driver/share/ament_index/resource_index/parent_prefix_path/ld08_driver
[175.320s] -- Installing: /home/turtle1/turtlebot3_ws/install/ld08_driver/share/ld08_driver/environment/ament_prefix_path.sh
[175.326s] -- Installing: /home/turtle1/turtlebot3_ws/install/ld08_driver/share/ld08_driver/environment/ament_prefix_path.dsv
[175.331s] -- Installing: /home/turtle1/turtlebot3_ws/install/ld08_driver/share/ld08_driver/environment/path.sh
[175.335s] -- Installing: /home/turtle1/turtlebot3_ws/install/ld08_driver/share/ld08_driver/environment/path.dsv
[175.338s] -- Installing: /home/turtle1/turtlebot3_ws/install/ld08_driver/share/ld08_driver/local_setup.bash
[175.341s] -- Installing: /home/turtle1/turtlebot3_ws/install/ld08_driver/share/ld08_driver/local_setup.sh
[175.348s] -- Installing: /home/turtle1/turtlebot3_ws/install/ld08_driver/share/ld08_driver/local_setup.zsh
[175.351s] -- Installing: /home/turtle1/turtlebot3_ws/install/ld08_driver/share/ld08_driver/local_setup.dsv
[175.354s] -- Installing: /home/turtle1/turtlebot3_ws/install/ld08_driver/share/ld08_driver/package.dsv
[175.358s] -- Installing: /home/turtle1/turtlebot3_ws/install/ld08_driver/share/ament_index/resource_index/packages/ld08_driver
[175.363s] -- Installing: /home/turtle1/turtlebot3_ws/install/ld08_driver/share/ld08_driver/cmake/ament_cmake_export_dependencies-extras.cmake
[175.367s] -- Installing: /home/turtle1/turtlebot3_ws/install/ld08_driver/share/ld08_driver/cmake/ament_cmake_export_include_directories-extras.cmake
[175.369s] -- Installing: /home/turtle1/turtlebot3_ws/install/ld08_driver/share/ld08_driver/cmake/ld08_driverConfig.cmake
[175.371s] -- Installing: /home/turtle1/turtlebot3_ws/install/ld08_driver/share/ld08_driver/cmake/ld08_driverConfig-version.cmake
[175.380s] -- Installing: /home/turtle1/turtlebot3_ws/install/ld08_driver/share/ld08_driver/package.xml
[175.396s] Invoked command in '/home/turtle1/turtlebot3_ws/build/ld08_driver' returned '0': CMAKE_PREFIX_PATH=${CMAKE_PREFIX_PATH}:/home/turtle1/install/turtlebot3_teleop:/home/turtle1/install/turtlebot3_soccer:/home/turtle1/install/turtlebot3_example:/home/turtle1/install/sb3_inference:/home/turtle1/install/lidar_tracking:/home/turtle1/turtlebot3_ws/install/turtlebot3_teleop:/home/turtle1/turtlebot3_ws/install/turtlebot3_soccer:/home/turtle1/turtlebot3_ws/install/turtlebot3_example:/home/turtle1/turtlebot3_ws/install/turtlebot3_distance_keeper:/home/turtle1/turtlebot3_ws/install/sb3_inference:/home/turtle1/turtlebot3_ws/install/lidar_tracking:/opt/ros/humble /usr/bin/cmake --install /home/turtle1/turtlebot3_ws/build/ld08_driver
