running egg_info
writing ../../../build/publish_sensor_info/publish_sensor_info.egg-info/PKG-INFO
writing dependency_links to ../../../build/publish_sensor_info/publish_sensor_info.egg-info/dependency_links.txt
writing entry points to ../../../build/publish_sensor_info/publish_sensor_info.egg-info/entry_points.txt
writing requirements to ../../../build/publish_sensor_info/publish_sensor_info.egg-info/requires.txt
writing top-level names to ../../../build/publish_sensor_info/publish_sensor_info.egg-info/top_level.txt
reading manifest file '../../../build/publish_sensor_info/publish_sensor_info.egg-info/SOURCES.txt'
adding license file 'LICENSE'
writing manifest file '../../../build/publish_sensor_info/publish_sensor_info.egg-info/SOURCES.txt'
running build
running build_py
copying publish_sensor_info/publisher.py -> /home/turtle1/turtlebot3_ws/build/publish_sensor_info/build/lib/publish_sensor_info
copying publish_sensor_info/subscriber.py -> /home/turtle1/turtlebot3_ws/build/publish_sensor_info/build/lib/publish_sensor_info
running install
running install_lib
copying /home/turtle1/turtlebot3_ws/build/publish_sensor_info/build/lib/publish_sensor_info/publisher.py -> /home/turtle1/turtlebot3_ws/install/publish_sensor_info/lib/python3.10/site-packages/publish_sensor_info
copying /home/turtle1/turtlebot3_ws/build/publish_sensor_info/build/lib/publish_sensor_info/subscriber.py -> /home/turtle1/turtlebot3_ws/install/publish_sensor_info/lib/python3.10/site-packages/publish_sensor_info
byte-compiling /home/turtle1/turtlebot3_ws/install/publish_sensor_info/lib/python3.10/site-packages/publish_sensor_info/publisher.py to publisher.cpython-310.pyc
byte-compiling /home/turtle1/turtlebot3_ws/install/publish_sensor_info/lib/python3.10/site-packages/publish_sensor_info/subscriber.py to subscriber.cpython-310.pyc
running install_data
running install_egg_info
removing '/home/turtle1/turtlebot3_ws/install/publish_sensor_info/lib/python3.10/site-packages/publish_sensor_info-0.0.0-py3.10.egg-info' (and everything under it)
Copying ../../../build/publish_sensor_info/publish_sensor_info.egg-info to /home/turtle1/turtlebot3_ws/install/publish_sensor_info/lib/python3.10/site-packages/publish_sensor_info-0.0.0-py3.10.egg-info
running install_scripts
Installing pub script to /home/turtle1/turtlebot3_ws/install/publish_sensor_info/lib/publish_sensor_info
Installing sub script to /home/turtle1/turtlebot3_ws/install/publish_sensor_info/lib/publish_sensor_info
writing list of installed files to '/home/turtle1/turtlebot3_ws/build/publish_sensor_info/install.log'
