[3.057s] Invoking command in '/home/turtle1/turtlebot3_ws/src/turtlebot3/publish_sensor_info': PYTHONPATH=/home/turtle1/turtlebot3_ws/build/publish_sensor_info/prefix_override:/usr/lib/python3/dist-packages/colcon_core/task/python/colcon_distutils_commands:/home/turtle1/turtlebot3_ws/install/publish_sensor_info/lib/python3.10/site-packages:${PYTHONPATH} /usr/bin/python3 -W ignore:setup.py install is deprecated -W ignore:easy_install command is deprecated setup.py egg_info --egg-base ../../../build/publish_sensor_info build --build-base /home/turtle1/turtlebot3_ws/build/publish_sensor_info/build install --record /home/turtle1/turtlebot3_ws/build/publish_sensor_info/install.log --single-version-externally-managed install_data
[4.337s] running egg_info
[4.340s] writing ../../../build/publish_sensor_info/publish_sensor_info.egg-info/PKG-INFO
[4.342s] writing dependency_links to ../../../build/publish_sensor_info/publish_sensor_info.egg-info/dependency_links.txt
[4.345s] writing entry points to ../../../build/publish_sensor_info/publish_sensor_info.egg-info/entry_points.txt
[4.345s] writing requirements to ../../../build/publish_sensor_info/publish_sensor_info.egg-info/requires.txt
[4.346s] writing top-level names to ../../../build/publish_sensor_info/publish_sensor_info.egg-info/top_level.txt
[4.355s] reading manifest file '../../../build/publish_sensor_info/publish_sensor_info.egg-info/SOURCES.txt'
[4.356s] adding license file 'LICENSE'
[4.360s] writing manifest file '../../../build/publish_sensor_info/publish_sensor_info.egg-info/SOURCES.txt'
[4.360s] running build
[4.361s] running build_py
[4.362s] copying publish_sensor_info/publisher.py -> /home/turtle1/turtlebot3_ws/build/publish_sensor_info/build/lib/publish_sensor_info
[4.363s] copying publish_sensor_info/subscriber.py -> /home/turtle1/turtlebot3_ws/build/publish_sensor_info/build/lib/publish_sensor_info
[4.364s] running install
[4.365s] running install_lib
[4.369s] copying /home/turtle1/turtlebot3_ws/build/publish_sensor_info/build/lib/publish_sensor_info/publisher.py -> /home/turtle1/turtlebot3_ws/install/publish_sensor_info/lib/python3.10/site-packages/publish_sensor_info
[4.370s] copying /home/turtle1/turtlebot3_ws/build/publish_sensor_info/build/lib/publish_sensor_info/subscriber.py -> /home/turtle1/turtlebot3_ws/install/publish_sensor_info/lib/python3.10/site-packages/publish_sensor_info
[4.374s] byte-compiling /home/turtle1/turtlebot3_ws/install/publish_sensor_info/lib/python3.10/site-packages/publish_sensor_info/publisher.py to publisher.cpython-310.pyc
[4.376s] byte-compiling /home/turtle1/turtlebot3_ws/install/publish_sensor_info/lib/python3.10/site-packages/publish_sensor_info/subscriber.py to subscriber.cpython-310.pyc
[4.378s] running install_data
[4.379s] running install_egg_info
[4.392s] removing '/home/turtle1/turtlebot3_ws/install/publish_sensor_info/lib/python3.10/site-packages/publish_sensor_info-0.0.0-py3.10.egg-info' (and everything under it)
[4.394s] Copying ../../../build/publish_sensor_info/publish_sensor_info.egg-info to /home/turtle1/turtlebot3_ws/install/publish_sensor_info/lib/python3.10/site-packages/publish_sensor_info-0.0.0-py3.10.egg-info
[4.401s] running install_scripts
[4.487s] Installing pub script to /home/turtle1/turtlebot3_ws/install/publish_sensor_info/lib/publish_sensor_info
[4.489s] Installing sub script to /home/turtle1/turtlebot3_ws/install/publish_sensor_info/lib/publish_sensor_info
[4.490s] writing list of installed files to '/home/turtle1/turtlebot3_ws/build/publish_sensor_info/install.log'
[4.618s] Invoked command in '/home/turtle1/turtlebot3_ws/src/turtlebot3/publish_sensor_info' returned '0': PYTHONPATH=/home/turtle1/turtlebot3_ws/build/publish_sensor_info/prefix_override:/usr/lib/python3/dist-packages/colcon_core/task/python/colcon_distutils_commands:/home/turtle1/turtlebot3_ws/install/publish_sensor_info/lib/python3.10/site-packages:${PYTHONPATH} /usr/bin/python3 -W ignore:setup.py install is deprecated -W ignore:easy_install command is deprecated setup.py egg_info --egg-base ../../../build/publish_sensor_info build --build-base /home/turtle1/turtlebot3_ws/build/publish_sensor_info/build install --record /home/turtle1/turtlebot3_ws/build/publish_sensor_info/install.log --single-version-externally-managed install_data
